[2025-12-16T11:04:52.719+0000] {taskinstance.py:1979} INFO - Dependencies all met for dep_context=non-requeueable deps ti=<TaskInstance: daily_code_update.update_outbreak_code_name scheduled__2025-10-26T15:00:00+00:00 [queued]>
[2025-12-16T11:04:52.737+0000] {taskinstance.py:1979} INFO - Dependencies all met for dep_context=requeueable deps ti=<TaskInstance: daily_code_update.update_outbreak_code_name scheduled__2025-10-26T15:00:00+00:00 [queued]>
[2025-12-16T11:04:52.737+0000] {taskinstance.py:2193} INFO - Starting attempt 1 of 2
[2025-12-16T11:04:52.855+0000] {taskinstance.py:2217} INFO - Executing <Task(PythonOperator): update_outbreak_code_name> on 2025-10-26 15:00:00+00:00
[2025-12-16T11:04:52.871+0000] {standard_task_runner.py:60} INFO - Started process 353 to run task
[2025-12-16T11:04:52.875+0000] {standard_task_runner.py:87} INFO - Running: ['airflow', 'tasks', 'run', 'daily_code_update', 'update_outbreak_code_name', 'scheduled__2025-10-26T15:00:00+00:00', '--job-id', '43', '--raw', '--subdir', 'DAGS_FOLDER/code_update_dag.py', '--cfg-path', '/tmp/tmpv59j5d4w']
[2025-12-16T11:04:52.878+0000] {standard_task_runner.py:88} INFO - Job 43: Subtask update_outbreak_code_name
[2025-12-16T11:04:52.981+0000] {task_command.py:423} INFO - Running <TaskInstance: daily_code_update.update_outbreak_code_name scheduled__2025-10-26T15:00:00+00:00 [running]> on host d011923f8fa9
[2025-12-16T11:04:53.129+0000] {taskinstance.py:2513} INFO - Exporting env vars: AIRFLOW_CTX_DAG_OWNER='navisafe' AIRFLOW_CTX_DAG_ID='daily_code_update' AIRFLOW_CTX_TASK_ID='update_outbreak_code_name' AIRFLOW_CTX_EXECUTION_DATE='2025-10-26T15:00:00+00:00' AIRFLOW_CTX_TRY_NUMBER='1' AIRFLOW_CTX_DAG_RUN_ID='scheduled__2025-10-26T15:00:00+00:00'
[2025-12-16T11:04:53.131+0000] {logging_mixin.py:188} INFO - [INFO] update_outbreak_code_name 실행 시작
[2025-12-16T11:04:53.363+0000] {logging_mixin.py:188} INFO - [INFO] 13개의 돌발유형 코드 저장 완료
[2025-12-16T11:04:53.364+0000] {logging_mixin.py:188} INFO - [INFO] update_outbreak_code_name 완료
[2025-12-16T11:04:53.365+0000] {python.py:202} INFO - Done. Returned value was: None
[2025-12-16T11:04:53.370+0000] {taskinstance.py:1149} INFO - Marking task as SUCCESS. dag_id=daily_code_update, task_id=update_outbreak_code_name, execution_date=20251026T150000, start_date=20251216T110452, end_date=20251216T110453
[2025-12-16T11:04:53.448+0000] {local_task_job_runner.py:234} INFO - Task exited with return code 0
[2025-12-16T11:04:53.466+0000] {taskinstance.py:3312} INFO - 0 downstream tasks scheduled from follow-on schedule check
[2025-12-22T12:00:27.234+0000] {taskinstance.py:1979} INFO - Dependencies all met for dep_context=non-requeueable deps ti=<TaskInstance: daily_code_update.update_outbreak_code_name scheduled__2025-10-26T15:00:00+00:00 [queued]>
[2025-12-22T12:00:27.258+0000] {taskinstance.py:1979} INFO - Dependencies all met for dep_context=requeueable deps ti=<TaskInstance: daily_code_update.update_outbreak_code_name scheduled__2025-10-26T15:00:00+00:00 [queued]>
[2025-12-22T12:00:27.259+0000] {taskinstance.py:2193} INFO - Starting attempt 1 of 2
[2025-12-22T12:00:27.402+0000] {taskinstance.py:2217} INFO - Executing <Task(PythonOperator): update_outbreak_code_name> on 2025-10-26 15:00:00+00:00
[2025-12-22T12:00:27.408+0000] {standard_task_runner.py:60} INFO - Started process 399 to run task
[2025-12-22T12:00:27.411+0000] {standard_task_runner.py:87} INFO - Running: ['airflow', 'tasks', 'run', 'daily_code_update', 'update_outbreak_code_name', 'scheduled__2025-10-26T15:00:00+00:00', '--job-id', '46', '--raw', '--subdir', 'DAGS_FOLDER/code_update_dag.py', '--cfg-path', '/tmp/tmp9m5nvzvi']
[2025-12-22T12:00:27.414+0000] {standard_task_runner.py:88} INFO - Job 46: Subtask update_outbreak_code_name
[2025-12-22T12:00:27.558+0000] {task_command.py:423} INFO - Running <TaskInstance: daily_code_update.update_outbreak_code_name scheduled__2025-10-26T15:00:00+00:00 [running]> on host a5c0974290b2
[2025-12-22T12:00:27.848+0000] {taskinstance.py:2513} INFO - Exporting env vars: AIRFLOW_CTX_DAG_OWNER='navisafe' AIRFLOW_CTX_DAG_ID='daily_code_update' AIRFLOW_CTX_TASK_ID='update_outbreak_code_name' AIRFLOW_CTX_EXECUTION_DATE='2025-10-26T15:00:00+00:00' AIRFLOW_CTX_TRY_NUMBER='1' AIRFLOW_CTX_DAG_RUN_ID='scheduled__2025-10-26T15:00:00+00:00'
[2025-12-22T12:00:27.850+0000] {logging_mixin.py:188} INFO - [INFO] update_outbreak_code_name 실행 시작
[2025-12-22T12:00:28.189+0000] {base.py:83} INFO - Using connection ID 'navisafe_mysql' for task execution.
[2025-12-22T12:00:28.199+0000] {logging_mixin.py:188} INFO - [INFO] 13개의 돌발유형 코드 저장 완료
[2025-12-22T12:00:28.201+0000] {logging_mixin.py:188} INFO - [INFO] update_outbreak_code_name 완료
[2025-12-22T12:00:28.202+0000] {python.py:202} INFO - Done. Returned value was: None
[2025-12-22T12:00:28.212+0000] {taskinstance.py:1149} INFO - Marking task as SUCCESS. dag_id=daily_code_update, task_id=update_outbreak_code_name, execution_date=20251026T150000, start_date=20251222T120027, end_date=20251222T120028
[2025-12-22T12:00:28.273+0000] {local_task_job_runner.py:234} INFO - Task exited with return code 0
[2025-12-22T12:00:28.328+0000] {taskinstance.py:3312} INFO - 0 downstream tasks scheduled from follow-on schedule check
