[2025-12-16T11:04:46.543+0000] {taskinstance.py:1979} INFO - Dependencies all met for dep_context=non-requeueable deps ti=<TaskInstance: daily_code_update.update_region_name scheduled__2025-10-22T15:00:00+00:00 [queued]>
[2025-12-16T11:04:46.555+0000] {taskinstance.py:1979} INFO - Dependencies all met for dep_context=requeueable deps ti=<TaskInstance: daily_code_update.update_region_name scheduled__2025-10-22T15:00:00+00:00 [queued]>
[2025-12-16T11:04:46.555+0000] {taskinstance.py:2193} INFO - Starting attempt 1 of 2
[2025-12-16T11:04:46.613+0000] {taskinstance.py:2217} INFO - Executing <Task(PythonOperator): update_region_name> on 2025-10-22 15:00:00+00:00
[2025-12-16T11:04:46.641+0000] {standard_task_runner.py:60} INFO - Started process 308 to run task
[2025-12-16T11:04:46.653+0000] {standard_task_runner.py:87} INFO - Running: ['airflow', 'tasks', 'run', 'daily_code_update', 'update_region_name', 'scheduled__2025-10-22T15:00:00+00:00', '--job-id', '30', '--raw', '--subdir', 'DAGS_FOLDER/code_update_dag.py', '--cfg-path', '/tmp/tmpdyak1ib6']
[2025-12-16T11:04:46.660+0000] {standard_task_runner.py:88} INFO - Job 30: Subtask update_region_name
[2025-12-16T11:04:46.891+0000] {task_command.py:423} INFO - Running <TaskInstance: daily_code_update.update_region_name scheduled__2025-10-22T15:00:00+00:00 [running]> on host d011923f8fa9
[2025-12-16T11:04:47.107+0000] {taskinstance.py:2513} INFO - Exporting env vars: AIRFLOW_CTX_DAG_OWNER='navisafe' AIRFLOW_CTX_DAG_ID='daily_code_update' AIRFLOW_CTX_TASK_ID='update_region_name' AIRFLOW_CTX_EXECUTION_DATE='2025-10-22T15:00:00+00:00' AIRFLOW_CTX_TRY_NUMBER='1' AIRFLOW_CTX_DAG_RUN_ID='scheduled__2025-10-22T15:00:00+00:00'
[2025-12-16T11:04:47.118+0000] {logging_mixin.py:188} INFO - [INFO] update_region_code_name 실행 시작
[2025-12-16T11:04:47.596+0000] {logging_mixin.py:188} INFO - [INFO] 25개의 지역 코드 저장 완료
[2025-12-16T11:04:47.599+0000] {logging_mixin.py:188} INFO - [INFO] update_region_code_name 완료
[2025-12-16T11:04:47.601+0000] {python.py:202} INFO - Done. Returned value was: None
[2025-12-16T11:04:47.619+0000] {taskinstance.py:1149} INFO - Marking task as SUCCESS. dag_id=daily_code_update, task_id=update_region_name, execution_date=20251022T150000, start_date=20251216T110446, end_date=20251216T110447
[2025-12-16T11:04:47.710+0000] {local_task_job_runner.py:234} INFO - Task exited with return code 0
[2025-12-16T11:04:47.813+0000] {taskinstance.py:3312} INFO - 0 downstream tasks scheduled from follow-on schedule check
[2025-12-22T12:00:23.114+0000] {taskinstance.py:1979} INFO - Dependencies all met for dep_context=non-requeueable deps ti=<TaskInstance: daily_code_update.update_region_name scheduled__2025-10-22T15:00:00+00:00 [queued]>
[2025-12-22T12:00:23.128+0000] {taskinstance.py:1979} INFO - Dependencies all met for dep_context=requeueable deps ti=<TaskInstance: daily_code_update.update_region_name scheduled__2025-10-22T15:00:00+00:00 [queued]>
[2025-12-22T12:00:23.129+0000] {taskinstance.py:2193} INFO - Starting attempt 1 of 2
[2025-12-22T12:00:23.247+0000] {taskinstance.py:2217} INFO - Executing <Task(PythonOperator): update_region_name> on 2025-10-22 15:00:00+00:00
[2025-12-22T12:00:23.260+0000] {standard_task_runner.py:60} INFO - Started process 360 to run task
[2025-12-22T12:00:23.263+0000] {standard_task_runner.py:87} INFO - Running: ['airflow', 'tasks', 'run', 'daily_code_update', 'update_region_name', 'scheduled__2025-10-22T15:00:00+00:00', '--job-id', '34', '--raw', '--subdir', 'DAGS_FOLDER/code_update_dag.py', '--cfg-path', '/tmp/tmpfzuo0ys1']
[2025-12-22T12:00:23.267+0000] {standard_task_runner.py:88} INFO - Job 34: Subtask update_region_name
[2025-12-22T12:00:23.428+0000] {task_command.py:423} INFO - Running <TaskInstance: daily_code_update.update_region_name scheduled__2025-10-22T15:00:00+00:00 [running]> on host a5c0974290b2
[2025-12-22T12:00:23.579+0000] {taskinstance.py:2513} INFO - Exporting env vars: AIRFLOW_CTX_DAG_OWNER='navisafe' AIRFLOW_CTX_DAG_ID='daily_code_update' AIRFLOW_CTX_TASK_ID='update_region_name' AIRFLOW_CTX_EXECUTION_DATE='2025-10-22T15:00:00+00:00' AIRFLOW_CTX_TRY_NUMBER='1' AIRFLOW_CTX_DAG_RUN_ID='scheduled__2025-10-22T15:00:00+00:00'
[2025-12-22T12:00:23.589+0000] {logging_mixin.py:188} INFO - [INFO] update_region_code_name 실행 시작
[2025-12-22T12:00:23.739+0000] {base.py:83} INFO - Using connection ID 'navisafe_mysql' for task execution.
[2025-12-22T12:00:23.750+0000] {logging_mixin.py:188} INFO - [INFO] 25개의 지역 코드 저장 완료
[2025-12-22T12:00:23.755+0000] {logging_mixin.py:188} INFO - [INFO] update_region_code_name 완료
[2025-12-22T12:00:23.757+0000] {python.py:202} INFO - Done. Returned value was: None
[2025-12-22T12:00:23.769+0000] {taskinstance.py:1149} INFO - Marking task as SUCCESS. dag_id=daily_code_update, task_id=update_region_name, execution_date=20251022T150000, start_date=20251222T120023, end_date=20251222T120023
[2025-12-22T12:00:23.843+0000] {local_task_job_runner.py:234} INFO - Task exited with return code 0
[2025-12-22T12:00:23.874+0000] {taskinstance.py:3312} INFO - 0 downstream tasks scheduled from follow-on schedule check
