[2025-10-16T11:54:38.860+0000] {taskinstance.py:1956} INFO - Dependencies all met for dep_context=non-requeueable deps ti=<TaskInstance: daily_code_update.update_outbreak_code_name manual__2025-10-16T11:54:37.419665+00:00 [queued]>
[2025-10-16T11:54:38.867+0000] {taskinstance.py:1956} INFO - Dependencies all met for dep_context=requeueable deps ti=<TaskInstance: daily_code_update.update_outbreak_code_name manual__2025-10-16T11:54:37.419665+00:00 [queued]>
[2025-10-16T11:54:38.867+0000] {taskinstance.py:2170} INFO - Starting attempt 1 of 2
[2025-10-16T11:54:38.890+0000] {taskinstance.py:2191} INFO - Executing <Task(PythonOperator): update_outbreak_code_name> on 2025-10-16 11:54:37.419665+00:00
[2025-10-16T11:54:38.895+0000] {standard_task_runner.py:60} INFO - Started process 199 to run task
[2025-10-16T11:54:38.900+0000] {standard_task_runner.py:87} INFO - Running: ['airflow', 'tasks', 'run', 'daily_code_update', 'update_outbreak_code_name', 'manual__2025-10-16T11:54:37.419665+00:00', '--job-id', '32', '--raw', '--subdir', 'DAGS_FOLDER/code_update_dag.py', '--cfg-path', '/tmp/tmpa4ro9ww3']
[2025-10-16T11:54:38.903+0000] {standard_task_runner.py:88} INFO - Job 32: Subtask update_outbreak_code_name
[2025-10-16T11:54:38.968+0000] {task_command.py:423} INFO - Running <TaskInstance: daily_code_update.update_outbreak_code_name manual__2025-10-16T11:54:37.419665+00:00 [running]> on host 6323d66f332b
[2025-10-16T11:54:39.047+0000] {taskinstance.py:2480} INFO - Exporting env vars: AIRFLOW_CTX_DAG_OWNER='navisafe' AIRFLOW_CTX_DAG_ID='daily_code_update' AIRFLOW_CTX_TASK_ID='update_outbreak_code_name' AIRFLOW_CTX_EXECUTION_DATE='2025-10-16T11:54:37.419665+00:00' AIRFLOW_CTX_TRY_NUMBER='1' AIRFLOW_CTX_DAG_RUN_ID='manual__2025-10-16T11:54:37.419665+00:00'
[2025-10-16T11:54:39.050+0000] {logging_mixin.py:188} INFO - [INFO] update_outbreak_code_name 실행 시작
[2025-10-16T11:54:39.280+0000] {logging_mixin.py:188} INFO - [ERROR] update_outbreak_code_name 실패: 1146 (42S02): Table 'toy_project.OUTBREAK_CODE_NAME' doesn't exist
[2025-10-16T11:54:39.281+0000] {taskinstance.py:2698} ERROR - Task failed with exception
Traceback (most recent call last):
  File "/home/airflow/.local/lib/python3.8/site-packages/mysql/connector/connection_cext.py", line 535, in cmd_query
    self._cmysql.query(query,
_mysql_connector.MySQLInterfaceError: Table 'toy_project.OUTBREAK_CODE_NAME' doesn't exist

During handling of the above exception, another exception occurred:

Traceback (most recent call last):
  File "/home/airflow/.local/lib/python3.8/site-packages/airflow/models/taskinstance.py", line 433, in _execute_task
    result = execute_callable(context=context, **execute_callable_kwargs)
  File "/home/airflow/.local/lib/python3.8/site-packages/airflow/operators/python.py", line 199, in execute
    return_value = self.execute_callable()
  File "/home/airflow/.local/lib/python3.8/site-packages/airflow/operators/python.py", line 216, in execute_callable
    return self.python_callable(*self.op_args, **self.op_kwargs)
  File "/opt/airflow/plugins/airflow_utils/outbreak_code_name.py", line 66, in update_outbreak_code_name
    raise e
  File "/opt/airflow/plugins/airflow_utils/outbreak_code_name.py", line 62, in update_outbreak_code_name
    save_outbreak_code_info_to_mysql(outbreak_code)
  File "/opt/airflow/plugins/airflow_utils/outbreak_code_name.py", line 43, in save_outbreak_code_info_to_mysql
    cursor.execute("""
  File "/home/airflow/.local/lib/python3.8/site-packages/mysql/connector/cursor_cext.py", line 269, in execute
    result = self._cnx.cmd_query(stmt, raw=self._raw,
  File "/home/airflow/.local/lib/python3.8/site-packages/mysql/connector/connection_cext.py", line 540, in cmd_query
    raise errors.get_mysql_exception(exc.errno, msg=exc.msg,
mysql.connector.errors.ProgrammingError: 1146 (42S02): Table 'toy_project.OUTBREAK_CODE_NAME' doesn't exist
[2025-10-16T11:54:39.302+0000] {taskinstance.py:1138} INFO - Marking task as UP_FOR_RETRY. dag_id=daily_code_update, task_id=update_outbreak_code_name, execution_date=20251016T115437, start_date=20251016T115438, end_date=20251016T115439
[2025-10-16T11:54:39.321+0000] {standard_task_runner.py:107} ERROR - Failed to execute job 32 for task update_outbreak_code_name (1146 (42S02): Table 'toy_project.OUTBREAK_CODE_NAME' doesn't exist; 199)
[2025-10-16T11:54:39.353+0000] {local_task_job_runner.py:234} INFO - Task exited with return code 1
[2025-10-16T11:54:39.378+0000] {taskinstance.py:3280} INFO - 0 downstream tasks scheduled from follow-on schedule check
