[2025-12-22T12:03:05.719+0000] {taskinstance.py:1979} INFO - Dependencies all met for dep_context=non-requeueable deps ti=<TaskInstance: linkinfo_dag.process_linkinfo manual__2025-12-22T12:03:04.283587+00:00 [queued]>
[2025-12-22T12:03:05.726+0000] {taskinstance.py:1979} INFO - Dependencies all met for dep_context=requeueable deps ti=<TaskInstance: linkinfo_dag.process_linkinfo manual__2025-12-22T12:03:04.283587+00:00 [queued]>
[2025-12-22T12:03:05.727+0000] {taskinstance.py:2193} INFO - Starting attempt 1 of 1
[2025-12-22T12:03:05.740+0000] {taskinstance.py:2217} INFO - Executing <Task(PythonOperator): process_linkinfo> on 2025-12-22 12:03:04.283587+00:00
[2025-12-22T12:03:05.745+0000] {standard_task_runner.py:60} INFO - Started process 885 to run task
[2025-12-22T12:03:05.747+0000] {standard_task_runner.py:87} INFO - Running: ['airflow', 'tasks', 'run', 'linkinfo_dag', 'process_linkinfo', 'manual__2025-12-22T12:03:04.283587+00:00', '--job-id', '224', '--raw', '--subdir', 'DAGS_FOLDER/linkinfo_dag.py', '--cfg-path', '/tmp/tmpyjyj8ooy']
[2025-12-22T12:03:05.749+0000] {standard_task_runner.py:88} INFO - Job 224: Subtask process_linkinfo
[2025-12-22T12:03:05.797+0000] {task_command.py:423} INFO - Running <TaskInstance: linkinfo_dag.process_linkinfo manual__2025-12-22T12:03:04.283587+00:00 [running]> on host a5c0974290b2
[2025-12-22T12:03:05.849+0000] {taskinstance.py:2513} INFO - Exporting env vars: AIRFLOW_CTX_DAG_OWNER='airflow' AIRFLOW_CTX_DAG_ID='linkinfo_dag' AIRFLOW_CTX_TASK_ID='process_linkinfo' AIRFLOW_CTX_EXECUTION_DATE='2025-12-22T12:03:04.283587+00:00' AIRFLOW_CTX_TRY_NUMBER='1' AIRFLOW_CTX_DAG_RUN_ID='manual__2025-12-22T12:03:04.283587+00:00'
[2025-12-22T12:03:05.858+0000] {base.py:83} INFO - Using connection ID 'navisafe_mysql' for task execution.
[2025-12-22T12:03:05.862+0000] {logging_mixin.py:188} INFO - Redis에서 꺼낸 item: {"link_id": "1180001100"}
[2025-12-22T12:03:05.863+0000] {logging_mixin.py:188} INFO - 파싱 후 link_id: 1180001100
[2025-12-22T12:03:05.863+0000] {logging_mixin.py:188} INFO - Redis에서 꺼낸 item: {"link_id": "1010007300"}
[2025-12-22T12:03:05.863+0000] {logging_mixin.py:188} INFO - 파싱 후 link_id: 1010007300
[2025-12-22T12:03:05.864+0000] {logging_mixin.py:188} INFO - Redis에서 꺼낸 item: {"link_id": "1230016700"}
[2025-12-22T12:03:05.864+0000] {logging_mixin.py:188} INFO - 파싱 후 link_id: 1230016700
[2025-12-22T12:03:05.864+0000] {logging_mixin.py:188} INFO - Redis에서 꺼낸 item: {"link_id": "1150020300"}
[2025-12-22T12:03:05.865+0000] {logging_mixin.py:188} INFO - 파싱 후 link_id: 1150020300
[2025-12-22T12:03:05.865+0000] {logging_mixin.py:188} INFO - Redis에서 꺼낸 item: {"link_id": "1150003300"}
[2025-12-22T12:03:05.865+0000] {logging_mixin.py:188} INFO - 파싱 후 link_id: 1150003300
[2025-12-22T12:03:05.866+0000] {logging_mixin.py:188} INFO - Redis에서 꺼낸 item: {"link_id": "1000000900"}
[2025-12-22T12:03:05.866+0000] {logging_mixin.py:188} INFO - 파싱 후 link_id: 1000000900
[2025-12-22T12:03:05.866+0000] {logging_mixin.py:188} INFO - Redis에서 꺼낸 item: {"link_id": "1020001600"}
[2025-12-22T12:03:05.866+0000] {logging_mixin.py:188} INFO - 파싱 후 link_id: 1020001600
[2025-12-22T12:03:05.867+0000] {logging_mixin.py:188} INFO - Redis에서 꺼낸 item: {"link_id": "1150003200"}
[2025-12-22T12:03:05.867+0000] {logging_mixin.py:188} INFO - 파싱 후 link_id: 1150003200
[2025-12-22T12:03:05.867+0000] {logging_mixin.py:188} INFO - Redis에서 꺼낸 item: {"link_id": "1030020200"}
[2025-12-22T12:03:05.867+0000] {logging_mixin.py:188} INFO - 파싱 후 link_id: 1030020200
[2025-12-22T12:03:05.868+0000] {logging_mixin.py:188} INFO - Redis에서 꺼낸 item: {"link_id": "1190000200"}
[2025-12-22T12:03:05.868+0000] {logging_mixin.py:188} INFO - 파싱 후 link_id: 1190000200
[2025-12-22T12:03:05.868+0000] {logging_mixin.py:188} INFO - Redis에서 꺼낸 item: {"link_id": "1130023700"}
[2025-12-22T12:03:05.868+0000] {logging_mixin.py:188} INFO - 파싱 후 link_id: 1130023700
[2025-12-22T12:03:05.869+0000] {logging_mixin.py:188} INFO - Redis에서 꺼낸 item: {"link_id": "1180041100"}
[2025-12-22T12:03:05.869+0000] {logging_mixin.py:188} INFO - 파싱 후 link_id: 1180041100
[2025-12-22T12:03:05.869+0000] {logging_mixin.py:188} INFO - Redis에서 꺼낸 item: {"link_id": "1209920080"}
[2025-12-22T12:03:05.870+0000] {logging_mixin.py:188} INFO - 파싱 후 link_id: 1209920080
[2025-12-22T12:03:05.870+0000] {logging_mixin.py:188} INFO - [INFO] 13개의 LINK_ID 데이터를 처리합니다...
[2025-12-22T12:03:05.870+0000] {logging_mixin.py:188} INFO - Calling LinkInfo API: http://openapi.seoul.go.kr:8088/656b61716d646e6439377847526d4c/xml/LinkInfo/1/5/1180001100/
[2025-12-22T12:03:06.169+0000] {logging_mixin.py:188} INFO - {'link_id': '1180001100', 'road_name': '경인로', 'st_node_nm': '서울교남단', 'ed_node_nm': '영등포로타리', 'map_dist': 273, 'reg_cd': 118}
[2025-12-22T12:03:06.170+0000] {logging_mixin.py:188} INFO - Calling TrafficInfo API: http://openapi.seoul.go.kr:8088/436b63764a646e643130395474737472/xml/TrafficInfo/1/5/1180001100/
[2025-12-22T12:03:06.301+0000] {logging_mixin.py:188} INFO - [ERROR] 데이터 저장 중 오류 발생: format requires a mapping
[2025-12-22T12:03:06.302+0000] {python.py:202} INFO - Done. Returned value was: None
[2025-12-22T12:03:06.307+0000] {taskinstance.py:1149} INFO - Marking task as SUCCESS. dag_id=linkinfo_dag, task_id=process_linkinfo, execution_date=20251222T120304, start_date=20251222T120305, end_date=20251222T120306
[2025-12-22T12:03:06.361+0000] {local_task_job_runner.py:234} INFO - Task exited with return code 0
[2025-12-22T12:03:06.373+0000] {taskinstance.py:3312} INFO - 1 downstream tasks scheduled from follow-on schedule check
