[2025-12-16T11:05:10.739+0000] {taskinstance.py:1979} INFO - Dependencies all met for dep_context=non-requeueable deps ti=<TaskInstance: daily_code_update.update_outbreak_code_name scheduled__2025-11-25T15:00:00+00:00 [queued]>
[2025-12-16T11:05:10.751+0000] {taskinstance.py:1979} INFO - Dependencies all met for dep_context=requeueable deps ti=<TaskInstance: daily_code_update.update_outbreak_code_name scheduled__2025-11-25T15:00:00+00:00 [queued]>
[2025-12-16T11:05:10.753+0000] {taskinstance.py:2193} INFO - Starting attempt 1 of 2
[2025-12-16T11:05:10.840+0000] {taskinstance.py:2217} INFO - Executing <Task(PythonOperator): update_outbreak_code_name> on 2025-11-25 15:00:00+00:00
[2025-12-16T11:05:10.846+0000] {standard_task_runner.py:60} INFO - Started process 569 to run task
[2025-12-16T11:05:10.849+0000] {standard_task_runner.py:87} INFO - Running: ['airflow', 'tasks', 'run', 'daily_code_update', 'update_outbreak_code_name', 'scheduled__2025-11-25T15:00:00+00:00', '--job-id', '141', '--raw', '--subdir', 'DAGS_FOLDER/code_update_dag.py', '--cfg-path', '/tmp/tmp3yn34esf']
[2025-12-16T11:05:10.852+0000] {standard_task_runner.py:88} INFO - Job 141: Subtask update_outbreak_code_name
[2025-12-16T11:05:10.989+0000] {task_command.py:423} INFO - Running <TaskInstance: daily_code_update.update_outbreak_code_name scheduled__2025-11-25T15:00:00+00:00 [running]> on host d011923f8fa9
[2025-12-16T11:05:11.263+0000] {taskinstance.py:2513} INFO - Exporting env vars: AIRFLOW_CTX_DAG_OWNER='navisafe' AIRFLOW_CTX_DAG_ID='daily_code_update' AIRFLOW_CTX_TASK_ID='update_outbreak_code_name' AIRFLOW_CTX_EXECUTION_DATE='2025-11-25T15:00:00+00:00' AIRFLOW_CTX_TRY_NUMBER='1' AIRFLOW_CTX_DAG_RUN_ID='scheduled__2025-11-25T15:00:00+00:00'
[2025-12-16T11:05:11.268+0000] {logging_mixin.py:188} INFO - [INFO] update_outbreak_code_name 실행 시작
[2025-12-16T11:05:11.567+0000] {logging_mixin.py:188} INFO - [INFO] 13개의 돌발유형 코드 저장 완료
[2025-12-16T11:05:11.578+0000] {logging_mixin.py:188} INFO - [INFO] update_outbreak_code_name 완료
[2025-12-16T11:05:11.581+0000] {python.py:202} INFO - Done. Returned value was: None
[2025-12-16T11:05:11.607+0000] {taskinstance.py:1149} INFO - Marking task as SUCCESS. dag_id=daily_code_update, task_id=update_outbreak_code_name, execution_date=20251125T150000, start_date=20251216T110510, end_date=20251216T110511
[2025-12-16T11:05:11.705+0000] {local_task_job_runner.py:234} INFO - Task exited with return code 0
[2025-12-16T11:05:11.728+0000] {taskinstance.py:3312} INFO - 0 downstream tasks scheduled from follow-on schedule check
[2025-12-22T12:00:49.297+0000] {taskinstance.py:1979} INFO - Dependencies all met for dep_context=non-requeueable deps ti=<TaskInstance: daily_code_update.update_outbreak_code_name scheduled__2025-11-25T15:00:00+00:00 [queued]>
[2025-12-22T12:00:49.308+0000] {taskinstance.py:1979} INFO - Dependencies all met for dep_context=requeueable deps ti=<TaskInstance: daily_code_update.update_outbreak_code_name scheduled__2025-11-25T15:00:00+00:00 [queued]>
[2025-12-22T12:00:49.310+0000] {taskinstance.py:2193} INFO - Starting attempt 1 of 2
[2025-12-22T12:00:49.391+0000] {taskinstance.py:2217} INFO - Executing <Task(PythonOperator): update_outbreak_code_name> on 2025-11-25 15:00:00+00:00
[2025-12-22T12:00:49.397+0000] {standard_task_runner.py:60} INFO - Started process 584 to run task
[2025-12-22T12:00:49.400+0000] {standard_task_runner.py:87} INFO - Running: ['airflow', 'tasks', 'run', 'daily_code_update', 'update_outbreak_code_name', 'scheduled__2025-11-25T15:00:00+00:00', '--job-id', '138', '--raw', '--subdir', 'DAGS_FOLDER/code_update_dag.py', '--cfg-path', '/tmp/tmpej8fptgk']
[2025-12-22T12:00:49.403+0000] {standard_task_runner.py:88} INFO - Job 138: Subtask update_outbreak_code_name
[2025-12-22T12:00:49.486+0000] {task_command.py:423} INFO - Running <TaskInstance: daily_code_update.update_outbreak_code_name scheduled__2025-11-25T15:00:00+00:00 [running]> on host a5c0974290b2
[2025-12-22T12:00:49.626+0000] {taskinstance.py:2513} INFO - Exporting env vars: AIRFLOW_CTX_DAG_OWNER='navisafe' AIRFLOW_CTX_DAG_ID='daily_code_update' AIRFLOW_CTX_TASK_ID='update_outbreak_code_name' AIRFLOW_CTX_EXECUTION_DATE='2025-11-25T15:00:00+00:00' AIRFLOW_CTX_TRY_NUMBER='1' AIRFLOW_CTX_DAG_RUN_ID='scheduled__2025-11-25T15:00:00+00:00'
[2025-12-22T12:00:49.627+0000] {logging_mixin.py:188} INFO - [INFO] update_outbreak_code_name 실행 시작
[2025-12-22T12:00:49.753+0000] {base.py:83} INFO - Using connection ID 'navisafe_mysql' for task execution.
[2025-12-22T12:00:49.757+0000] {logging_mixin.py:188} INFO - [INFO] 13개의 돌발유형 코드 저장 완료
[2025-12-22T12:00:49.757+0000] {logging_mixin.py:188} INFO - [INFO] update_outbreak_code_name 완료
[2025-12-22T12:00:49.758+0000] {python.py:202} INFO - Done. Returned value was: None
[2025-12-22T12:00:49.763+0000] {taskinstance.py:1149} INFO - Marking task as SUCCESS. dag_id=daily_code_update, task_id=update_outbreak_code_name, execution_date=20251125T150000, start_date=20251222T120049, end_date=20251222T120049
[2025-12-22T12:00:49.814+0000] {local_task_job_runner.py:234} INFO - Task exited with return code 0
[2025-12-22T12:00:49.829+0000] {taskinstance.py:3312} INFO - 0 downstream tasks scheduled from follow-on schedule check
