[2025-12-16T11:05:10.544+0000] {taskinstance.py:1979} INFO - Dependencies all met for dep_context=non-requeueable deps ti=<TaskInstance: daily_code_update.update_outbreak_code_name scheduled__2025-11-24T15:00:00+00:00 [queued]>
[2025-12-16T11:05:10.559+0000] {taskinstance.py:1979} INFO - Dependencies all met for dep_context=requeueable deps ti=<TaskInstance: daily_code_update.update_outbreak_code_name scheduled__2025-11-24T15:00:00+00:00 [queued]>
[2025-12-16T11:05:10.561+0000] {taskinstance.py:2193} INFO - Starting attempt 1 of 2
[2025-12-16T11:05:10.647+0000] {taskinstance.py:2217} INFO - Executing <Task(PythonOperator): update_outbreak_code_name> on 2025-11-24 15:00:00+00:00
[2025-12-16T11:05:10.652+0000] {standard_task_runner.py:60} INFO - Started process 562 to run task
[2025-12-16T11:05:10.656+0000] {standard_task_runner.py:87} INFO - Running: ['airflow', 'tasks', 'run', 'daily_code_update', 'update_outbreak_code_name', 'scheduled__2025-11-24T15:00:00+00:00', '--job-id', '137', '--raw', '--subdir', 'DAGS_FOLDER/code_update_dag.py', '--cfg-path', '/tmp/tmpcyulbuxn']
[2025-12-16T11:05:10.658+0000] {standard_task_runner.py:88} INFO - Job 137: Subtask update_outbreak_code_name
[2025-12-16T11:05:10.776+0000] {task_command.py:423} INFO - Running <TaskInstance: daily_code_update.update_outbreak_code_name scheduled__2025-11-24T15:00:00+00:00 [running]> on host d011923f8fa9
[2025-12-16T11:05:11.034+0000] {taskinstance.py:2513} INFO - Exporting env vars: AIRFLOW_CTX_DAG_OWNER='navisafe' AIRFLOW_CTX_DAG_ID='daily_code_update' AIRFLOW_CTX_TASK_ID='update_outbreak_code_name' AIRFLOW_CTX_EXECUTION_DATE='2025-11-24T15:00:00+00:00' AIRFLOW_CTX_TRY_NUMBER='1' AIRFLOW_CTX_DAG_RUN_ID='scheduled__2025-11-24T15:00:00+00:00'
[2025-12-16T11:05:11.035+0000] {logging_mixin.py:188} INFO - [INFO] update_outbreak_code_name 실행 시작
[2025-12-16T11:05:11.201+0000] {logging_mixin.py:188} INFO - [INFO] 13개의 돌발유형 코드 저장 완료
[2025-12-16T11:05:11.213+0000] {logging_mixin.py:188} INFO - [INFO] update_outbreak_code_name 완료
[2025-12-16T11:05:11.220+0000] {python.py:202} INFO - Done. Returned value was: None
[2025-12-16T11:05:11.232+0000] {taskinstance.py:1149} INFO - Marking task as SUCCESS. dag_id=daily_code_update, task_id=update_outbreak_code_name, execution_date=20251124T150000, start_date=20251216T110510, end_date=20251216T110511
[2025-12-16T11:05:11.351+0000] {local_task_job_runner.py:234} INFO - Task exited with return code 0
[2025-12-16T11:05:11.375+0000] {taskinstance.py:3312} INFO - 0 downstream tasks scheduled from follow-on schedule check
[2025-12-22T12:00:49.078+0000] {taskinstance.py:1979} INFO - Dependencies all met for dep_context=non-requeueable deps ti=<TaskInstance: daily_code_update.update_outbreak_code_name scheduled__2025-11-24T15:00:00+00:00 [queued]>
[2025-12-22T12:00:49.085+0000] {taskinstance.py:1979} INFO - Dependencies all met for dep_context=requeueable deps ti=<TaskInstance: daily_code_update.update_outbreak_code_name scheduled__2025-11-24T15:00:00+00:00 [queued]>
[2025-12-22T12:00:49.086+0000] {taskinstance.py:2193} INFO - Starting attempt 1 of 2
[2025-12-22T12:00:49.262+0000] {taskinstance.py:2217} INFO - Executing <Task(PythonOperator): update_outbreak_code_name> on 2025-11-24 15:00:00+00:00
[2025-12-22T12:00:49.273+0000] {standard_task_runner.py:60} INFO - Started process 582 to run task
[2025-12-22T12:00:49.276+0000] {standard_task_runner.py:87} INFO - Running: ['airflow', 'tasks', 'run', 'daily_code_update', 'update_outbreak_code_name', 'scheduled__2025-11-24T15:00:00+00:00', '--job-id', '137', '--raw', '--subdir', 'DAGS_FOLDER/code_update_dag.py', '--cfg-path', '/tmp/tmpf_p5vfk9']
[2025-12-22T12:00:49.279+0000] {standard_task_runner.py:88} INFO - Job 137: Subtask update_outbreak_code_name
[2025-12-22T12:00:49.357+0000] {task_command.py:423} INFO - Running <TaskInstance: daily_code_update.update_outbreak_code_name scheduled__2025-11-24T15:00:00+00:00 [running]> on host a5c0974290b2
[2025-12-22T12:00:49.574+0000] {taskinstance.py:2513} INFO - Exporting env vars: AIRFLOW_CTX_DAG_OWNER='navisafe' AIRFLOW_CTX_DAG_ID='daily_code_update' AIRFLOW_CTX_TASK_ID='update_outbreak_code_name' AIRFLOW_CTX_EXECUTION_DATE='2025-11-24T15:00:00+00:00' AIRFLOW_CTX_TRY_NUMBER='1' AIRFLOW_CTX_DAG_RUN_ID='scheduled__2025-11-24T15:00:00+00:00'
[2025-12-22T12:00:49.576+0000] {logging_mixin.py:188} INFO - [INFO] update_outbreak_code_name 실행 시작
[2025-12-22T12:00:49.690+0000] {base.py:83} INFO - Using connection ID 'navisafe_mysql' for task execution.
[2025-12-22T12:00:49.694+0000] {logging_mixin.py:188} INFO - [INFO] 13개의 돌발유형 코드 저장 완료
[2025-12-22T12:00:49.695+0000] {logging_mixin.py:188} INFO - [INFO] update_outbreak_code_name 완료
[2025-12-22T12:00:49.695+0000] {python.py:202} INFO - Done. Returned value was: None
[2025-12-22T12:00:49.700+0000] {taskinstance.py:1149} INFO - Marking task as SUCCESS. dag_id=daily_code_update, task_id=update_outbreak_code_name, execution_date=20251124T150000, start_date=20251222T120049, end_date=20251222T120049
[2025-12-22T12:00:49.770+0000] {local_task_job_runner.py:234} INFO - Task exited with return code 0
[2025-12-22T12:00:49.782+0000] {taskinstance.py:3312} INFO - 0 downstream tasks scheduled from follow-on schedule check
