[2025-12-16T11:05:06.484+0000] {taskinstance.py:1979} INFO - Dependencies all met for dep_context=non-requeueable deps ti=<TaskInstance: daily_code_update.update_outbreak_code_name scheduled__2025-11-17T15:00:00+00:00 [queued]>
[2025-12-16T11:05:06.499+0000] {taskinstance.py:1979} INFO - Dependencies all met for dep_context=requeueable deps ti=<TaskInstance: daily_code_update.update_outbreak_code_name scheduled__2025-11-17T15:00:00+00:00 [queued]>
[2025-12-16T11:05:06.504+0000] {taskinstance.py:2193} INFO - Starting attempt 1 of 2
[2025-12-16T11:05:06.615+0000] {taskinstance.py:2217} INFO - Executing <Task(PythonOperator): update_outbreak_code_name> on 2025-11-17 15:00:00+00:00
[2025-12-16T11:05:06.623+0000] {standard_task_runner.py:60} INFO - Started process 495 to run task
[2025-12-16T11:05:06.627+0000] {standard_task_runner.py:87} INFO - Running: ['airflow', 'tasks', 'run', 'daily_code_update', 'update_outbreak_code_name', 'scheduled__2025-11-17T15:00:00+00:00', '--job-id', '116', '--raw', '--subdir', 'DAGS_FOLDER/code_update_dag.py', '--cfg-path', '/tmp/tmpn7qzj7z0']
[2025-12-16T11:05:06.630+0000] {standard_task_runner.py:88} INFO - Job 116: Subtask update_outbreak_code_name
[2025-12-16T11:05:06.737+0000] {task_command.py:423} INFO - Running <TaskInstance: daily_code_update.update_outbreak_code_name scheduled__2025-11-17T15:00:00+00:00 [running]> on host d011923f8fa9
[2025-12-16T11:05:06.940+0000] {taskinstance.py:2513} INFO - Exporting env vars: AIRFLOW_CTX_DAG_OWNER='navisafe' AIRFLOW_CTX_DAG_ID='daily_code_update' AIRFLOW_CTX_TASK_ID='update_outbreak_code_name' AIRFLOW_CTX_EXECUTION_DATE='2025-11-17T15:00:00+00:00' AIRFLOW_CTX_TRY_NUMBER='1' AIRFLOW_CTX_DAG_RUN_ID='scheduled__2025-11-17T15:00:00+00:00'
[2025-12-16T11:05:06.945+0000] {logging_mixin.py:188} INFO - [INFO] update_outbreak_code_name 실행 시작
[2025-12-16T11:05:07.199+0000] {logging_mixin.py:188} INFO - [INFO] 13개의 돌발유형 코드 저장 완료
[2025-12-16T11:05:07.201+0000] {logging_mixin.py:188} INFO - [INFO] update_outbreak_code_name 완료
[2025-12-16T11:05:07.202+0000] {python.py:202} INFO - Done. Returned value was: None
[2025-12-16T11:05:07.210+0000] {taskinstance.py:1149} INFO - Marking task as SUCCESS. dag_id=daily_code_update, task_id=update_outbreak_code_name, execution_date=20251117T150000, start_date=20251216T110506, end_date=20251216T110507
[2025-12-16T11:05:07.323+0000] {local_task_job_runner.py:234} INFO - Task exited with return code 0
[2025-12-16T11:05:07.339+0000] {taskinstance.py:3312} INFO - 0 downstream tasks scheduled from follow-on schedule check
[2025-12-22T12:00:47.614+0000] {taskinstance.py:1979} INFO - Dependencies all met for dep_context=non-requeueable deps ti=<TaskInstance: daily_code_update.update_outbreak_code_name scheduled__2025-11-17T15:00:00+00:00 [queued]>
[2025-12-22T12:00:47.626+0000] {taskinstance.py:1979} INFO - Dependencies all met for dep_context=requeueable deps ti=<TaskInstance: daily_code_update.update_outbreak_code_name scheduled__2025-11-17T15:00:00+00:00 [queued]>
[2025-12-22T12:00:47.626+0000] {taskinstance.py:2193} INFO - Starting attempt 1 of 2
[2025-12-22T12:00:47.682+0000] {taskinstance.py:2217} INFO - Executing <Task(PythonOperator): update_outbreak_code_name> on 2025-11-17 15:00:00+00:00
[2025-12-22T12:00:47.687+0000] {standard_task_runner.py:60} INFO - Started process 540 to run task
[2025-12-22T12:00:47.689+0000] {standard_task_runner.py:87} INFO - Running: ['airflow', 'tasks', 'run', 'daily_code_update', 'update_outbreak_code_name', 'scheduled__2025-11-17T15:00:00+00:00', '--job-id', '116', '--raw', '--subdir', 'DAGS_FOLDER/code_update_dag.py', '--cfg-path', '/tmp/tmp1jv23_j0']
[2025-12-22T12:00:47.691+0000] {standard_task_runner.py:88} INFO - Job 116: Subtask update_outbreak_code_name
[2025-12-22T12:00:47.768+0000] {task_command.py:423} INFO - Running <TaskInstance: daily_code_update.update_outbreak_code_name scheduled__2025-11-17T15:00:00+00:00 [running]> on host a5c0974290b2
[2025-12-22T12:00:47.935+0000] {taskinstance.py:2513} INFO - Exporting env vars: AIRFLOW_CTX_DAG_OWNER='navisafe' AIRFLOW_CTX_DAG_ID='daily_code_update' AIRFLOW_CTX_TASK_ID='update_outbreak_code_name' AIRFLOW_CTX_EXECUTION_DATE='2025-11-17T15:00:00+00:00' AIRFLOW_CTX_TRY_NUMBER='1' AIRFLOW_CTX_DAG_RUN_ID='scheduled__2025-11-17T15:00:00+00:00'
[2025-12-22T12:00:47.936+0000] {logging_mixin.py:188} INFO - [INFO] update_outbreak_code_name 실행 시작
[2025-12-22T12:00:48.231+0000] {base.py:83} INFO - Using connection ID 'navisafe_mysql' for task execution.
[2025-12-22T12:00:48.236+0000] {logging_mixin.py:188} INFO - [INFO] 13개의 돌발유형 코드 저장 완료
[2025-12-22T12:00:48.237+0000] {logging_mixin.py:188} INFO - [INFO] update_outbreak_code_name 완료
[2025-12-22T12:00:48.238+0000] {python.py:202} INFO - Done. Returned value was: None
[2025-12-22T12:00:48.245+0000] {taskinstance.py:1149} INFO - Marking task as SUCCESS. dag_id=daily_code_update, task_id=update_outbreak_code_name, execution_date=20251117T150000, start_date=20251222T120047, end_date=20251222T120048
[2025-12-22T12:00:48.423+0000] {local_task_job_runner.py:234} INFO - Task exited with return code 0
[2025-12-22T12:00:48.437+0000] {taskinstance.py:3312} INFO - 0 downstream tasks scheduled from follow-on schedule check
