[2025-12-16T11:04:53.531+0000] {taskinstance.py:1979} INFO - Dependencies all met for dep_context=non-requeueable deps ti=<TaskInstance: daily_code_update.update_region_name scheduled__2025-10-30T15:00:00+00:00 [queued]>
[2025-12-16T11:04:53.545+0000] {taskinstance.py:1979} INFO - Dependencies all met for dep_context=requeueable deps ti=<TaskInstance: daily_code_update.update_region_name scheduled__2025-10-30T15:00:00+00:00 [queued]>
[2025-12-16T11:04:53.548+0000] {taskinstance.py:2193} INFO - Starting attempt 1 of 2
[2025-12-16T11:04:53.585+0000] {taskinstance.py:2217} INFO - Executing <Task(PythonOperator): update_region_name> on 2025-10-30 15:00:00+00:00
[2025-12-16T11:04:53.589+0000] {standard_task_runner.py:60} INFO - Started process 364 to run task
[2025-12-16T11:04:53.593+0000] {standard_task_runner.py:87} INFO - Running: ['airflow', 'tasks', 'run', 'daily_code_update', 'update_region_name', 'scheduled__2025-10-30T15:00:00+00:00', '--job-id', '56', '--raw', '--subdir', 'DAGS_FOLDER/code_update_dag.py', '--cfg-path', '/tmp/tmpcentsema']
[2025-12-16T11:04:53.596+0000] {standard_task_runner.py:88} INFO - Job 56: Subtask update_region_name
[2025-12-16T11:04:53.727+0000] {task_command.py:423} INFO - Running <TaskInstance: daily_code_update.update_region_name scheduled__2025-10-30T15:00:00+00:00 [running]> on host d011923f8fa9
[2025-12-16T11:04:53.856+0000] {taskinstance.py:2513} INFO - Exporting env vars: AIRFLOW_CTX_DAG_OWNER='navisafe' AIRFLOW_CTX_DAG_ID='daily_code_update' AIRFLOW_CTX_TASK_ID='update_region_name' AIRFLOW_CTX_EXECUTION_DATE='2025-10-30T15:00:00+00:00' AIRFLOW_CTX_TRY_NUMBER='1' AIRFLOW_CTX_DAG_RUN_ID='scheduled__2025-10-30T15:00:00+00:00'
[2025-12-16T11:04:53.858+0000] {logging_mixin.py:188} INFO - [INFO] update_region_code_name 실행 시작
[2025-12-16T11:04:54.089+0000] {logging_mixin.py:188} INFO - [INFO] 25개의 지역 코드 저장 완료
[2025-12-16T11:04:54.091+0000] {logging_mixin.py:188} INFO - [INFO] update_region_code_name 완료
[2025-12-16T11:04:54.092+0000] {python.py:202} INFO - Done. Returned value was: None
[2025-12-16T11:04:54.103+0000] {taskinstance.py:1149} INFO - Marking task as SUCCESS. dag_id=daily_code_update, task_id=update_region_name, execution_date=20251030T150000, start_date=20251216T110453, end_date=20251216T110454
[2025-12-16T11:04:54.168+0000] {local_task_job_runner.py:234} INFO - Task exited with return code 0
[2025-12-16T11:04:54.245+0000] {taskinstance.py:3312} INFO - 0 downstream tasks scheduled from follow-on schedule check
[2025-12-22T12:00:29.445+0000] {taskinstance.py:1979} INFO - Dependencies all met for dep_context=non-requeueable deps ti=<TaskInstance: daily_code_update.update_region_name scheduled__2025-10-30T15:00:00+00:00 [queued]>
[2025-12-22T12:00:29.458+0000] {taskinstance.py:1979} INFO - Dependencies all met for dep_context=requeueable deps ti=<TaskInstance: daily_code_update.update_region_name scheduled__2025-10-30T15:00:00+00:00 [queued]>
[2025-12-22T12:00:29.459+0000] {taskinstance.py:2193} INFO - Starting attempt 1 of 2
[2025-12-22T12:00:29.500+0000] {taskinstance.py:2217} INFO - Executing <Task(PythonOperator): update_region_name> on 2025-10-30 15:00:00+00:00
[2025-12-22T12:00:29.505+0000] {standard_task_runner.py:60} INFO - Started process 418 to run task
[2025-12-22T12:00:29.508+0000] {standard_task_runner.py:87} INFO - Running: ['airflow', 'tasks', 'run', 'daily_code_update', 'update_region_name', 'scheduled__2025-10-30T15:00:00+00:00', '--job-id', '60', '--raw', '--subdir', 'DAGS_FOLDER/code_update_dag.py', '--cfg-path', '/tmp/tmpm_hnjt35']
[2025-12-22T12:00:29.511+0000] {standard_task_runner.py:88} INFO - Job 60: Subtask update_region_name
[2025-12-22T12:00:29.605+0000] {task_command.py:423} INFO - Running <TaskInstance: daily_code_update.update_region_name scheduled__2025-10-30T15:00:00+00:00 [running]> on host a5c0974290b2
[2025-12-22T12:00:29.813+0000] {taskinstance.py:2513} INFO - Exporting env vars: AIRFLOW_CTX_DAG_OWNER='navisafe' AIRFLOW_CTX_DAG_ID='daily_code_update' AIRFLOW_CTX_TASK_ID='update_region_name' AIRFLOW_CTX_EXECUTION_DATE='2025-10-30T15:00:00+00:00' AIRFLOW_CTX_TRY_NUMBER='1' AIRFLOW_CTX_DAG_RUN_ID='scheduled__2025-10-30T15:00:00+00:00'
[2025-12-22T12:00:29.816+0000] {logging_mixin.py:188} INFO - [INFO] update_region_code_name 실행 시작
[2025-12-22T12:00:29.976+0000] {base.py:83} INFO - Using connection ID 'navisafe_mysql' for task execution.
[2025-12-22T12:00:29.982+0000] {logging_mixin.py:188} INFO - [INFO] 25개의 지역 코드 저장 완료
[2025-12-22T12:00:29.982+0000] {logging_mixin.py:188} INFO - [INFO] update_region_code_name 완료
[2025-12-22T12:00:29.986+0000] {python.py:202} INFO - Done. Returned value was: None
[2025-12-22T12:00:29.996+0000] {taskinstance.py:1149} INFO - Marking task as SUCCESS. dag_id=daily_code_update, task_id=update_region_name, execution_date=20251030T150000, start_date=20251222T120029, end_date=20251222T120029
[2025-12-22T12:00:30.083+0000] {local_task_job_runner.py:234} INFO - Task exited with return code 0
[2025-12-22T12:00:30.103+0000] {taskinstance.py:3312} INFO - 0 downstream tasks scheduled from follow-on schedule check
