[2025-12-16T11:04:42.028+0000] {taskinstance.py:1979} INFO - Dependencies all met for dep_context=non-requeueable deps ti=<TaskInstance: daily_code_update.update_outbreak_code_name scheduled__2025-10-13T15:00:00+00:00 [queued]>
[2025-12-16T11:04:42.046+0000] {taskinstance.py:1979} INFO - Dependencies all met for dep_context=requeueable deps ti=<TaskInstance: daily_code_update.update_outbreak_code_name scheduled__2025-10-13T15:00:00+00:00 [queued]>
[2025-12-16T11:04:42.052+0000] {taskinstance.py:2193} INFO - Starting attempt 1 of 2
[2025-12-16T11:04:42.118+0000] {taskinstance.py:2217} INFO - Executing <Task(PythonOperator): update_outbreak_code_name> on 2025-10-13 15:00:00+00:00
[2025-12-16T11:04:42.126+0000] {standard_task_runner.py:60} INFO - Started process 271 to run task
[2025-12-16T11:04:42.184+0000] {standard_task_runner.py:87} INFO - Running: ['airflow', 'tasks', 'run', 'daily_code_update', 'update_outbreak_code_name', 'scheduled__2025-10-13T15:00:00+00:00', '--job-id', '11', '--raw', '--subdir', 'DAGS_FOLDER/code_update_dag.py', '--cfg-path', '/tmp/tmpo73_avuq']
[2025-12-16T11:04:42.196+0000] {standard_task_runner.py:88} INFO - Job 11: Subtask update_outbreak_code_name
[2025-12-16T11:04:42.388+0000] {task_command.py:423} INFO - Running <TaskInstance: daily_code_update.update_outbreak_code_name scheduled__2025-10-13T15:00:00+00:00 [running]> on host d011923f8fa9
[2025-12-16T11:04:42.648+0000] {taskinstance.py:2513} INFO - Exporting env vars: AIRFLOW_CTX_DAG_OWNER='navisafe' AIRFLOW_CTX_DAG_ID='daily_code_update' AIRFLOW_CTX_TASK_ID='update_outbreak_code_name' AIRFLOW_CTX_EXECUTION_DATE='2025-10-13T15:00:00+00:00' AIRFLOW_CTX_TRY_NUMBER='1' AIRFLOW_CTX_DAG_RUN_ID='scheduled__2025-10-13T15:00:00+00:00'
[2025-12-16T11:04:42.652+0000] {logging_mixin.py:188} INFO - [INFO] update_outbreak_code_name 실행 시작
[2025-12-16T11:04:44.192+0000] {logging_mixin.py:188} INFO - [INFO] 13개의 돌발유형 코드 저장 완료
[2025-12-16T11:04:44.193+0000] {logging_mixin.py:188} INFO - [INFO] update_outbreak_code_name 완료
[2025-12-16T11:04:44.193+0000] {python.py:202} INFO - Done. Returned value was: None
[2025-12-16T11:04:44.200+0000] {taskinstance.py:1149} INFO - Marking task as SUCCESS. dag_id=daily_code_update, task_id=update_outbreak_code_name, execution_date=20251013T150000, start_date=20251216T110442, end_date=20251216T110444
[2025-12-16T11:04:44.309+0000] {local_task_job_runner.py:234} INFO - Task exited with return code 0
[2025-12-16T11:04:44.375+0000] {taskinstance.py:3312} INFO - 0 downstream tasks scheduled from follow-on schedule check
[2025-12-22T12:00:20.044+0000] {taskinstance.py:1979} INFO - Dependencies all met for dep_context=non-requeueable deps ti=<TaskInstance: daily_code_update.update_outbreak_code_name scheduled__2025-10-13T15:00:00+00:00 [queued]>
[2025-12-22T12:00:20.059+0000] {taskinstance.py:1979} INFO - Dependencies all met for dep_context=requeueable deps ti=<TaskInstance: daily_code_update.update_outbreak_code_name scheduled__2025-10-13T15:00:00+00:00 [queued]>
[2025-12-22T12:00:20.060+0000] {taskinstance.py:2193} INFO - Starting attempt 1 of 2
[2025-12-22T12:00:20.104+0000] {taskinstance.py:2217} INFO - Executing <Task(PythonOperator): update_outbreak_code_name> on 2025-10-13 15:00:00+00:00
[2025-12-22T12:00:20.119+0000] {standard_task_runner.py:60} INFO - Started process 303 to run task
[2025-12-22T12:00:20.132+0000] {standard_task_runner.py:87} INFO - Running: ['airflow', 'tasks', 'run', 'daily_code_update', 'update_outbreak_code_name', 'scheduled__2025-10-13T15:00:00+00:00', '--job-id', '11', '--raw', '--subdir', 'DAGS_FOLDER/code_update_dag.py', '--cfg-path', '/tmp/tmp0g1k7jm7']
[2025-12-22T12:00:20.135+0000] {standard_task_runner.py:88} INFO - Job 11: Subtask update_outbreak_code_name
[2025-12-22T12:00:20.312+0000] {task_command.py:423} INFO - Running <TaskInstance: daily_code_update.update_outbreak_code_name scheduled__2025-10-13T15:00:00+00:00 [running]> on host a5c0974290b2
[2025-12-22T12:00:20.438+0000] {taskinstance.py:2513} INFO - Exporting env vars: AIRFLOW_CTX_DAG_OWNER='navisafe' AIRFLOW_CTX_DAG_ID='daily_code_update' AIRFLOW_CTX_TASK_ID='update_outbreak_code_name' AIRFLOW_CTX_EXECUTION_DATE='2025-10-13T15:00:00+00:00' AIRFLOW_CTX_TRY_NUMBER='1' AIRFLOW_CTX_DAG_RUN_ID='scheduled__2025-10-13T15:00:00+00:00'
[2025-12-22T12:00:20.440+0000] {logging_mixin.py:188} INFO - [INFO] update_outbreak_code_name 실행 시작
[2025-12-22T12:00:20.928+0000] {base.py:83} INFO - Using connection ID 'navisafe_mysql' for task execution.
[2025-12-22T12:00:20.992+0000] {logging_mixin.py:188} INFO - [INFO] 13개의 돌발유형 코드 저장 완료
[2025-12-22T12:00:20.993+0000] {logging_mixin.py:188} INFO - [INFO] update_outbreak_code_name 완료
[2025-12-22T12:00:20.993+0000] {python.py:202} INFO - Done. Returned value was: None
[2025-12-22T12:00:20.999+0000] {taskinstance.py:1149} INFO - Marking task as SUCCESS. dag_id=daily_code_update, task_id=update_outbreak_code_name, execution_date=20251013T150000, start_date=20251222T120020, end_date=20251222T120020
[2025-12-22T12:00:21.143+0000] {local_task_job_runner.py:234} INFO - Task exited with return code 0
[2025-12-22T12:00:21.172+0000] {taskinstance.py:3312} INFO - 0 downstream tasks scheduled from follow-on schedule check
