[2025-12-16T11:04:57.229+0000] {taskinstance.py:1979} INFO - Dependencies all met for dep_context=non-requeueable deps ti=<TaskInstance: daily_code_update.update_region_name scheduled__2025-11-01T15:00:00+00:00 [queued]>
[2025-12-16T11:04:57.240+0000] {taskinstance.py:1979} INFO - Dependencies all met for dep_context=requeueable deps ti=<TaskInstance: daily_code_update.update_region_name scheduled__2025-11-01T15:00:00+00:00 [queued]>
[2025-12-16T11:04:57.241+0000] {taskinstance.py:2193} INFO - Starting attempt 1 of 2
[2025-12-16T11:04:57.312+0000] {taskinstance.py:2217} INFO - Executing <Task(PythonOperator): update_region_name> on 2025-11-01 15:00:00+00:00
[2025-12-16T11:04:57.318+0000] {standard_task_runner.py:60} INFO - Started process 387 to run task
[2025-12-16T11:04:57.322+0000] {standard_task_runner.py:87} INFO - Running: ['airflow', 'tasks', 'run', 'daily_code_update', 'update_region_name', 'scheduled__2025-11-01T15:00:00+00:00', '--job-id', '65', '--raw', '--subdir', 'DAGS_FOLDER/code_update_dag.py', '--cfg-path', '/tmp/tmphm25amez']
[2025-12-16T11:04:57.324+0000] {standard_task_runner.py:88} INFO - Job 65: Subtask update_region_name
[2025-12-16T11:04:57.411+0000] {task_command.py:423} INFO - Running <TaskInstance: daily_code_update.update_region_name scheduled__2025-11-01T15:00:00+00:00 [running]> on host d011923f8fa9
[2025-12-16T11:04:57.612+0000] {taskinstance.py:2513} INFO - Exporting env vars: AIRFLOW_CTX_DAG_OWNER='navisafe' AIRFLOW_CTX_DAG_ID='daily_code_update' AIRFLOW_CTX_TASK_ID='update_region_name' AIRFLOW_CTX_EXECUTION_DATE='2025-11-01T15:00:00+00:00' AIRFLOW_CTX_TRY_NUMBER='1' AIRFLOW_CTX_DAG_RUN_ID='scheduled__2025-11-01T15:00:00+00:00'
[2025-12-16T11:04:57.613+0000] {logging_mixin.py:188} INFO - [INFO] update_region_code_name 실행 시작
[2025-12-16T11:04:57.765+0000] {logging_mixin.py:188} INFO - [INFO] 25개의 지역 코드 저장 완료
[2025-12-16T11:04:57.766+0000] {logging_mixin.py:188} INFO - [INFO] update_region_code_name 완료
[2025-12-16T11:04:57.767+0000] {python.py:202} INFO - Done. Returned value was: None
[2025-12-16T11:04:57.776+0000] {taskinstance.py:1149} INFO - Marking task as SUCCESS. dag_id=daily_code_update, task_id=update_region_name, execution_date=20251101T150000, start_date=20251216T110457, end_date=20251216T110457
[2025-12-16T11:04:57.859+0000] {local_task_job_runner.py:234} INFO - Task exited with return code 0
[2025-12-16T11:04:57.939+0000] {taskinstance.py:3312} INFO - 0 downstream tasks scheduled from follow-on schedule check
[2025-12-22T12:00:34.871+0000] {taskinstance.py:1979} INFO - Dependencies all met for dep_context=non-requeueable deps ti=<TaskInstance: daily_code_update.update_region_name scheduled__2025-11-01T15:00:00+00:00 [queued]>
[2025-12-22T12:00:34.894+0000] {taskinstance.py:1979} INFO - Dependencies all met for dep_context=requeueable deps ti=<TaskInstance: daily_code_update.update_region_name scheduled__2025-11-01T15:00:00+00:00 [queued]>
[2025-12-22T12:00:34.895+0000] {taskinstance.py:2193} INFO - Starting attempt 1 of 2
[2025-12-22T12:00:35.064+0000] {taskinstance.py:2217} INFO - Executing <Task(PythonOperator): update_region_name> on 2025-11-01 15:00:00+00:00
[2025-12-22T12:00:35.088+0000] {standard_task_runner.py:60} INFO - Started process 449 to run task
[2025-12-22T12:00:35.095+0000] {standard_task_runner.py:87} INFO - Running: ['airflow', 'tasks', 'run', 'daily_code_update', 'update_region_name', 'scheduled__2025-11-01T15:00:00+00:00', '--job-id', '70', '--raw', '--subdir', 'DAGS_FOLDER/code_update_dag.py', '--cfg-path', '/tmp/tmpo2d09cls']
[2025-12-22T12:00:35.099+0000] {standard_task_runner.py:88} INFO - Job 70: Subtask update_region_name
[2025-12-22T12:00:35.270+0000] {task_command.py:423} INFO - Running <TaskInstance: daily_code_update.update_region_name scheduled__2025-11-01T15:00:00+00:00 [running]> on host a5c0974290b2
[2025-12-22T12:00:35.580+0000] {taskinstance.py:2513} INFO - Exporting env vars: AIRFLOW_CTX_DAG_OWNER='navisafe' AIRFLOW_CTX_DAG_ID='daily_code_update' AIRFLOW_CTX_TASK_ID='update_region_name' AIRFLOW_CTX_EXECUTION_DATE='2025-11-01T15:00:00+00:00' AIRFLOW_CTX_TRY_NUMBER='1' AIRFLOW_CTX_DAG_RUN_ID='scheduled__2025-11-01T15:00:00+00:00'
[2025-12-22T12:00:35.584+0000] {logging_mixin.py:188} INFO - [INFO] update_region_code_name 실행 시작
[2025-12-22T12:00:36.098+0000] {base.py:83} INFO - Using connection ID 'navisafe_mysql' for task execution.
[2025-12-22T12:00:36.110+0000] {logging_mixin.py:188} INFO - [INFO] 25개의 지역 코드 저장 완료
[2025-12-22T12:00:36.111+0000] {logging_mixin.py:188} INFO - [INFO] update_region_code_name 완료
[2025-12-22T12:00:36.111+0000] {python.py:202} INFO - Done. Returned value was: None
[2025-12-22T12:00:36.120+0000] {taskinstance.py:1149} INFO - Marking task as SUCCESS. dag_id=daily_code_update, task_id=update_region_name, execution_date=20251101T150000, start_date=20251222T120034, end_date=20251222T120036
[2025-12-22T12:00:36.200+0000] {local_task_job_runner.py:234} INFO - Task exited with return code 0
[2025-12-22T12:00:36.342+0000] {taskinstance.py:3312} INFO - 0 downstream tasks scheduled from follow-on schedule check
