[2025-12-16T11:04:57.811+0000] {taskinstance.py:1979} INFO - Dependencies all met for dep_context=non-requeueable deps ti=<TaskInstance: daily_code_update.update_outbreak_code_name scheduled__2025-11-02T15:00:00+00:00 [queued]>
[2025-12-16T11:04:57.823+0000] {taskinstance.py:1979} INFO - Dependencies all met for dep_context=requeueable deps ti=<TaskInstance: daily_code_update.update_outbreak_code_name scheduled__2025-11-02T15:00:00+00:00 [queued]>
[2025-12-16T11:04:57.829+0000] {taskinstance.py:2193} INFO - Starting attempt 1 of 2
[2025-12-16T11:04:57.929+0000] {taskinstance.py:2217} INFO - Executing <Task(PythonOperator): update_outbreak_code_name> on 2025-11-02 15:00:00+00:00
[2025-12-16T11:04:57.936+0000] {standard_task_runner.py:60} INFO - Started process 400 to run task
[2025-12-16T11:04:57.941+0000] {standard_task_runner.py:87} INFO - Running: ['airflow', 'tasks', 'run', 'daily_code_update', 'update_outbreak_code_name', 'scheduled__2025-11-02T15:00:00+00:00', '--job-id', '71', '--raw', '--subdir', 'DAGS_FOLDER/code_update_dag.py', '--cfg-path', '/tmp/tmpo9yhyvcy']
[2025-12-16T11:04:57.946+0000] {standard_task_runner.py:88} INFO - Job 71: Subtask update_outbreak_code_name
[2025-12-16T11:04:58.070+0000] {task_command.py:423} INFO - Running <TaskInstance: daily_code_update.update_outbreak_code_name scheduled__2025-11-02T15:00:00+00:00 [running]> on host d011923f8fa9
[2025-12-16T11:04:58.244+0000] {taskinstance.py:2513} INFO - Exporting env vars: AIRFLOW_CTX_DAG_OWNER='navisafe' AIRFLOW_CTX_DAG_ID='daily_code_update' AIRFLOW_CTX_TASK_ID='update_outbreak_code_name' AIRFLOW_CTX_EXECUTION_DATE='2025-11-02T15:00:00+00:00' AIRFLOW_CTX_TRY_NUMBER='1' AIRFLOW_CTX_DAG_RUN_ID='scheduled__2025-11-02T15:00:00+00:00'
[2025-12-16T11:04:58.246+0000] {logging_mixin.py:188} INFO - [INFO] update_outbreak_code_name 실행 시작
[2025-12-16T11:04:58.437+0000] {logging_mixin.py:188} INFO - [INFO] 13개의 돌발유형 코드 저장 완료
[2025-12-16T11:04:58.439+0000] {logging_mixin.py:188} INFO - [INFO] update_outbreak_code_name 완료
[2025-12-16T11:04:58.440+0000] {python.py:202} INFO - Done. Returned value was: None
[2025-12-16T11:04:58.453+0000] {taskinstance.py:1149} INFO - Marking task as SUCCESS. dag_id=daily_code_update, task_id=update_outbreak_code_name, execution_date=20251102T150000, start_date=20251216T110457, end_date=20251216T110458
[2025-12-16T11:04:58.517+0000] {local_task_job_runner.py:234} INFO - Task exited with return code 0
[2025-12-16T11:04:58.529+0000] {taskinstance.py:3312} INFO - 0 downstream tasks scheduled from follow-on schedule check
[2025-12-22T12:00:34.869+0000] {taskinstance.py:1979} INFO - Dependencies all met for dep_context=non-requeueable deps ti=<TaskInstance: daily_code_update.update_outbreak_code_name scheduled__2025-11-02T15:00:00+00:00 [queued]>
[2025-12-22T12:00:34.898+0000] {taskinstance.py:1979} INFO - Dependencies all met for dep_context=requeueable deps ti=<TaskInstance: daily_code_update.update_outbreak_code_name scheduled__2025-11-02T15:00:00+00:00 [queued]>
[2025-12-22T12:00:34.899+0000] {taskinstance.py:2193} INFO - Starting attempt 1 of 2
[2025-12-22T12:00:35.114+0000] {taskinstance.py:2217} INFO - Executing <Task(PythonOperator): update_outbreak_code_name> on 2025-11-02 15:00:00+00:00
[2025-12-22T12:00:35.126+0000] {standard_task_runner.py:60} INFO - Started process 456 to run task
[2025-12-22T12:00:35.132+0000] {standard_task_runner.py:87} INFO - Running: ['airflow', 'tasks', 'run', 'daily_code_update', 'update_outbreak_code_name', 'scheduled__2025-11-02T15:00:00+00:00', '--job-id', '72', '--raw', '--subdir', 'DAGS_FOLDER/code_update_dag.py', '--cfg-path', '/tmp/tmp7i8jsoyq']
[2025-12-22T12:00:35.135+0000] {standard_task_runner.py:88} INFO - Job 72: Subtask update_outbreak_code_name
[2025-12-22T12:00:35.307+0000] {task_command.py:423} INFO - Running <TaskInstance: daily_code_update.update_outbreak_code_name scheduled__2025-11-02T15:00:00+00:00 [running]> on host a5c0974290b2
[2025-12-22T12:00:35.594+0000] {taskinstance.py:2513} INFO - Exporting env vars: AIRFLOW_CTX_DAG_OWNER='navisafe' AIRFLOW_CTX_DAG_ID='daily_code_update' AIRFLOW_CTX_TASK_ID='update_outbreak_code_name' AIRFLOW_CTX_EXECUTION_DATE='2025-11-02T15:00:00+00:00' AIRFLOW_CTX_TRY_NUMBER='1' AIRFLOW_CTX_DAG_RUN_ID='scheduled__2025-11-02T15:00:00+00:00'
[2025-12-22T12:00:35.598+0000] {logging_mixin.py:188} INFO - [INFO] update_outbreak_code_name 실행 시작
[2025-12-22T12:00:36.068+0000] {base.py:83} INFO - Using connection ID 'navisafe_mysql' for task execution.
[2025-12-22T12:00:36.076+0000] {logging_mixin.py:188} INFO - [INFO] 13개의 돌발유형 코드 저장 완료
[2025-12-22T12:00:36.077+0000] {logging_mixin.py:188} INFO - [INFO] update_outbreak_code_name 완료
[2025-12-22T12:00:36.080+0000] {python.py:202} INFO - Done. Returned value was: None
[2025-12-22T12:00:36.091+0000] {taskinstance.py:1149} INFO - Marking task as SUCCESS. dag_id=daily_code_update, task_id=update_outbreak_code_name, execution_date=20251102T150000, start_date=20251222T120034, end_date=20251222T120036
[2025-12-22T12:00:36.150+0000] {local_task_job_runner.py:234} INFO - Task exited with return code 0
[2025-12-22T12:00:36.175+0000] {taskinstance.py:3312} INFO - 0 downstream tasks scheduled from follow-on schedule check
