[2025-12-16T11:05:03.134+0000] {taskinstance.py:1979} INFO - Dependencies all met for dep_context=non-requeueable deps ti=<TaskInstance: daily_code_update.update_outbreak_detail_code_name scheduled__2025-11-13T15:00:00+00:00 [queued]>
[2025-12-16T11:05:03.144+0000] {taskinstance.py:1979} INFO - Dependencies all met for dep_context=requeueable deps ti=<TaskInstance: daily_code_update.update_outbreak_detail_code_name scheduled__2025-11-13T15:00:00+00:00 [queued]>
[2025-12-16T11:05:03.146+0000] {taskinstance.py:2193} INFO - Starting attempt 1 of 2
[2025-12-16T11:05:03.190+0000] {taskinstance.py:2217} INFO - Executing <Task(PythonOperator): update_outbreak_detail_code_name> on 2025-11-13 15:00:00+00:00
[2025-12-16T11:05:03.206+0000] {standard_task_runner.py:60} INFO - Started process 459 to run task
[2025-12-16T11:05:03.210+0000] {standard_task_runner.py:87} INFO - Running: ['airflow', 'tasks', 'run', 'daily_code_update', 'update_outbreak_detail_code_name', 'scheduled__2025-11-13T15:00:00+00:00', '--job-id', '103', '--raw', '--subdir', 'DAGS_FOLDER/code_update_dag.py', '--cfg-path', '/tmp/tmprxk5h2a1']
[2025-12-16T11:05:03.216+0000] {standard_task_runner.py:88} INFO - Job 103: Subtask update_outbreak_detail_code_name
[2025-12-16T11:05:03.309+0000] {task_command.py:423} INFO - Running <TaskInstance: daily_code_update.update_outbreak_detail_code_name scheduled__2025-11-13T15:00:00+00:00 [running]> on host d011923f8fa9
[2025-12-16T11:05:03.466+0000] {taskinstance.py:2513} INFO - Exporting env vars: AIRFLOW_CTX_DAG_OWNER='navisafe' AIRFLOW_CTX_DAG_ID='daily_code_update' AIRFLOW_CTX_TASK_ID='update_outbreak_detail_code_name' AIRFLOW_CTX_EXECUTION_DATE='2025-11-13T15:00:00+00:00' AIRFLOW_CTX_TRY_NUMBER='1' AIRFLOW_CTX_DAG_RUN_ID='scheduled__2025-11-13T15:00:00+00:00'
[2025-12-16T11:05:03.470+0000] {logging_mixin.py:188} INFO - [INFO] update_outbreak_detail_code_name 실행 시작
[2025-12-16T11:05:03.670+0000] {logging_mixin.py:188} INFO - [INFO] 43개의 돌발 세부 유형 코드 저장 완료
[2025-12-16T11:05:03.670+0000] {logging_mixin.py:188} INFO - [INFO] update_outbreak_detail_code_name 완료
[2025-12-16T11:05:03.671+0000] {python.py:202} INFO - Done. Returned value was: None
[2025-12-16T11:05:03.677+0000] {taskinstance.py:1149} INFO - Marking task as SUCCESS. dag_id=daily_code_update, task_id=update_outbreak_detail_code_name, execution_date=20251113T150000, start_date=20251216T110503, end_date=20251216T110503
[2025-12-16T11:05:03.747+0000] {local_task_job_runner.py:234} INFO - Task exited with return code 0
[2025-12-16T11:05:03.766+0000] {taskinstance.py:3312} INFO - 0 downstream tasks scheduled from follow-on schedule check
[2025-12-22T12:00:42.551+0000] {taskinstance.py:1979} INFO - Dependencies all met for dep_context=non-requeueable deps ti=<TaskInstance: daily_code_update.update_outbreak_detail_code_name scheduled__2025-11-13T15:00:00+00:00 [queued]>
[2025-12-22T12:00:42.563+0000] {taskinstance.py:1979} INFO - Dependencies all met for dep_context=requeueable deps ti=<TaskInstance: daily_code_update.update_outbreak_detail_code_name scheduled__2025-11-13T15:00:00+00:00 [queued]>
[2025-12-22T12:00:42.564+0000] {taskinstance.py:2193} INFO - Starting attempt 1 of 2
[2025-12-22T12:00:42.632+0000] {taskinstance.py:2217} INFO - Executing <Task(PythonOperator): update_outbreak_detail_code_name> on 2025-11-13 15:00:00+00:00
[2025-12-22T12:00:42.647+0000] {standard_task_runner.py:60} INFO - Started process 511 to run task
[2025-12-22T12:00:42.650+0000] {standard_task_runner.py:87} INFO - Running: ['airflow', 'tasks', 'run', 'daily_code_update', 'update_outbreak_detail_code_name', 'scheduled__2025-11-13T15:00:00+00:00', '--job-id', '102', '--raw', '--subdir', 'DAGS_FOLDER/code_update_dag.py', '--cfg-path', '/tmp/tmpfgxhyrhx']
[2025-12-22T12:00:42.659+0000] {standard_task_runner.py:88} INFO - Job 102: Subtask update_outbreak_detail_code_name
[2025-12-22T12:00:42.759+0000] {task_command.py:423} INFO - Running <TaskInstance: daily_code_update.update_outbreak_detail_code_name scheduled__2025-11-13T15:00:00+00:00 [running]> on host a5c0974290b2
[2025-12-22T12:00:42.876+0000] {taskinstance.py:2513} INFO - Exporting env vars: AIRFLOW_CTX_DAG_OWNER='navisafe' AIRFLOW_CTX_DAG_ID='daily_code_update' AIRFLOW_CTX_TASK_ID='update_outbreak_detail_code_name' AIRFLOW_CTX_EXECUTION_DATE='2025-11-13T15:00:00+00:00' AIRFLOW_CTX_TRY_NUMBER='1' AIRFLOW_CTX_DAG_RUN_ID='scheduled__2025-11-13T15:00:00+00:00'
[2025-12-22T12:00:42.877+0000] {logging_mixin.py:188} INFO - [INFO] update_outbreak_detail_code_name 실행 시작
[2025-12-22T12:00:43.039+0000] {base.py:83} INFO - Using connection ID 'navisafe_mysql' for task execution.
[2025-12-22T12:00:43.043+0000] {logging_mixin.py:188} INFO - [INFO] 43개의 돌발 세부 유형 코드 저장 완료
[2025-12-22T12:00:43.044+0000] {logging_mixin.py:188} INFO - [INFO] update_outbreak_detail_code_name 완료
[2025-12-22T12:00:43.044+0000] {python.py:202} INFO - Done. Returned value was: None
[2025-12-22T12:00:43.049+0000] {taskinstance.py:1149} INFO - Marking task as SUCCESS. dag_id=daily_code_update, task_id=update_outbreak_detail_code_name, execution_date=20251113T150000, start_date=20251222T120042, end_date=20251222T120043
[2025-12-22T12:00:43.106+0000] {local_task_job_runner.py:234} INFO - Task exited with return code 0
[2025-12-22T12:00:43.119+0000] {taskinstance.py:3312} INFO - 0 downstream tasks scheduled from follow-on schedule check
