[2025-12-16T11:04:51.783+0000] {taskinstance.py:1979} INFO - Dependencies all met for dep_context=non-requeueable deps ti=<TaskInstance: daily_code_update.update_outbreak_code_name scheduled__2025-10-23T15:00:00+00:00 [queued]>
[2025-12-16T11:04:51.792+0000] {taskinstance.py:1979} INFO - Dependencies all met for dep_context=requeueable deps ti=<TaskInstance: daily_code_update.update_outbreak_code_name scheduled__2025-10-23T15:00:00+00:00 [queued]>
[2025-12-16T11:04:51.792+0000] {taskinstance.py:2193} INFO - Starting attempt 1 of 2
[2025-12-16T11:04:51.830+0000] {taskinstance.py:2217} INFO - Executing <Task(PythonOperator): update_outbreak_code_name> on 2025-10-23 15:00:00+00:00
[2025-12-16T11:04:51.835+0000] {standard_task_runner.py:60} INFO - Started process 328 to run task
[2025-12-16T11:04:51.837+0000] {standard_task_runner.py:87} INFO - Running: ['airflow', 'tasks', 'run', 'daily_code_update', 'update_outbreak_code_name', 'scheduled__2025-10-23T15:00:00+00:00', '--job-id', '36', '--raw', '--subdir', 'DAGS_FOLDER/code_update_dag.py', '--cfg-path', '/tmp/tmpj786pnnv']
[2025-12-16T11:04:51.840+0000] {standard_task_runner.py:88} INFO - Job 36: Subtask update_outbreak_code_name
[2025-12-16T11:04:51.916+0000] {task_command.py:423} INFO - Running <TaskInstance: daily_code_update.update_outbreak_code_name scheduled__2025-10-23T15:00:00+00:00 [running]> on host d011923f8fa9
[2025-12-16T11:04:52.189+0000] {taskinstance.py:2513} INFO - Exporting env vars: AIRFLOW_CTX_DAG_OWNER='navisafe' AIRFLOW_CTX_DAG_ID='daily_code_update' AIRFLOW_CTX_TASK_ID='update_outbreak_code_name' AIRFLOW_CTX_EXECUTION_DATE='2025-10-23T15:00:00+00:00' AIRFLOW_CTX_TRY_NUMBER='1' AIRFLOW_CTX_DAG_RUN_ID='scheduled__2025-10-23T15:00:00+00:00'
[2025-12-16T11:04:52.190+0000] {logging_mixin.py:188} INFO - [INFO] update_outbreak_code_name 실행 시작
[2025-12-16T11:04:52.617+0000] {logging_mixin.py:188} INFO - [INFO] 13개의 돌발유형 코드 저장 완료
[2025-12-16T11:04:52.618+0000] {logging_mixin.py:188} INFO - [INFO] update_outbreak_code_name 완료
[2025-12-16T11:04:52.618+0000] {python.py:202} INFO - Done. Returned value was: None
[2025-12-16T11:04:52.628+0000] {taskinstance.py:1149} INFO - Marking task as SUCCESS. dag_id=daily_code_update, task_id=update_outbreak_code_name, execution_date=20251023T150000, start_date=20251216T110451, end_date=20251216T110452
[2025-12-16T11:04:52.692+0000] {local_task_job_runner.py:234} INFO - Task exited with return code 0
[2025-12-16T11:04:52.755+0000] {taskinstance.py:3312} INFO - 0 downstream tasks scheduled from follow-on schedule check
[2025-12-22T12:00:23.116+0000] {taskinstance.py:1979} INFO - Dependencies all met for dep_context=non-requeueable deps ti=<TaskInstance: daily_code_update.update_outbreak_code_name scheduled__2025-10-23T15:00:00+00:00 [queued]>
[2025-12-22T12:00:23.129+0000] {taskinstance.py:1979} INFO - Dependencies all met for dep_context=requeueable deps ti=<TaskInstance: daily_code_update.update_outbreak_code_name scheduled__2025-10-23T15:00:00+00:00 [queued]>
[2025-12-22T12:00:23.133+0000] {taskinstance.py:2193} INFO - Starting attempt 1 of 2
[2025-12-22T12:00:23.273+0000] {taskinstance.py:2217} INFO - Executing <Task(PythonOperator): update_outbreak_code_name> on 2025-10-23 15:00:00+00:00
[2025-12-22T12:00:23.288+0000] {standard_task_runner.py:60} INFO - Started process 362 to run task
[2025-12-22T12:00:23.294+0000] {standard_task_runner.py:87} INFO - Running: ['airflow', 'tasks', 'run', 'daily_code_update', 'update_outbreak_code_name', 'scheduled__2025-10-23T15:00:00+00:00', '--job-id', '35', '--raw', '--subdir', 'DAGS_FOLDER/code_update_dag.py', '--cfg-path', '/tmp/tmp3b9a354h']
[2025-12-22T12:00:23.377+0000] {standard_task_runner.py:88} INFO - Job 35: Subtask update_outbreak_code_name
[2025-12-22T12:00:23.539+0000] {task_command.py:423} INFO - Running <TaskInstance: daily_code_update.update_outbreak_code_name scheduled__2025-10-23T15:00:00+00:00 [running]> on host a5c0974290b2
[2025-12-22T12:00:23.677+0000] {taskinstance.py:2513} INFO - Exporting env vars: AIRFLOW_CTX_DAG_OWNER='navisafe' AIRFLOW_CTX_DAG_ID='daily_code_update' AIRFLOW_CTX_TASK_ID='update_outbreak_code_name' AIRFLOW_CTX_EXECUTION_DATE='2025-10-23T15:00:00+00:00' AIRFLOW_CTX_TRY_NUMBER='1' AIRFLOW_CTX_DAG_RUN_ID='scheduled__2025-10-23T15:00:00+00:00'
[2025-12-22T12:00:23.678+0000] {logging_mixin.py:188} INFO - [INFO] update_outbreak_code_name 실행 시작
[2025-12-22T12:00:23.797+0000] {base.py:83} INFO - Using connection ID 'navisafe_mysql' for task execution.
[2025-12-22T12:00:23.806+0000] {logging_mixin.py:188} INFO - [INFO] 13개의 돌발유형 코드 저장 완료
[2025-12-22T12:00:23.810+0000] {logging_mixin.py:188} INFO - [INFO] update_outbreak_code_name 완료
[2025-12-22T12:00:23.813+0000] {python.py:202} INFO - Done. Returned value was: None
[2025-12-22T12:00:23.820+0000] {taskinstance.py:1149} INFO - Marking task as SUCCESS. dag_id=daily_code_update, task_id=update_outbreak_code_name, execution_date=20251023T150000, start_date=20251222T120023, end_date=20251222T120023
[2025-12-22T12:00:23.879+0000] {local_task_job_runner.py:234} INFO - Task exited with return code 0
[2025-12-22T12:00:23.924+0000] {taskinstance.py:3312} INFO - 0 downstream tasks scheduled from follow-on schedule check
