[2025-12-16T11:05:11.270+0000] {taskinstance.py:1979} INFO - Dependencies all met for dep_context=non-requeueable deps ti=<TaskInstance: daily_code_update.update_outbreak_detail_code_name scheduled__2025-11-27T15:00:00+00:00 [queued]>
[2025-12-16T11:05:11.287+0000] {taskinstance.py:1979} INFO - Dependencies all met for dep_context=requeueable deps ti=<TaskInstance: daily_code_update.update_outbreak_detail_code_name scheduled__2025-11-27T15:00:00+00:00 [queued]>
[2025-12-16T11:05:11.288+0000] {taskinstance.py:2193} INFO - Starting attempt 1 of 2
[2025-12-16T11:05:11.422+0000] {taskinstance.py:2217} INFO - Executing <Task(PythonOperator): update_outbreak_detail_code_name> on 2025-11-27 15:00:00+00:00
[2025-12-16T11:05:11.431+0000] {standard_task_runner.py:60} INFO - Started process 578 to run task
[2025-12-16T11:05:11.434+0000] {standard_task_runner.py:87} INFO - Running: ['airflow', 'tasks', 'run', 'daily_code_update', 'update_outbreak_detail_code_name', 'scheduled__2025-11-27T15:00:00+00:00', '--job-id', '147', '--raw', '--subdir', 'DAGS_FOLDER/code_update_dag.py', '--cfg-path', '/tmp/tmpd5vaw4ju']
[2025-12-16T11:05:11.438+0000] {standard_task_runner.py:88} INFO - Job 147: Subtask update_outbreak_detail_code_name
[2025-12-16T11:05:11.611+0000] {task_command.py:423} INFO - Running <TaskInstance: daily_code_update.update_outbreak_detail_code_name scheduled__2025-11-27T15:00:00+00:00 [running]> on host d011923f8fa9
[2025-12-16T11:05:11.845+0000] {taskinstance.py:2513} INFO - Exporting env vars: AIRFLOW_CTX_DAG_OWNER='navisafe' AIRFLOW_CTX_DAG_ID='daily_code_update' AIRFLOW_CTX_TASK_ID='update_outbreak_detail_code_name' AIRFLOW_CTX_EXECUTION_DATE='2025-11-27T15:00:00+00:00' AIRFLOW_CTX_TRY_NUMBER='1' AIRFLOW_CTX_DAG_RUN_ID='scheduled__2025-11-27T15:00:00+00:00'
[2025-12-16T11:05:11.847+0000] {logging_mixin.py:188} INFO - [INFO] update_outbreak_detail_code_name 실행 시작
[2025-12-16T11:05:12.071+0000] {logging_mixin.py:188} INFO - [INFO] 43개의 돌발 세부 유형 코드 저장 완료
[2025-12-16T11:05:12.073+0000] {logging_mixin.py:188} INFO - [INFO] update_outbreak_detail_code_name 완료
[2025-12-16T11:05:12.074+0000] {python.py:202} INFO - Done. Returned value was: None
[2025-12-16T11:05:12.082+0000] {taskinstance.py:1149} INFO - Marking task as SUCCESS. dag_id=daily_code_update, task_id=update_outbreak_detail_code_name, execution_date=20251127T150000, start_date=20251216T110511, end_date=20251216T110512
[2025-12-16T11:05:12.131+0000] {local_task_job_runner.py:234} INFO - Task exited with return code 0
[2025-12-16T11:05:12.148+0000] {taskinstance.py:3312} INFO - 0 downstream tasks scheduled from follow-on schedule check
[2025-12-22T12:00:51.718+0000] {taskinstance.py:1979} INFO - Dependencies all met for dep_context=non-requeueable deps ti=<TaskInstance: daily_code_update.update_outbreak_detail_code_name scheduled__2025-11-27T15:00:00+00:00 [queued]>
[2025-12-22T12:00:51.819+0000] {taskinstance.py:1979} INFO - Dependencies all met for dep_context=requeueable deps ti=<TaskInstance: daily_code_update.update_outbreak_detail_code_name scheduled__2025-11-27T15:00:00+00:00 [queued]>
[2025-12-22T12:00:51.819+0000] {taskinstance.py:2193} INFO - Starting attempt 1 of 2
[2025-12-22T12:00:51.851+0000] {taskinstance.py:2217} INFO - Executing <Task(PythonOperator): update_outbreak_detail_code_name> on 2025-11-27 15:00:00+00:00
[2025-12-22T12:00:51.857+0000] {standard_task_runner.py:60} INFO - Started process 600 to run task
[2025-12-22T12:00:51.860+0000] {standard_task_runner.py:87} INFO - Running: ['airflow', 'tasks', 'run', 'daily_code_update', 'update_outbreak_detail_code_name', 'scheduled__2025-11-27T15:00:00+00:00', '--job-id', '145', '--raw', '--subdir', 'DAGS_FOLDER/code_update_dag.py', '--cfg-path', '/tmp/tmp365a6x_y']
[2025-12-22T12:00:51.863+0000] {standard_task_runner.py:88} INFO - Job 145: Subtask update_outbreak_detail_code_name
[2025-12-22T12:00:51.944+0000] {task_command.py:423} INFO - Running <TaskInstance: daily_code_update.update_outbreak_detail_code_name scheduled__2025-11-27T15:00:00+00:00 [running]> on host a5c0974290b2
[2025-12-22T12:00:52.163+0000] {taskinstance.py:2513} INFO - Exporting env vars: AIRFLOW_CTX_DAG_OWNER='navisafe' AIRFLOW_CTX_DAG_ID='daily_code_update' AIRFLOW_CTX_TASK_ID='update_outbreak_detail_code_name' AIRFLOW_CTX_EXECUTION_DATE='2025-11-27T15:00:00+00:00' AIRFLOW_CTX_TRY_NUMBER='1' AIRFLOW_CTX_DAG_RUN_ID='scheduled__2025-11-27T15:00:00+00:00'
[2025-12-22T12:00:52.165+0000] {logging_mixin.py:188} INFO - [INFO] update_outbreak_detail_code_name 실행 시작
[2025-12-22T12:00:52.285+0000] {base.py:83} INFO - Using connection ID 'navisafe_mysql' for task execution.
[2025-12-22T12:00:52.289+0000] {logging_mixin.py:188} INFO - [INFO] 43개의 돌발 세부 유형 코드 저장 완료
[2025-12-22T12:00:52.290+0000] {logging_mixin.py:188} INFO - [INFO] update_outbreak_detail_code_name 완료
[2025-12-22T12:00:52.291+0000] {python.py:202} INFO - Done. Returned value was: None
[2025-12-22T12:00:52.297+0000] {taskinstance.py:1149} INFO - Marking task as SUCCESS. dag_id=daily_code_update, task_id=update_outbreak_detail_code_name, execution_date=20251127T150000, start_date=20251222T120051, end_date=20251222T120052
[2025-12-22T12:00:52.355+0000] {local_task_job_runner.py:234} INFO - Task exited with return code 0
[2025-12-22T12:00:52.371+0000] {taskinstance.py:3312} INFO - 0 downstream tasks scheduled from follow-on schedule check
