[2025-12-16T11:05:17.395+0000] {taskinstance.py:1979} INFO - Dependencies all met for dep_context=non-requeueable deps ti=<TaskInstance: daily_code_update.update_region_name scheduled__2025-12-04T15:00:00+00:00 [queued]>
[2025-12-16T11:05:17.405+0000] {taskinstance.py:1979} INFO - Dependencies all met for dep_context=requeueable deps ti=<TaskInstance: daily_code_update.update_region_name scheduled__2025-12-04T15:00:00+00:00 [queued]>
[2025-12-16T11:05:17.406+0000] {taskinstance.py:2193} INFO - Starting attempt 1 of 2
[2025-12-16T11:05:17.485+0000] {taskinstance.py:2217} INFO - Executing <Task(PythonOperator): update_region_name> on 2025-12-04 15:00:00+00:00
[2025-12-16T11:05:17.499+0000] {standard_task_runner.py:60} INFO - Started process 626 to run task
[2025-12-16T11:05:17.502+0000] {standard_task_runner.py:87} INFO - Running: ['airflow', 'tasks', 'run', 'daily_code_update', 'update_region_name', 'scheduled__2025-12-04T15:00:00+00:00', '--job-id', '169', '--raw', '--subdir', 'DAGS_FOLDER/code_update_dag.py', '--cfg-path', '/tmp/tmpr7oksfvr']
[2025-12-16T11:05:17.504+0000] {standard_task_runner.py:88} INFO - Job 169: Subtask update_region_name
[2025-12-16T11:05:17.585+0000] {task_command.py:423} INFO - Running <TaskInstance: daily_code_update.update_region_name scheduled__2025-12-04T15:00:00+00:00 [running]> on host d011923f8fa9
[2025-12-16T11:05:17.744+0000] {taskinstance.py:2513} INFO - Exporting env vars: AIRFLOW_CTX_DAG_OWNER='navisafe' AIRFLOW_CTX_DAG_ID='daily_code_update' AIRFLOW_CTX_TASK_ID='update_region_name' AIRFLOW_CTX_EXECUTION_DATE='2025-12-04T15:00:00+00:00' AIRFLOW_CTX_TRY_NUMBER='1' AIRFLOW_CTX_DAG_RUN_ID='scheduled__2025-12-04T15:00:00+00:00'
[2025-12-16T11:05:17.747+0000] {logging_mixin.py:188} INFO - [INFO] update_region_code_name 실행 시작
[2025-12-16T11:05:17.891+0000] {logging_mixin.py:188} INFO - [INFO] 25개의 지역 코드 저장 완료
[2025-12-16T11:05:17.893+0000] {logging_mixin.py:188} INFO - [INFO] update_region_code_name 완료
[2025-12-16T11:05:17.894+0000] {python.py:202} INFO - Done. Returned value was: None
[2025-12-16T11:05:17.902+0000] {taskinstance.py:1149} INFO - Marking task as SUCCESS. dag_id=daily_code_update, task_id=update_region_name, execution_date=20251204T150000, start_date=20251216T110517, end_date=20251216T110517
[2025-12-16T11:05:17.956+0000] {local_task_job_runner.py:234} INFO - Task exited with return code 0
[2025-12-16T11:05:17.972+0000] {taskinstance.py:3312} INFO - 0 downstream tasks scheduled from follow-on schedule check
[2025-12-22T12:00:55.981+0000] {taskinstance.py:1979} INFO - Dependencies all met for dep_context=non-requeueable deps ti=<TaskInstance: daily_code_update.update_region_name scheduled__2025-12-04T15:00:00+00:00 [queued]>
[2025-12-22T12:00:55.991+0000] {taskinstance.py:1979} INFO - Dependencies all met for dep_context=requeueable deps ti=<TaskInstance: daily_code_update.update_region_name scheduled__2025-12-04T15:00:00+00:00 [queued]>
[2025-12-22T12:00:55.992+0000] {taskinstance.py:2193} INFO - Starting attempt 1 of 2
[2025-12-22T12:00:56.079+0000] {taskinstance.py:2217} INFO - Executing <Task(PythonOperator): update_region_name> on 2025-12-04 15:00:00+00:00
[2025-12-22T12:00:56.084+0000] {standard_task_runner.py:60} INFO - Started process 668 to run task
[2025-12-22T12:00:56.086+0000] {standard_task_runner.py:87} INFO - Running: ['airflow', 'tasks', 'run', 'daily_code_update', 'update_region_name', 'scheduled__2025-12-04T15:00:00+00:00', '--job-id', '167', '--raw', '--subdir', 'DAGS_FOLDER/code_update_dag.py', '--cfg-path', '/tmp/tmpsn0xcdb3']
[2025-12-22T12:00:56.088+0000] {standard_task_runner.py:88} INFO - Job 167: Subtask update_region_name
[2025-12-22T12:00:56.183+0000] {task_command.py:423} INFO - Running <TaskInstance: daily_code_update.update_region_name scheduled__2025-12-04T15:00:00+00:00 [running]> on host a5c0974290b2
[2025-12-22T12:00:56.357+0000] {taskinstance.py:2513} INFO - Exporting env vars: AIRFLOW_CTX_DAG_OWNER='navisafe' AIRFLOW_CTX_DAG_ID='daily_code_update' AIRFLOW_CTX_TASK_ID='update_region_name' AIRFLOW_CTX_EXECUTION_DATE='2025-12-04T15:00:00+00:00' AIRFLOW_CTX_TRY_NUMBER='1' AIRFLOW_CTX_DAG_RUN_ID='scheduled__2025-12-04T15:00:00+00:00'
[2025-12-22T12:00:56.358+0000] {logging_mixin.py:188} INFO - [INFO] update_region_code_name 실행 시작
[2025-12-22T12:00:56.473+0000] {base.py:83} INFO - Using connection ID 'navisafe_mysql' for task execution.
[2025-12-22T12:00:56.478+0000] {logging_mixin.py:188} INFO - [INFO] 25개의 지역 코드 저장 완료
[2025-12-22T12:00:56.480+0000] {logging_mixin.py:188} INFO - [INFO] update_region_code_name 완료
[2025-12-22T12:00:56.480+0000] {python.py:202} INFO - Done. Returned value was: None
[2025-12-22T12:00:56.488+0000] {taskinstance.py:1149} INFO - Marking task as SUCCESS. dag_id=daily_code_update, task_id=update_region_name, execution_date=20251204T150000, start_date=20251222T120055, end_date=20251222T120056
[2025-12-22T12:00:56.540+0000] {local_task_job_runner.py:234} INFO - Task exited with return code 0
[2025-12-22T12:00:56.577+0000] {taskinstance.py:3312} INFO - 0 downstream tasks scheduled from follow-on schedule check
