[2025-12-22T10:44:43.455+0000] {taskinstance.py:1979} INFO - Dependencies all met for dep_context=non-requeueable deps ti=<TaskInstance: daily_code_update.update_region_name scheduled__2025-12-18T15:00:00+00:00 [queued]>
[2025-12-22T10:44:43.482+0000] {taskinstance.py:1979} INFO - Dependencies all met for dep_context=requeueable deps ti=<TaskInstance: daily_code_update.update_region_name scheduled__2025-12-18T15:00:00+00:00 [queued]>
[2025-12-22T10:44:43.483+0000] {taskinstance.py:2193} INFO - Starting attempt 1 of 2
[2025-12-22T10:44:43.623+0000] {taskinstance.py:2217} INFO - Executing <Task(PythonOperator): update_region_name> on 2025-12-18 15:00:00+00:00
[2025-12-22T10:44:43.638+0000] {standard_task_runner.py:60} INFO - Started process 230 to run task
[2025-12-22T10:44:43.654+0000] {standard_task_runner.py:87} INFO - Running: ['airflow', 'tasks', 'run', 'daily_code_update', 'update_region_name', 'scheduled__2025-12-18T15:00:00+00:00', '--job-id', '473', '--raw', '--subdir', 'DAGS_FOLDER/code_update_dag.py', '--cfg-path', '/tmp/tmpejj_yogu']
[2025-12-22T10:44:43.665+0000] {standard_task_runner.py:88} INFO - Job 473: Subtask update_region_name
[2025-12-22T10:44:43.846+0000] {task_command.py:423} INFO - Running <TaskInstance: daily_code_update.update_region_name scheduled__2025-12-18T15:00:00+00:00 [running]> on host 5d74948b19c1
[2025-12-22T10:44:44.066+0000] {taskinstance.py:2513} INFO - Exporting env vars: AIRFLOW_CTX_DAG_OWNER='navisafe' AIRFLOW_CTX_DAG_ID='daily_code_update' AIRFLOW_CTX_TASK_ID='update_region_name' AIRFLOW_CTX_EXECUTION_DATE='2025-12-18T15:00:00+00:00' AIRFLOW_CTX_TRY_NUMBER='1' AIRFLOW_CTX_DAG_RUN_ID='scheduled__2025-12-18T15:00:00+00:00'
[2025-12-22T10:44:44.069+0000] {logging_mixin.py:188} INFO - [INFO] update_region_code_name 실행 시작
[2025-12-22T10:44:44.283+0000] {logging_mixin.py:188} INFO - [INFO] 25개의 지역 코드 저장 완료
[2025-12-22T10:44:44.284+0000] {logging_mixin.py:188} INFO - [INFO] update_region_code_name 완료
[2025-12-22T10:44:44.285+0000] {python.py:202} INFO - Done. Returned value was: None
[2025-12-22T10:44:44.293+0000] {taskinstance.py:1149} INFO - Marking task as SUCCESS. dag_id=daily_code_update, task_id=update_region_name, execution_date=20251218T150000, start_date=20251222T104443, end_date=20251222T104444
[2025-12-22T10:44:44.358+0000] {local_task_job_runner.py:234} INFO - Task exited with return code 0
[2025-12-22T10:44:44.393+0000] {taskinstance.py:3312} INFO - 0 downstream tasks scheduled from follow-on schedule check
[2025-12-22T12:01:04.035+0000] {taskinstance.py:1979} INFO - Dependencies all met for dep_context=non-requeueable deps ti=<TaskInstance: daily_code_update.update_region_name scheduled__2025-12-18T15:00:00+00:00 [queued]>
[2025-12-22T12:01:04.043+0000] {taskinstance.py:1979} INFO - Dependencies all met for dep_context=requeueable deps ti=<TaskInstance: daily_code_update.update_region_name scheduled__2025-12-18T15:00:00+00:00 [queued]>
[2025-12-22T12:01:04.044+0000] {taskinstance.py:2193} INFO - Starting attempt 1 of 2
[2025-12-22T12:01:04.084+0000] {taskinstance.py:2217} INFO - Executing <Task(PythonOperator): update_region_name> on 2025-12-18 15:00:00+00:00
[2025-12-22T12:01:04.091+0000] {standard_task_runner.py:60} INFO - Started process 748 to run task
[2025-12-22T12:01:04.094+0000] {standard_task_runner.py:87} INFO - Running: ['airflow', 'tasks', 'run', 'daily_code_update', 'update_region_name', 'scheduled__2025-12-18T15:00:00+00:00', '--job-id', '209', '--raw', '--subdir', 'DAGS_FOLDER/code_update_dag.py', '--cfg-path', '/tmp/tmp14sfiwgp']
[2025-12-22T12:01:04.096+0000] {standard_task_runner.py:88} INFO - Job 209: Subtask update_region_name
[2025-12-22T12:01:04.177+0000] {task_command.py:423} INFO - Running <TaskInstance: daily_code_update.update_region_name scheduled__2025-12-18T15:00:00+00:00 [running]> on host a5c0974290b2
[2025-12-22T12:01:04.338+0000] {taskinstance.py:2513} INFO - Exporting env vars: AIRFLOW_CTX_DAG_OWNER='navisafe' AIRFLOW_CTX_DAG_ID='daily_code_update' AIRFLOW_CTX_TASK_ID='update_region_name' AIRFLOW_CTX_EXECUTION_DATE='2025-12-18T15:00:00+00:00' AIRFLOW_CTX_TRY_NUMBER='1' AIRFLOW_CTX_DAG_RUN_ID='scheduled__2025-12-18T15:00:00+00:00'
[2025-12-22T12:01:04.340+0000] {logging_mixin.py:188} INFO - [INFO] update_region_code_name 실행 시작
[2025-12-22T12:01:04.503+0000] {base.py:83} INFO - Using connection ID 'navisafe_mysql' for task execution.
[2025-12-22T12:01:04.509+0000] {logging_mixin.py:188} INFO - [INFO] 25개의 지역 코드 저장 완료
[2025-12-22T12:01:04.510+0000] {logging_mixin.py:188} INFO - [INFO] update_region_code_name 완료
[2025-12-22T12:01:04.511+0000] {python.py:202} INFO - Done. Returned value was: None
[2025-12-22T12:01:04.520+0000] {taskinstance.py:1149} INFO - Marking task as SUCCESS. dag_id=daily_code_update, task_id=update_region_name, execution_date=20251218T150000, start_date=20251222T120104, end_date=20251222T120104
[2025-12-22T12:01:04.588+0000] {local_task_job_runner.py:234} INFO - Task exited with return code 0
[2025-12-22T12:01:04.603+0000] {taskinstance.py:3312} INFO - 0 downstream tasks scheduled from follow-on schedule check
