[2025-12-16T11:05:22.758+0000] {taskinstance.py:1979} INFO - Dependencies all met for dep_context=non-requeueable deps ti=<TaskInstance: daily_code_update.update_region_name scheduled__2025-12-12T15:00:00+00:00 [queued]>
[2025-12-16T11:05:22.767+0000] {taskinstance.py:1979} INFO - Dependencies all met for dep_context=requeueable deps ti=<TaskInstance: daily_code_update.update_region_name scheduled__2025-12-12T15:00:00+00:00 [queued]>
[2025-12-16T11:05:22.772+0000] {taskinstance.py:2193} INFO - Starting attempt 1 of 2
[2025-12-16T11:05:22.825+0000] {taskinstance.py:2217} INFO - Executing <Task(PythonOperator): update_region_name> on 2025-12-12 15:00:00+00:00
[2025-12-16T11:05:22.832+0000] {standard_task_runner.py:60} INFO - Started process 668 to run task
[2025-12-16T11:05:22.835+0000] {standard_task_runner.py:87} INFO - Running: ['airflow', 'tasks', 'run', 'daily_code_update', 'update_region_name', 'scheduled__2025-12-12T15:00:00+00:00', '--job-id', '195', '--raw', '--subdir', 'DAGS_FOLDER/code_update_dag.py', '--cfg-path', '/tmp/tmpchuumxkl']
[2025-12-16T11:05:22.838+0000] {standard_task_runner.py:88} INFO - Job 195: Subtask update_region_name
[2025-12-16T11:05:22.953+0000] {task_command.py:423} INFO - Running <TaskInstance: daily_code_update.update_region_name scheduled__2025-12-12T15:00:00+00:00 [running]> on host d011923f8fa9
[2025-12-16T11:05:23.094+0000] {taskinstance.py:2513} INFO - Exporting env vars: AIRFLOW_CTX_DAG_OWNER='navisafe' AIRFLOW_CTX_DAG_ID='daily_code_update' AIRFLOW_CTX_TASK_ID='update_region_name' AIRFLOW_CTX_EXECUTION_DATE='2025-12-12T15:00:00+00:00' AIRFLOW_CTX_TRY_NUMBER='1' AIRFLOW_CTX_DAG_RUN_ID='scheduled__2025-12-12T15:00:00+00:00'
[2025-12-16T11:05:23.095+0000] {logging_mixin.py:188} INFO - [INFO] update_region_code_name 실행 시작
[2025-12-16T11:05:23.234+0000] {logging_mixin.py:188} INFO - [INFO] 25개의 지역 코드 저장 완료
[2025-12-16T11:05:23.235+0000] {logging_mixin.py:188} INFO - [INFO] update_region_code_name 완료
[2025-12-16T11:05:23.236+0000] {python.py:202} INFO - Done. Returned value was: None
[2025-12-16T11:05:23.245+0000] {taskinstance.py:1149} INFO - Marking task as SUCCESS. dag_id=daily_code_update, task_id=update_region_name, execution_date=20251212T150000, start_date=20251216T110522, end_date=20251216T110523
[2025-12-16T11:05:23.289+0000] {local_task_job_runner.py:234} INFO - Task exited with return code 0
[2025-12-16T11:05:23.299+0000] {taskinstance.py:3312} INFO - 0 downstream tasks scheduled from follow-on schedule check
[2025-12-22T12:01:00.121+0000] {taskinstance.py:1979} INFO - Dependencies all met for dep_context=non-requeueable deps ti=<TaskInstance: daily_code_update.update_region_name scheduled__2025-12-12T15:00:00+00:00 [queued]>
[2025-12-22T12:01:00.136+0000] {taskinstance.py:1979} INFO - Dependencies all met for dep_context=requeueable deps ti=<TaskInstance: daily_code_update.update_region_name scheduled__2025-12-12T15:00:00+00:00 [queued]>
[2025-12-22T12:01:00.138+0000] {taskinstance.py:2193} INFO - Starting attempt 1 of 2
[2025-12-22T12:01:00.167+0000] {taskinstance.py:2217} INFO - Executing <Task(PythonOperator): update_region_name> on 2025-12-12 15:00:00+00:00
[2025-12-22T12:01:00.174+0000] {standard_task_runner.py:60} INFO - Started process 708 to run task
[2025-12-22T12:01:00.177+0000] {standard_task_runner.py:87} INFO - Running: ['airflow', 'tasks', 'run', 'daily_code_update', 'update_region_name', 'scheduled__2025-12-12T15:00:00+00:00', '--job-id', '190', '--raw', '--subdir', 'DAGS_FOLDER/code_update_dag.py', '--cfg-path', '/tmp/tmpbspmo_fv']
[2025-12-22T12:01:00.180+0000] {standard_task_runner.py:88} INFO - Job 190: Subtask update_region_name
[2025-12-22T12:01:00.266+0000] {task_command.py:423} INFO - Running <TaskInstance: daily_code_update.update_region_name scheduled__2025-12-12T15:00:00+00:00 [running]> on host a5c0974290b2
[2025-12-22T12:01:00.423+0000] {taskinstance.py:2513} INFO - Exporting env vars: AIRFLOW_CTX_DAG_OWNER='navisafe' AIRFLOW_CTX_DAG_ID='daily_code_update' AIRFLOW_CTX_TASK_ID='update_region_name' AIRFLOW_CTX_EXECUTION_DATE='2025-12-12T15:00:00+00:00' AIRFLOW_CTX_TRY_NUMBER='1' AIRFLOW_CTX_DAG_RUN_ID='scheduled__2025-12-12T15:00:00+00:00'
[2025-12-22T12:01:00.428+0000] {logging_mixin.py:188} INFO - [INFO] update_region_code_name 실행 시작
[2025-12-22T12:01:00.561+0000] {base.py:83} INFO - Using connection ID 'navisafe_mysql' for task execution.
[2025-12-22T12:01:00.565+0000] {logging_mixin.py:188} INFO - [INFO] 25개의 지역 코드 저장 완료
[2025-12-22T12:01:00.566+0000] {logging_mixin.py:188} INFO - [INFO] update_region_code_name 완료
[2025-12-22T12:01:00.566+0000] {python.py:202} INFO - Done. Returned value was: None
[2025-12-22T12:01:00.573+0000] {taskinstance.py:1149} INFO - Marking task as SUCCESS. dag_id=daily_code_update, task_id=update_region_name, execution_date=20251212T150000, start_date=20251222T120100, end_date=20251222T120100
[2025-12-22T12:01:00.631+0000] {local_task_job_runner.py:234} INFO - Task exited with return code 0
[2025-12-22T12:01:00.700+0000] {taskinstance.py:3312} INFO - 0 downstream tasks scheduled from follow-on schedule check
