[2025-12-22T11:06:05.392+0000] {taskinstance.py:1979} INFO - Dependencies all met for dep_context=non-requeueable deps ti=<TaskInstance: linkinfo_dag.process_linkinfo manual__2025-12-22T11:06:03.771451+00:00 [queued]>
[2025-12-22T11:06:05.399+0000] {taskinstance.py:1979} INFO - Dependencies all met for dep_context=requeueable deps ti=<TaskInstance: linkinfo_dag.process_linkinfo manual__2025-12-22T11:06:03.771451+00:00 [queued]>
[2025-12-22T11:06:05.400+0000] {taskinstance.py:2193} INFO - Starting attempt 1 of 1
[2025-12-22T11:06:05.413+0000] {taskinstance.py:2217} INFO - Executing <Task(PythonOperator): process_linkinfo> on 2025-12-22 11:06:03.771451+00:00
[2025-12-22T11:06:05.416+0000] {standard_task_runner.py:60} INFO - Started process 1587 to run task
[2025-12-22T11:06:05.418+0000] {standard_task_runner.py:87} INFO - Running: ['airflow', 'tasks', 'run', 'linkinfo_dag', 'process_linkinfo', 'manual__2025-12-22T11:06:03.771451+00:00', '--job-id', '602', '--raw', '--subdir', 'DAGS_FOLDER/linkinfo_dag.py', '--cfg-path', '/tmp/tmp31ii1o4z']
[2025-12-22T11:06:05.421+0000] {standard_task_runner.py:88} INFO - Job 602: Subtask process_linkinfo
[2025-12-22T11:06:05.472+0000] {task_command.py:423} INFO - Running <TaskInstance: linkinfo_dag.process_linkinfo manual__2025-12-22T11:06:03.771451+00:00 [running]> on host 5d74948b19c1
[2025-12-22T11:06:05.529+0000] {taskinstance.py:2513} INFO - Exporting env vars: AIRFLOW_CTX_DAG_OWNER='airflow' AIRFLOW_CTX_DAG_ID='linkinfo_dag' AIRFLOW_CTX_TASK_ID='process_linkinfo' AIRFLOW_CTX_EXECUTION_DATE='2025-12-22T11:06:03.771451+00:00' AIRFLOW_CTX_TRY_NUMBER='1' AIRFLOW_CTX_DAG_RUN_ID='manual__2025-12-22T11:06:03.771451+00:00'
[2025-12-22T11:06:05.567+0000] {logging_mixin.py:188} INFO - Redis에서 꺼낸 item: {"link_id": "1000000900"}
[2025-12-22T11:06:05.568+0000] {logging_mixin.py:188} INFO - 파싱 후 link_id: 1000000900
[2025-12-22T11:06:05.568+0000] {logging_mixin.py:188} INFO - [INFO] 1개의 LINK_ID 데이터를 처리합니다...
[2025-12-22T11:06:05.568+0000] {logging_mixin.py:188} INFO - Calling LinkInfo API: http://openapi.seoul.go.kr:8088/656b61716d646e6439377847526d4c/xml/LinkInfo/1/5/1000000900/
[2025-12-22T11:06:05.807+0000] {logging_mixin.py:188} INFO - {'link_id': '1000000900', 'road_name': '새문안로', 'st_node_nm': '세종대로사거리', 'ed_node_nm': '새문안교회', 'map_dist': 170, 'reg_cd': 100}
[2025-12-22T11:06:05.808+0000] {logging_mixin.py:188} INFO - Calling TrafficInfo API: http://openapi.seoul.go.kr:8088/436b63764a646e643130395474737472/xml/TrafficInfo/1/5/1000000900/
[2025-12-22T11:06:05.909+0000] {logging_mixin.py:188} INFO - link_info 데이터 삽입 완료
[2025-12-22T11:06:05.912+0000] {logging_mixin.py:188} INFO - ROAD_TRAFFIC 데이터 삽입 완료
[2025-12-22T11:06:05.918+0000] {logging_mixin.py:188} INFO - [INFO] 1개의 LINK_ID 데이터 처리 완료
[2025-12-22T11:06:05.919+0000] {python.py:202} INFO - Done. Returned value was: None
[2025-12-22T11:06:05.924+0000] {taskinstance.py:1149} INFO - Marking task as SUCCESS. dag_id=linkinfo_dag, task_id=process_linkinfo, execution_date=20251222T110603, start_date=20251222T110605, end_date=20251222T110605
[2025-12-22T11:06:05.952+0000] {local_task_job_runner.py:234} INFO - Task exited with return code 0
[2025-12-22T11:06:05.964+0000] {taskinstance.py:3312} INFO - 1 downstream tasks scheduled from follow-on schedule check
