[2025-12-16T11:05:22.203+0000] {taskinstance.py:1979} INFO - Dependencies all met for dep_context=non-requeueable deps ti=<TaskInstance: daily_code_update.update_outbreak_code_name scheduled__2025-12-09T15:00:00+00:00 [queued]>
[2025-12-16T11:05:22.214+0000] {taskinstance.py:1979} INFO - Dependencies all met for dep_context=requeueable deps ti=<TaskInstance: daily_code_update.update_outbreak_code_name scheduled__2025-12-09T15:00:00+00:00 [queued]>
[2025-12-16T11:05:22.215+0000] {taskinstance.py:2193} INFO - Starting attempt 1 of 2
[2025-12-16T11:05:22.254+0000] {taskinstance.py:2217} INFO - Executing <Task(PythonOperator): update_outbreak_code_name> on 2025-12-09 15:00:00+00:00
[2025-12-16T11:05:22.260+0000] {standard_task_runner.py:60} INFO - Started process 655 to run task
[2025-12-16T11:05:22.263+0000] {standard_task_runner.py:87} INFO - Running: ['airflow', 'tasks', 'run', 'daily_code_update', 'update_outbreak_code_name', 'scheduled__2025-12-09T15:00:00+00:00', '--job-id', '185', '--raw', '--subdir', 'DAGS_FOLDER/code_update_dag.py', '--cfg-path', '/tmp/tmpuqnn1fz0']
[2025-12-16T11:05:22.266+0000] {standard_task_runner.py:88} INFO - Job 185: Subtask update_outbreak_code_name
[2025-12-16T11:05:22.360+0000] {task_command.py:423} INFO - Running <TaskInstance: daily_code_update.update_outbreak_code_name scheduled__2025-12-09T15:00:00+00:00 [running]> on host d011923f8fa9
[2025-12-16T11:05:22.542+0000] {taskinstance.py:2513} INFO - Exporting env vars: AIRFLOW_CTX_DAG_OWNER='navisafe' AIRFLOW_CTX_DAG_ID='daily_code_update' AIRFLOW_CTX_TASK_ID='update_outbreak_code_name' AIRFLOW_CTX_EXECUTION_DATE='2025-12-09T15:00:00+00:00' AIRFLOW_CTX_TRY_NUMBER='1' AIRFLOW_CTX_DAG_RUN_ID='scheduled__2025-12-09T15:00:00+00:00'
[2025-12-16T11:05:22.544+0000] {logging_mixin.py:188} INFO - [INFO] update_outbreak_code_name 실행 시작
[2025-12-16T11:05:22.885+0000] {logging_mixin.py:188} INFO - [INFO] 13개의 돌발유형 코드 저장 완료
[2025-12-16T11:05:22.886+0000] {logging_mixin.py:188} INFO - [INFO] update_outbreak_code_name 완료
[2025-12-16T11:05:22.887+0000] {python.py:202} INFO - Done. Returned value was: None
[2025-12-16T11:05:22.893+0000] {taskinstance.py:1149} INFO - Marking task as SUCCESS. dag_id=daily_code_update, task_id=update_outbreak_code_name, execution_date=20251209T150000, start_date=20251216T110522, end_date=20251216T110522
[2025-12-16T11:05:22.961+0000] {local_task_job_runner.py:234} INFO - Task exited with return code 0
[2025-12-16T11:05:22.978+0000] {taskinstance.py:3312} INFO - 0 downstream tasks scheduled from follow-on schedule check
[2025-12-22T12:00:59.663+0000] {taskinstance.py:1979} INFO - Dependencies all met for dep_context=non-requeueable deps ti=<TaskInstance: daily_code_update.update_outbreak_code_name scheduled__2025-12-09T15:00:00+00:00 [queued]>
[2025-12-22T12:00:59.675+0000] {taskinstance.py:1979} INFO - Dependencies all met for dep_context=requeueable deps ti=<TaskInstance: daily_code_update.update_outbreak_code_name scheduled__2025-12-09T15:00:00+00:00 [queued]>
[2025-12-22T12:00:59.676+0000] {taskinstance.py:2193} INFO - Starting attempt 1 of 2
[2025-12-22T12:00:59.708+0000] {taskinstance.py:2217} INFO - Executing <Task(PythonOperator): update_outbreak_code_name> on 2025-12-09 15:00:00+00:00
[2025-12-22T12:00:59.716+0000] {standard_task_runner.py:60} INFO - Started process 698 to run task
[2025-12-22T12:00:59.719+0000] {standard_task_runner.py:87} INFO - Running: ['airflow', 'tasks', 'run', 'daily_code_update', 'update_outbreak_code_name', 'scheduled__2025-12-09T15:00:00+00:00', '--job-id', '181', '--raw', '--subdir', 'DAGS_FOLDER/code_update_dag.py', '--cfg-path', '/tmp/tmpjopw9b2c']
[2025-12-22T12:00:59.722+0000] {standard_task_runner.py:88} INFO - Job 181: Subtask update_outbreak_code_name
[2025-12-22T12:00:59.805+0000] {task_command.py:423} INFO - Running <TaskInstance: daily_code_update.update_outbreak_code_name scheduled__2025-12-09T15:00:00+00:00 [running]> on host a5c0974290b2
[2025-12-22T12:00:59.947+0000] {taskinstance.py:2513} INFO - Exporting env vars: AIRFLOW_CTX_DAG_OWNER='navisafe' AIRFLOW_CTX_DAG_ID='daily_code_update' AIRFLOW_CTX_TASK_ID='update_outbreak_code_name' AIRFLOW_CTX_EXECUTION_DATE='2025-12-09T15:00:00+00:00' AIRFLOW_CTX_TRY_NUMBER='1' AIRFLOW_CTX_DAG_RUN_ID='scheduled__2025-12-09T15:00:00+00:00'
[2025-12-22T12:00:59.948+0000] {logging_mixin.py:188} INFO - [INFO] update_outbreak_code_name 실행 시작
[2025-12-22T12:01:00.303+0000] {base.py:83} INFO - Using connection ID 'navisafe_mysql' for task execution.
[2025-12-22T12:01:00.308+0000] {logging_mixin.py:188} INFO - [INFO] 13개의 돌발유형 코드 저장 완료
[2025-12-22T12:01:00.308+0000] {logging_mixin.py:188} INFO - [INFO] update_outbreak_code_name 완료
[2025-12-22T12:01:00.309+0000] {python.py:202} INFO - Done. Returned value was: None
[2025-12-22T12:01:00.315+0000] {taskinstance.py:1149} INFO - Marking task as SUCCESS. dag_id=daily_code_update, task_id=update_outbreak_code_name, execution_date=20251209T150000, start_date=20251222T120059, end_date=20251222T120100
[2025-12-22T12:01:00.413+0000] {local_task_job_runner.py:234} INFO - Task exited with return code 0
[2025-12-22T12:01:00.439+0000] {taskinstance.py:3312} INFO - 0 downstream tasks scheduled from follow-on schedule check
