[2025-12-16T11:05:12.090+0000] {taskinstance.py:1979} INFO - Dependencies all met for dep_context=non-requeueable deps ti=<TaskInstance: daily_code_update.update_region_name scheduled__2025-11-28T15:00:00+00:00 [queued]>
[2025-12-16T11:05:12.102+0000] {taskinstance.py:1979} INFO - Dependencies all met for dep_context=requeueable deps ti=<TaskInstance: daily_code_update.update_region_name scheduled__2025-11-28T15:00:00+00:00 [queued]>
[2025-12-16T11:05:12.103+0000] {taskinstance.py:2193} INFO - Starting attempt 1 of 2
[2025-12-16T11:05:12.152+0000] {taskinstance.py:2217} INFO - Executing <Task(PythonOperator): update_region_name> on 2025-11-28 15:00:00+00:00
[2025-12-16T11:05:12.157+0000] {standard_task_runner.py:60} INFO - Started process 583 to run task
[2025-12-16T11:05:12.161+0000] {standard_task_runner.py:87} INFO - Running: ['airflow', 'tasks', 'run', 'daily_code_update', 'update_region_name', 'scheduled__2025-11-28T15:00:00+00:00', '--job-id', '151', '--raw', '--subdir', 'DAGS_FOLDER/code_update_dag.py', '--cfg-path', '/tmp/tmpvt5rs9dv']
[2025-12-16T11:05:12.164+0000] {standard_task_runner.py:88} INFO - Job 151: Subtask update_region_name
[2025-12-16T11:05:12.296+0000] {task_command.py:423} INFO - Running <TaskInstance: daily_code_update.update_region_name scheduled__2025-11-28T15:00:00+00:00 [running]> on host d011923f8fa9
[2025-12-16T11:05:12.441+0000] {taskinstance.py:2513} INFO - Exporting env vars: AIRFLOW_CTX_DAG_OWNER='navisafe' AIRFLOW_CTX_DAG_ID='daily_code_update' AIRFLOW_CTX_TASK_ID='update_region_name' AIRFLOW_CTX_EXECUTION_DATE='2025-11-28T15:00:00+00:00' AIRFLOW_CTX_TRY_NUMBER='1' AIRFLOW_CTX_DAG_RUN_ID='scheduled__2025-11-28T15:00:00+00:00'
[2025-12-16T11:05:12.443+0000] {logging_mixin.py:188} INFO - [INFO] update_region_code_name 실행 시작
[2025-12-16T11:05:12.604+0000] {logging_mixin.py:188} INFO - [INFO] 25개의 지역 코드 저장 완료
[2025-12-16T11:05:12.606+0000] {logging_mixin.py:188} INFO - [INFO] update_region_code_name 완료
[2025-12-16T11:05:12.607+0000] {python.py:202} INFO - Done. Returned value was: None
[2025-12-16T11:05:12.614+0000] {taskinstance.py:1149} INFO - Marking task as SUCCESS. dag_id=daily_code_update, task_id=update_region_name, execution_date=20251128T150000, start_date=20251216T110512, end_date=20251216T110512
[2025-12-16T11:05:12.695+0000] {local_task_job_runner.py:234} INFO - Task exited with return code 0
[2025-12-16T11:05:12.719+0000] {taskinstance.py:3312} INFO - 0 downstream tasks scheduled from follow-on schedule check
[2025-12-22T12:00:51.858+0000] {taskinstance.py:1979} INFO - Dependencies all met for dep_context=non-requeueable deps ti=<TaskInstance: daily_code_update.update_region_name scheduled__2025-11-28T15:00:00+00:00 [queued]>
[2025-12-22T12:00:51.867+0000] {taskinstance.py:1979} INFO - Dependencies all met for dep_context=requeueable deps ti=<TaskInstance: daily_code_update.update_region_name scheduled__2025-11-28T15:00:00+00:00 [queued]>
[2025-12-22T12:00:51.867+0000] {taskinstance.py:2193} INFO - Starting attempt 1 of 2
[2025-12-22T12:00:51.904+0000] {taskinstance.py:2217} INFO - Executing <Task(PythonOperator): update_region_name> on 2025-11-28 15:00:00+00:00
[2025-12-22T12:00:51.909+0000] {standard_task_runner.py:60} INFO - Started process 604 to run task
[2025-12-22T12:00:51.912+0000] {standard_task_runner.py:87} INFO - Running: ['airflow', 'tasks', 'run', 'daily_code_update', 'update_region_name', 'scheduled__2025-11-28T15:00:00+00:00', '--job-id', '149', '--raw', '--subdir', 'DAGS_FOLDER/code_update_dag.py', '--cfg-path', '/tmp/tmpv6orz3dw']
[2025-12-22T12:00:51.915+0000] {standard_task_runner.py:88} INFO - Job 149: Subtask update_region_name
[2025-12-22T12:00:52.015+0000] {task_command.py:423} INFO - Running <TaskInstance: daily_code_update.update_region_name scheduled__2025-11-28T15:00:00+00:00 [running]> on host a5c0974290b2
[2025-12-22T12:00:52.230+0000] {taskinstance.py:2513} INFO - Exporting env vars: AIRFLOW_CTX_DAG_OWNER='navisafe' AIRFLOW_CTX_DAG_ID='daily_code_update' AIRFLOW_CTX_TASK_ID='update_region_name' AIRFLOW_CTX_EXECUTION_DATE='2025-11-28T15:00:00+00:00' AIRFLOW_CTX_TRY_NUMBER='1' AIRFLOW_CTX_DAG_RUN_ID='scheduled__2025-11-28T15:00:00+00:00'
[2025-12-22T12:00:52.231+0000] {logging_mixin.py:188} INFO - [INFO] update_region_code_name 실행 시작
[2025-12-22T12:00:52.376+0000] {base.py:83} INFO - Using connection ID 'navisafe_mysql' for task execution.
[2025-12-22T12:00:52.380+0000] {logging_mixin.py:188} INFO - [INFO] 25개의 지역 코드 저장 완료
[2025-12-22T12:00:52.381+0000] {logging_mixin.py:188} INFO - [INFO] update_region_code_name 완료
[2025-12-22T12:00:52.383+0000] {python.py:202} INFO - Done. Returned value was: None
[2025-12-22T12:00:52.388+0000] {taskinstance.py:1149} INFO - Marking task as SUCCESS. dag_id=daily_code_update, task_id=update_region_name, execution_date=20251128T150000, start_date=20251222T120051, end_date=20251222T120052
[2025-12-22T12:00:52.445+0000] {local_task_job_runner.py:234} INFO - Task exited with return code 0
[2025-12-22T12:00:52.460+0000] {taskinstance.py:3312} INFO - 0 downstream tasks scheduled from follow-on schedule check
