[2025-12-16T11:05:03.397+0000] {taskinstance.py:1979} INFO - Dependencies all met for dep_context=non-requeueable deps ti=<TaskInstance: daily_code_update.update_outbreak_code_name scheduled__2025-11-13T15:00:00+00:00 [queued]>
[2025-12-16T11:05:03.407+0000] {taskinstance.py:1979} INFO - Dependencies all met for dep_context=requeueable deps ti=<TaskInstance: daily_code_update.update_outbreak_code_name scheduled__2025-11-13T15:00:00+00:00 [queued]>
[2025-12-16T11:05:03.408+0000] {taskinstance.py:2193} INFO - Starting attempt 1 of 2
[2025-12-16T11:05:03.463+0000] {taskinstance.py:2217} INFO - Executing <Task(PythonOperator): update_outbreak_code_name> on 2025-11-13 15:00:00+00:00
[2025-12-16T11:05:03.468+0000] {standard_task_runner.py:60} INFO - Started process 460 to run task
[2025-12-16T11:05:03.472+0000] {standard_task_runner.py:87} INFO - Running: ['airflow', 'tasks', 'run', 'daily_code_update', 'update_outbreak_code_name', 'scheduled__2025-11-13T15:00:00+00:00', '--job-id', '104', '--raw', '--subdir', 'DAGS_FOLDER/code_update_dag.py', '--cfg-path', '/tmp/tmpytmroxi2']
[2025-12-16T11:05:03.478+0000] {standard_task_runner.py:88} INFO - Job 104: Subtask update_outbreak_code_name
[2025-12-16T11:05:03.566+0000] {task_command.py:423} INFO - Running <TaskInstance: daily_code_update.update_outbreak_code_name scheduled__2025-11-13T15:00:00+00:00 [running]> on host d011923f8fa9
[2025-12-16T11:05:03.692+0000] {taskinstance.py:2513} INFO - Exporting env vars: AIRFLOW_CTX_DAG_OWNER='navisafe' AIRFLOW_CTX_DAG_ID='daily_code_update' AIRFLOW_CTX_TASK_ID='update_outbreak_code_name' AIRFLOW_CTX_EXECUTION_DATE='2025-11-13T15:00:00+00:00' AIRFLOW_CTX_TRY_NUMBER='1' AIRFLOW_CTX_DAG_RUN_ID='scheduled__2025-11-13T15:00:00+00:00'
[2025-12-16T11:05:03.693+0000] {logging_mixin.py:188} INFO - [INFO] update_outbreak_code_name 실행 시작
[2025-12-16T11:05:03.982+0000] {logging_mixin.py:188} INFO - [INFO] 13개의 돌발유형 코드 저장 완료
[2025-12-16T11:05:03.983+0000] {logging_mixin.py:188} INFO - [INFO] update_outbreak_code_name 완료
[2025-12-16T11:05:03.984+0000] {python.py:202} INFO - Done. Returned value was: None
[2025-12-16T11:05:03.990+0000] {taskinstance.py:1149} INFO - Marking task as SUCCESS. dag_id=daily_code_update, task_id=update_outbreak_code_name, execution_date=20251113T150000, start_date=20251216T110503, end_date=20251216T110503
[2025-12-16T11:05:04.046+0000] {local_task_job_runner.py:234} INFO - Task exited with return code 0
[2025-12-16T11:05:04.060+0000] {taskinstance.py:3312} INFO - 0 downstream tasks scheduled from follow-on schedule check
[2025-12-22T12:00:42.551+0000] {taskinstance.py:1979} INFO - Dependencies all met for dep_context=non-requeueable deps ti=<TaskInstance: daily_code_update.update_outbreak_code_name scheduled__2025-11-13T15:00:00+00:00 [queued]>
[2025-12-22T12:00:42.565+0000] {taskinstance.py:1979} INFO - Dependencies all met for dep_context=requeueable deps ti=<TaskInstance: daily_code_update.update_outbreak_code_name scheduled__2025-11-13T15:00:00+00:00 [queued]>
[2025-12-22T12:00:42.566+0000] {taskinstance.py:2193} INFO - Starting attempt 1 of 2
[2025-12-22T12:00:42.632+0000] {taskinstance.py:2217} INFO - Executing <Task(PythonOperator): update_outbreak_code_name> on 2025-11-13 15:00:00+00:00
[2025-12-22T12:00:42.649+0000] {standard_task_runner.py:60} INFO - Started process 512 to run task
[2025-12-22T12:00:42.652+0000] {standard_task_runner.py:87} INFO - Running: ['airflow', 'tasks', 'run', 'daily_code_update', 'update_outbreak_code_name', 'scheduled__2025-11-13T15:00:00+00:00', '--job-id', '104', '--raw', '--subdir', 'DAGS_FOLDER/code_update_dag.py', '--cfg-path', '/tmp/tmpar6rqctd']
[2025-12-22T12:00:42.659+0000] {standard_task_runner.py:88} INFO - Job 104: Subtask update_outbreak_code_name
[2025-12-22T12:00:42.759+0000] {task_command.py:423} INFO - Running <TaskInstance: daily_code_update.update_outbreak_code_name scheduled__2025-11-13T15:00:00+00:00 [running]> on host a5c0974290b2
[2025-12-22T12:00:42.882+0000] {taskinstance.py:2513} INFO - Exporting env vars: AIRFLOW_CTX_DAG_OWNER='navisafe' AIRFLOW_CTX_DAG_ID='daily_code_update' AIRFLOW_CTX_TASK_ID='update_outbreak_code_name' AIRFLOW_CTX_EXECUTION_DATE='2025-11-13T15:00:00+00:00' AIRFLOW_CTX_TRY_NUMBER='1' AIRFLOW_CTX_DAG_RUN_ID='scheduled__2025-11-13T15:00:00+00:00'
[2025-12-22T12:00:42.884+0000] {logging_mixin.py:188} INFO - [INFO] update_outbreak_code_name 실행 시작
[2025-12-22T12:00:43.014+0000] {base.py:83} INFO - Using connection ID 'navisafe_mysql' for task execution.
[2025-12-22T12:00:43.018+0000] {logging_mixin.py:188} INFO - [INFO] 13개의 돌발유형 코드 저장 완료
[2025-12-22T12:00:43.019+0000] {logging_mixin.py:188} INFO - [INFO] update_outbreak_code_name 완료
[2025-12-22T12:00:43.020+0000] {python.py:202} INFO - Done. Returned value was: None
[2025-12-22T12:00:43.026+0000] {taskinstance.py:1149} INFO - Marking task as SUCCESS. dag_id=daily_code_update, task_id=update_outbreak_code_name, execution_date=20251113T150000, start_date=20251222T120042, end_date=20251222T120043
[2025-12-22T12:00:43.071+0000] {local_task_job_runner.py:234} INFO - Task exited with return code 0
[2025-12-22T12:00:43.086+0000] {taskinstance.py:3312} INFO - 0 downstream tasks scheduled from follow-on schedule check
