[2025-12-16T11:04:53.232+0000] {taskinstance.py:1979} INFO - Dependencies all met for dep_context=non-requeueable deps ti=<TaskInstance: daily_code_update.update_region_name scheduled__2025-10-29T15:00:00+00:00 [queued]>
[2025-12-16T11:04:53.245+0000] {taskinstance.py:1979} INFO - Dependencies all met for dep_context=requeueable deps ti=<TaskInstance: daily_code_update.update_region_name scheduled__2025-10-29T15:00:00+00:00 [queued]>
[2025-12-16T11:04:53.246+0000] {taskinstance.py:2193} INFO - Starting attempt 1 of 2
[2025-12-16T11:04:53.385+0000] {taskinstance.py:2217} INFO - Executing <Task(PythonOperator): update_region_name> on 2025-10-29 15:00:00+00:00
[2025-12-16T11:04:53.391+0000] {standard_task_runner.py:60} INFO - Started process 362 to run task
[2025-12-16T11:04:53.395+0000] {standard_task_runner.py:87} INFO - Running: ['airflow', 'tasks', 'run', 'daily_code_update', 'update_region_name', 'scheduled__2025-10-29T15:00:00+00:00', '--job-id', '52', '--raw', '--subdir', 'DAGS_FOLDER/code_update_dag.py', '--cfg-path', '/tmp/tmpqcnl2zcd']
[2025-12-16T11:04:53.398+0000] {standard_task_runner.py:88} INFO - Job 52: Subtask update_region_name
[2025-12-16T11:04:53.506+0000] {task_command.py:423} INFO - Running <TaskInstance: daily_code_update.update_region_name scheduled__2025-10-29T15:00:00+00:00 [running]> on host d011923f8fa9
[2025-12-16T11:04:53.669+0000] {taskinstance.py:2513} INFO - Exporting env vars: AIRFLOW_CTX_DAG_OWNER='navisafe' AIRFLOW_CTX_DAG_ID='daily_code_update' AIRFLOW_CTX_TASK_ID='update_region_name' AIRFLOW_CTX_EXECUTION_DATE='2025-10-29T15:00:00+00:00' AIRFLOW_CTX_TRY_NUMBER='1' AIRFLOW_CTX_DAG_RUN_ID='scheduled__2025-10-29T15:00:00+00:00'
[2025-12-16T11:04:53.673+0000] {logging_mixin.py:188} INFO - [INFO] update_region_code_name 실행 시작
[2025-12-16T11:04:54.112+0000] {logging_mixin.py:188} INFO - [INFO] 25개의 지역 코드 저장 완료
[2025-12-16T11:04:54.114+0000] {logging_mixin.py:188} INFO - [INFO] update_region_code_name 완료
[2025-12-16T11:04:54.115+0000] {python.py:202} INFO - Done. Returned value was: None
[2025-12-16T11:04:54.123+0000] {taskinstance.py:1149} INFO - Marking task as SUCCESS. dag_id=daily_code_update, task_id=update_region_name, execution_date=20251029T150000, start_date=20251216T110453, end_date=20251216T110454
[2025-12-16T11:04:54.209+0000] {local_task_job_runner.py:234} INFO - Task exited with return code 0
[2025-12-16T11:04:54.264+0000] {taskinstance.py:3312} INFO - 0 downstream tasks scheduled from follow-on schedule check
[2025-12-22T12:00:29.447+0000] {taskinstance.py:1979} INFO - Dependencies all met for dep_context=non-requeueable deps ti=<TaskInstance: daily_code_update.update_region_name scheduled__2025-10-29T15:00:00+00:00 [queued]>
[2025-12-22T12:00:29.461+0000] {taskinstance.py:1979} INFO - Dependencies all met for dep_context=requeueable deps ti=<TaskInstance: daily_code_update.update_region_name scheduled__2025-10-29T15:00:00+00:00 [queued]>
[2025-12-22T12:00:29.462+0000] {taskinstance.py:2193} INFO - Starting attempt 1 of 2
[2025-12-22T12:00:29.509+0000] {taskinstance.py:2217} INFO - Executing <Task(PythonOperator): update_region_name> on 2025-10-29 15:00:00+00:00
[2025-12-22T12:00:29.532+0000] {standard_task_runner.py:60} INFO - Started process 422 to run task
[2025-12-22T12:00:29.537+0000] {standard_task_runner.py:87} INFO - Running: ['airflow', 'tasks', 'run', 'daily_code_update', 'update_region_name', 'scheduled__2025-10-29T15:00:00+00:00', '--job-id', '57', '--raw', '--subdir', 'DAGS_FOLDER/code_update_dag.py', '--cfg-path', '/tmp/tmpt517ydop']
[2025-12-22T12:00:29.540+0000] {standard_task_runner.py:88} INFO - Job 57: Subtask update_region_name
[2025-12-22T12:00:29.652+0000] {task_command.py:423} INFO - Running <TaskInstance: daily_code_update.update_region_name scheduled__2025-10-29T15:00:00+00:00 [running]> on host a5c0974290b2
[2025-12-22T12:00:29.814+0000] {taskinstance.py:2513} INFO - Exporting env vars: AIRFLOW_CTX_DAG_OWNER='navisafe' AIRFLOW_CTX_DAG_ID='daily_code_update' AIRFLOW_CTX_TASK_ID='update_region_name' AIRFLOW_CTX_EXECUTION_DATE='2025-10-29T15:00:00+00:00' AIRFLOW_CTX_TRY_NUMBER='1' AIRFLOW_CTX_DAG_RUN_ID='scheduled__2025-10-29T15:00:00+00:00'
[2025-12-22T12:00:29.816+0000] {logging_mixin.py:188} INFO - [INFO] update_region_code_name 실행 시작
[2025-12-22T12:00:29.981+0000] {base.py:83} INFO - Using connection ID 'navisafe_mysql' for task execution.
[2025-12-22T12:00:29.988+0000] {logging_mixin.py:188} INFO - [INFO] 25개의 지역 코드 저장 완료
[2025-12-22T12:00:29.989+0000] {logging_mixin.py:188} INFO - [INFO] update_region_code_name 완료
[2025-12-22T12:00:29.989+0000] {python.py:202} INFO - Done. Returned value was: None
[2025-12-22T12:00:29.998+0000] {taskinstance.py:1149} INFO - Marking task as SUCCESS. dag_id=daily_code_update, task_id=update_region_name, execution_date=20251029T150000, start_date=20251222T120029, end_date=20251222T120029
[2025-12-22T12:00:30.071+0000] {local_task_job_runner.py:234} INFO - Task exited with return code 0
[2025-12-22T12:00:30.088+0000] {taskinstance.py:3312} INFO - 0 downstream tasks scheduled from follow-on schedule check
