[2025-12-16T11:05:19.135+0000] {taskinstance.py:1979} INFO - Dependencies all met for dep_context=non-requeueable deps ti=<TaskInstance: daily_code_update.update_outbreak_detail_code_name scheduled__2025-12-08T15:00:00+00:00 [queued]>
[2025-12-16T11:05:19.144+0000] {taskinstance.py:1979} INFO - Dependencies all met for dep_context=requeueable deps ti=<TaskInstance: daily_code_update.update_outbreak_detail_code_name scheduled__2025-12-08T15:00:00+00:00 [queued]>
[2025-12-16T11:05:19.145+0000] {taskinstance.py:2193} INFO - Starting attempt 1 of 2
[2025-12-16T11:05:19.183+0000] {taskinstance.py:2217} INFO - Executing <Task(PythonOperator): update_outbreak_detail_code_name> on 2025-12-08 15:00:00+00:00
[2025-12-16T11:05:19.187+0000] {standard_task_runner.py:60} INFO - Started process 641 to run task
[2025-12-16T11:05:19.189+0000] {standard_task_runner.py:87} INFO - Running: ['airflow', 'tasks', 'run', 'daily_code_update', 'update_outbreak_detail_code_name', 'scheduled__2025-12-08T15:00:00+00:00', '--job-id', '181', '--raw', '--subdir', 'DAGS_FOLDER/code_update_dag.py', '--cfg-path', '/tmp/tmpmdv1kvum']
[2025-12-16T11:05:19.191+0000] {standard_task_runner.py:88} INFO - Job 181: Subtask update_outbreak_detail_code_name
[2025-12-16T11:05:19.264+0000] {task_command.py:423} INFO - Running <TaskInstance: daily_code_update.update_outbreak_detail_code_name scheduled__2025-12-08T15:00:00+00:00 [running]> on host d011923f8fa9
[2025-12-16T11:05:19.392+0000] {taskinstance.py:2513} INFO - Exporting env vars: AIRFLOW_CTX_DAG_OWNER='navisafe' AIRFLOW_CTX_DAG_ID='daily_code_update' AIRFLOW_CTX_TASK_ID='update_outbreak_detail_code_name' AIRFLOW_CTX_EXECUTION_DATE='2025-12-08T15:00:00+00:00' AIRFLOW_CTX_TRY_NUMBER='1' AIRFLOW_CTX_DAG_RUN_ID='scheduled__2025-12-08T15:00:00+00:00'
[2025-12-16T11:05:19.393+0000] {logging_mixin.py:188} INFO - [INFO] update_outbreak_detail_code_name 실행 시작
[2025-12-16T11:05:19.584+0000] {logging_mixin.py:188} INFO - [INFO] 43개의 돌발 세부 유형 코드 저장 완료
[2025-12-16T11:05:19.586+0000] {logging_mixin.py:188} INFO - [INFO] update_outbreak_detail_code_name 완료
[2025-12-16T11:05:19.590+0000] {python.py:202} INFO - Done. Returned value was: None
[2025-12-16T11:05:19.596+0000] {taskinstance.py:1149} INFO - Marking task as SUCCESS. dag_id=daily_code_update, task_id=update_outbreak_detail_code_name, execution_date=20251208T150000, start_date=20251216T110519, end_date=20251216T110519
[2025-12-16T11:05:19.642+0000] {local_task_job_runner.py:234} INFO - Task exited with return code 0
[2025-12-16T11:05:19.652+0000] {taskinstance.py:3312} INFO - 0 downstream tasks scheduled from follow-on schedule check
[2025-12-22T12:00:57.607+0000] {taskinstance.py:1979} INFO - Dependencies all met for dep_context=non-requeueable deps ti=<TaskInstance: daily_code_update.update_outbreak_detail_code_name scheduled__2025-12-08T15:00:00+00:00 [queued]>
[2025-12-22T12:00:57.616+0000] {taskinstance.py:1979} INFO - Dependencies all met for dep_context=requeueable deps ti=<TaskInstance: daily_code_update.update_outbreak_detail_code_name scheduled__2025-12-08T15:00:00+00:00 [queued]>
[2025-12-22T12:00:57.617+0000] {taskinstance.py:2193} INFO - Starting attempt 1 of 2
[2025-12-22T12:00:57.645+0000] {taskinstance.py:2217} INFO - Executing <Task(PythonOperator): update_outbreak_detail_code_name> on 2025-12-08 15:00:00+00:00
[2025-12-22T12:00:57.659+0000] {standard_task_runner.py:60} INFO - Started process 686 to run task
[2025-12-22T12:00:57.661+0000] {standard_task_runner.py:87} INFO - Running: ['airflow', 'tasks', 'run', 'daily_code_update', 'update_outbreak_detail_code_name', 'scheduled__2025-12-08T15:00:00+00:00', '--job-id', '177', '--raw', '--subdir', 'DAGS_FOLDER/code_update_dag.py', '--cfg-path', '/tmp/tmpnzbkubgd']
[2025-12-22T12:00:57.663+0000] {standard_task_runner.py:88} INFO - Job 177: Subtask update_outbreak_detail_code_name
[2025-12-22T12:00:57.733+0000] {task_command.py:423} INFO - Running <TaskInstance: daily_code_update.update_outbreak_detail_code_name scheduled__2025-12-08T15:00:00+00:00 [running]> on host a5c0974290b2
[2025-12-22T12:00:57.854+0000] {taskinstance.py:2513} INFO - Exporting env vars: AIRFLOW_CTX_DAG_OWNER='navisafe' AIRFLOW_CTX_DAG_ID='daily_code_update' AIRFLOW_CTX_TASK_ID='update_outbreak_detail_code_name' AIRFLOW_CTX_EXECUTION_DATE='2025-12-08T15:00:00+00:00' AIRFLOW_CTX_TRY_NUMBER='1' AIRFLOW_CTX_DAG_RUN_ID='scheduled__2025-12-08T15:00:00+00:00'
[2025-12-22T12:00:57.855+0000] {logging_mixin.py:188} INFO - [INFO] update_outbreak_detail_code_name 실행 시작
[2025-12-22T12:00:58.033+0000] {base.py:83} INFO - Using connection ID 'navisafe_mysql' for task execution.
[2025-12-22T12:00:58.039+0000] {logging_mixin.py:188} INFO - [INFO] 43개의 돌발 세부 유형 코드 저장 완료
[2025-12-22T12:00:58.040+0000] {logging_mixin.py:188} INFO - [INFO] update_outbreak_detail_code_name 완료
[2025-12-22T12:00:58.040+0000] {python.py:202} INFO - Done. Returned value was: None
[2025-12-22T12:00:58.045+0000] {taskinstance.py:1149} INFO - Marking task as SUCCESS. dag_id=daily_code_update, task_id=update_outbreak_detail_code_name, execution_date=20251208T150000, start_date=20251222T120057, end_date=20251222T120058
[2025-12-22T12:00:58.115+0000] {local_task_job_runner.py:234} INFO - Task exited with return code 0
[2025-12-22T12:00:58.127+0000] {taskinstance.py:3312} INFO - 0 downstream tasks scheduled from follow-on schedule check
