[2025-12-16T11:05:11.884+0000] {taskinstance.py:1979} INFO - Dependencies all met for dep_context=non-requeueable deps ti=<TaskInstance: daily_code_update.update_outbreak_code_name scheduled__2025-11-28T15:00:00+00:00 [queued]>
[2025-12-16T11:05:11.902+0000] {taskinstance.py:1979} INFO - Dependencies all met for dep_context=requeueable deps ti=<TaskInstance: daily_code_update.update_outbreak_code_name scheduled__2025-11-28T15:00:00+00:00 [queued]>
[2025-12-16T11:05:11.908+0000] {taskinstance.py:2193} INFO - Starting attempt 1 of 2
[2025-12-16T11:05:11.955+0000] {taskinstance.py:2217} INFO - Executing <Task(PythonOperator): update_outbreak_code_name> on 2025-11-28 15:00:00+00:00
[2025-12-16T11:05:11.963+0000] {standard_task_runner.py:60} INFO - Started process 581 to run task
[2025-12-16T11:05:11.967+0000] {standard_task_runner.py:87} INFO - Running: ['airflow', 'tasks', 'run', 'daily_code_update', 'update_outbreak_code_name', 'scheduled__2025-11-28T15:00:00+00:00', '--job-id', '150', '--raw', '--subdir', 'DAGS_FOLDER/code_update_dag.py', '--cfg-path', '/tmp/tmpnbjg8_t9']
[2025-12-16T11:05:11.972+0000] {standard_task_runner.py:88} INFO - Job 150: Subtask update_outbreak_code_name
[2025-12-16T11:05:12.074+0000] {task_command.py:423} INFO - Running <TaskInstance: daily_code_update.update_outbreak_code_name scheduled__2025-11-28T15:00:00+00:00 [running]> on host d011923f8fa9
[2025-12-16T11:05:12.217+0000] {taskinstance.py:2513} INFO - Exporting env vars: AIRFLOW_CTX_DAG_OWNER='navisafe' AIRFLOW_CTX_DAG_ID='daily_code_update' AIRFLOW_CTX_TASK_ID='update_outbreak_code_name' AIRFLOW_CTX_EXECUTION_DATE='2025-11-28T15:00:00+00:00' AIRFLOW_CTX_TRY_NUMBER='1' AIRFLOW_CTX_DAG_RUN_ID='scheduled__2025-11-28T15:00:00+00:00'
[2025-12-16T11:05:12.219+0000] {logging_mixin.py:188} INFO - [INFO] update_outbreak_code_name 실행 시작
[2025-12-16T11:05:12.439+0000] {logging_mixin.py:188} INFO - [INFO] 13개의 돌발유형 코드 저장 완료
[2025-12-16T11:05:12.440+0000] {logging_mixin.py:188} INFO - [INFO] update_outbreak_code_name 완료
[2025-12-16T11:05:12.442+0000] {python.py:202} INFO - Done. Returned value was: None
[2025-12-16T11:05:12.452+0000] {taskinstance.py:1149} INFO - Marking task as SUCCESS. dag_id=daily_code_update, task_id=update_outbreak_code_name, execution_date=20251128T150000, start_date=20251216T110511, end_date=20251216T110512
[2025-12-16T11:05:12.502+0000] {local_task_job_runner.py:234} INFO - Task exited with return code 0
[2025-12-16T11:05:12.520+0000] {taskinstance.py:3312} INFO - 0 downstream tasks scheduled from follow-on schedule check
[2025-12-22T12:00:51.829+0000] {taskinstance.py:1979} INFO - Dependencies all met for dep_context=non-requeueable deps ti=<TaskInstance: daily_code_update.update_outbreak_code_name scheduled__2025-11-28T15:00:00+00:00 [queued]>
[2025-12-22T12:00:51.836+0000] {taskinstance.py:1979} INFO - Dependencies all met for dep_context=requeueable deps ti=<TaskInstance: daily_code_update.update_outbreak_code_name scheduled__2025-11-28T15:00:00+00:00 [queued]>
[2025-12-22T12:00:51.837+0000] {taskinstance.py:2193} INFO - Starting attempt 1 of 2
[2025-12-22T12:00:51.879+0000] {taskinstance.py:2217} INFO - Executing <Task(PythonOperator): update_outbreak_code_name> on 2025-11-28 15:00:00+00:00
[2025-12-22T12:00:51.884+0000] {standard_task_runner.py:60} INFO - Started process 603 to run task
[2025-12-22T12:00:51.886+0000] {standard_task_runner.py:87} INFO - Running: ['airflow', 'tasks', 'run', 'daily_code_update', 'update_outbreak_code_name', 'scheduled__2025-11-28T15:00:00+00:00', '--job-id', '147', '--raw', '--subdir', 'DAGS_FOLDER/code_update_dag.py', '--cfg-path', '/tmp/tmp8sthytyq']
[2025-12-22T12:00:51.888+0000] {standard_task_runner.py:88} INFO - Job 147: Subtask update_outbreak_code_name
[2025-12-22T12:00:51.962+0000] {task_command.py:423} INFO - Running <TaskInstance: daily_code_update.update_outbreak_code_name scheduled__2025-11-28T15:00:00+00:00 [running]> on host a5c0974290b2
[2025-12-22T12:00:52.230+0000] {taskinstance.py:2513} INFO - Exporting env vars: AIRFLOW_CTX_DAG_OWNER='navisafe' AIRFLOW_CTX_DAG_ID='daily_code_update' AIRFLOW_CTX_TASK_ID='update_outbreak_code_name' AIRFLOW_CTX_EXECUTION_DATE='2025-11-28T15:00:00+00:00' AIRFLOW_CTX_TRY_NUMBER='1' AIRFLOW_CTX_DAG_RUN_ID='scheduled__2025-11-28T15:00:00+00:00'
[2025-12-22T12:00:52.231+0000] {logging_mixin.py:188} INFO - [INFO] update_outbreak_code_name 실행 시작
[2025-12-22T12:00:52.384+0000] {base.py:83} INFO - Using connection ID 'navisafe_mysql' for task execution.
[2025-12-22T12:00:52.388+0000] {logging_mixin.py:188} INFO - [INFO] 13개의 돌발유형 코드 저장 완료
[2025-12-22T12:00:52.389+0000] {logging_mixin.py:188} INFO - [INFO] update_outbreak_code_name 완료
[2025-12-22T12:00:52.389+0000] {python.py:202} INFO - Done. Returned value was: None
[2025-12-22T12:00:52.394+0000] {taskinstance.py:1149} INFO - Marking task as SUCCESS. dag_id=daily_code_update, task_id=update_outbreak_code_name, execution_date=20251128T150000, start_date=20251222T120051, end_date=20251222T120052
[2025-12-22T12:00:52.460+0000] {local_task_job_runner.py:234} INFO - Task exited with return code 0
[2025-12-22T12:00:52.472+0000] {taskinstance.py:3312} INFO - 0 downstream tasks scheduled from follow-on schedule check
