[2025-12-16T11:05:24.001+0000] {taskinstance.py:1979} INFO - Dependencies all met for dep_context=non-requeueable deps ti=<TaskInstance: daily_code_update.update_outbreak_detail_code_name scheduled__2025-12-14T15:00:00+00:00 [queued]>
[2025-12-16T11:05:24.010+0000] {taskinstance.py:1979} INFO - Dependencies all met for dep_context=requeueable deps ti=<TaskInstance: daily_code_update.update_outbreak_detail_code_name scheduled__2025-12-14T15:00:00+00:00 [queued]>
[2025-12-16T11:05:24.011+0000] {taskinstance.py:2193} INFO - Starting attempt 1 of 2
[2025-12-16T11:05:24.042+0000] {taskinstance.py:2217} INFO - Executing <Task(PythonOperator): update_outbreak_detail_code_name> on 2025-12-14 15:00:00+00:00
[2025-12-16T11:05:24.063+0000] {standard_task_runner.py:60} INFO - Started process 679 to run task
[2025-12-16T11:05:24.068+0000] {standard_task_runner.py:87} INFO - Running: ['airflow', 'tasks', 'run', 'daily_code_update', 'update_outbreak_detail_code_name', 'scheduled__2025-12-14T15:00:00+00:00', '--job-id', '198', '--raw', '--subdir', 'DAGS_FOLDER/code_update_dag.py', '--cfg-path', '/tmp/tmp4eslqj6o']
[2025-12-16T11:05:24.070+0000] {standard_task_runner.py:88} INFO - Job 198: Subtask update_outbreak_detail_code_name
[2025-12-16T11:05:24.150+0000] {task_command.py:423} INFO - Running <TaskInstance: daily_code_update.update_outbreak_detail_code_name scheduled__2025-12-14T15:00:00+00:00 [running]> on host d011923f8fa9
[2025-12-16T11:05:24.294+0000] {taskinstance.py:2513} INFO - Exporting env vars: AIRFLOW_CTX_DAG_OWNER='navisafe' AIRFLOW_CTX_DAG_ID='daily_code_update' AIRFLOW_CTX_TASK_ID='update_outbreak_detail_code_name' AIRFLOW_CTX_EXECUTION_DATE='2025-12-14T15:00:00+00:00' AIRFLOW_CTX_TRY_NUMBER='1' AIRFLOW_CTX_DAG_RUN_ID='scheduled__2025-12-14T15:00:00+00:00'
[2025-12-16T11:05:24.296+0000] {logging_mixin.py:188} INFO - [INFO] update_outbreak_detail_code_name 실행 시작
[2025-12-16T11:05:24.449+0000] {logging_mixin.py:188} INFO - [INFO] 43개의 돌발 세부 유형 코드 저장 완료
[2025-12-16T11:05:24.449+0000] {logging_mixin.py:188} INFO - [INFO] update_outbreak_detail_code_name 완료
[2025-12-16T11:05:24.450+0000] {python.py:202} INFO - Done. Returned value was: None
[2025-12-16T11:05:24.455+0000] {taskinstance.py:1149} INFO - Marking task as SUCCESS. dag_id=daily_code_update, task_id=update_outbreak_detail_code_name, execution_date=20251214T150000, start_date=20251216T110524, end_date=20251216T110524
[2025-12-16T11:05:24.520+0000] {local_task_job_runner.py:234} INFO - Task exited with return code 0
[2025-12-16T11:05:24.530+0000] {taskinstance.py:3312} INFO - 0 downstream tasks scheduled from follow-on schedule check
[2025-12-22T12:01:01.077+0000] {taskinstance.py:1979} INFO - Dependencies all met for dep_context=non-requeueable deps ti=<TaskInstance: daily_code_update.update_outbreak_detail_code_name scheduled__2025-12-14T15:00:00+00:00 [queued]>
[2025-12-22T12:01:01.085+0000] {taskinstance.py:1979} INFO - Dependencies all met for dep_context=requeueable deps ti=<TaskInstance: daily_code_update.update_outbreak_detail_code_name scheduled__2025-12-14T15:00:00+00:00 [queued]>
[2025-12-22T12:01:01.086+0000] {taskinstance.py:2193} INFO - Starting attempt 1 of 2
[2025-12-22T12:01:01.129+0000] {taskinstance.py:2217} INFO - Executing <Task(PythonOperator): update_outbreak_detail_code_name> on 2025-12-14 15:00:00+00:00
[2025-12-22T12:01:01.144+0000] {standard_task_runner.py:60} INFO - Started process 721 to run task
[2025-12-22T12:01:01.148+0000] {standard_task_runner.py:87} INFO - Running: ['airflow', 'tasks', 'run', 'daily_code_update', 'update_outbreak_detail_code_name', 'scheduled__2025-12-14T15:00:00+00:00', '--job-id', '197', '--raw', '--subdir', 'DAGS_FOLDER/code_update_dag.py', '--cfg-path', '/tmp/tmpdujyi0tv']
[2025-12-22T12:01:01.151+0000] {standard_task_runner.py:88} INFO - Job 197: Subtask update_outbreak_detail_code_name
[2025-12-22T12:01:01.233+0000] {task_command.py:423} INFO - Running <TaskInstance: daily_code_update.update_outbreak_detail_code_name scheduled__2025-12-14T15:00:00+00:00 [running]> on host a5c0974290b2
[2025-12-22T12:01:01.360+0000] {taskinstance.py:2513} INFO - Exporting env vars: AIRFLOW_CTX_DAG_OWNER='navisafe' AIRFLOW_CTX_DAG_ID='daily_code_update' AIRFLOW_CTX_TASK_ID='update_outbreak_detail_code_name' AIRFLOW_CTX_EXECUTION_DATE='2025-12-14T15:00:00+00:00' AIRFLOW_CTX_TRY_NUMBER='1' AIRFLOW_CTX_DAG_RUN_ID='scheduled__2025-12-14T15:00:00+00:00'
[2025-12-22T12:01:01.361+0000] {logging_mixin.py:188} INFO - [INFO] update_outbreak_detail_code_name 실행 시작
[2025-12-22T12:01:01.646+0000] {base.py:83} INFO - Using connection ID 'navisafe_mysql' for task execution.
[2025-12-22T12:01:01.650+0000] {logging_mixin.py:188} INFO - [INFO] 43개의 돌발 세부 유형 코드 저장 완료
[2025-12-22T12:01:01.651+0000] {logging_mixin.py:188} INFO - [INFO] update_outbreak_detail_code_name 완료
[2025-12-22T12:01:01.651+0000] {python.py:202} INFO - Done. Returned value was: None
[2025-12-22T12:01:01.657+0000] {taskinstance.py:1149} INFO - Marking task as SUCCESS. dag_id=daily_code_update, task_id=update_outbreak_detail_code_name, execution_date=20251214T150000, start_date=20251222T120101, end_date=20251222T120101
[2025-12-22T12:01:01.722+0000] {local_task_job_runner.py:234} INFO - Task exited with return code 0
[2025-12-22T12:01:01.735+0000] {taskinstance.py:3312} INFO - 0 downstream tasks scheduled from follow-on schedule check
