[2025-12-16T11:04:55.805+0000] {taskinstance.py:1979} INFO - Dependencies all met for dep_context=non-requeueable deps ti=<TaskInstance: daily_code_update.update_outbreak_code_name scheduled__2025-10-31T15:00:00+00:00 [queued]>
[2025-12-16T11:04:55.821+0000] {taskinstance.py:1979} INFO - Dependencies all met for dep_context=requeueable deps ti=<TaskInstance: daily_code_update.update_outbreak_code_name scheduled__2025-10-31T15:00:00+00:00 [queued]>
[2025-12-16T11:04:55.822+0000] {taskinstance.py:2193} INFO - Starting attempt 1 of 2
[2025-12-16T11:04:55.863+0000] {taskinstance.py:2217} INFO - Executing <Task(PythonOperator): update_outbreak_code_name> on 2025-10-31 15:00:00+00:00
[2025-12-16T11:04:55.870+0000] {standard_task_runner.py:60} INFO - Started process 373 to run task
[2025-12-16T11:04:55.874+0000] {standard_task_runner.py:87} INFO - Running: ['airflow', 'tasks', 'run', 'daily_code_update', 'update_outbreak_code_name', 'scheduled__2025-10-31T15:00:00+00:00', '--job-id', '61', '--raw', '--subdir', 'DAGS_FOLDER/code_update_dag.py', '--cfg-path', '/tmp/tmp_chh9b6k']
[2025-12-16T11:04:55.878+0000] {standard_task_runner.py:88} INFO - Job 61: Subtask update_outbreak_code_name
[2025-12-16T11:04:55.983+0000] {task_command.py:423} INFO - Running <TaskInstance: daily_code_update.update_outbreak_code_name scheduled__2025-10-31T15:00:00+00:00 [running]> on host d011923f8fa9
[2025-12-16T11:04:56.107+0000] {taskinstance.py:2513} INFO - Exporting env vars: AIRFLOW_CTX_DAG_OWNER='navisafe' AIRFLOW_CTX_DAG_ID='daily_code_update' AIRFLOW_CTX_TASK_ID='update_outbreak_code_name' AIRFLOW_CTX_EXECUTION_DATE='2025-10-31T15:00:00+00:00' AIRFLOW_CTX_TRY_NUMBER='1' AIRFLOW_CTX_DAG_RUN_ID='scheduled__2025-10-31T15:00:00+00:00'
[2025-12-16T11:04:56.108+0000] {logging_mixin.py:188} INFO - [INFO] update_outbreak_code_name 실행 시작
[2025-12-16T11:04:56.260+0000] {logging_mixin.py:188} INFO - [INFO] 13개의 돌발유형 코드 저장 완료
[2025-12-16T11:04:56.261+0000] {logging_mixin.py:188} INFO - [INFO] update_outbreak_code_name 완료
[2025-12-16T11:04:56.262+0000] {python.py:202} INFO - Done. Returned value was: None
[2025-12-16T11:04:56.270+0000] {taskinstance.py:1149} INFO - Marking task as SUCCESS. dag_id=daily_code_update, task_id=update_outbreak_code_name, execution_date=20251031T150000, start_date=20251216T110455, end_date=20251216T110456
[2025-12-16T11:04:56.328+0000] {local_task_job_runner.py:234} INFO - Task exited with return code 0
[2025-12-16T11:04:56.342+0000] {taskinstance.py:3312} INFO - 0 downstream tasks scheduled from follow-on schedule check
[2025-12-22T12:00:29.458+0000] {taskinstance.py:1979} INFO - Dependencies all met for dep_context=non-requeueable deps ti=<TaskInstance: daily_code_update.update_outbreak_code_name scheduled__2025-10-31T15:00:00+00:00 [queued]>
[2025-12-22T12:00:29.471+0000] {taskinstance.py:1979} INFO - Dependencies all met for dep_context=requeueable deps ti=<TaskInstance: daily_code_update.update_outbreak_code_name scheduled__2025-10-31T15:00:00+00:00 [queued]>
[2025-12-22T12:00:29.472+0000] {taskinstance.py:2193} INFO - Starting attempt 1 of 2
[2025-12-22T12:00:29.509+0000] {taskinstance.py:2217} INFO - Executing <Task(PythonOperator): update_outbreak_code_name> on 2025-10-31 15:00:00+00:00
[2025-12-22T12:00:29.532+0000] {standard_task_runner.py:60} INFO - Started process 425 to run task
[2025-12-22T12:00:29.536+0000] {standard_task_runner.py:87} INFO - Running: ['airflow', 'tasks', 'run', 'daily_code_update', 'update_outbreak_code_name', 'scheduled__2025-10-31T15:00:00+00:00', '--job-id', '62', '--raw', '--subdir', 'DAGS_FOLDER/code_update_dag.py', '--cfg-path', '/tmp/tmpjh6odcw2']
[2025-12-22T12:00:29.538+0000] {standard_task_runner.py:88} INFO - Job 62: Subtask update_outbreak_code_name
[2025-12-22T12:00:29.639+0000] {task_command.py:423} INFO - Running <TaskInstance: daily_code_update.update_outbreak_code_name scheduled__2025-10-31T15:00:00+00:00 [running]> on host a5c0974290b2
[2025-12-22T12:00:29.790+0000] {taskinstance.py:2513} INFO - Exporting env vars: AIRFLOW_CTX_DAG_OWNER='navisafe' AIRFLOW_CTX_DAG_ID='daily_code_update' AIRFLOW_CTX_TASK_ID='update_outbreak_code_name' AIRFLOW_CTX_EXECUTION_DATE='2025-10-31T15:00:00+00:00' AIRFLOW_CTX_TRY_NUMBER='1' AIRFLOW_CTX_DAG_RUN_ID='scheduled__2025-10-31T15:00:00+00:00'
[2025-12-22T12:00:29.793+0000] {logging_mixin.py:188} INFO - [INFO] update_outbreak_code_name 실행 시작
[2025-12-22T12:00:29.939+0000] {base.py:83} INFO - Using connection ID 'navisafe_mysql' for task execution.
[2025-12-22T12:00:29.945+0000] {logging_mixin.py:188} INFO - [INFO] 13개의 돌발유형 코드 저장 완료
[2025-12-22T12:00:29.945+0000] {logging_mixin.py:188} INFO - [INFO] update_outbreak_code_name 완료
[2025-12-22T12:00:29.946+0000] {python.py:202} INFO - Done. Returned value was: None
[2025-12-22T12:00:29.953+0000] {taskinstance.py:1149} INFO - Marking task as SUCCESS. dag_id=daily_code_update, task_id=update_outbreak_code_name, execution_date=20251031T150000, start_date=20251222T120029, end_date=20251222T120029
[2025-12-22T12:00:30.030+0000] {local_task_job_runner.py:234} INFO - Task exited with return code 0
[2025-12-22T12:00:30.050+0000] {taskinstance.py:3312} INFO - 0 downstream tasks scheduled from follow-on schedule check
