[2025-12-16T11:05:06.065+0000] {taskinstance.py:1979} INFO - Dependencies all met for dep_context=non-requeueable deps ti=<TaskInstance: daily_code_update.update_outbreak_code_name scheduled__2025-11-14T15:00:00+00:00 [queued]>
[2025-12-16T11:05:06.080+0000] {taskinstance.py:1979} INFO - Dependencies all met for dep_context=requeueable deps ti=<TaskInstance: daily_code_update.update_outbreak_code_name scheduled__2025-11-14T15:00:00+00:00 [queued]>
[2025-12-16T11:05:06.081+0000] {taskinstance.py:2193} INFO - Starting attempt 1 of 2
[2025-12-16T11:05:06.148+0000] {taskinstance.py:2217} INFO - Executing <Task(PythonOperator): update_outbreak_code_name> on 2025-11-14 15:00:00+00:00
[2025-12-16T11:05:06.154+0000] {standard_task_runner.py:60} INFO - Started process 476 to run task
[2025-12-16T11:05:06.158+0000] {standard_task_runner.py:87} INFO - Running: ['airflow', 'tasks', 'run', 'daily_code_update', 'update_outbreak_code_name', 'scheduled__2025-11-14T15:00:00+00:00', '--job-id', '107', '--raw', '--subdir', 'DAGS_FOLDER/code_update_dag.py', '--cfg-path', '/tmp/tmpylxbq8fy']
[2025-12-16T11:05:06.161+0000] {standard_task_runner.py:88} INFO - Job 107: Subtask update_outbreak_code_name
[2025-12-16T11:05:06.257+0000] {task_command.py:423} INFO - Running <TaskInstance: daily_code_update.update_outbreak_code_name scheduled__2025-11-14T15:00:00+00:00 [running]> on host d011923f8fa9
[2025-12-16T11:05:06.460+0000] {taskinstance.py:2513} INFO - Exporting env vars: AIRFLOW_CTX_DAG_OWNER='navisafe' AIRFLOW_CTX_DAG_ID='daily_code_update' AIRFLOW_CTX_TASK_ID='update_outbreak_code_name' AIRFLOW_CTX_EXECUTION_DATE='2025-11-14T15:00:00+00:00' AIRFLOW_CTX_TRY_NUMBER='1' AIRFLOW_CTX_DAG_RUN_ID='scheduled__2025-11-14T15:00:00+00:00'
[2025-12-16T11:05:06.465+0000] {logging_mixin.py:188} INFO - [INFO] update_outbreak_code_name 실행 시작
[2025-12-16T11:05:06.687+0000] {logging_mixin.py:188} INFO - [INFO] 13개의 돌발유형 코드 저장 완료
[2025-12-16T11:05:06.688+0000] {logging_mixin.py:188} INFO - [INFO] update_outbreak_code_name 완료
[2025-12-16T11:05:06.689+0000] {python.py:202} INFO - Done. Returned value was: None
[2025-12-16T11:05:06.699+0000] {taskinstance.py:1149} INFO - Marking task as SUCCESS. dag_id=daily_code_update, task_id=update_outbreak_code_name, execution_date=20251114T150000, start_date=20251216T110506, end_date=20251216T110506
[2025-12-16T11:05:06.893+0000] {local_task_job_runner.py:234} INFO - Task exited with return code 0
[2025-12-16T11:05:06.951+0000] {taskinstance.py:3312} INFO - 0 downstream tasks scheduled from follow-on schedule check
[2025-12-22T12:00:42.744+0000] {taskinstance.py:1979} INFO - Dependencies all met for dep_context=non-requeueable deps ti=<TaskInstance: daily_code_update.update_outbreak_code_name scheduled__2025-11-14T15:00:00+00:00 [queued]>
[2025-12-22T12:00:42.754+0000] {taskinstance.py:1979} INFO - Dependencies all met for dep_context=requeueable deps ti=<TaskInstance: daily_code_update.update_outbreak_code_name scheduled__2025-11-14T15:00:00+00:00 [queued]>
[2025-12-22T12:00:42.755+0000] {taskinstance.py:2193} INFO - Starting attempt 1 of 2
[2025-12-22T12:00:42.792+0000] {taskinstance.py:2217} INFO - Executing <Task(PythonOperator): update_outbreak_code_name> on 2025-11-14 15:00:00+00:00
[2025-12-22T12:00:42.797+0000] {standard_task_runner.py:60} INFO - Started process 513 to run task
[2025-12-22T12:00:42.800+0000] {standard_task_runner.py:87} INFO - Running: ['airflow', 'tasks', 'run', 'daily_code_update', 'update_outbreak_code_name', 'scheduled__2025-11-14T15:00:00+00:00', '--job-id', '105', '--raw', '--subdir', 'DAGS_FOLDER/code_update_dag.py', '--cfg-path', '/tmp/tmptyjcppzx']
[2025-12-22T12:00:42.802+0000] {standard_task_runner.py:88} INFO - Job 105: Subtask update_outbreak_code_name
[2025-12-22T12:00:42.875+0000] {task_command.py:423} INFO - Running <TaskInstance: daily_code_update.update_outbreak_code_name scheduled__2025-11-14T15:00:00+00:00 [running]> on host a5c0974290b2
[2025-12-22T12:00:43.023+0000] {taskinstance.py:2513} INFO - Exporting env vars: AIRFLOW_CTX_DAG_OWNER='navisafe' AIRFLOW_CTX_DAG_ID='daily_code_update' AIRFLOW_CTX_TASK_ID='update_outbreak_code_name' AIRFLOW_CTX_EXECUTION_DATE='2025-11-14T15:00:00+00:00' AIRFLOW_CTX_TRY_NUMBER='1' AIRFLOW_CTX_DAG_RUN_ID='scheduled__2025-11-14T15:00:00+00:00'
[2025-12-22T12:00:43.024+0000] {logging_mixin.py:188} INFO - [INFO] update_outbreak_code_name 실행 시작
[2025-12-22T12:00:43.109+0000] {base.py:83} INFO - Using connection ID 'navisafe_mysql' for task execution.
[2025-12-22T12:00:43.113+0000] {logging_mixin.py:188} INFO - [INFO] 13개의 돌발유형 코드 저장 완료
[2025-12-22T12:00:43.113+0000] {logging_mixin.py:188} INFO - [INFO] update_outbreak_code_name 완료
[2025-12-22T12:00:43.114+0000] {python.py:202} INFO - Done. Returned value was: None
[2025-12-22T12:00:43.120+0000] {taskinstance.py:1149} INFO - Marking task as SUCCESS. dag_id=daily_code_update, task_id=update_outbreak_code_name, execution_date=20251114T150000, start_date=20251222T120042, end_date=20251222T120043
[2025-12-22T12:00:43.173+0000] {local_task_job_runner.py:234} INFO - Task exited with return code 0
[2025-12-22T12:00:43.185+0000] {taskinstance.py:3312} INFO - 0 downstream tasks scheduled from follow-on schedule check
