[2025-12-22T10:44:44.339+0000] {taskinstance.py:1979} INFO - Dependencies all met for dep_context=non-requeueable deps ti=<TaskInstance: daily_code_update.update_outbreak_code_name scheduled__2025-12-20T15:00:00+00:00 [queued]>
[2025-12-22T10:44:44.353+0000] {taskinstance.py:1979} INFO - Dependencies all met for dep_context=requeueable deps ti=<TaskInstance: daily_code_update.update_outbreak_code_name scheduled__2025-12-20T15:00:00+00:00 [queued]>
[2025-12-22T10:44:44.354+0000] {taskinstance.py:2193} INFO - Starting attempt 1 of 2
[2025-12-22T10:44:44.389+0000] {taskinstance.py:2217} INFO - Executing <Task(PythonOperator): update_outbreak_code_name> on 2025-12-20 15:00:00+00:00
[2025-12-22T10:44:44.397+0000] {standard_task_runner.py:60} INFO - Started process 236 to run task
[2025-12-22T10:44:44.400+0000] {standard_task_runner.py:87} INFO - Running: ['airflow', 'tasks', 'run', 'daily_code_update', 'update_outbreak_code_name', 'scheduled__2025-12-20T15:00:00+00:00', '--job-id', '477', '--raw', '--subdir', 'DAGS_FOLDER/code_update_dag.py', '--cfg-path', '/tmp/tmp9ijp2mo2']
[2025-12-22T10:44:44.407+0000] {standard_task_runner.py:88} INFO - Job 477: Subtask update_outbreak_code_name
[2025-12-22T10:44:44.486+0000] {task_command.py:423} INFO - Running <TaskInstance: daily_code_update.update_outbreak_code_name scheduled__2025-12-20T15:00:00+00:00 [running]> on host 5d74948b19c1
[2025-12-22T10:44:44.639+0000] {taskinstance.py:2513} INFO - Exporting env vars: AIRFLOW_CTX_DAG_OWNER='navisafe' AIRFLOW_CTX_DAG_ID='daily_code_update' AIRFLOW_CTX_TASK_ID='update_outbreak_code_name' AIRFLOW_CTX_EXECUTION_DATE='2025-12-20T15:00:00+00:00' AIRFLOW_CTX_TRY_NUMBER='1' AIRFLOW_CTX_DAG_RUN_ID='scheduled__2025-12-20T15:00:00+00:00'
[2025-12-22T10:44:44.641+0000] {logging_mixin.py:188} INFO - [INFO] update_outbreak_code_name 실행 시작
[2025-12-22T10:44:44.804+0000] {logging_mixin.py:188} INFO - [INFO] 13개의 돌발유형 코드 저장 완료
[2025-12-22T10:44:44.805+0000] {logging_mixin.py:188} INFO - [INFO] update_outbreak_code_name 완료
[2025-12-22T10:44:44.806+0000] {python.py:202} INFO - Done. Returned value was: None
[2025-12-22T10:44:44.814+0000] {taskinstance.py:1149} INFO - Marking task as SUCCESS. dag_id=daily_code_update, task_id=update_outbreak_code_name, execution_date=20251220T150000, start_date=20251222T104444, end_date=20251222T104444
[2025-12-22T10:44:44.854+0000] {local_task_job_runner.py:234} INFO - Task exited with return code 0
[2025-12-22T10:44:44.873+0000] {taskinstance.py:3312} INFO - 0 downstream tasks scheduled from follow-on schedule check
[2025-12-22T12:01:04.678+0000] {taskinstance.py:1979} INFO - Dependencies all met for dep_context=non-requeueable deps ti=<TaskInstance: daily_code_update.update_outbreak_code_name scheduled__2025-12-20T15:00:00+00:00 [queued]>
[2025-12-22T12:01:04.688+0000] {taskinstance.py:1979} INFO - Dependencies all met for dep_context=requeueable deps ti=<TaskInstance: daily_code_update.update_outbreak_code_name scheduled__2025-12-20T15:00:00+00:00 [queued]>
[2025-12-22T12:01:04.690+0000] {taskinstance.py:2193} INFO - Starting attempt 1 of 2
[2025-12-22T12:01:04.727+0000] {taskinstance.py:2217} INFO - Executing <Task(PythonOperator): update_outbreak_code_name> on 2025-12-20 15:00:00+00:00
[2025-12-22T12:01:04.734+0000] {standard_task_runner.py:60} INFO - Started process 760 to run task
[2025-12-22T12:01:04.737+0000] {standard_task_runner.py:87} INFO - Running: ['airflow', 'tasks', 'run', 'daily_code_update', 'update_outbreak_code_name', 'scheduled__2025-12-20T15:00:00+00:00', '--job-id', '215', '--raw', '--subdir', 'DAGS_FOLDER/code_update_dag.py', '--cfg-path', '/tmp/tmp86ocmikv']
[2025-12-22T12:01:04.739+0000] {standard_task_runner.py:88} INFO - Job 215: Subtask update_outbreak_code_name
[2025-12-22T12:01:04.831+0000] {task_command.py:423} INFO - Running <TaskInstance: daily_code_update.update_outbreak_code_name scheduled__2025-12-20T15:00:00+00:00 [running]> on host a5c0974290b2
[2025-12-22T12:01:04.947+0000] {taskinstance.py:2513} INFO - Exporting env vars: AIRFLOW_CTX_DAG_OWNER='navisafe' AIRFLOW_CTX_DAG_ID='daily_code_update' AIRFLOW_CTX_TASK_ID='update_outbreak_code_name' AIRFLOW_CTX_EXECUTION_DATE='2025-12-20T15:00:00+00:00' AIRFLOW_CTX_TRY_NUMBER='1' AIRFLOW_CTX_DAG_RUN_ID='scheduled__2025-12-20T15:00:00+00:00'
[2025-12-22T12:01:04.950+0000] {logging_mixin.py:188} INFO - [INFO] update_outbreak_code_name 실행 시작
[2025-12-22T12:01:05.273+0000] {base.py:83} INFO - Using connection ID 'navisafe_mysql' for task execution.
[2025-12-22T12:01:05.279+0000] {logging_mixin.py:188} INFO - [INFO] 13개의 돌발유형 코드 저장 완료
[2025-12-22T12:01:05.281+0000] {logging_mixin.py:188} INFO - [INFO] update_outbreak_code_name 완료
[2025-12-22T12:01:05.282+0000] {python.py:202} INFO - Done. Returned value was: None
[2025-12-22T12:01:05.290+0000] {taskinstance.py:1149} INFO - Marking task as SUCCESS. dag_id=daily_code_update, task_id=update_outbreak_code_name, execution_date=20251220T150000, start_date=20251222T120104, end_date=20251222T120105
[2025-12-22T12:01:05.351+0000] {local_task_job_runner.py:234} INFO - Task exited with return code 0
[2025-12-22T12:01:05.373+0000] {taskinstance.py:3312} INFO - 0 downstream tasks scheduled from follow-on schedule check
