[2025-12-22T11:00:38.253+0000] {taskinstance.py:1979} INFO - Dependencies all met for dep_context=non-requeueable deps ti=<TaskInstance: update_shelter_data_monthly.run_shelter_worker manual__2025-12-22T11:00:37.171855+00:00 [queued]>
[2025-12-22T11:00:38.259+0000] {taskinstance.py:1979} INFO - Dependencies all met for dep_context=requeueable deps ti=<TaskInstance: update_shelter_data_monthly.run_shelter_worker manual__2025-12-22T11:00:37.171855+00:00 [queued]>
[2025-12-22T11:00:38.260+0000] {taskinstance.py:2193} INFO - Starting attempt 1 of 2
[2025-12-22T11:00:38.275+0000] {taskinstance.py:2217} INFO - Executing <Task(PythonOperator): run_shelter_worker> on 2025-12-22 11:00:37.171855+00:00
[2025-12-22T11:00:38.278+0000] {standard_task_runner.py:60} INFO - Started process 1256 to run task
[2025-12-22T11:00:38.281+0000] {standard_task_runner.py:87} INFO - Running: ['airflow', 'tasks', 'run', 'update_shelter_data_monthly', 'run_shelter_worker', 'manual__2025-12-22T11:00:37.171855+00:00', '--job-id', '573', '--raw', '--subdir', 'DAGS_FOLDER/shelter_update_dag.py', '--cfg-path', '/tmp/tmp4d6sgpdw']
[2025-12-22T11:00:38.283+0000] {standard_task_runner.py:88} INFO - Job 573: Subtask run_shelter_worker
[2025-12-22T11:00:38.334+0000] {task_command.py:423} INFO - Running <TaskInstance: update_shelter_data_monthly.run_shelter_worker manual__2025-12-22T11:00:37.171855+00:00 [running]> on host 5d74948b19c1
[2025-12-22T11:00:38.394+0000] {taskinstance.py:2513} INFO - Exporting env vars: AIRFLOW_CTX_DAG_OWNER='data_engineer' AIRFLOW_CTX_DAG_ID='update_shelter_data_monthly' AIRFLOW_CTX_TASK_ID='run_shelter_worker' AIRFLOW_CTX_EXECUTION_DATE='2025-12-22T11:00:37.171855+00:00' AIRFLOW_CTX_TRY_NUMBER='1' AIRFLOW_CTX_DAG_RUN_ID='manual__2025-12-22T11:00:37.171855+00:00'
[2025-12-22T11:00:38.409+0000] {logging_mixin.py:188} INFO - [INFO] API 호출 시작 → 코드 1
[2025-12-22T11:00:38.796+0000] {base.py:83} INFO - Using connection ID 'navisafe_mysql' for task execution.
[2025-12-22T11:00:38.825+0000] {logging_mixin.py:188} INFO - [INFO] 1000개의 데이터 저장 완료
[2025-12-22T11:00:39.826+0000] {logging_mixin.py:188} INFO - [INFO] API 호출 시작 → 코드 2
[2025-12-22T11:00:40.008+0000] {base.py:83} INFO - Using connection ID 'navisafe_mysql' for task execution.
[2025-12-22T11:00:40.034+0000] {logging_mixin.py:188} INFO - [INFO] 1000개의 데이터 저장 완료
[2025-12-22T11:00:41.036+0000] {logging_mixin.py:188} INFO - [INFO] API 호출 시작 → 코드 3
[2025-12-22T11:00:41.379+0000] {base.py:83} INFO - Using connection ID 'navisafe_mysql' for task execution.
[2025-12-22T11:00:41.400+0000] {logging_mixin.py:188} INFO - [INFO] 1000개의 데이터 저장 완료
[2025-12-22T11:00:42.401+0000] {logging_mixin.py:188} INFO - [INFO] API 호출 시작 → 코드 4
[2025-12-22T11:00:42.508+0000] {base.py:83} INFO - Using connection ID 'navisafe_mysql' for task execution.
[2025-12-22T11:00:42.517+0000] {logging_mixin.py:188} INFO - [INFO] 206개의 데이터 저장 완료
[2025-12-22T11:00:43.520+0000] {logging_mixin.py:188} INFO - [SYSTEM] 모든 Shelter 데이터 수집 완료 
[2025-12-22T11:00:43.521+0000] {python.py:202} INFO - Done. Returned value was: None
[2025-12-22T11:00:43.526+0000] {taskinstance.py:1149} INFO - Marking task as SUCCESS. dag_id=update_shelter_data_monthly, task_id=run_shelter_worker, execution_date=20251222T110037, start_date=20251222T110038, end_date=20251222T110043
[2025-12-22T11:00:43.581+0000] {local_task_job_runner.py:234} INFO - Task exited with return code 0
[2025-12-22T11:00:43.597+0000] {taskinstance.py:3312} INFO - 0 downstream tasks scheduled from follow-on schedule check
