[2025-12-16T11:05:23.998+0000] {taskinstance.py:1979} INFO - Dependencies all met for dep_context=non-requeueable deps ti=<TaskInstance: daily_code_update.update_outbreak_code_name scheduled__2025-12-13T15:00:00+00:00 [queued]>
[2025-12-16T11:05:24.006+0000] {taskinstance.py:1979} INFO - Dependencies all met for dep_context=requeueable deps ti=<TaskInstance: daily_code_update.update_outbreak_code_name scheduled__2025-12-13T15:00:00+00:00 [queued]>
[2025-12-16T11:05:24.007+0000] {taskinstance.py:2193} INFO - Starting attempt 1 of 2
[2025-12-16T11:05:24.036+0000] {taskinstance.py:2217} INFO - Executing <Task(PythonOperator): update_outbreak_code_name> on 2025-12-13 15:00:00+00:00
[2025-12-16T11:05:24.040+0000] {standard_task_runner.py:60} INFO - Started process 676 to run task
[2025-12-16T11:05:24.042+0000] {standard_task_runner.py:87} INFO - Running: ['airflow', 'tasks', 'run', 'daily_code_update', 'update_outbreak_code_name', 'scheduled__2025-12-13T15:00:00+00:00', '--job-id', '196', '--raw', '--subdir', 'DAGS_FOLDER/code_update_dag.py', '--cfg-path', '/tmp/tmp04pe1jfb']
[2025-12-16T11:05:24.044+0000] {standard_task_runner.py:88} INFO - Job 196: Subtask update_outbreak_code_name
[2025-12-16T11:05:24.115+0000] {task_command.py:423} INFO - Running <TaskInstance: daily_code_update.update_outbreak_code_name scheduled__2025-12-13T15:00:00+00:00 [running]> on host d011923f8fa9
[2025-12-16T11:05:24.233+0000] {taskinstance.py:2513} INFO - Exporting env vars: AIRFLOW_CTX_DAG_OWNER='navisafe' AIRFLOW_CTX_DAG_ID='daily_code_update' AIRFLOW_CTX_TASK_ID='update_outbreak_code_name' AIRFLOW_CTX_EXECUTION_DATE='2025-12-13T15:00:00+00:00' AIRFLOW_CTX_TRY_NUMBER='1' AIRFLOW_CTX_DAG_RUN_ID='scheduled__2025-12-13T15:00:00+00:00'
[2025-12-16T11:05:24.234+0000] {logging_mixin.py:188} INFO - [INFO] update_outbreak_code_name 실행 시작
[2025-12-16T11:05:24.342+0000] {logging_mixin.py:188} INFO - [INFO] 13개의 돌발유형 코드 저장 완료
[2025-12-16T11:05:24.343+0000] {logging_mixin.py:188} INFO - [INFO] update_outbreak_code_name 완료
[2025-12-16T11:05:24.344+0000] {python.py:202} INFO - Done. Returned value was: None
[2025-12-16T11:05:24.348+0000] {taskinstance.py:1149} INFO - Marking task as SUCCESS. dag_id=daily_code_update, task_id=update_outbreak_code_name, execution_date=20251213T150000, start_date=20251216T110523, end_date=20251216T110524
[2025-12-16T11:05:24.375+0000] {local_task_job_runner.py:234} INFO - Task exited with return code 0
[2025-12-16T11:05:24.386+0000] {taskinstance.py:3312} INFO - 0 downstream tasks scheduled from follow-on schedule check
[2025-12-22T12:01:01.072+0000] {taskinstance.py:1979} INFO - Dependencies all met for dep_context=non-requeueable deps ti=<TaskInstance: daily_code_update.update_outbreak_code_name scheduled__2025-12-13T15:00:00+00:00 [queued]>
[2025-12-22T12:01:01.081+0000] {taskinstance.py:1979} INFO - Dependencies all met for dep_context=requeueable deps ti=<TaskInstance: daily_code_update.update_outbreak_code_name scheduled__2025-12-13T15:00:00+00:00 [queued]>
[2025-12-22T12:01:01.082+0000] {taskinstance.py:2193} INFO - Starting attempt 1 of 2
[2025-12-22T12:01:01.113+0000] {taskinstance.py:2217} INFO - Executing <Task(PythonOperator): update_outbreak_code_name> on 2025-12-13 15:00:00+00:00
[2025-12-22T12:01:01.118+0000] {standard_task_runner.py:60} INFO - Started process 718 to run task
[2025-12-22T12:01:01.120+0000] {standard_task_runner.py:87} INFO - Running: ['airflow', 'tasks', 'run', 'daily_code_update', 'update_outbreak_code_name', 'scheduled__2025-12-13T15:00:00+00:00', '--job-id', '193', '--raw', '--subdir', 'DAGS_FOLDER/code_update_dag.py', '--cfg-path', '/tmp/tmpavv02xp4']
[2025-12-22T12:01:01.123+0000] {standard_task_runner.py:88} INFO - Job 193: Subtask update_outbreak_code_name
[2025-12-22T12:01:01.200+0000] {task_command.py:423} INFO - Running <TaskInstance: daily_code_update.update_outbreak_code_name scheduled__2025-12-13T15:00:00+00:00 [running]> on host a5c0974290b2
[2025-12-22T12:01:01.323+0000] {taskinstance.py:2513} INFO - Exporting env vars: AIRFLOW_CTX_DAG_OWNER='navisafe' AIRFLOW_CTX_DAG_ID='daily_code_update' AIRFLOW_CTX_TASK_ID='update_outbreak_code_name' AIRFLOW_CTX_EXECUTION_DATE='2025-12-13T15:00:00+00:00' AIRFLOW_CTX_TRY_NUMBER='1' AIRFLOW_CTX_DAG_RUN_ID='scheduled__2025-12-13T15:00:00+00:00'
[2025-12-22T12:01:01.324+0000] {logging_mixin.py:188} INFO - [INFO] update_outbreak_code_name 실행 시작
[2025-12-22T12:01:01.409+0000] {base.py:83} INFO - Using connection ID 'navisafe_mysql' for task execution.
[2025-12-22T12:01:01.426+0000] {logging_mixin.py:188} INFO - [INFO] 13개의 돌발유형 코드 저장 완료
[2025-12-22T12:01:01.446+0000] {logging_mixin.py:188} INFO - [INFO] update_outbreak_code_name 완료
[2025-12-22T12:01:01.457+0000] {python.py:202} INFO - Done. Returned value was: None
[2025-12-22T12:01:01.475+0000] {taskinstance.py:1149} INFO - Marking task as SUCCESS. dag_id=daily_code_update, task_id=update_outbreak_code_name, execution_date=20251213T150000, start_date=20251222T120101, end_date=20251222T120101
[2025-12-22T12:01:01.534+0000] {local_task_job_runner.py:234} INFO - Task exited with return code 0
[2025-12-22T12:01:01.548+0000] {taskinstance.py:3312} INFO - 0 downstream tasks scheduled from follow-on schedule check
