[2025-12-16T11:05:10.932+0000] {taskinstance.py:1979} INFO - Dependencies all met for dep_context=non-requeueable deps ti=<TaskInstance: daily_code_update.update_outbreak_code_name scheduled__2025-11-26T15:00:00+00:00 [queued]>
[2025-12-16T11:05:10.951+0000] {taskinstance.py:1979} INFO - Dependencies all met for dep_context=requeueable deps ti=<TaskInstance: daily_code_update.update_outbreak_code_name scheduled__2025-11-26T15:00:00+00:00 [queued]>
[2025-12-16T11:05:10.954+0000] {taskinstance.py:2193} INFO - Starting attempt 1 of 2
[2025-12-16T11:05:11.089+0000] {taskinstance.py:2217} INFO - Executing <Task(PythonOperator): update_outbreak_code_name> on 2025-11-26 15:00:00+00:00
[2025-12-16T11:05:11.097+0000] {standard_task_runner.py:60} INFO - Started process 573 to run task
[2025-12-16T11:05:11.101+0000] {standard_task_runner.py:87} INFO - Running: ['airflow', 'tasks', 'run', 'daily_code_update', 'update_outbreak_code_name', 'scheduled__2025-11-26T15:00:00+00:00', '--job-id', '143', '--raw', '--subdir', 'DAGS_FOLDER/code_update_dag.py', '--cfg-path', '/tmp/tmpf46qekf1']
[2025-12-16T11:05:11.104+0000] {standard_task_runner.py:88} INFO - Job 143: Subtask update_outbreak_code_name
[2025-12-16T11:05:11.242+0000] {task_command.py:423} INFO - Running <TaskInstance: daily_code_update.update_outbreak_code_name scheduled__2025-11-26T15:00:00+00:00 [running]> on host d011923f8fa9
[2025-12-16T11:05:11.473+0000] {taskinstance.py:2513} INFO - Exporting env vars: AIRFLOW_CTX_DAG_OWNER='navisafe' AIRFLOW_CTX_DAG_ID='daily_code_update' AIRFLOW_CTX_TASK_ID='update_outbreak_code_name' AIRFLOW_CTX_EXECUTION_DATE='2025-11-26T15:00:00+00:00' AIRFLOW_CTX_TRY_NUMBER='1' AIRFLOW_CTX_DAG_RUN_ID='scheduled__2025-11-26T15:00:00+00:00'
[2025-12-16T11:05:11.476+0000] {logging_mixin.py:188} INFO - [INFO] update_outbreak_code_name 실행 시작
[2025-12-16T11:05:11.748+0000] {logging_mixin.py:188} INFO - [INFO] 13개의 돌발유형 코드 저장 완료
[2025-12-16T11:05:11.752+0000] {logging_mixin.py:188} INFO - [INFO] update_outbreak_code_name 완료
[2025-12-16T11:05:11.756+0000] {python.py:202} INFO - Done. Returned value was: None
[2025-12-16T11:05:11.770+0000] {taskinstance.py:1149} INFO - Marking task as SUCCESS. dag_id=daily_code_update, task_id=update_outbreak_code_name, execution_date=20251126T150000, start_date=20251216T110510, end_date=20251216T110511
[2025-12-16T11:05:11.836+0000] {local_task_job_runner.py:234} INFO - Task exited with return code 0
[2025-12-16T11:05:11.858+0000] {taskinstance.py:3312} INFO - 0 downstream tasks scheduled from follow-on schedule check
[2025-12-22T12:00:49.525+0000] {taskinstance.py:1979} INFO - Dependencies all met for dep_context=non-requeueable deps ti=<TaskInstance: daily_code_update.update_outbreak_code_name scheduled__2025-11-26T15:00:00+00:00 [queued]>
[2025-12-22T12:00:49.532+0000] {taskinstance.py:1979} INFO - Dependencies all met for dep_context=requeueable deps ti=<TaskInstance: daily_code_update.update_outbreak_code_name scheduled__2025-11-26T15:00:00+00:00 [queued]>
[2025-12-22T12:00:49.533+0000] {taskinstance.py:2193} INFO - Starting attempt 1 of 2
[2025-12-22T12:00:49.561+0000] {taskinstance.py:2217} INFO - Executing <Task(PythonOperator): update_outbreak_code_name> on 2025-11-26 15:00:00+00:00
[2025-12-22T12:00:49.565+0000] {standard_task_runner.py:60} INFO - Started process 587 to run task
[2025-12-22T12:00:49.567+0000] {standard_task_runner.py:87} INFO - Running: ['airflow', 'tasks', 'run', 'daily_code_update', 'update_outbreak_code_name', 'scheduled__2025-11-26T15:00:00+00:00', '--job-id', '141', '--raw', '--subdir', 'DAGS_FOLDER/code_update_dag.py', '--cfg-path', '/tmp/tmp071f0mi0']
[2025-12-22T12:00:49.571+0000] {standard_task_runner.py:88} INFO - Job 141: Subtask update_outbreak_code_name
[2025-12-22T12:00:49.646+0000] {task_command.py:423} INFO - Running <TaskInstance: daily_code_update.update_outbreak_code_name scheduled__2025-11-26T15:00:00+00:00 [running]> on host a5c0974290b2
[2025-12-22T12:00:49.755+0000] {taskinstance.py:2513} INFO - Exporting env vars: AIRFLOW_CTX_DAG_OWNER='navisafe' AIRFLOW_CTX_DAG_ID='daily_code_update' AIRFLOW_CTX_TASK_ID='update_outbreak_code_name' AIRFLOW_CTX_EXECUTION_DATE='2025-11-26T15:00:00+00:00' AIRFLOW_CTX_TRY_NUMBER='1' AIRFLOW_CTX_DAG_RUN_ID='scheduled__2025-11-26T15:00:00+00:00'
[2025-12-22T12:00:49.758+0000] {logging_mixin.py:188} INFO - [INFO] update_outbreak_code_name 실행 시작
[2025-12-22T12:00:49.865+0000] {base.py:83} INFO - Using connection ID 'navisafe_mysql' for task execution.
[2025-12-22T12:00:49.869+0000] {logging_mixin.py:188} INFO - [INFO] 13개의 돌발유형 코드 저장 완료
[2025-12-22T12:00:49.870+0000] {logging_mixin.py:188} INFO - [INFO] update_outbreak_code_name 완료
[2025-12-22T12:00:49.870+0000] {python.py:202} INFO - Done. Returned value was: None
[2025-12-22T12:00:49.875+0000] {taskinstance.py:1149} INFO - Marking task as SUCCESS. dag_id=daily_code_update, task_id=update_outbreak_code_name, execution_date=20251126T150000, start_date=20251222T120049, end_date=20251222T120049
[2025-12-22T12:00:49.940+0000] {local_task_job_runner.py:234} INFO - Task exited with return code 0
[2025-12-22T12:00:49.962+0000] {taskinstance.py:3312} INFO - 0 downstream tasks scheduled from follow-on schedule check
