[2025-12-16T11:04:55.804+0000] {taskinstance.py:1979} INFO - Dependencies all met for dep_context=non-requeueable deps ti=<TaskInstance: daily_code_update.update_outbreak_detail_code_name scheduled__2025-10-31T15:00:00+00:00 [queued]>
[2025-12-16T11:04:55.819+0000] {taskinstance.py:1979} INFO - Dependencies all met for dep_context=requeueable deps ti=<TaskInstance: daily_code_update.update_outbreak_detail_code_name scheduled__2025-10-31T15:00:00+00:00 [queued]>
[2025-12-16T11:04:55.820+0000] {taskinstance.py:2193} INFO - Starting attempt 1 of 2
[2025-12-16T11:04:55.863+0000] {taskinstance.py:2217} INFO - Executing <Task(PythonOperator): update_outbreak_detail_code_name> on 2025-10-31 15:00:00+00:00
[2025-12-16T11:04:55.870+0000] {standard_task_runner.py:60} INFO - Started process 372 to run task
[2025-12-16T11:04:55.874+0000] {standard_task_runner.py:87} INFO - Running: ['airflow', 'tasks', 'run', 'daily_code_update', 'update_outbreak_detail_code_name', 'scheduled__2025-10-31T15:00:00+00:00', '--job-id', '60', '--raw', '--subdir', 'DAGS_FOLDER/code_update_dag.py', '--cfg-path', '/tmp/tmpllqaveza']
[2025-12-16T11:04:55.878+0000] {standard_task_runner.py:88} INFO - Job 60: Subtask update_outbreak_detail_code_name
[2025-12-16T11:04:55.983+0000] {task_command.py:423} INFO - Running <TaskInstance: daily_code_update.update_outbreak_detail_code_name scheduled__2025-10-31T15:00:00+00:00 [running]> on host d011923f8fa9
[2025-12-16T11:04:56.102+0000] {taskinstance.py:2513} INFO - Exporting env vars: AIRFLOW_CTX_DAG_OWNER='navisafe' AIRFLOW_CTX_DAG_ID='daily_code_update' AIRFLOW_CTX_TASK_ID='update_outbreak_detail_code_name' AIRFLOW_CTX_EXECUTION_DATE='2025-10-31T15:00:00+00:00' AIRFLOW_CTX_TRY_NUMBER='1' AIRFLOW_CTX_DAG_RUN_ID='scheduled__2025-10-31T15:00:00+00:00'
[2025-12-16T11:04:56.104+0000] {logging_mixin.py:188} INFO - [INFO] update_outbreak_detail_code_name 실행 시작
[2025-12-16T11:04:56.267+0000] {logging_mixin.py:188} INFO - [INFO] 43개의 돌발 세부 유형 코드 저장 완료
[2025-12-16T11:04:56.268+0000] {logging_mixin.py:188} INFO - [INFO] update_outbreak_detail_code_name 완료
[2025-12-16T11:04:56.269+0000] {python.py:202} INFO - Done. Returned value was: None
[2025-12-16T11:04:56.277+0000] {taskinstance.py:1149} INFO - Marking task as SUCCESS. dag_id=daily_code_update, task_id=update_outbreak_detail_code_name, execution_date=20251031T150000, start_date=20251216T110455, end_date=20251216T110456
[2025-12-16T11:04:56.328+0000] {local_task_job_runner.py:234} INFO - Task exited with return code 0
[2025-12-16T11:04:56.351+0000] {taskinstance.py:3312} INFO - 0 downstream tasks scheduled from follow-on schedule check
[2025-12-22T12:00:29.450+0000] {taskinstance.py:1979} INFO - Dependencies all met for dep_context=non-requeueable deps ti=<TaskInstance: daily_code_update.update_outbreak_detail_code_name scheduled__2025-10-31T15:00:00+00:00 [queued]>
[2025-12-22T12:00:29.465+0000] {taskinstance.py:1979} INFO - Dependencies all met for dep_context=requeueable deps ti=<TaskInstance: daily_code_update.update_outbreak_detail_code_name scheduled__2025-10-31T15:00:00+00:00 [queued]>
[2025-12-22T12:00:29.466+0000] {taskinstance.py:2193} INFO - Starting attempt 1 of 2
[2025-12-22T12:00:29.509+0000] {taskinstance.py:2217} INFO - Executing <Task(PythonOperator): update_outbreak_detail_code_name> on 2025-10-31 15:00:00+00:00
[2025-12-22T12:00:29.532+0000] {standard_task_runner.py:60} INFO - Started process 424 to run task
[2025-12-22T12:00:29.536+0000] {standard_task_runner.py:87} INFO - Running: ['airflow', 'tasks', 'run', 'daily_code_update', 'update_outbreak_detail_code_name', 'scheduled__2025-10-31T15:00:00+00:00', '--job-id', '61', '--raw', '--subdir', 'DAGS_FOLDER/code_update_dag.py', '--cfg-path', '/tmp/tmpexxpduw_']
[2025-12-22T12:00:29.539+0000] {standard_task_runner.py:88} INFO - Job 61: Subtask update_outbreak_detail_code_name
[2025-12-22T12:00:29.656+0000] {task_command.py:423} INFO - Running <TaskInstance: daily_code_update.update_outbreak_detail_code_name scheduled__2025-10-31T15:00:00+00:00 [running]> on host a5c0974290b2
[2025-12-22T12:00:29.791+0000] {taskinstance.py:2513} INFO - Exporting env vars: AIRFLOW_CTX_DAG_OWNER='navisafe' AIRFLOW_CTX_DAG_ID='daily_code_update' AIRFLOW_CTX_TASK_ID='update_outbreak_detail_code_name' AIRFLOW_CTX_EXECUTION_DATE='2025-10-31T15:00:00+00:00' AIRFLOW_CTX_TRY_NUMBER='1' AIRFLOW_CTX_DAG_RUN_ID='scheduled__2025-10-31T15:00:00+00:00'
[2025-12-22T12:00:29.794+0000] {logging_mixin.py:188} INFO - [INFO] update_outbreak_detail_code_name 실행 시작
[2025-12-22T12:00:30.004+0000] {base.py:83} INFO - Using connection ID 'navisafe_mysql' for task execution.
[2025-12-22T12:00:30.010+0000] {logging_mixin.py:188} INFO - [INFO] 43개의 돌발 세부 유형 코드 저장 완료
[2025-12-22T12:00:30.011+0000] {logging_mixin.py:188} INFO - [INFO] update_outbreak_detail_code_name 완료
[2025-12-22T12:00:30.011+0000] {python.py:202} INFO - Done. Returned value was: None
[2025-12-22T12:00:30.017+0000] {taskinstance.py:1149} INFO - Marking task as SUCCESS. dag_id=daily_code_update, task_id=update_outbreak_detail_code_name, execution_date=20251031T150000, start_date=20251222T120029, end_date=20251222T120030
[2025-12-22T12:00:30.071+0000] {local_task_job_runner.py:234} INFO - Task exited with return code 0
[2025-12-22T12:00:30.102+0000] {taskinstance.py:3312} INFO - 0 downstream tasks scheduled from follow-on schedule check
