[2025-12-16T11:04:57.534+0000] {taskinstance.py:1979} INFO - Dependencies all met for dep_context=non-requeueable deps ti=<TaskInstance: daily_code_update.update_outbreak_detail_code_name scheduled__2025-11-02T15:00:00+00:00 [queued]>
[2025-12-16T11:04:57.551+0000] {taskinstance.py:1979} INFO - Dependencies all met for dep_context=requeueable deps ti=<TaskInstance: daily_code_update.update_outbreak_detail_code_name scheduled__2025-11-02T15:00:00+00:00 [queued]>
[2025-12-16T11:04:57.552+0000] {taskinstance.py:2193} INFO - Starting attempt 1 of 2
[2025-12-16T11:04:57.591+0000] {taskinstance.py:2217} INFO - Executing <Task(PythonOperator): update_outbreak_detail_code_name> on 2025-11-02 15:00:00+00:00
[2025-12-16T11:04:57.597+0000] {standard_task_runner.py:60} INFO - Started process 392 to run task
[2025-12-16T11:04:57.600+0000] {standard_task_runner.py:87} INFO - Running: ['airflow', 'tasks', 'run', 'daily_code_update', 'update_outbreak_detail_code_name', 'scheduled__2025-11-02T15:00:00+00:00', '--job-id', '67', '--raw', '--subdir', 'DAGS_FOLDER/code_update_dag.py', '--cfg-path', '/tmp/tmpxdjn8cyi']
[2025-12-16T11:04:57.603+0000] {standard_task_runner.py:88} INFO - Job 67: Subtask update_outbreak_detail_code_name
[2025-12-16T11:04:57.695+0000] {task_command.py:423} INFO - Running <TaskInstance: daily_code_update.update_outbreak_detail_code_name scheduled__2025-11-02T15:00:00+00:00 [running]> on host d011923f8fa9
[2025-12-16T11:04:57.929+0000] {taskinstance.py:2513} INFO - Exporting env vars: AIRFLOW_CTX_DAG_OWNER='navisafe' AIRFLOW_CTX_DAG_ID='daily_code_update' AIRFLOW_CTX_TASK_ID='update_outbreak_detail_code_name' AIRFLOW_CTX_EXECUTION_DATE='2025-11-02T15:00:00+00:00' AIRFLOW_CTX_TRY_NUMBER='1' AIRFLOW_CTX_DAG_RUN_ID='scheduled__2025-11-02T15:00:00+00:00'
[2025-12-16T11:04:57.931+0000] {logging_mixin.py:188} INFO - [INFO] update_outbreak_detail_code_name 실행 시작
[2025-12-16T11:04:58.155+0000] {logging_mixin.py:188} INFO - [INFO] 43개의 돌발 세부 유형 코드 저장 완료
[2025-12-16T11:04:58.156+0000] {logging_mixin.py:188} INFO - [INFO] update_outbreak_detail_code_name 완료
[2025-12-16T11:04:58.157+0000] {python.py:202} INFO - Done. Returned value was: None
[2025-12-16T11:04:58.167+0000] {taskinstance.py:1149} INFO - Marking task as SUCCESS. dag_id=daily_code_update, task_id=update_outbreak_detail_code_name, execution_date=20251102T150000, start_date=20251216T110457, end_date=20251216T110458
[2025-12-16T11:04:58.254+0000] {local_task_job_runner.py:234} INFO - Task exited with return code 0
[2025-12-16T11:04:58.272+0000] {taskinstance.py:3312} INFO - 0 downstream tasks scheduled from follow-on schedule check
[2025-12-22T12:00:34.864+0000] {taskinstance.py:1979} INFO - Dependencies all met for dep_context=non-requeueable deps ti=<TaskInstance: daily_code_update.update_outbreak_detail_code_name scheduled__2025-11-02T15:00:00+00:00 [queued]>
[2025-12-22T12:00:34.891+0000] {taskinstance.py:1979} INFO - Dependencies all met for dep_context=requeueable deps ti=<TaskInstance: daily_code_update.update_outbreak_detail_code_name scheduled__2025-11-02T15:00:00+00:00 [queued]>
[2025-12-22T12:00:34.892+0000] {taskinstance.py:2193} INFO - Starting attempt 1 of 2
[2025-12-22T12:00:35.064+0000] {taskinstance.py:2217} INFO - Executing <Task(PythonOperator): update_outbreak_detail_code_name> on 2025-11-02 15:00:00+00:00
[2025-12-22T12:00:35.088+0000] {standard_task_runner.py:60} INFO - Started process 450 to run task
[2025-12-22T12:00:35.094+0000] {standard_task_runner.py:87} INFO - Running: ['airflow', 'tasks', 'run', 'daily_code_update', 'update_outbreak_detail_code_name', 'scheduled__2025-11-02T15:00:00+00:00', '--job-id', '74', '--raw', '--subdir', 'DAGS_FOLDER/code_update_dag.py', '--cfg-path', '/tmp/tmpa7pqp87k']
[2025-12-22T12:00:35.098+0000] {standard_task_runner.py:88} INFO - Job 74: Subtask update_outbreak_detail_code_name
[2025-12-22T12:00:35.250+0000] {task_command.py:423} INFO - Running <TaskInstance: daily_code_update.update_outbreak_detail_code_name scheduled__2025-11-02T15:00:00+00:00 [running]> on host a5c0974290b2
[2025-12-22T12:00:35.574+0000] {taskinstance.py:2513} INFO - Exporting env vars: AIRFLOW_CTX_DAG_OWNER='navisafe' AIRFLOW_CTX_DAG_ID='daily_code_update' AIRFLOW_CTX_TASK_ID='update_outbreak_detail_code_name' AIRFLOW_CTX_EXECUTION_DATE='2025-11-02T15:00:00+00:00' AIRFLOW_CTX_TRY_NUMBER='1' AIRFLOW_CTX_DAG_RUN_ID='scheduled__2025-11-02T15:00:00+00:00'
[2025-12-22T12:00:35.576+0000] {logging_mixin.py:188} INFO - [INFO] update_outbreak_detail_code_name 실행 시작
[2025-12-22T12:00:36.086+0000] {base.py:83} INFO - Using connection ID 'navisafe_mysql' for task execution.
[2025-12-22T12:00:36.093+0000] {logging_mixin.py:188} INFO - [INFO] 43개의 돌발 세부 유형 코드 저장 완료
[2025-12-22T12:00:36.096+0000] {logging_mixin.py:188} INFO - [INFO] update_outbreak_detail_code_name 완료
[2025-12-22T12:00:36.099+0000] {python.py:202} INFO - Done. Returned value was: None
[2025-12-22T12:00:36.113+0000] {taskinstance.py:1149} INFO - Marking task as SUCCESS. dag_id=daily_code_update, task_id=update_outbreak_detail_code_name, execution_date=20251102T150000, start_date=20251222T120034, end_date=20251222T120036
[2025-12-22T12:00:36.196+0000] {local_task_job_runner.py:234} INFO - Task exited with return code 0
[2025-12-22T12:00:36.332+0000] {taskinstance.py:3312} INFO - 0 downstream tasks scheduled from follow-on schedule check
