[2025-12-22T12:12:05.796+0000] {taskinstance.py:1979} INFO - Dependencies all met for dep_context=non-requeueable deps ti=<TaskInstance: linkinfo_dag.process_linkinfo manual__2025-12-22T12:12:03.984753+00:00 [queued]>
[2025-12-22T12:12:05.808+0000] {taskinstance.py:1979} INFO - Dependencies all met for dep_context=requeueable deps ti=<TaskInstance: linkinfo_dag.process_linkinfo manual__2025-12-22T12:12:03.984753+00:00 [queued]>
[2025-12-22T12:12:05.808+0000] {taskinstance.py:2193} INFO - Starting attempt 1 of 1
[2025-12-22T12:12:05.821+0000] {taskinstance.py:2217} INFO - Executing <Task(PythonOperator): process_linkinfo> on 2025-12-22 12:12:03.984753+00:00
[2025-12-22T12:12:05.825+0000] {standard_task_runner.py:60} INFO - Started process 1489 to run task
[2025-12-22T12:12:05.827+0000] {standard_task_runner.py:87} INFO - Running: ['airflow', 'tasks', 'run', 'linkinfo_dag', 'process_linkinfo', 'manual__2025-12-22T12:12:03.984753+00:00', '--job-id', '297', '--raw', '--subdir', 'DAGS_FOLDER/linkinfo_dag.py', '--cfg-path', '/tmp/tmpp6pkwtzg']
[2025-12-22T12:12:05.829+0000] {standard_task_runner.py:88} INFO - Job 297: Subtask process_linkinfo
[2025-12-22T12:12:05.876+0000] {task_command.py:423} INFO - Running <TaskInstance: linkinfo_dag.process_linkinfo manual__2025-12-22T12:12:03.984753+00:00 [running]> on host a5c0974290b2
[2025-12-22T12:12:05.945+0000] {taskinstance.py:2513} INFO - Exporting env vars: AIRFLOW_CTX_DAG_OWNER='airflow' AIRFLOW_CTX_DAG_ID='linkinfo_dag' AIRFLOW_CTX_TASK_ID='process_linkinfo' AIRFLOW_CTX_EXECUTION_DATE='2025-12-22T12:12:03.984753+00:00' AIRFLOW_CTX_TRY_NUMBER='1' AIRFLOW_CTX_DAG_RUN_ID='manual__2025-12-22T12:12:03.984753+00:00'
[2025-12-22T12:12:05.958+0000] {base.py:83} INFO - Using connection ID 'navisafe_mysql' for task execution.
[2025-12-22T12:12:05.964+0000] {logging_mixin.py:188} INFO - Redis에서 꺼낸 item: {"link_id": "1140284491"}
[2025-12-22T12:12:05.964+0000] {logging_mixin.py:188} INFO - 파싱 후 link_id: 1140284491
[2025-12-22T12:12:05.965+0000] {logging_mixin.py:188} INFO - [INFO] 1개의 LINK_ID 데이터를 처리합니다...
[2025-12-22T12:12:05.966+0000] {logging_mixin.py:188} INFO - Calling LinkInfo API: http://openapi.seoul.go.kr:8088/656b61716d646e6439377847526d4c/xml/LinkInfo/1/5/1140284491/
[2025-12-22T12:12:06.275+0000] {logging_mixin.py:188} INFO - {'link_id': '1140284491', 'road_name': '서부간선지하도로', 'st_node_nm': '성산대교남단', 'ed_node_nm': '목동교', 'map_dist': 1105, 'reg_cd': 114}
[2025-12-22T12:12:06.276+0000] {logging_mixin.py:188} INFO - Calling TrafficInfo API: http://openapi.seoul.go.kr:8088/436b63764a646e643130395474737472/xml/TrafficInfo/1/5/1140284491/
[2025-12-22T12:12:06.376+0000] {logging_mixin.py:188} INFO - link_info 데이터 삽입 완료
[2025-12-22T12:12:06.377+0000] {logging_mixin.py:188} INFO - ROAD_TRAFFIC 데이터 삽입 완료
[2025-12-22T12:12:06.377+0000] {logging_mixin.py:188} INFO - [INFO] 1개의 LINK_ID 데이터 처리 완료
[2025-12-22T12:12:06.383+0000] {python.py:202} INFO - Done. Returned value was: None
[2025-12-22T12:12:06.388+0000] {taskinstance.py:1149} INFO - Marking task as SUCCESS. dag_id=linkinfo_dag, task_id=process_linkinfo, execution_date=20251222T121203, start_date=20251222T121205, end_date=20251222T121206
[2025-12-22T12:12:06.441+0000] {local_task_job_runner.py:234} INFO - Task exited with return code 0
[2025-12-22T12:12:06.453+0000] {taskinstance.py:3312} INFO - 1 downstream tasks scheduled from follow-on schedule check
