[2025-12-16T11:05:06.288+0000] {taskinstance.py:1979} INFO - Dependencies all met for dep_context=non-requeueable deps ti=<TaskInstance: daily_code_update.update_outbreak_detail_code_name scheduled__2025-11-16T15:00:00+00:00 [queued]>
[2025-12-16T11:05:06.301+0000] {taskinstance.py:1979} INFO - Dependencies all met for dep_context=requeueable deps ti=<TaskInstance: daily_code_update.update_outbreak_detail_code_name scheduled__2025-11-16T15:00:00+00:00 [queued]>
[2025-12-16T11:05:06.303+0000] {taskinstance.py:2193} INFO - Starting attempt 1 of 2
[2025-12-16T11:05:06.409+0000] {taskinstance.py:2217} INFO - Executing <Task(PythonOperator): update_outbreak_detail_code_name> on 2025-11-16 15:00:00+00:00
[2025-12-16T11:05:06.421+0000] {standard_task_runner.py:60} INFO - Started process 486 to run task
[2025-12-16T11:05:06.425+0000] {standard_task_runner.py:87} INFO - Running: ['airflow', 'tasks', 'run', 'daily_code_update', 'update_outbreak_detail_code_name', 'scheduled__2025-11-16T15:00:00+00:00', '--job-id', '110', '--raw', '--subdir', 'DAGS_FOLDER/code_update_dag.py', '--cfg-path', '/tmp/tmpy01jp3f8']
[2025-12-16T11:05:06.427+0000] {standard_task_runner.py:88} INFO - Job 110: Subtask update_outbreak_detail_code_name
[2025-12-16T11:05:06.536+0000] {task_command.py:423} INFO - Running <TaskInstance: daily_code_update.update_outbreak_detail_code_name scheduled__2025-11-16T15:00:00+00:00 [running]> on host d011923f8fa9
[2025-12-16T11:05:06.807+0000] {taskinstance.py:2513} INFO - Exporting env vars: AIRFLOW_CTX_DAG_OWNER='navisafe' AIRFLOW_CTX_DAG_ID='daily_code_update' AIRFLOW_CTX_TASK_ID='update_outbreak_detail_code_name' AIRFLOW_CTX_EXECUTION_DATE='2025-11-16T15:00:00+00:00' AIRFLOW_CTX_TRY_NUMBER='1' AIRFLOW_CTX_DAG_RUN_ID='scheduled__2025-11-16T15:00:00+00:00'
[2025-12-16T11:05:06.809+0000] {logging_mixin.py:188} INFO - [INFO] update_outbreak_detail_code_name 실행 시작
[2025-12-16T11:05:07.012+0000] {logging_mixin.py:188} INFO - [INFO] 43개의 돌발 세부 유형 코드 저장 완료
[2025-12-16T11:05:07.020+0000] {logging_mixin.py:188} INFO - [INFO] update_outbreak_detail_code_name 완료
[2025-12-16T11:05:07.026+0000] {python.py:202} INFO - Done. Returned value was: None
[2025-12-16T11:05:07.039+0000] {taskinstance.py:1149} INFO - Marking task as SUCCESS. dag_id=daily_code_update, task_id=update_outbreak_detail_code_name, execution_date=20251116T150000, start_date=20251216T110506, end_date=20251216T110507
[2025-12-16T11:05:07.119+0000] {local_task_job_runner.py:234} INFO - Task exited with return code 0
[2025-12-16T11:05:07.137+0000] {taskinstance.py:3312} INFO - 0 downstream tasks scheduled from follow-on schedule check
[2025-12-22T12:00:43.853+0000] {taskinstance.py:1979} INFO - Dependencies all met for dep_context=non-requeueable deps ti=<TaskInstance: daily_code_update.update_outbreak_detail_code_name scheduled__2025-11-16T15:00:00+00:00 [queued]>
[2025-12-22T12:00:43.863+0000] {taskinstance.py:1979} INFO - Dependencies all met for dep_context=requeueable deps ti=<TaskInstance: daily_code_update.update_outbreak_detail_code_name scheduled__2025-11-16T15:00:00+00:00 [queued]>
[2025-12-22T12:00:43.864+0000] {taskinstance.py:2193} INFO - Starting attempt 1 of 2
[2025-12-22T12:00:43.903+0000] {taskinstance.py:2217} INFO - Executing <Task(PythonOperator): update_outbreak_detail_code_name> on 2025-11-16 15:00:00+00:00
[2025-12-22T12:00:43.910+0000] {standard_task_runner.py:60} INFO - Started process 523 to run task
[2025-12-22T12:00:43.913+0000] {standard_task_runner.py:87} INFO - Running: ['airflow', 'tasks', 'run', 'daily_code_update', 'update_outbreak_detail_code_name', 'scheduled__2025-11-16T15:00:00+00:00', '--job-id', '107', '--raw', '--subdir', 'DAGS_FOLDER/code_update_dag.py', '--cfg-path', '/tmp/tmpt1msq_hs']
[2025-12-22T12:00:43.915+0000] {standard_task_runner.py:88} INFO - Job 107: Subtask update_outbreak_detail_code_name
[2025-12-22T12:00:44.008+0000] {task_command.py:423} INFO - Running <TaskInstance: daily_code_update.update_outbreak_detail_code_name scheduled__2025-11-16T15:00:00+00:00 [running]> on host a5c0974290b2
[2025-12-22T12:00:44.147+0000] {taskinstance.py:2513} INFO - Exporting env vars: AIRFLOW_CTX_DAG_OWNER='navisafe' AIRFLOW_CTX_DAG_ID='daily_code_update' AIRFLOW_CTX_TASK_ID='update_outbreak_detail_code_name' AIRFLOW_CTX_EXECUTION_DATE='2025-11-16T15:00:00+00:00' AIRFLOW_CTX_TRY_NUMBER='1' AIRFLOW_CTX_DAG_RUN_ID='scheduled__2025-11-16T15:00:00+00:00'
[2025-12-22T12:00:44.148+0000] {logging_mixin.py:188} INFO - [INFO] update_outbreak_detail_code_name 실행 시작
[2025-12-22T12:00:44.261+0000] {base.py:83} INFO - Using connection ID 'navisafe_mysql' for task execution.
[2025-12-22T12:00:44.265+0000] {logging_mixin.py:188} INFO - [INFO] 43개의 돌발 세부 유형 코드 저장 완료
[2025-12-22T12:00:44.265+0000] {logging_mixin.py:188} INFO - [INFO] update_outbreak_detail_code_name 완료
[2025-12-22T12:00:44.266+0000] {python.py:202} INFO - Done. Returned value was: None
[2025-12-22T12:00:44.271+0000] {taskinstance.py:1149} INFO - Marking task as SUCCESS. dag_id=daily_code_update, task_id=update_outbreak_detail_code_name, execution_date=20251116T150000, start_date=20251222T120043, end_date=20251222T120044
[2025-12-22T12:00:44.326+0000] {local_task_job_runner.py:234} INFO - Task exited with return code 0
[2025-12-22T12:00:44.337+0000] {taskinstance.py:3312} INFO - 0 downstream tasks scheduled from follow-on schedule check
