[2025-12-22T11:00:18.003+0000] {taskinstance.py:1979} INFO - Dependencies all met for dep_context=non-requeueable deps ti=<TaskInstance: update_shelter_data_monthly.run_shelter_worker manual__2025-12-22T10:49:47.604653+00:00 [queued]>
[2025-12-22T11:00:18.009+0000] {taskinstance.py:1979} INFO - Dependencies all met for dep_context=requeueable deps ti=<TaskInstance: update_shelter_data_monthly.run_shelter_worker manual__2025-12-22T10:49:47.604653+00:00 [queued]>
[2025-12-22T11:00:18.009+0000] {taskinstance.py:2193} INFO - Starting attempt 4 of 5
[2025-12-22T11:00:18.023+0000] {taskinstance.py:2217} INFO - Executing <Task(PythonOperator): run_shelter_worker> on 2025-12-22 10:49:47.604653+00:00
[2025-12-22T11:00:18.027+0000] {standard_task_runner.py:60} INFO - Started process 1232 to run task
[2025-12-22T11:00:18.029+0000] {standard_task_runner.py:87} INFO - Running: ['airflow', 'tasks', 'run', 'update_shelter_data_monthly', 'run_shelter_worker', 'manual__2025-12-22T10:49:47.604653+00:00', '--job-id', '571', '--raw', '--subdir', 'DAGS_FOLDER/shelter_update_dag.py', '--cfg-path', '/tmp/tmpg1pf_b2f']
[2025-12-22T11:00:18.030+0000] {standard_task_runner.py:88} INFO - Job 571: Subtask run_shelter_worker
[2025-12-22T11:00:18.075+0000] {task_command.py:423} INFO - Running <TaskInstance: update_shelter_data_monthly.run_shelter_worker manual__2025-12-22T10:49:47.604653+00:00 [running]> on host 5d74948b19c1
[2025-12-22T11:00:18.128+0000] {taskinstance.py:2513} INFO - Exporting env vars: AIRFLOW_CTX_DAG_OWNER='data_engineer' AIRFLOW_CTX_DAG_ID='update_shelter_data_monthly' AIRFLOW_CTX_TASK_ID='run_shelter_worker' AIRFLOW_CTX_EXECUTION_DATE='2025-12-22T10:49:47.604653+00:00' AIRFLOW_CTX_TRY_NUMBER='4' AIRFLOW_CTX_DAG_RUN_ID='manual__2025-12-22T10:49:47.604653+00:00'
[2025-12-22T11:00:18.130+0000] {logging_mixin.py:188} INFO - [INFO] API 호출 시작 → 코드 1
[2025-12-22T11:00:18.546+0000] {base.py:83} INFO - Using connection ID 'navisafe_mysql' for task execution.
[2025-12-22T11:00:18.591+0000] {logging_mixin.py:188} INFO - [INFO] 1000개의 데이터 저장 완료
[2025-12-22T11:00:19.592+0000] {logging_mixin.py:188} INFO - [INFO] API 호출 시작 → 코드 2
[2025-12-22T11:00:19.829+0000] {base.py:83} INFO - Using connection ID 'navisafe_mysql' for task execution.
[2025-12-22T11:00:19.859+0000] {logging_mixin.py:188} INFO - [INFO] 1000개의 데이터 저장 완료
[2025-12-22T11:00:20.861+0000] {logging_mixin.py:188} INFO - [INFO] API 호출 시작 → 코드 3
[2025-12-22T11:00:21.263+0000] {base.py:83} INFO - Using connection ID 'navisafe_mysql' for task execution.
[2025-12-22T11:00:21.284+0000] {logging_mixin.py:188} INFO - [INFO] 1000개의 데이터 저장 완료
[2025-12-22T11:00:22.286+0000] {logging_mixin.py:188} INFO - [INFO] API 호출 시작 → 코드 4
[2025-12-22T11:00:22.380+0000] {base.py:83} INFO - Using connection ID 'navisafe_mysql' for task execution.
[2025-12-22T11:00:22.392+0000] {logging_mixin.py:188} INFO - [INFO] 206개의 데이터 저장 완료
[2025-12-22T11:00:23.395+0000] {logging_mixin.py:188} INFO - [SYSTEM] 모든 Shelter 데이터 수집 완료 
[2025-12-22T11:00:23.396+0000] {python.py:202} INFO - Done. Returned value was: None
[2025-12-22T11:00:23.401+0000] {taskinstance.py:1149} INFO - Marking task as SUCCESS. dag_id=update_shelter_data_monthly, task_id=run_shelter_worker, execution_date=20251222T104947, start_date=20251222T110018, end_date=20251222T110023
[2025-12-22T11:00:23.451+0000] {local_task_job_runner.py:234} INFO - Task exited with return code 0
[2025-12-22T11:00:23.459+0000] {taskinstance.py:3312} INFO - 0 downstream tasks scheduled from follow-on schedule check
