[2025-12-16T11:05:07.525+0000] {taskinstance.py:1979} INFO - Dependencies all met for dep_context=non-requeueable deps ti=<TaskInstance: daily_code_update.update_region_name scheduled__2025-11-19T15:00:00+00:00 [queued]>
[2025-12-16T11:05:07.537+0000] {taskinstance.py:1979} INFO - Dependencies all met for dep_context=requeueable deps ti=<TaskInstance: daily_code_update.update_region_name scheduled__2025-11-19T15:00:00+00:00 [queued]>
[2025-12-16T11:05:07.537+0000] {taskinstance.py:2193} INFO - Starting attempt 1 of 2
[2025-12-16T11:05:07.576+0000] {taskinstance.py:2217} INFO - Executing <Task(PythonOperator): update_region_name> on 2025-11-19 15:00:00+00:00
[2025-12-16T11:05:07.583+0000] {standard_task_runner.py:60} INFO - Started process 532 to run task
[2025-12-16T11:05:07.589+0000] {standard_task_runner.py:87} INFO - Running: ['airflow', 'tasks', 'run', 'daily_code_update', 'update_region_name', 'scheduled__2025-11-19T15:00:00+00:00', '--job-id', '125', '--raw', '--subdir', 'DAGS_FOLDER/code_update_dag.py', '--cfg-path', '/tmp/tmp6g5d4y1y']
[2025-12-16T11:05:07.591+0000] {standard_task_runner.py:88} INFO - Job 125: Subtask update_region_name
[2025-12-16T11:05:07.727+0000] {task_command.py:423} INFO - Running <TaskInstance: daily_code_update.update_region_name scheduled__2025-11-19T15:00:00+00:00 [running]> on host d011923f8fa9
[2025-12-16T11:05:07.917+0000] {taskinstance.py:2513} INFO - Exporting env vars: AIRFLOW_CTX_DAG_OWNER='navisafe' AIRFLOW_CTX_DAG_ID='daily_code_update' AIRFLOW_CTX_TASK_ID='update_region_name' AIRFLOW_CTX_EXECUTION_DATE='2025-11-19T15:00:00+00:00' AIRFLOW_CTX_TRY_NUMBER='1' AIRFLOW_CTX_DAG_RUN_ID='scheduled__2025-11-19T15:00:00+00:00'
[2025-12-16T11:05:07.919+0000] {logging_mixin.py:188} INFO - [INFO] update_region_code_name 실행 시작
[2025-12-16T11:05:08.133+0000] {logging_mixin.py:188} INFO - [INFO] 25개의 지역 코드 저장 완료
[2025-12-16T11:05:08.136+0000] {logging_mixin.py:188} INFO - [INFO] update_region_code_name 완료
[2025-12-16T11:05:08.139+0000] {python.py:202} INFO - Done. Returned value was: None
[2025-12-16T11:05:08.148+0000] {taskinstance.py:1149} INFO - Marking task as SUCCESS. dag_id=daily_code_update, task_id=update_region_name, execution_date=20251119T150000, start_date=20251216T110507, end_date=20251216T110508
[2025-12-16T11:05:08.244+0000] {local_task_job_runner.py:234} INFO - Task exited with return code 0
[2025-12-16T11:05:08.259+0000] {taskinstance.py:3312} INFO - 0 downstream tasks scheduled from follow-on schedule check
[2025-12-22T12:00:47.923+0000] {taskinstance.py:1979} INFO - Dependencies all met for dep_context=non-requeueable deps ti=<TaskInstance: daily_code_update.update_region_name scheduled__2025-11-19T15:00:00+00:00 [queued]>
[2025-12-22T12:00:47.933+0000] {taskinstance.py:1979} INFO - Dependencies all met for dep_context=requeueable deps ti=<TaskInstance: daily_code_update.update_region_name scheduled__2025-11-19T15:00:00+00:00 [queued]>
[2025-12-22T12:00:47.934+0000] {taskinstance.py:2193} INFO - Starting attempt 1 of 2
[2025-12-22T12:00:47.971+0000] {taskinstance.py:2217} INFO - Executing <Task(PythonOperator): update_region_name> on 2025-11-19 15:00:00+00:00
[2025-12-22T12:00:47.977+0000] {standard_task_runner.py:60} INFO - Started process 548 to run task
[2025-12-22T12:00:47.979+0000] {standard_task_runner.py:87} INFO - Running: ['airflow', 'tasks', 'run', 'daily_code_update', 'update_region_name', 'scheduled__2025-11-19T15:00:00+00:00', '--job-id', '121', '--raw', '--subdir', 'DAGS_FOLDER/code_update_dag.py', '--cfg-path', '/tmp/tmp91h41au3']
[2025-12-22T12:00:47.982+0000] {standard_task_runner.py:88} INFO - Job 121: Subtask update_region_name
[2025-12-22T12:00:48.062+0000] {task_command.py:423} INFO - Running <TaskInstance: daily_code_update.update_region_name scheduled__2025-11-19T15:00:00+00:00 [running]> on host a5c0974290b2
[2025-12-22T12:00:48.310+0000] {taskinstance.py:2513} INFO - Exporting env vars: AIRFLOW_CTX_DAG_OWNER='navisafe' AIRFLOW_CTX_DAG_ID='daily_code_update' AIRFLOW_CTX_TASK_ID='update_region_name' AIRFLOW_CTX_EXECUTION_DATE='2025-11-19T15:00:00+00:00' AIRFLOW_CTX_TRY_NUMBER='1' AIRFLOW_CTX_DAG_RUN_ID='scheduled__2025-11-19T15:00:00+00:00'
[2025-12-22T12:00:48.314+0000] {logging_mixin.py:188} INFO - [INFO] update_region_code_name 실행 시작
[2025-12-22T12:00:48.408+0000] {base.py:83} INFO - Using connection ID 'navisafe_mysql' for task execution.
[2025-12-22T12:00:48.412+0000] {logging_mixin.py:188} INFO - [INFO] 25개의 지역 코드 저장 완료
[2025-12-22T12:00:48.414+0000] {logging_mixin.py:188} INFO - [INFO] update_region_code_name 완료
[2025-12-22T12:00:48.415+0000] {python.py:202} INFO - Done. Returned value was: None
[2025-12-22T12:00:48.421+0000] {taskinstance.py:1149} INFO - Marking task as SUCCESS. dag_id=daily_code_update, task_id=update_region_name, execution_date=20251119T150000, start_date=20251222T120047, end_date=20251222T120048
[2025-12-22T12:00:48.553+0000] {local_task_job_runner.py:234} INFO - Task exited with return code 0
[2025-12-22T12:00:48.693+0000] {taskinstance.py:3312} INFO - 0 downstream tasks scheduled from follow-on schedule check
