[2025-12-16T11:05:17.607+0000] {taskinstance.py:1979} INFO - Dependencies all met for dep_context=non-requeueable deps ti=<TaskInstance: daily_code_update.update_outbreak_code_name scheduled__2025-12-05T15:00:00+00:00 [queued]>
[2025-12-16T11:05:17.615+0000] {taskinstance.py:1979} INFO - Dependencies all met for dep_context=requeueable deps ti=<TaskInstance: daily_code_update.update_outbreak_code_name scheduled__2025-12-05T15:00:00+00:00 [queued]>
[2025-12-16T11:05:17.616+0000] {taskinstance.py:2193} INFO - Starting attempt 1 of 2
[2025-12-16T11:05:17.654+0000] {taskinstance.py:2217} INFO - Executing <Task(PythonOperator): update_outbreak_code_name> on 2025-12-05 15:00:00+00:00
[2025-12-16T11:05:17.660+0000] {standard_task_runner.py:60} INFO - Started process 629 to run task
[2025-12-16T11:05:17.663+0000] {standard_task_runner.py:87} INFO - Running: ['airflow', 'tasks', 'run', 'daily_code_update', 'update_outbreak_code_name', 'scheduled__2025-12-05T15:00:00+00:00', '--job-id', '172', '--raw', '--subdir', 'DAGS_FOLDER/code_update_dag.py', '--cfg-path', '/tmp/tmp034av624']
[2025-12-16T11:05:17.665+0000] {standard_task_runner.py:88} INFO - Job 172: Subtask update_outbreak_code_name
[2025-12-16T11:05:17.757+0000] {task_command.py:423} INFO - Running <TaskInstance: daily_code_update.update_outbreak_code_name scheduled__2025-12-05T15:00:00+00:00 [running]> on host d011923f8fa9
[2025-12-16T11:05:17.883+0000] {taskinstance.py:2513} INFO - Exporting env vars: AIRFLOW_CTX_DAG_OWNER='navisafe' AIRFLOW_CTX_DAG_ID='daily_code_update' AIRFLOW_CTX_TASK_ID='update_outbreak_code_name' AIRFLOW_CTX_EXECUTION_DATE='2025-12-05T15:00:00+00:00' AIRFLOW_CTX_TRY_NUMBER='1' AIRFLOW_CTX_DAG_RUN_ID='scheduled__2025-12-05T15:00:00+00:00'
[2025-12-16T11:05:17.884+0000] {logging_mixin.py:188} INFO - [INFO] update_outbreak_code_name 실행 시작
[2025-12-16T11:05:18.048+0000] {logging_mixin.py:188} INFO - [INFO] 13개의 돌발유형 코드 저장 완료
[2025-12-16T11:05:18.049+0000] {logging_mixin.py:188} INFO - [INFO] update_outbreak_code_name 완료
[2025-12-16T11:05:18.050+0000] {python.py:202} INFO - Done. Returned value was: None
[2025-12-16T11:05:18.056+0000] {taskinstance.py:1149} INFO - Marking task as SUCCESS. dag_id=daily_code_update, task_id=update_outbreak_code_name, execution_date=20251205T150000, start_date=20251216T110517, end_date=20251216T110518
[2025-12-16T11:05:18.118+0000] {local_task_job_runner.py:234} INFO - Task exited with return code 0
[2025-12-16T11:05:18.129+0000] {taskinstance.py:3312} INFO - 0 downstream tasks scheduled from follow-on schedule check
[2025-12-22T12:00:56.111+0000] {taskinstance.py:1979} INFO - Dependencies all met for dep_context=non-requeueable deps ti=<TaskInstance: daily_code_update.update_outbreak_code_name scheduled__2025-12-05T15:00:00+00:00 [queued]>
[2025-12-22T12:00:56.122+0000] {taskinstance.py:1979} INFO - Dependencies all met for dep_context=requeueable deps ti=<TaskInstance: daily_code_update.update_outbreak_code_name scheduled__2025-12-05T15:00:00+00:00 [queued]>
[2025-12-22T12:00:56.123+0000] {taskinstance.py:2193} INFO - Starting attempt 1 of 2
[2025-12-22T12:00:56.227+0000] {taskinstance.py:2217} INFO - Executing <Task(PythonOperator): update_outbreak_code_name> on 2025-12-05 15:00:00+00:00
[2025-12-22T12:00:56.231+0000] {standard_task_runner.py:60} INFO - Started process 671 to run task
[2025-12-22T12:00:56.234+0000] {standard_task_runner.py:87} INFO - Running: ['airflow', 'tasks', 'run', 'daily_code_update', 'update_outbreak_code_name', 'scheduled__2025-12-05T15:00:00+00:00', '--job-id', '169', '--raw', '--subdir', 'DAGS_FOLDER/code_update_dag.py', '--cfg-path', '/tmp/tmpcoax294k']
[2025-12-22T12:00:56.235+0000] {standard_task_runner.py:88} INFO - Job 169: Subtask update_outbreak_code_name
[2025-12-22T12:00:56.310+0000] {task_command.py:423} INFO - Running <TaskInstance: daily_code_update.update_outbreak_code_name scheduled__2025-12-05T15:00:00+00:00 [running]> on host a5c0974290b2
[2025-12-22T12:00:56.432+0000] {taskinstance.py:2513} INFO - Exporting env vars: AIRFLOW_CTX_DAG_OWNER='navisafe' AIRFLOW_CTX_DAG_ID='daily_code_update' AIRFLOW_CTX_TASK_ID='update_outbreak_code_name' AIRFLOW_CTX_EXECUTION_DATE='2025-12-05T15:00:00+00:00' AIRFLOW_CTX_TRY_NUMBER='1' AIRFLOW_CTX_DAG_RUN_ID='scheduled__2025-12-05T15:00:00+00:00'
[2025-12-22T12:00:56.434+0000] {logging_mixin.py:188} INFO - [INFO] update_outbreak_code_name 실행 시작
[2025-12-22T12:00:56.582+0000] {base.py:83} INFO - Using connection ID 'navisafe_mysql' for task execution.
[2025-12-22T12:00:56.589+0000] {logging_mixin.py:188} INFO - [INFO] 13개의 돌발유형 코드 저장 완료
[2025-12-22T12:00:56.591+0000] {logging_mixin.py:188} INFO - [INFO] update_outbreak_code_name 완료
[2025-12-22T12:00:56.593+0000] {python.py:202} INFO - Done. Returned value was: None
[2025-12-22T12:00:56.601+0000] {taskinstance.py:1149} INFO - Marking task as SUCCESS. dag_id=daily_code_update, task_id=update_outbreak_code_name, execution_date=20251205T150000, start_date=20251222T120056, end_date=20251222T120056
[2025-12-22T12:00:56.647+0000] {local_task_job_runner.py:234} INFO - Task exited with return code 0
[2025-12-22T12:00:56.660+0000] {taskinstance.py:3312} INFO - 0 downstream tasks scheduled from follow-on schedule check
