[2025-12-16T11:05:08.004+0000] {taskinstance.py:1979} INFO - Dependencies all met for dep_context=non-requeueable deps ti=<TaskInstance: daily_code_update.update_outbreak_code_name scheduled__2025-11-21T15:00:00+00:00 [queued]>
[2025-12-16T11:05:08.017+0000] {taskinstance.py:1979} INFO - Dependencies all met for dep_context=requeueable deps ti=<TaskInstance: daily_code_update.update_outbreak_code_name scheduled__2025-11-21T15:00:00+00:00 [queued]>
[2025-12-16T11:05:08.018+0000] {taskinstance.py:2193} INFO - Starting attempt 1 of 2
[2025-12-16T11:05:08.055+0000] {taskinstance.py:2217} INFO - Executing <Task(PythonOperator): update_outbreak_code_name> on 2025-11-21 15:00:00+00:00
[2025-12-16T11:05:08.064+0000] {standard_task_runner.py:60} INFO - Started process 540 to run task
[2025-12-16T11:05:08.068+0000] {standard_task_runner.py:87} INFO - Running: ['airflow', 'tasks', 'run', 'daily_code_update', 'update_outbreak_code_name', 'scheduled__2025-11-21T15:00:00+00:00', '--job-id', '131', '--raw', '--subdir', 'DAGS_FOLDER/code_update_dag.py', '--cfg-path', '/tmp/tmp7cestis3']
[2025-12-16T11:05:08.071+0000] {standard_task_runner.py:88} INFO - Job 131: Subtask update_outbreak_code_name
[2025-12-16T11:05:08.196+0000] {task_command.py:423} INFO - Running <TaskInstance: daily_code_update.update_outbreak_code_name scheduled__2025-11-21T15:00:00+00:00 [running]> on host d011923f8fa9
[2025-12-16T11:05:08.346+0000] {taskinstance.py:2513} INFO - Exporting env vars: AIRFLOW_CTX_DAG_OWNER='navisafe' AIRFLOW_CTX_DAG_ID='daily_code_update' AIRFLOW_CTX_TASK_ID='update_outbreak_code_name' AIRFLOW_CTX_EXECUTION_DATE='2025-11-21T15:00:00+00:00' AIRFLOW_CTX_TRY_NUMBER='1' AIRFLOW_CTX_DAG_RUN_ID='scheduled__2025-11-21T15:00:00+00:00'
[2025-12-16T11:05:08.348+0000] {logging_mixin.py:188} INFO - [INFO] update_outbreak_code_name 실행 시작
[2025-12-16T11:05:08.492+0000] {logging_mixin.py:188} INFO - [INFO] 13개의 돌발유형 코드 저장 완료
[2025-12-16T11:05:08.494+0000] {logging_mixin.py:188} INFO - [INFO] update_outbreak_code_name 완료
[2025-12-16T11:05:08.494+0000] {python.py:202} INFO - Done. Returned value was: None
[2025-12-16T11:05:08.502+0000] {taskinstance.py:1149} INFO - Marking task as SUCCESS. dag_id=daily_code_update, task_id=update_outbreak_code_name, execution_date=20251121T150000, start_date=20251216T110508, end_date=20251216T110508
[2025-12-16T11:05:08.563+0000] {local_task_job_runner.py:234} INFO - Task exited with return code 0
[2025-12-16T11:05:08.580+0000] {taskinstance.py:3312} INFO - 0 downstream tasks scheduled from follow-on schedule check
[2025-12-22T12:00:48.381+0000] {taskinstance.py:1979} INFO - Dependencies all met for dep_context=non-requeueable deps ti=<TaskInstance: daily_code_update.update_outbreak_code_name scheduled__2025-11-21T15:00:00+00:00 [queued]>
[2025-12-22T12:00:48.396+0000] {taskinstance.py:1979} INFO - Dependencies all met for dep_context=requeueable deps ti=<TaskInstance: daily_code_update.update_outbreak_code_name scheduled__2025-11-21T15:00:00+00:00 [queued]>
[2025-12-22T12:00:48.397+0000] {taskinstance.py:2193} INFO - Starting attempt 1 of 2
[2025-12-22T12:00:48.521+0000] {taskinstance.py:2217} INFO - Executing <Task(PythonOperator): update_outbreak_code_name> on 2025-11-21 15:00:00+00:00
[2025-12-22T12:00:48.529+0000] {standard_task_runner.py:60} INFO - Started process 564 to run task
[2025-12-22T12:00:48.533+0000] {standard_task_runner.py:87} INFO - Running: ['airflow', 'tasks', 'run', 'daily_code_update', 'update_outbreak_code_name', 'scheduled__2025-11-21T15:00:00+00:00', '--job-id', '127', '--raw', '--subdir', 'DAGS_FOLDER/code_update_dag.py', '--cfg-path', '/tmp/tmp1i318er9']
[2025-12-22T12:00:48.536+0000] {standard_task_runner.py:88} INFO - Job 127: Subtask update_outbreak_code_name
[2025-12-22T12:00:48.624+0000] {task_command.py:423} INFO - Running <TaskInstance: daily_code_update.update_outbreak_code_name scheduled__2025-11-21T15:00:00+00:00 [running]> on host a5c0974290b2
[2025-12-22T12:00:48.769+0000] {taskinstance.py:2513} INFO - Exporting env vars: AIRFLOW_CTX_DAG_OWNER='navisafe' AIRFLOW_CTX_DAG_ID='daily_code_update' AIRFLOW_CTX_TASK_ID='update_outbreak_code_name' AIRFLOW_CTX_EXECUTION_DATE='2025-11-21T15:00:00+00:00' AIRFLOW_CTX_TRY_NUMBER='1' AIRFLOW_CTX_DAG_RUN_ID='scheduled__2025-11-21T15:00:00+00:00'
[2025-12-22T12:00:48.771+0000] {logging_mixin.py:188} INFO - [INFO] update_outbreak_code_name 실행 시작
[2025-12-22T12:00:48.889+0000] {base.py:83} INFO - Using connection ID 'navisafe_mysql' for task execution.
[2025-12-22T12:00:48.893+0000] {logging_mixin.py:188} INFO - [INFO] 13개의 돌발유형 코드 저장 완료
[2025-12-22T12:00:48.899+0000] {logging_mixin.py:188} INFO - [INFO] update_outbreak_code_name 완료
[2025-12-22T12:00:48.899+0000] {python.py:202} INFO - Done. Returned value was: None
[2025-12-22T12:00:48.910+0000] {taskinstance.py:1149} INFO - Marking task as SUCCESS. dag_id=daily_code_update, task_id=update_outbreak_code_name, execution_date=20251121T150000, start_date=20251222T120048, end_date=20251222T120048
[2025-12-22T12:00:48.987+0000] {local_task_job_runner.py:234} INFO - Task exited with return code 0
[2025-12-22T12:00:49.003+0000] {taskinstance.py:3312} INFO - 0 downstream tasks scheduled from follow-on schedule check
