[2025-12-16T11:04:42.031+0000] {taskinstance.py:1979} INFO - Dependencies all met for dep_context=non-requeueable deps ti=<TaskInstance: daily_code_update.update_outbreak_detail_code_name scheduled__2025-10-14T15:00:00+00:00 [queued]>
[2025-12-16T11:04:42.055+0000] {taskinstance.py:1979} INFO - Dependencies all met for dep_context=requeueable deps ti=<TaskInstance: daily_code_update.update_outbreak_detail_code_name scheduled__2025-10-14T15:00:00+00:00 [queued]>
[2025-12-16T11:04:42.064+0000] {taskinstance.py:2193} INFO - Starting attempt 1 of 2
[2025-12-16T11:04:42.164+0000] {taskinstance.py:2217} INFO - Executing <Task(PythonOperator): update_outbreak_detail_code_name> on 2025-10-14 15:00:00+00:00
[2025-12-16T11:04:42.188+0000] {standard_task_runner.py:60} INFO - Started process 275 to run task
[2025-12-16T11:04:42.195+0000] {standard_task_runner.py:87} INFO - Running: ['airflow', 'tasks', 'run', 'daily_code_update', 'update_outbreak_detail_code_name', 'scheduled__2025-10-14T15:00:00+00:00', '--job-id', '17', '--raw', '--subdir', 'DAGS_FOLDER/code_update_dag.py', '--cfg-path', '/tmp/tmp4hlnhnm0']
[2025-12-16T11:04:42.200+0000] {standard_task_runner.py:88} INFO - Job 17: Subtask update_outbreak_detail_code_name
[2025-12-16T11:04:42.411+0000] {task_command.py:423} INFO - Running <TaskInstance: daily_code_update.update_outbreak_detail_code_name scheduled__2025-10-14T15:00:00+00:00 [running]> on host d011923f8fa9
[2025-12-16T11:04:42.653+0000] {taskinstance.py:2513} INFO - Exporting env vars: AIRFLOW_CTX_DAG_OWNER='navisafe' AIRFLOW_CTX_DAG_ID='daily_code_update' AIRFLOW_CTX_TASK_ID='update_outbreak_detail_code_name' AIRFLOW_CTX_EXECUTION_DATE='2025-10-14T15:00:00+00:00' AIRFLOW_CTX_TRY_NUMBER='1' AIRFLOW_CTX_DAG_RUN_ID='scheduled__2025-10-14T15:00:00+00:00'
[2025-12-16T11:04:42.657+0000] {logging_mixin.py:188} INFO - [INFO] update_outbreak_detail_code_name 실행 시작
[2025-12-16T11:04:44.243+0000] {logging_mixin.py:188} INFO - [INFO] 43개의 돌발 세부 유형 코드 저장 완료
[2025-12-16T11:04:44.243+0000] {logging_mixin.py:188} INFO - [INFO] update_outbreak_detail_code_name 완료
[2025-12-16T11:04:44.244+0000] {python.py:202} INFO - Done. Returned value was: None
[2025-12-16T11:04:44.250+0000] {taskinstance.py:1149} INFO - Marking task as SUCCESS. dag_id=daily_code_update, task_id=update_outbreak_detail_code_name, execution_date=20251014T150000, start_date=20251216T110442, end_date=20251216T110444
[2025-12-16T11:04:44.385+0000] {local_task_job_runner.py:234} INFO - Task exited with return code 0
[2025-12-16T11:04:44.397+0000] {taskinstance.py:3312} INFO - 0 downstream tasks scheduled from follow-on schedule check
[2025-12-22T12:00:20.048+0000] {taskinstance.py:1979} INFO - Dependencies all met for dep_context=non-requeueable deps ti=<TaskInstance: daily_code_update.update_outbreak_detail_code_name scheduled__2025-10-14T15:00:00+00:00 [queued]>
[2025-12-22T12:00:20.062+0000] {taskinstance.py:1979} INFO - Dependencies all met for dep_context=requeueable deps ti=<TaskInstance: daily_code_update.update_outbreak_detail_code_name scheduled__2025-10-14T15:00:00+00:00 [queued]>
[2025-12-22T12:00:20.064+0000] {taskinstance.py:2193} INFO - Starting attempt 1 of 2
[2025-12-22T12:00:20.103+0000] {taskinstance.py:2217} INFO - Executing <Task(PythonOperator): update_outbreak_detail_code_name> on 2025-10-14 15:00:00+00:00
[2025-12-22T12:00:20.110+0000] {standard_task_runner.py:60} INFO - Started process 297 to run task
[2025-12-22T12:00:20.113+0000] {standard_task_runner.py:87} INFO - Running: ['airflow', 'tasks', 'run', 'daily_code_update', 'update_outbreak_detail_code_name', 'scheduled__2025-10-14T15:00:00+00:00', '--job-id', '4', '--raw', '--subdir', 'DAGS_FOLDER/code_update_dag.py', '--cfg-path', '/tmp/tmpggs7ada2']
[2025-12-22T12:00:20.117+0000] {standard_task_runner.py:88} INFO - Job 4: Subtask update_outbreak_detail_code_name
[2025-12-22T12:00:20.283+0000] {task_command.py:423} INFO - Running <TaskInstance: daily_code_update.update_outbreak_detail_code_name scheduled__2025-10-14T15:00:00+00:00 [running]> on host a5c0974290b2
[2025-12-22T12:00:20.438+0000] {taskinstance.py:2513} INFO - Exporting env vars: AIRFLOW_CTX_DAG_OWNER='navisafe' AIRFLOW_CTX_DAG_ID='daily_code_update' AIRFLOW_CTX_TASK_ID='update_outbreak_detail_code_name' AIRFLOW_CTX_EXECUTION_DATE='2025-10-14T15:00:00+00:00' AIRFLOW_CTX_TRY_NUMBER='1' AIRFLOW_CTX_DAG_RUN_ID='scheduled__2025-10-14T15:00:00+00:00'
[2025-12-22T12:00:20.440+0000] {logging_mixin.py:188} INFO - [INFO] update_outbreak_detail_code_name 실행 시작
[2025-12-22T12:00:20.920+0000] {base.py:83} INFO - Using connection ID 'navisafe_mysql' for task execution.
[2025-12-22T12:00:20.996+0000] {logging_mixin.py:188} INFO - [INFO] 43개의 돌발 세부 유형 코드 저장 완료
[2025-12-22T12:00:20.999+0000] {logging_mixin.py:188} INFO - [INFO] update_outbreak_detail_code_name 완료
[2025-12-22T12:00:21.000+0000] {python.py:202} INFO - Done. Returned value was: None
[2025-12-22T12:00:21.010+0000] {taskinstance.py:1149} INFO - Marking task as SUCCESS. dag_id=daily_code_update, task_id=update_outbreak_detail_code_name, execution_date=20251014T150000, start_date=20251222T120020, end_date=20251222T120021
[2025-12-22T12:00:21.181+0000] {local_task_job_runner.py:234} INFO - Task exited with return code 0
[2025-12-22T12:00:21.192+0000] {taskinstance.py:3312} INFO - 0 downstream tasks scheduled from follow-on schedule check
