[2025-12-16T11:04:53.234+0000] {taskinstance.py:1979} INFO - Dependencies all met for dep_context=non-requeueable deps ti=<TaskInstance: daily_code_update.update_outbreak_detail_code_name scheduled__2025-10-29T15:00:00+00:00 [queued]>
[2025-12-16T11:04:53.248+0000] {taskinstance.py:1979} INFO - Dependencies all met for dep_context=requeueable deps ti=<TaskInstance: daily_code_update.update_outbreak_detail_code_name scheduled__2025-10-29T15:00:00+00:00 [queued]>
[2025-12-16T11:04:53.249+0000] {taskinstance.py:2193} INFO - Starting attempt 1 of 2
[2025-12-16T11:04:53.314+0000] {taskinstance.py:2217} INFO - Executing <Task(PythonOperator): update_outbreak_detail_code_name> on 2025-10-29 15:00:00+00:00
[2025-12-16T11:04:53.322+0000] {standard_task_runner.py:60} INFO - Started process 360 to run task
[2025-12-16T11:04:53.327+0000] {standard_task_runner.py:87} INFO - Running: ['airflow', 'tasks', 'run', 'daily_code_update', 'update_outbreak_detail_code_name', 'scheduled__2025-10-29T15:00:00+00:00', '--job-id', '54', '--raw', '--subdir', 'DAGS_FOLDER/code_update_dag.py', '--cfg-path', '/tmp/tmp8k03vpt0']
[2025-12-16T11:04:53.330+0000] {standard_task_runner.py:88} INFO - Job 54: Subtask update_outbreak_detail_code_name
[2025-12-16T11:04:53.466+0000] {task_command.py:423} INFO - Running <TaskInstance: daily_code_update.update_outbreak_detail_code_name scheduled__2025-10-29T15:00:00+00:00 [running]> on host d011923f8fa9
[2025-12-16T11:04:53.637+0000] {taskinstance.py:2513} INFO - Exporting env vars: AIRFLOW_CTX_DAG_OWNER='navisafe' AIRFLOW_CTX_DAG_ID='daily_code_update' AIRFLOW_CTX_TASK_ID='update_outbreak_detail_code_name' AIRFLOW_CTX_EXECUTION_DATE='2025-10-29T15:00:00+00:00' AIRFLOW_CTX_TRY_NUMBER='1' AIRFLOW_CTX_DAG_RUN_ID='scheduled__2025-10-29T15:00:00+00:00'
[2025-12-16T11:04:53.640+0000] {logging_mixin.py:188} INFO - [INFO] update_outbreak_detail_code_name 실행 시작
[2025-12-16T11:04:54.096+0000] {logging_mixin.py:188} INFO - [INFO] 43개의 돌발 세부 유형 코드 저장 완료
[2025-12-16T11:04:54.097+0000] {logging_mixin.py:188} INFO - [INFO] update_outbreak_detail_code_name 완료
[2025-12-16T11:04:54.098+0000] {python.py:202} INFO - Done. Returned value was: None
[2025-12-16T11:04:54.109+0000] {taskinstance.py:1149} INFO - Marking task as SUCCESS. dag_id=daily_code_update, task_id=update_outbreak_detail_code_name, execution_date=20251029T150000, start_date=20251216T110453, end_date=20251216T110454
[2025-12-16T11:04:54.182+0000] {local_task_job_runner.py:234} INFO - Task exited with return code 0
[2025-12-16T11:04:54.245+0000] {taskinstance.py:3312} INFO - 0 downstream tasks scheduled from follow-on schedule check
[2025-12-22T12:00:29.452+0000] {taskinstance.py:1979} INFO - Dependencies all met for dep_context=non-requeueable deps ti=<TaskInstance: daily_code_update.update_outbreak_detail_code_name scheduled__2025-10-29T15:00:00+00:00 [queued]>
[2025-12-22T12:00:29.466+0000] {taskinstance.py:1979} INFO - Dependencies all met for dep_context=requeueable deps ti=<TaskInstance: daily_code_update.update_outbreak_detail_code_name scheduled__2025-10-29T15:00:00+00:00 [queued]>
[2025-12-22T12:00:29.467+0000] {taskinstance.py:2193} INFO - Starting attempt 1 of 2
[2025-12-22T12:00:29.509+0000] {taskinstance.py:2217} INFO - Executing <Task(PythonOperator): update_outbreak_detail_code_name> on 2025-10-29 15:00:00+00:00
[2025-12-22T12:00:29.528+0000] {standard_task_runner.py:60} INFO - Started process 419 to run task
[2025-12-22T12:00:29.532+0000] {standard_task_runner.py:87} INFO - Running: ['airflow', 'tasks', 'run', 'daily_code_update', 'update_outbreak_detail_code_name', 'scheduled__2025-10-29T15:00:00+00:00', '--job-id', '63', '--raw', '--subdir', 'DAGS_FOLDER/code_update_dag.py', '--cfg-path', '/tmp/tmpqnfpv3pq']
[2025-12-22T12:00:29.535+0000] {standard_task_runner.py:88} INFO - Job 63: Subtask update_outbreak_detail_code_name
[2025-12-22T12:00:29.628+0000] {task_command.py:423} INFO - Running <TaskInstance: daily_code_update.update_outbreak_detail_code_name scheduled__2025-10-29T15:00:00+00:00 [running]> on host a5c0974290b2
[2025-12-22T12:00:29.789+0000] {taskinstance.py:2513} INFO - Exporting env vars: AIRFLOW_CTX_DAG_OWNER='navisafe' AIRFLOW_CTX_DAG_ID='daily_code_update' AIRFLOW_CTX_TASK_ID='update_outbreak_detail_code_name' AIRFLOW_CTX_EXECUTION_DATE='2025-10-29T15:00:00+00:00' AIRFLOW_CTX_TRY_NUMBER='1' AIRFLOW_CTX_DAG_RUN_ID='scheduled__2025-10-29T15:00:00+00:00'
[2025-12-22T12:00:29.791+0000] {logging_mixin.py:188} INFO - [INFO] update_outbreak_detail_code_name 실행 시작
[2025-12-22T12:00:29.932+0000] {base.py:83} INFO - Using connection ID 'navisafe_mysql' for task execution.
[2025-12-22T12:00:29.937+0000] {logging_mixin.py:188} INFO - [INFO] 43개의 돌발 세부 유형 코드 저장 완료
[2025-12-22T12:00:29.937+0000] {logging_mixin.py:188} INFO - [INFO] update_outbreak_detail_code_name 완료
[2025-12-22T12:00:29.938+0000] {python.py:202} INFO - Done. Returned value was: None
[2025-12-22T12:00:29.947+0000] {taskinstance.py:1149} INFO - Marking task as SUCCESS. dag_id=daily_code_update, task_id=update_outbreak_detail_code_name, execution_date=20251029T150000, start_date=20251222T120029, end_date=20251222T120029
[2025-12-22T12:00:30.026+0000] {local_task_job_runner.py:234} INFO - Task exited with return code 0
[2025-12-22T12:00:30.045+0000] {taskinstance.py:3312} INFO - 0 downstream tasks scheduled from follow-on schedule check
