[2025-12-16T11:05:17.396+0000] {taskinstance.py:1979} INFO - Dependencies all met for dep_context=non-requeueable deps ti=<TaskInstance: daily_code_update.update_outbreak_code_name scheduled__2025-12-04T15:00:00+00:00 [queued]>
[2025-12-16T11:05:17.407+0000] {taskinstance.py:1979} INFO - Dependencies all met for dep_context=requeueable deps ti=<TaskInstance: daily_code_update.update_outbreak_code_name scheduled__2025-12-04T15:00:00+00:00 [queued]>
[2025-12-16T11:05:17.408+0000] {taskinstance.py:2193} INFO - Starting attempt 1 of 2
[2025-12-16T11:05:17.533+0000] {taskinstance.py:2217} INFO - Executing <Task(PythonOperator): update_outbreak_code_name> on 2025-12-04 15:00:00+00:00
[2025-12-16T11:05:17.538+0000] {standard_task_runner.py:60} INFO - Started process 627 to run task
[2025-12-16T11:05:17.540+0000] {standard_task_runner.py:87} INFO - Running: ['airflow', 'tasks', 'run', 'daily_code_update', 'update_outbreak_code_name', 'scheduled__2025-12-04T15:00:00+00:00', '--job-id', '170', '--raw', '--subdir', 'DAGS_FOLDER/code_update_dag.py', '--cfg-path', '/tmp/tmp3xtncvq4']
[2025-12-16T11:05:17.543+0000] {standard_task_runner.py:88} INFO - Job 170: Subtask update_outbreak_code_name
[2025-12-16T11:05:17.642+0000] {task_command.py:423} INFO - Running <TaskInstance: daily_code_update.update_outbreak_code_name scheduled__2025-12-04T15:00:00+00:00 [running]> on host d011923f8fa9
[2025-12-16T11:05:17.799+0000] {taskinstance.py:2513} INFO - Exporting env vars: AIRFLOW_CTX_DAG_OWNER='navisafe' AIRFLOW_CTX_DAG_ID='daily_code_update' AIRFLOW_CTX_TASK_ID='update_outbreak_code_name' AIRFLOW_CTX_EXECUTION_DATE='2025-12-04T15:00:00+00:00' AIRFLOW_CTX_TRY_NUMBER='1' AIRFLOW_CTX_DAG_RUN_ID='scheduled__2025-12-04T15:00:00+00:00'
[2025-12-16T11:05:17.800+0000] {logging_mixin.py:188} INFO - [INFO] update_outbreak_code_name 실행 시작
[2025-12-16T11:05:17.945+0000] {logging_mixin.py:188} INFO - [INFO] 13개의 돌발유형 코드 저장 완료
[2025-12-16T11:05:17.946+0000] {logging_mixin.py:188} INFO - [INFO] update_outbreak_code_name 완료
[2025-12-16T11:05:17.947+0000] {python.py:202} INFO - Done. Returned value was: None
[2025-12-16T11:05:17.953+0000] {taskinstance.py:1149} INFO - Marking task as SUCCESS. dag_id=daily_code_update, task_id=update_outbreak_code_name, execution_date=20251204T150000, start_date=20251216T110517, end_date=20251216T110517
[2025-12-16T11:05:18.034+0000] {local_task_job_runner.py:234} INFO - Task exited with return code 0
[2025-12-16T11:05:18.051+0000] {taskinstance.py:3312} INFO - 0 downstream tasks scheduled from follow-on schedule check
[2025-12-22T12:00:55.966+0000] {taskinstance.py:1979} INFO - Dependencies all met for dep_context=non-requeueable deps ti=<TaskInstance: daily_code_update.update_outbreak_code_name scheduled__2025-12-04T15:00:00+00:00 [queued]>
[2025-12-22T12:00:55.976+0000] {taskinstance.py:1979} INFO - Dependencies all met for dep_context=requeueable deps ti=<TaskInstance: daily_code_update.update_outbreak_code_name scheduled__2025-12-04T15:00:00+00:00 [queued]>
[2025-12-22T12:00:55.977+0000] {taskinstance.py:2193} INFO - Starting attempt 1 of 2
[2025-12-22T12:00:56.051+0000] {taskinstance.py:2217} INFO - Executing <Task(PythonOperator): update_outbreak_code_name> on 2025-12-04 15:00:00+00:00
[2025-12-22T12:00:56.057+0000] {standard_task_runner.py:60} INFO - Started process 667 to run task
[2025-12-22T12:00:56.059+0000] {standard_task_runner.py:87} INFO - Running: ['airflow', 'tasks', 'run', 'daily_code_update', 'update_outbreak_code_name', 'scheduled__2025-12-04T15:00:00+00:00', '--job-id', '166', '--raw', '--subdir', 'DAGS_FOLDER/code_update_dag.py', '--cfg-path', '/tmp/tmpc32l7obc']
[2025-12-22T12:00:56.061+0000] {standard_task_runner.py:88} INFO - Job 166: Subtask update_outbreak_code_name
[2025-12-22T12:00:56.151+0000] {task_command.py:423} INFO - Running <TaskInstance: daily_code_update.update_outbreak_code_name scheduled__2025-12-04T15:00:00+00:00 [running]> on host a5c0974290b2
[2025-12-22T12:00:56.298+0000] {taskinstance.py:2513} INFO - Exporting env vars: AIRFLOW_CTX_DAG_OWNER='navisafe' AIRFLOW_CTX_DAG_ID='daily_code_update' AIRFLOW_CTX_TASK_ID='update_outbreak_code_name' AIRFLOW_CTX_EXECUTION_DATE='2025-12-04T15:00:00+00:00' AIRFLOW_CTX_TRY_NUMBER='1' AIRFLOW_CTX_DAG_RUN_ID='scheduled__2025-12-04T15:00:00+00:00'
[2025-12-22T12:00:56.300+0000] {logging_mixin.py:188} INFO - [INFO] update_outbreak_code_name 실행 시작
[2025-12-22T12:00:56.384+0000] {base.py:83} INFO - Using connection ID 'navisafe_mysql' for task execution.
[2025-12-22T12:00:56.388+0000] {logging_mixin.py:188} INFO - [INFO] 13개의 돌발유형 코드 저장 완료
[2025-12-22T12:00:56.388+0000] {logging_mixin.py:188} INFO - [INFO] update_outbreak_code_name 완료
[2025-12-22T12:00:56.390+0000] {python.py:202} INFO - Done. Returned value was: None
[2025-12-22T12:00:56.396+0000] {taskinstance.py:1149} INFO - Marking task as SUCCESS. dag_id=daily_code_update, task_id=update_outbreak_code_name, execution_date=20251204T150000, start_date=20251222T120055, end_date=20251222T120056
[2025-12-22T12:00:56.433+0000] {local_task_job_runner.py:234} INFO - Task exited with return code 0
[2025-12-22T12:00:56.454+0000] {taskinstance.py:3312} INFO - 0 downstream tasks scheduled from follow-on schedule check
