[2025-12-16T11:05:00.996+0000] {taskinstance.py:1979} INFO - Dependencies all met for dep_context=non-requeueable deps ti=<TaskInstance: daily_code_update.update_outbreak_detail_code_name scheduled__2025-11-07T15:00:00+00:00 [queued]>
[2025-12-16T11:05:01.008+0000] {taskinstance.py:1979} INFO - Dependencies all met for dep_context=requeueable deps ti=<TaskInstance: daily_code_update.update_outbreak_detail_code_name scheduled__2025-11-07T15:00:00+00:00 [queued]>
[2025-12-16T11:05:01.009+0000] {taskinstance.py:2193} INFO - Starting attempt 1 of 2
[2025-12-16T11:05:01.126+0000] {taskinstance.py:2217} INFO - Executing <Task(PythonOperator): update_outbreak_detail_code_name> on 2025-11-07 15:00:00+00:00
[2025-12-16T11:05:01.144+0000] {standard_task_runner.py:60} INFO - Started process 427 to run task
[2025-12-16T11:05:01.149+0000] {standard_task_runner.py:87} INFO - Running: ['airflow', 'tasks', 'run', 'daily_code_update', 'update_outbreak_detail_code_name', 'scheduled__2025-11-07T15:00:00+00:00', '--job-id', '83', '--raw', '--subdir', 'DAGS_FOLDER/code_update_dag.py', '--cfg-path', '/tmp/tmpcypsyox9']
[2025-12-16T11:05:01.156+0000] {standard_task_runner.py:88} INFO - Job 83: Subtask update_outbreak_detail_code_name
[2025-12-16T11:05:01.269+0000] {task_command.py:423} INFO - Running <TaskInstance: daily_code_update.update_outbreak_detail_code_name scheduled__2025-11-07T15:00:00+00:00 [running]> on host d011923f8fa9
[2025-12-16T11:05:01.441+0000] {taskinstance.py:2513} INFO - Exporting env vars: AIRFLOW_CTX_DAG_OWNER='navisafe' AIRFLOW_CTX_DAG_ID='daily_code_update' AIRFLOW_CTX_TASK_ID='update_outbreak_detail_code_name' AIRFLOW_CTX_EXECUTION_DATE='2025-11-07T15:00:00+00:00' AIRFLOW_CTX_TRY_NUMBER='1' AIRFLOW_CTX_DAG_RUN_ID='scheduled__2025-11-07T15:00:00+00:00'
[2025-12-16T11:05:01.448+0000] {logging_mixin.py:188} INFO - [INFO] update_outbreak_detail_code_name 실행 시작
[2025-12-16T11:05:01.738+0000] {logging_mixin.py:188} INFO - [INFO] 43개의 돌발 세부 유형 코드 저장 완료
[2025-12-16T11:05:01.763+0000] {logging_mixin.py:188} INFO - [INFO] update_outbreak_detail_code_name 완료
[2025-12-16T11:05:01.770+0000] {python.py:202} INFO - Done. Returned value was: None
[2025-12-16T11:05:01.787+0000] {taskinstance.py:1149} INFO - Marking task as SUCCESS. dag_id=daily_code_update, task_id=update_outbreak_detail_code_name, execution_date=20251107T150000, start_date=20251216T110500, end_date=20251216T110501
[2025-12-16T11:05:01.851+0000] {local_task_job_runner.py:234} INFO - Task exited with return code 0
[2025-12-16T11:05:01.935+0000] {taskinstance.py:3312} INFO - 0 downstream tasks scheduled from follow-on schedule check
[2025-12-22T12:00:36.894+0000] {taskinstance.py:1979} INFO - Dependencies all met for dep_context=non-requeueable deps ti=<TaskInstance: daily_code_update.update_outbreak_detail_code_name scheduled__2025-11-07T15:00:00+00:00 [queued]>
[2025-12-22T12:00:36.910+0000] {taskinstance.py:1979} INFO - Dependencies all met for dep_context=requeueable deps ti=<TaskInstance: daily_code_update.update_outbreak_detail_code_name scheduled__2025-11-07T15:00:00+00:00 [queued]>
[2025-12-22T12:00:36.911+0000] {taskinstance.py:2193} INFO - Starting attempt 1 of 2
[2025-12-22T12:00:36.956+0000] {taskinstance.py:2217} INFO - Executing <Task(PythonOperator): update_outbreak_detail_code_name> on 2025-11-07 15:00:00+00:00
[2025-12-22T12:00:36.966+0000] {standard_task_runner.py:60} INFO - Started process 474 to run task
[2025-12-22T12:00:36.970+0000] {standard_task_runner.py:87} INFO - Running: ['airflow', 'tasks', 'run', 'daily_code_update', 'update_outbreak_detail_code_name', 'scheduled__2025-11-07T15:00:00+00:00', '--job-id', '82', '--raw', '--subdir', 'DAGS_FOLDER/code_update_dag.py', '--cfg-path', '/tmp/tmpwxis27fl']
[2025-12-22T12:00:36.981+0000] {standard_task_runner.py:88} INFO - Job 82: Subtask update_outbreak_detail_code_name
[2025-12-22T12:00:37.119+0000] {task_command.py:423} INFO - Running <TaskInstance: daily_code_update.update_outbreak_detail_code_name scheduled__2025-11-07T15:00:00+00:00 [running]> on host a5c0974290b2
[2025-12-22T12:00:37.245+0000] {taskinstance.py:2513} INFO - Exporting env vars: AIRFLOW_CTX_DAG_OWNER='navisafe' AIRFLOW_CTX_DAG_ID='daily_code_update' AIRFLOW_CTX_TASK_ID='update_outbreak_detail_code_name' AIRFLOW_CTX_EXECUTION_DATE='2025-11-07T15:00:00+00:00' AIRFLOW_CTX_TRY_NUMBER='1' AIRFLOW_CTX_DAG_RUN_ID='scheduled__2025-11-07T15:00:00+00:00'
[2025-12-22T12:00:37.246+0000] {logging_mixin.py:188} INFO - [INFO] update_outbreak_detail_code_name 실행 시작
[2025-12-22T12:00:37.365+0000] {base.py:83} INFO - Using connection ID 'navisafe_mysql' for task execution.
[2025-12-22T12:00:37.376+0000] {logging_mixin.py:188} INFO - [INFO] 43개의 돌발 세부 유형 코드 저장 완료
[2025-12-22T12:00:37.377+0000] {logging_mixin.py:188} INFO - [INFO] update_outbreak_detail_code_name 완료
[2025-12-22T12:00:37.381+0000] {python.py:202} INFO - Done. Returned value was: None
[2025-12-22T12:00:37.399+0000] {taskinstance.py:1149} INFO - Marking task as SUCCESS. dag_id=daily_code_update, task_id=update_outbreak_detail_code_name, execution_date=20251107T150000, start_date=20251222T120036, end_date=20251222T120037
[2025-12-22T12:00:37.474+0000] {local_task_job_runner.py:234} INFO - Task exited with return code 0
[2025-12-22T12:00:37.503+0000] {taskinstance.py:3312} INFO - 0 downstream tasks scheduled from follow-on schedule check
