[2025-12-16T11:04:58.230+0000] {taskinstance.py:1979} INFO - Dependencies all met for dep_context=non-requeueable deps ti=<TaskInstance: daily_code_update.update_region_name scheduled__2025-11-04T15:00:00+00:00 [queued]>
[2025-12-16T11:04:58.250+0000] {taskinstance.py:1979} INFO - Dependencies all met for dep_context=requeueable deps ti=<TaskInstance: daily_code_update.update_region_name scheduled__2025-11-04T15:00:00+00:00 [queued]>
[2025-12-16T11:04:58.251+0000] {taskinstance.py:2193} INFO - Starting attempt 1 of 2
[2025-12-16T11:04:58.341+0000] {taskinstance.py:2217} INFO - Executing <Task(PythonOperator): update_region_name> on 2025-11-04 15:00:00+00:00
[2025-12-16T11:04:58.347+0000] {standard_task_runner.py:60} INFO - Started process 408 to run task
[2025-12-16T11:04:58.351+0000] {standard_task_runner.py:87} INFO - Running: ['airflow', 'tasks', 'run', 'daily_code_update', 'update_region_name', 'scheduled__2025-11-04T15:00:00+00:00', '--job-id', '76', '--raw', '--subdir', 'DAGS_FOLDER/code_update_dag.py', '--cfg-path', '/tmp/tmpciualpdu']
[2025-12-16T11:04:58.354+0000] {standard_task_runner.py:88} INFO - Job 76: Subtask update_region_name
[2025-12-16T11:04:58.468+0000] {task_command.py:423} INFO - Running <TaskInstance: daily_code_update.update_region_name scheduled__2025-11-04T15:00:00+00:00 [running]> on host d011923f8fa9
[2025-12-16T11:04:58.591+0000] {taskinstance.py:2513} INFO - Exporting env vars: AIRFLOW_CTX_DAG_OWNER='navisafe' AIRFLOW_CTX_DAG_ID='daily_code_update' AIRFLOW_CTX_TASK_ID='update_region_name' AIRFLOW_CTX_EXECUTION_DATE='2025-11-04T15:00:00+00:00' AIRFLOW_CTX_TRY_NUMBER='1' AIRFLOW_CTX_DAG_RUN_ID='scheduled__2025-11-04T15:00:00+00:00'
[2025-12-16T11:04:58.594+0000] {logging_mixin.py:188} INFO - [INFO] update_region_code_name 실행 시작
[2025-12-16T11:04:58.980+0000] {logging_mixin.py:188} INFO - [INFO] 25개의 지역 코드 저장 완료
[2025-12-16T11:04:58.983+0000] {logging_mixin.py:188} INFO - [INFO] update_region_code_name 완료
[2025-12-16T11:04:58.984+0000] {python.py:202} INFO - Done. Returned value was: None
[2025-12-16T11:04:58.994+0000] {taskinstance.py:1149} INFO - Marking task as SUCCESS. dag_id=daily_code_update, task_id=update_region_name, execution_date=20251104T150000, start_date=20251216T110458, end_date=20251216T110458
[2025-12-16T11:04:59.085+0000] {local_task_job_runner.py:234} INFO - Task exited with return code 0
[2025-12-16T11:04:59.109+0000] {taskinstance.py:3312} INFO - 0 downstream tasks scheduled from follow-on schedule check
[2025-12-22T12:00:34.863+0000] {taskinstance.py:1979} INFO - Dependencies all met for dep_context=non-requeueable deps ti=<TaskInstance: daily_code_update.update_region_name scheduled__2025-11-04T15:00:00+00:00 [queued]>
[2025-12-22T12:00:34.898+0000] {taskinstance.py:1979} INFO - Dependencies all met for dep_context=requeueable deps ti=<TaskInstance: daily_code_update.update_region_name scheduled__2025-11-04T15:00:00+00:00 [queued]>
[2025-12-22T12:00:34.899+0000] {taskinstance.py:2193} INFO - Starting attempt 1 of 2
[2025-12-22T12:00:35.114+0000] {taskinstance.py:2217} INFO - Executing <Task(PythonOperator): update_region_name> on 2025-11-04 15:00:00+00:00
[2025-12-22T12:00:35.128+0000] {standard_task_runner.py:60} INFO - Started process 459 to run task
[2025-12-22T12:00:35.134+0000] {standard_task_runner.py:87} INFO - Running: ['airflow', 'tasks', 'run', 'daily_code_update', 'update_region_name', 'scheduled__2025-11-04T15:00:00+00:00', '--job-id', '68', '--raw', '--subdir', 'DAGS_FOLDER/code_update_dag.py', '--cfg-path', '/tmp/tmpgfc4g1t1']
[2025-12-22T12:00:35.137+0000] {standard_task_runner.py:88} INFO - Job 68: Subtask update_region_name
[2025-12-22T12:00:35.324+0000] {task_command.py:423} INFO - Running <TaskInstance: daily_code_update.update_region_name scheduled__2025-11-04T15:00:00+00:00 [running]> on host a5c0974290b2
[2025-12-22T12:00:35.593+0000] {taskinstance.py:2513} INFO - Exporting env vars: AIRFLOW_CTX_DAG_OWNER='navisafe' AIRFLOW_CTX_DAG_ID='daily_code_update' AIRFLOW_CTX_TASK_ID='update_region_name' AIRFLOW_CTX_EXECUTION_DATE='2025-11-04T15:00:00+00:00' AIRFLOW_CTX_TRY_NUMBER='1' AIRFLOW_CTX_DAG_RUN_ID='scheduled__2025-11-04T15:00:00+00:00'
[2025-12-22T12:00:35.598+0000] {logging_mixin.py:188} INFO - [INFO] update_region_code_name 실행 시작
[2025-12-22T12:00:36.075+0000] {base.py:83} INFO - Using connection ID 'navisafe_mysql' for task execution.
[2025-12-22T12:00:36.082+0000] {logging_mixin.py:188} INFO - [INFO] 25개의 지역 코드 저장 완료
[2025-12-22T12:00:36.083+0000] {logging_mixin.py:188} INFO - [INFO] update_region_code_name 완료
[2025-12-22T12:00:36.084+0000] {python.py:202} INFO - Done. Returned value was: None
[2025-12-22T12:00:36.094+0000] {taskinstance.py:1149} INFO - Marking task as SUCCESS. dag_id=daily_code_update, task_id=update_region_name, execution_date=20251104T150000, start_date=20251222T120034, end_date=20251222T120036
[2025-12-22T12:00:36.197+0000] {local_task_job_runner.py:234} INFO - Task exited with return code 0
[2025-12-22T12:00:36.325+0000] {taskinstance.py:3312} INFO - 0 downstream tasks scheduled from follow-on schedule check
