[2025-12-22T10:44:42.859+0000] {taskinstance.py:1979} INFO - Dependencies all met for dep_context=non-requeueable deps ti=<TaskInstance: daily_code_update.update_outbreak_detail_code_name scheduled__2025-12-16T15:00:00+00:00 [queued]>
[2025-12-22T10:44:42.878+0000] {taskinstance.py:1979} INFO - Dependencies all met for dep_context=requeueable deps ti=<TaskInstance: daily_code_update.update_outbreak_detail_code_name scheduled__2025-12-16T15:00:00+00:00 [queued]>
[2025-12-22T10:44:42.879+0000] {taskinstance.py:2193} INFO - Starting attempt 1 of 2
[2025-12-22T10:44:42.932+0000] {taskinstance.py:2217} INFO - Executing <Task(PythonOperator): update_outbreak_detail_code_name> on 2025-12-16 15:00:00+00:00
[2025-12-22T10:44:42.941+0000] {standard_task_runner.py:60} INFO - Started process 208 to run task
[2025-12-22T10:44:42.971+0000] {standard_task_runner.py:87} INFO - Running: ['airflow', 'tasks', 'run', 'daily_code_update', 'update_outbreak_detail_code_name', 'scheduled__2025-12-16T15:00:00+00:00', '--job-id', '463', '--raw', '--subdir', 'DAGS_FOLDER/code_update_dag.py', '--cfg-path', '/tmp/tmpbfkg8p8u']
[2025-12-22T10:44:42.977+0000] {standard_task_runner.py:88} INFO - Job 463: Subtask update_outbreak_detail_code_name
[2025-12-22T10:44:43.178+0000] {task_command.py:423} INFO - Running <TaskInstance: daily_code_update.update_outbreak_detail_code_name scheduled__2025-12-16T15:00:00+00:00 [running]> on host 5d74948b19c1
[2025-12-22T10:44:43.458+0000] {taskinstance.py:2513} INFO - Exporting env vars: AIRFLOW_CTX_DAG_OWNER='navisafe' AIRFLOW_CTX_DAG_ID='daily_code_update' AIRFLOW_CTX_TASK_ID='update_outbreak_detail_code_name' AIRFLOW_CTX_EXECUTION_DATE='2025-12-16T15:00:00+00:00' AIRFLOW_CTX_TRY_NUMBER='1' AIRFLOW_CTX_DAG_RUN_ID='scheduled__2025-12-16T15:00:00+00:00'
[2025-12-22T10:44:43.464+0000] {logging_mixin.py:188} INFO - [INFO] update_outbreak_detail_code_name 실행 시작
[2025-12-22T10:44:43.810+0000] {logging_mixin.py:188} INFO - [INFO] 43개의 돌발 세부 유형 코드 저장 완료
[2025-12-22T10:44:43.812+0000] {logging_mixin.py:188} INFO - [INFO] update_outbreak_detail_code_name 완료
[2025-12-22T10:44:43.813+0000] {python.py:202} INFO - Done. Returned value was: None
[2025-12-22T10:44:43.831+0000] {taskinstance.py:1149} INFO - Marking task as SUCCESS. dag_id=daily_code_update, task_id=update_outbreak_detail_code_name, execution_date=20251216T150000, start_date=20251222T104442, end_date=20251222T104443
[2025-12-22T10:44:43.911+0000] {local_task_job_runner.py:234} INFO - Task exited with return code 0
[2025-12-22T10:44:44.012+0000] {taskinstance.py:3312} INFO - 0 downstream tasks scheduled from follow-on schedule check
[2025-12-22T12:01:03.570+0000] {taskinstance.py:1979} INFO - Dependencies all met for dep_context=non-requeueable deps ti=<TaskInstance: daily_code_update.update_outbreak_detail_code_name scheduled__2025-12-16T15:00:00+00:00 [queued]>
[2025-12-22T12:01:03.581+0000] {taskinstance.py:1979} INFO - Dependencies all met for dep_context=requeueable deps ti=<TaskInstance: daily_code_update.update_outbreak_detail_code_name scheduled__2025-12-16T15:00:00+00:00 [queued]>
[2025-12-22T12:01:03.582+0000] {taskinstance.py:2193} INFO - Starting attempt 1 of 2
[2025-12-22T12:01:03.709+0000] {taskinstance.py:2217} INFO - Executing <Task(PythonOperator): update_outbreak_detail_code_name> on 2025-12-16 15:00:00+00:00
[2025-12-22T12:01:03.713+0000] {standard_task_runner.py:60} INFO - Started process 743 to run task
[2025-12-22T12:01:03.716+0000] {standard_task_runner.py:87} INFO - Running: ['airflow', 'tasks', 'run', 'daily_code_update', 'update_outbreak_detail_code_name', 'scheduled__2025-12-16T15:00:00+00:00', '--job-id', '204', '--raw', '--subdir', 'DAGS_FOLDER/code_update_dag.py', '--cfg-path', '/tmp/tmpq4fxxkqt']
[2025-12-22T12:01:03.718+0000] {standard_task_runner.py:88} INFO - Job 204: Subtask update_outbreak_detail_code_name
[2025-12-22T12:01:03.825+0000] {task_command.py:423} INFO - Running <TaskInstance: daily_code_update.update_outbreak_detail_code_name scheduled__2025-12-16T15:00:00+00:00 [running]> on host a5c0974290b2
[2025-12-22T12:01:03.967+0000] {taskinstance.py:2513} INFO - Exporting env vars: AIRFLOW_CTX_DAG_OWNER='navisafe' AIRFLOW_CTX_DAG_ID='daily_code_update' AIRFLOW_CTX_TASK_ID='update_outbreak_detail_code_name' AIRFLOW_CTX_EXECUTION_DATE='2025-12-16T15:00:00+00:00' AIRFLOW_CTX_TRY_NUMBER='1' AIRFLOW_CTX_DAG_RUN_ID='scheduled__2025-12-16T15:00:00+00:00'
[2025-12-22T12:01:03.970+0000] {logging_mixin.py:188} INFO - [INFO] update_outbreak_detail_code_name 실행 시작
[2025-12-22T12:01:04.078+0000] {base.py:83} INFO - Using connection ID 'navisafe_mysql' for task execution.
[2025-12-22T12:01:04.082+0000] {logging_mixin.py:188} INFO - [INFO] 43개의 돌발 세부 유형 코드 저장 완료
[2025-12-22T12:01:04.083+0000] {logging_mixin.py:188} INFO - [INFO] update_outbreak_detail_code_name 완료
[2025-12-22T12:01:04.083+0000] {python.py:202} INFO - Done. Returned value was: None
[2025-12-22T12:01:04.092+0000] {taskinstance.py:1149} INFO - Marking task as SUCCESS. dag_id=daily_code_update, task_id=update_outbreak_detail_code_name, execution_date=20251216T150000, start_date=20251222T120103, end_date=20251222T120104
[2025-12-22T12:01:04.168+0000] {local_task_job_runner.py:234} INFO - Task exited with return code 0
[2025-12-22T12:01:04.181+0000] {taskinstance.py:3312} INFO - 0 downstream tasks scheduled from follow-on schedule check
