[2025-12-16T11:05:19.134+0000] {taskinstance.py:1979} INFO - Dependencies all met for dep_context=non-requeueable deps ti=<TaskInstance: daily_code_update.update_region_name scheduled__2025-12-07T15:00:00+00:00 [queued]>
[2025-12-16T11:05:19.143+0000] {taskinstance.py:1979} INFO - Dependencies all met for dep_context=requeueable deps ti=<TaskInstance: daily_code_update.update_region_name scheduled__2025-12-07T15:00:00+00:00 [queued]>
[2025-12-16T11:05:19.144+0000] {taskinstance.py:2193} INFO - Starting attempt 1 of 2
[2025-12-16T11:05:19.196+0000] {taskinstance.py:2217} INFO - Executing <Task(PythonOperator): update_region_name> on 2025-12-07 15:00:00+00:00
[2025-12-16T11:05:19.213+0000] {standard_task_runner.py:60} INFO - Started process 643 to run task
[2025-12-16T11:05:19.217+0000] {standard_task_runner.py:87} INFO - Running: ['airflow', 'tasks', 'run', 'daily_code_update', 'update_region_name', 'scheduled__2025-12-07T15:00:00+00:00', '--job-id', '183', '--raw', '--subdir', 'DAGS_FOLDER/code_update_dag.py', '--cfg-path', '/tmp/tmp7_nu2fwq']
[2025-12-16T11:05:19.219+0000] {standard_task_runner.py:88} INFO - Job 183: Subtask update_region_name
[2025-12-16T11:05:19.282+0000] {task_command.py:423} INFO - Running <TaskInstance: daily_code_update.update_region_name scheduled__2025-12-07T15:00:00+00:00 [running]> on host d011923f8fa9
[2025-12-16T11:05:19.398+0000] {taskinstance.py:2513} INFO - Exporting env vars: AIRFLOW_CTX_DAG_OWNER='navisafe' AIRFLOW_CTX_DAG_ID='daily_code_update' AIRFLOW_CTX_TASK_ID='update_region_name' AIRFLOW_CTX_EXECUTION_DATE='2025-12-07T15:00:00+00:00' AIRFLOW_CTX_TRY_NUMBER='1' AIRFLOW_CTX_DAG_RUN_ID='scheduled__2025-12-07T15:00:00+00:00'
[2025-12-16T11:05:19.400+0000] {logging_mixin.py:188} INFO - [INFO] update_region_code_name 실행 시작
[2025-12-16T11:05:19.586+0000] {logging_mixin.py:188} INFO - [INFO] 25개의 지역 코드 저장 완료
[2025-12-16T11:05:19.590+0000] {logging_mixin.py:188} INFO - [INFO] update_region_code_name 완료
[2025-12-16T11:05:19.591+0000] {python.py:202} INFO - Done. Returned value was: None
[2025-12-16T11:05:19.596+0000] {taskinstance.py:1149} INFO - Marking task as SUCCESS. dag_id=daily_code_update, task_id=update_region_name, execution_date=20251207T150000, start_date=20251216T110519, end_date=20251216T110519
[2025-12-16T11:05:19.671+0000] {local_task_job_runner.py:234} INFO - Task exited with return code 0
[2025-12-16T11:05:19.685+0000] {taskinstance.py:3312} INFO - 0 downstream tasks scheduled from follow-on schedule check
[2025-12-22T12:00:57.608+0000] {taskinstance.py:1979} INFO - Dependencies all met for dep_context=non-requeueable deps ti=<TaskInstance: daily_code_update.update_region_name scheduled__2025-12-07T15:00:00+00:00 [queued]>
[2025-12-22T12:00:57.616+0000] {taskinstance.py:1979} INFO - Dependencies all met for dep_context=requeueable deps ti=<TaskInstance: daily_code_update.update_region_name scheduled__2025-12-07T15:00:00+00:00 [queued]>
[2025-12-22T12:00:57.616+0000] {taskinstance.py:2193} INFO - Starting attempt 1 of 2
[2025-12-22T12:00:57.645+0000] {taskinstance.py:2217} INFO - Executing <Task(PythonOperator): update_region_name> on 2025-12-07 15:00:00+00:00
[2025-12-22T12:00:57.657+0000] {standard_task_runner.py:60} INFO - Started process 682 to run task
[2025-12-22T12:00:57.660+0000] {standard_task_runner.py:87} INFO - Running: ['airflow', 'tasks', 'run', 'daily_code_update', 'update_region_name', 'scheduled__2025-12-07T15:00:00+00:00', '--job-id', '176', '--raw', '--subdir', 'DAGS_FOLDER/code_update_dag.py', '--cfg-path', '/tmp/tmp30gr2yzm']
[2025-12-22T12:00:57.662+0000] {standard_task_runner.py:88} INFO - Job 176: Subtask update_region_name
[2025-12-22T12:00:57.733+0000] {task_command.py:423} INFO - Running <TaskInstance: daily_code_update.update_region_name scheduled__2025-12-07T15:00:00+00:00 [running]> on host a5c0974290b2
[2025-12-22T12:00:57.860+0000] {taskinstance.py:2513} INFO - Exporting env vars: AIRFLOW_CTX_DAG_OWNER='navisafe' AIRFLOW_CTX_DAG_ID='daily_code_update' AIRFLOW_CTX_TASK_ID='update_region_name' AIRFLOW_CTX_EXECUTION_DATE='2025-12-07T15:00:00+00:00' AIRFLOW_CTX_TRY_NUMBER='1' AIRFLOW_CTX_DAG_RUN_ID='scheduled__2025-12-07T15:00:00+00:00'
[2025-12-22T12:00:57.862+0000] {logging_mixin.py:188} INFO - [INFO] update_region_code_name 실행 시작
[2025-12-22T12:00:58.033+0000] {base.py:83} INFO - Using connection ID 'navisafe_mysql' for task execution.
[2025-12-22T12:00:58.037+0000] {logging_mixin.py:188} INFO - [INFO] 25개의 지역 코드 저장 완료
[2025-12-22T12:00:58.038+0000] {logging_mixin.py:188} INFO - [INFO] update_region_code_name 완료
[2025-12-22T12:00:58.038+0000] {python.py:202} INFO - Done. Returned value was: None
[2025-12-22T12:00:58.044+0000] {taskinstance.py:1149} INFO - Marking task as SUCCESS. dag_id=daily_code_update, task_id=update_region_name, execution_date=20251207T150000, start_date=20251222T120057, end_date=20251222T120058
[2025-12-22T12:00:58.115+0000] {local_task_job_runner.py:234} INFO - Task exited with return code 0
[2025-12-22T12:00:58.127+0000] {taskinstance.py:3312} INFO - 0 downstream tasks scheduled from follow-on schedule check
