[2025-12-16T11:05:02.388+0000] {taskinstance.py:1979} INFO - Dependencies all met for dep_context=non-requeueable deps ti=<TaskInstance: daily_code_update.update_region_name scheduled__2025-11-11T15:00:00+00:00 [queued]>
[2025-12-16T11:05:02.401+0000] {taskinstance.py:1979} INFO - Dependencies all met for dep_context=requeueable deps ti=<TaskInstance: daily_code_update.update_region_name scheduled__2025-11-11T15:00:00+00:00 [queued]>
[2025-12-16T11:05:02.402+0000] {taskinstance.py:2193} INFO - Starting attempt 1 of 2
[2025-12-16T11:05:02.447+0000] {taskinstance.py:2217} INFO - Executing <Task(PythonOperator): update_region_name> on 2025-11-11 15:00:00+00:00
[2025-12-16T11:05:02.467+0000] {standard_task_runner.py:60} INFO - Started process 451 to run task
[2025-12-16T11:05:02.472+0000] {standard_task_runner.py:87} INFO - Running: ['airflow', 'tasks', 'run', 'daily_code_update', 'update_region_name', 'scheduled__2025-11-11T15:00:00+00:00', '--job-id', '98', '--raw', '--subdir', 'DAGS_FOLDER/code_update_dag.py', '--cfg-path', '/tmp/tmpaqzwgt5i']
[2025-12-16T11:05:02.477+0000] {standard_task_runner.py:88} INFO - Job 98: Subtask update_region_name
[2025-12-16T11:05:02.684+0000] {task_command.py:423} INFO - Running <TaskInstance: daily_code_update.update_region_name scheduled__2025-11-11T15:00:00+00:00 [running]> on host d011923f8fa9
[2025-12-16T11:05:02.858+0000] {taskinstance.py:2513} INFO - Exporting env vars: AIRFLOW_CTX_DAG_OWNER='navisafe' AIRFLOW_CTX_DAG_ID='daily_code_update' AIRFLOW_CTX_TASK_ID='update_region_name' AIRFLOW_CTX_EXECUTION_DATE='2025-11-11T15:00:00+00:00' AIRFLOW_CTX_TRY_NUMBER='1' AIRFLOW_CTX_DAG_RUN_ID='scheduled__2025-11-11T15:00:00+00:00'
[2025-12-16T11:05:02.861+0000] {logging_mixin.py:188} INFO - [INFO] update_region_code_name 실행 시작
[2025-12-16T11:05:03.078+0000] {logging_mixin.py:188} INFO - [INFO] 25개의 지역 코드 저장 완료
[2025-12-16T11:05:03.081+0000] {logging_mixin.py:188} INFO - [INFO] update_region_code_name 완료
[2025-12-16T11:05:03.082+0000] {python.py:202} INFO - Done. Returned value was: None
[2025-12-16T11:05:03.091+0000] {taskinstance.py:1149} INFO - Marking task as SUCCESS. dag_id=daily_code_update, task_id=update_region_name, execution_date=20251111T150000, start_date=20251216T110502, end_date=20251216T110503
[2025-12-16T11:05:03.169+0000] {local_task_job_runner.py:234} INFO - Task exited with return code 0
[2025-12-16T11:05:03.198+0000] {taskinstance.py:3312} INFO - 0 downstream tasks scheduled from follow-on schedule check
[2025-12-22T12:00:42.255+0000] {taskinstance.py:1979} INFO - Dependencies all met for dep_context=non-requeueable deps ti=<TaskInstance: daily_code_update.update_region_name scheduled__2025-11-11T15:00:00+00:00 [queued]>
[2025-12-22T12:00:42.282+0000] {taskinstance.py:1979} INFO - Dependencies all met for dep_context=requeueable deps ti=<TaskInstance: daily_code_update.update_region_name scheduled__2025-11-11T15:00:00+00:00 [queued]>
[2025-12-22T12:00:42.283+0000] {taskinstance.py:2193} INFO - Starting attempt 1 of 2
[2025-12-22T12:00:42.402+0000] {taskinstance.py:2217} INFO - Executing <Task(PythonOperator): update_region_name> on 2025-11-11 15:00:00+00:00
[2025-12-22T12:00:42.410+0000] {standard_task_runner.py:60} INFO - Started process 507 to run task
[2025-12-22T12:00:42.414+0000] {standard_task_runner.py:87} INFO - Running: ['airflow', 'tasks', 'run', 'daily_code_update', 'update_region_name', 'scheduled__2025-11-11T15:00:00+00:00', '--job-id', '98', '--raw', '--subdir', 'DAGS_FOLDER/code_update_dag.py', '--cfg-path', '/tmp/tmpyfdpgxmo']
[2025-12-22T12:00:42.417+0000] {standard_task_runner.py:88} INFO - Job 98: Subtask update_region_name
[2025-12-22T12:00:42.540+0000] {task_command.py:423} INFO - Running <TaskInstance: daily_code_update.update_region_name scheduled__2025-11-11T15:00:00+00:00 [running]> on host a5c0974290b2
[2025-12-22T12:00:42.671+0000] {taskinstance.py:2513} INFO - Exporting env vars: AIRFLOW_CTX_DAG_OWNER='navisafe' AIRFLOW_CTX_DAG_ID='daily_code_update' AIRFLOW_CTX_TASK_ID='update_region_name' AIRFLOW_CTX_EXECUTION_DATE='2025-11-11T15:00:00+00:00' AIRFLOW_CTX_TRY_NUMBER='1' AIRFLOW_CTX_DAG_RUN_ID='scheduled__2025-11-11T15:00:00+00:00'
[2025-12-22T12:00:42.674+0000] {logging_mixin.py:188} INFO - [INFO] update_region_code_name 실행 시작
[2025-12-22T12:00:42.803+0000] {base.py:83} INFO - Using connection ID 'navisafe_mysql' for task execution.
[2025-12-22T12:00:42.808+0000] {logging_mixin.py:188} INFO - [INFO] 25개의 지역 코드 저장 완료
[2025-12-22T12:00:42.809+0000] {logging_mixin.py:188} INFO - [INFO] update_region_code_name 완료
[2025-12-22T12:00:42.810+0000] {python.py:202} INFO - Done. Returned value was: None
[2025-12-22T12:00:42.816+0000] {taskinstance.py:1149} INFO - Marking task as SUCCESS. dag_id=daily_code_update, task_id=update_region_name, execution_date=20251111T150000, start_date=20251222T120042, end_date=20251222T120042
[2025-12-22T12:00:42.867+0000] {local_task_job_runner.py:234} INFO - Task exited with return code 0
[2025-12-22T12:00:42.892+0000] {taskinstance.py:3312} INFO - 0 downstream tasks scheduled from follow-on schedule check
