[2025-12-16T11:05:13.200+0000] {taskinstance.py:1979} INFO - Dependencies all met for dep_context=non-requeueable deps ti=<TaskInstance: daily_code_update.update_region_name scheduled__2025-11-30T15:00:00+00:00 [queued]>
[2025-12-16T11:05:13.213+0000] {taskinstance.py:1979} INFO - Dependencies all met for dep_context=requeueable deps ti=<TaskInstance: daily_code_update.update_region_name scheduled__2025-11-30T15:00:00+00:00 [queued]>
[2025-12-16T11:05:13.213+0000] {taskinstance.py:2193} INFO - Starting attempt 1 of 2
[2025-12-16T11:05:13.273+0000] {taskinstance.py:2217} INFO - Executing <Task(PythonOperator): update_region_name> on 2025-11-30 15:00:00+00:00
[2025-12-16T11:05:13.292+0000] {standard_task_runner.py:60} INFO - Started process 601 to run task
[2025-12-16T11:05:13.296+0000] {standard_task_runner.py:87} INFO - Running: ['airflow', 'tasks', 'run', 'daily_code_update', 'update_region_name', 'scheduled__2025-11-30T15:00:00+00:00', '--job-id', '161', '--raw', '--subdir', 'DAGS_FOLDER/code_update_dag.py', '--cfg-path', '/tmp/tmpd11pmau9']
[2025-12-16T11:05:13.300+0000] {standard_task_runner.py:88} INFO - Job 161: Subtask update_region_name
[2025-12-16T11:05:13.415+0000] {task_command.py:423} INFO - Running <TaskInstance: daily_code_update.update_region_name scheduled__2025-11-30T15:00:00+00:00 [running]> on host d011923f8fa9
[2025-12-16T11:05:13.618+0000] {taskinstance.py:2513} INFO - Exporting env vars: AIRFLOW_CTX_DAG_OWNER='navisafe' AIRFLOW_CTX_DAG_ID='daily_code_update' AIRFLOW_CTX_TASK_ID='update_region_name' AIRFLOW_CTX_EXECUTION_DATE='2025-11-30T15:00:00+00:00' AIRFLOW_CTX_TRY_NUMBER='1' AIRFLOW_CTX_DAG_RUN_ID='scheduled__2025-11-30T15:00:00+00:00'
[2025-12-16T11:05:13.621+0000] {logging_mixin.py:188} INFO - [INFO] update_region_code_name 실행 시작
[2025-12-16T11:05:13.861+0000] {logging_mixin.py:188} INFO - [INFO] 25개의 지역 코드 저장 완료
[2025-12-16T11:05:13.864+0000] {logging_mixin.py:188} INFO - [INFO] update_region_code_name 완료
[2025-12-16T11:05:13.865+0000] {python.py:202} INFO - Done. Returned value was: None
[2025-12-16T11:05:13.874+0000] {taskinstance.py:1149} INFO - Marking task as SUCCESS. dag_id=daily_code_update, task_id=update_region_name, execution_date=20251130T150000, start_date=20251216T110513, end_date=20251216T110513
[2025-12-16T11:05:13.955+0000] {local_task_job_runner.py:234} INFO - Task exited with return code 0
[2025-12-16T11:05:13.983+0000] {taskinstance.py:3312} INFO - 0 downstream tasks scheduled from follow-on schedule check
[2025-12-22T12:00:52.288+0000] {taskinstance.py:1979} INFO - Dependencies all met for dep_context=non-requeueable deps ti=<TaskInstance: daily_code_update.update_region_name scheduled__2025-11-30T15:00:00+00:00 [queued]>
[2025-12-22T12:00:52.296+0000] {taskinstance.py:1979} INFO - Dependencies all met for dep_context=requeueable deps ti=<TaskInstance: daily_code_update.update_region_name scheduled__2025-11-30T15:00:00+00:00 [queued]>
[2025-12-22T12:00:52.297+0000] {taskinstance.py:2193} INFO - Starting attempt 1 of 2
[2025-12-22T12:00:52.333+0000] {taskinstance.py:2217} INFO - Executing <Task(PythonOperator): update_region_name> on 2025-11-30 15:00:00+00:00
[2025-12-22T12:00:52.341+0000] {standard_task_runner.py:60} INFO - Started process 612 to run task
[2025-12-22T12:00:52.344+0000] {standard_task_runner.py:87} INFO - Running: ['airflow', 'tasks', 'run', 'daily_code_update', 'update_region_name', 'scheduled__2025-11-30T15:00:00+00:00', '--job-id', '153', '--raw', '--subdir', 'DAGS_FOLDER/code_update_dag.py', '--cfg-path', '/tmp/tmp1afk4dv2']
[2025-12-22T12:00:52.346+0000] {standard_task_runner.py:88} INFO - Job 153: Subtask update_region_name
[2025-12-22T12:00:52.438+0000] {task_command.py:423} INFO - Running <TaskInstance: daily_code_update.update_region_name scheduled__2025-11-30T15:00:00+00:00 [running]> on host a5c0974290b2
[2025-12-22T12:00:52.570+0000] {taskinstance.py:2513} INFO - Exporting env vars: AIRFLOW_CTX_DAG_OWNER='navisafe' AIRFLOW_CTX_DAG_ID='daily_code_update' AIRFLOW_CTX_TASK_ID='update_region_name' AIRFLOW_CTX_EXECUTION_DATE='2025-11-30T15:00:00+00:00' AIRFLOW_CTX_TRY_NUMBER='1' AIRFLOW_CTX_DAG_RUN_ID='scheduled__2025-11-30T15:00:00+00:00'
[2025-12-22T12:00:52.571+0000] {logging_mixin.py:188} INFO - [INFO] update_region_code_name 실행 시작
[2025-12-22T12:00:52.687+0000] {base.py:83} INFO - Using connection ID 'navisafe_mysql' for task execution.
[2025-12-22T12:00:52.691+0000] {logging_mixin.py:188} INFO - [INFO] 25개의 지역 코드 저장 완료
[2025-12-22T12:00:52.691+0000] {logging_mixin.py:188} INFO - [INFO] update_region_code_name 완료
[2025-12-22T12:00:52.692+0000] {python.py:202} INFO - Done. Returned value was: None
[2025-12-22T12:00:52.696+0000] {taskinstance.py:1149} INFO - Marking task as SUCCESS. dag_id=daily_code_update, task_id=update_region_name, execution_date=20251130T150000, start_date=20251222T120052, end_date=20251222T120052
[2025-12-22T12:00:52.757+0000] {local_task_job_runner.py:234} INFO - Task exited with return code 0
[2025-12-22T12:00:52.768+0000] {taskinstance.py:3312} INFO - 0 downstream tasks scheduled from follow-on schedule check
