[2025-12-16T11:05:06.805+0000] {taskinstance.py:1979} INFO - Dependencies all met for dep_context=non-requeueable deps ti=<TaskInstance: daily_code_update.update_region_name scheduled__2025-11-18T15:00:00+00:00 [queued]>
[2025-12-16T11:05:06.819+0000] {taskinstance.py:1979} INFO - Dependencies all met for dep_context=requeueable deps ti=<TaskInstance: daily_code_update.update_region_name scheduled__2025-11-18T15:00:00+00:00 [queued]>
[2025-12-16T11:05:06.820+0000] {taskinstance.py:2193} INFO - Starting attempt 1 of 2
[2025-12-16T11:05:06.928+0000] {taskinstance.py:2217} INFO - Executing <Task(PythonOperator): update_region_name> on 2025-11-18 15:00:00+00:00
[2025-12-16T11:05:06.937+0000] {standard_task_runner.py:60} INFO - Started process 511 to run task
[2025-12-16T11:05:06.941+0000] {standard_task_runner.py:87} INFO - Running: ['airflow', 'tasks', 'run', 'daily_code_update', 'update_region_name', 'scheduled__2025-11-18T15:00:00+00:00', '--job-id', '120', '--raw', '--subdir', 'DAGS_FOLDER/code_update_dag.py', '--cfg-path', '/tmp/tmpqusylhq8']
[2025-12-16T11:05:06.944+0000] {standard_task_runner.py:88} INFO - Job 120: Subtask update_region_name
[2025-12-16T11:05:07.083+0000] {task_command.py:423} INFO - Running <TaskInstance: daily_code_update.update_region_name scheduled__2025-11-18T15:00:00+00:00 [running]> on host d011923f8fa9
[2025-12-16T11:05:07.326+0000] {taskinstance.py:2513} INFO - Exporting env vars: AIRFLOW_CTX_DAG_OWNER='navisafe' AIRFLOW_CTX_DAG_ID='daily_code_update' AIRFLOW_CTX_TASK_ID='update_region_name' AIRFLOW_CTX_EXECUTION_DATE='2025-11-18T15:00:00+00:00' AIRFLOW_CTX_TRY_NUMBER='1' AIRFLOW_CTX_DAG_RUN_ID='scheduled__2025-11-18T15:00:00+00:00'
[2025-12-16T11:05:07.328+0000] {logging_mixin.py:188} INFO - [INFO] update_region_code_name 실행 시작
[2025-12-16T11:05:07.511+0000] {logging_mixin.py:188} INFO - [INFO] 25개의 지역 코드 저장 완료
[2025-12-16T11:05:07.513+0000] {logging_mixin.py:188} INFO - [INFO] update_region_code_name 완료
[2025-12-16T11:05:07.514+0000] {python.py:202} INFO - Done. Returned value was: None
[2025-12-16T11:05:07.522+0000] {taskinstance.py:1149} INFO - Marking task as SUCCESS. dag_id=daily_code_update, task_id=update_region_name, execution_date=20251118T150000, start_date=20251216T110506, end_date=20251216T110507
[2025-12-16T11:05:07.596+0000] {local_task_job_runner.py:234} INFO - Task exited with return code 0
[2025-12-16T11:05:07.612+0000] {taskinstance.py:3312} INFO - 0 downstream tasks scheduled from follow-on schedule check
[2025-12-22T12:00:47.777+0000] {taskinstance.py:1979} INFO - Dependencies all met for dep_context=non-requeueable deps ti=<TaskInstance: daily_code_update.update_region_name scheduled__2025-11-18T15:00:00+00:00 [queued]>
[2025-12-22T12:00:47.785+0000] {taskinstance.py:1979} INFO - Dependencies all met for dep_context=requeueable deps ti=<TaskInstance: daily_code_update.update_region_name scheduled__2025-11-18T15:00:00+00:00 [queued]>
[2025-12-22T12:00:47.786+0000] {taskinstance.py:2193} INFO - Starting attempt 1 of 2
[2025-12-22T12:00:47.833+0000] {taskinstance.py:2217} INFO - Executing <Task(PythonOperator): update_region_name> on 2025-11-18 15:00:00+00:00
[2025-12-22T12:00:47.840+0000] {standard_task_runner.py:60} INFO - Started process 542 to run task
[2025-12-22T12:00:47.844+0000] {standard_task_runner.py:87} INFO - Running: ['airflow', 'tasks', 'run', 'daily_code_update', 'update_region_name', 'scheduled__2025-11-18T15:00:00+00:00', '--job-id', '118', '--raw', '--subdir', 'DAGS_FOLDER/code_update_dag.py', '--cfg-path', '/tmp/tmpokialgf8']
[2025-12-22T12:00:47.847+0000] {standard_task_runner.py:88} INFO - Job 118: Subtask update_region_name
[2025-12-22T12:00:47.925+0000] {task_command.py:423} INFO - Running <TaskInstance: daily_code_update.update_region_name scheduled__2025-11-18T15:00:00+00:00 [running]> on host a5c0974290b2
[2025-12-22T12:00:48.074+0000] {taskinstance.py:2513} INFO - Exporting env vars: AIRFLOW_CTX_DAG_OWNER='navisafe' AIRFLOW_CTX_DAG_ID='daily_code_update' AIRFLOW_CTX_TASK_ID='update_region_name' AIRFLOW_CTX_EXECUTION_DATE='2025-11-18T15:00:00+00:00' AIRFLOW_CTX_TRY_NUMBER='1' AIRFLOW_CTX_DAG_RUN_ID='scheduled__2025-11-18T15:00:00+00:00'
[2025-12-22T12:00:48.076+0000] {logging_mixin.py:188} INFO - [INFO] update_region_code_name 실행 시작
[2025-12-22T12:00:48.199+0000] {base.py:83} INFO - Using connection ID 'navisafe_mysql' for task execution.
[2025-12-22T12:00:48.206+0000] {logging_mixin.py:188} INFO - [INFO] 25개의 지역 코드 저장 완료
[2025-12-22T12:00:48.207+0000] {logging_mixin.py:188} INFO - [INFO] update_region_code_name 완료
[2025-12-22T12:00:48.207+0000] {python.py:202} INFO - Done. Returned value was: None
[2025-12-22T12:00:48.214+0000] {taskinstance.py:1149} INFO - Marking task as SUCCESS. dag_id=daily_code_update, task_id=update_region_name, execution_date=20251118T150000, start_date=20251222T120047, end_date=20251222T120048
[2025-12-22T12:00:48.298+0000] {local_task_job_runner.py:234} INFO - Task exited with return code 0
[2025-12-22T12:00:48.376+0000] {taskinstance.py:3312} INFO - 0 downstream tasks scheduled from follow-on schedule check
