[2025-12-16T11:05:06.282+0000] {taskinstance.py:1979} INFO - Dependencies all met for dep_context=non-requeueable deps ti=<TaskInstance: daily_code_update.update_outbreak_code_name scheduled__2025-11-16T15:00:00+00:00 [queued]>
[2025-12-16T11:05:06.294+0000] {taskinstance.py:1979} INFO - Dependencies all met for dep_context=requeueable deps ti=<TaskInstance: daily_code_update.update_outbreak_code_name scheduled__2025-11-16T15:00:00+00:00 [queued]>
[2025-12-16T11:05:06.295+0000] {taskinstance.py:2193} INFO - Starting attempt 1 of 2
[2025-12-16T11:05:06.344+0000] {taskinstance.py:2217} INFO - Executing <Task(PythonOperator): update_outbreak_code_name> on 2025-11-16 15:00:00+00:00
[2025-12-16T11:05:06.363+0000] {standard_task_runner.py:60} INFO - Started process 481 to run task
[2025-12-16T11:05:06.368+0000] {standard_task_runner.py:87} INFO - Running: ['airflow', 'tasks', 'run', 'daily_code_update', 'update_outbreak_code_name', 'scheduled__2025-11-16T15:00:00+00:00', '--job-id', '109', '--raw', '--subdir', 'DAGS_FOLDER/code_update_dag.py', '--cfg-path', '/tmp/tmpnykcct6b']
[2025-12-16T11:05:06.371+0000] {standard_task_runner.py:88} INFO - Job 109: Subtask update_outbreak_code_name
[2025-12-16T11:05:06.484+0000] {task_command.py:423} INFO - Running <TaskInstance: daily_code_update.update_outbreak_code_name scheduled__2025-11-16T15:00:00+00:00 [running]> on host d011923f8fa9
[2025-12-16T11:05:06.684+0000] {taskinstance.py:2513} INFO - Exporting env vars: AIRFLOW_CTX_DAG_OWNER='navisafe' AIRFLOW_CTX_DAG_ID='daily_code_update' AIRFLOW_CTX_TASK_ID='update_outbreak_code_name' AIRFLOW_CTX_EXECUTION_DATE='2025-11-16T15:00:00+00:00' AIRFLOW_CTX_TRY_NUMBER='1' AIRFLOW_CTX_DAG_RUN_ID='scheduled__2025-11-16T15:00:00+00:00'
[2025-12-16T11:05:06.687+0000] {logging_mixin.py:188} INFO - [INFO] update_outbreak_code_name 실행 시작
[2025-12-16T11:05:06.849+0000] {logging_mixin.py:188} INFO - [INFO] 13개의 돌발유형 코드 저장 완료
[2025-12-16T11:05:06.853+0000] {logging_mixin.py:188} INFO - [INFO] update_outbreak_code_name 완료
[2025-12-16T11:05:06.853+0000] {python.py:202} INFO - Done. Returned value was: None
[2025-12-16T11:05:06.861+0000] {taskinstance.py:1149} INFO - Marking task as SUCCESS. dag_id=daily_code_update, task_id=update_outbreak_code_name, execution_date=20251116T150000, start_date=20251216T110506, end_date=20251216T110506
[2025-12-16T11:05:06.942+0000] {local_task_job_runner.py:234} INFO - Task exited with return code 0
[2025-12-16T11:05:06.960+0000] {taskinstance.py:3312} INFO - 0 downstream tasks scheduled from follow-on schedule check
[2025-12-22T12:00:43.759+0000] {taskinstance.py:1979} INFO - Dependencies all met for dep_context=non-requeueable deps ti=<TaskInstance: daily_code_update.update_outbreak_code_name scheduled__2025-11-16T15:00:00+00:00 [queued]>
[2025-12-22T12:00:43.772+0000] {taskinstance.py:1979} INFO - Dependencies all met for dep_context=requeueable deps ti=<TaskInstance: daily_code_update.update_outbreak_code_name scheduled__2025-11-16T15:00:00+00:00 [queued]>
[2025-12-22T12:00:43.773+0000] {taskinstance.py:2193} INFO - Starting attempt 1 of 2
[2025-12-22T12:00:43.816+0000] {taskinstance.py:2217} INFO - Executing <Task(PythonOperator): update_outbreak_code_name> on 2025-11-16 15:00:00+00:00
[2025-12-22T12:00:43.821+0000] {standard_task_runner.py:60} INFO - Started process 522 to run task
[2025-12-22T12:00:43.824+0000] {standard_task_runner.py:87} INFO - Running: ['airflow', 'tasks', 'run', 'daily_code_update', 'update_outbreak_code_name', 'scheduled__2025-11-16T15:00:00+00:00', '--job-id', '106', '--raw', '--subdir', 'DAGS_FOLDER/code_update_dag.py', '--cfg-path', '/tmp/tmp51d7r1sj']
[2025-12-22T12:00:43.827+0000] {standard_task_runner.py:88} INFO - Job 106: Subtask update_outbreak_code_name
[2025-12-22T12:00:43.907+0000] {task_command.py:423} INFO - Running <TaskInstance: daily_code_update.update_outbreak_code_name scheduled__2025-11-16T15:00:00+00:00 [running]> on host a5c0974290b2
[2025-12-22T12:00:44.065+0000] {taskinstance.py:2513} INFO - Exporting env vars: AIRFLOW_CTX_DAG_OWNER='navisafe' AIRFLOW_CTX_DAG_ID='daily_code_update' AIRFLOW_CTX_TASK_ID='update_outbreak_code_name' AIRFLOW_CTX_EXECUTION_DATE='2025-11-16T15:00:00+00:00' AIRFLOW_CTX_TRY_NUMBER='1' AIRFLOW_CTX_DAG_RUN_ID='scheduled__2025-11-16T15:00:00+00:00'
[2025-12-22T12:00:44.067+0000] {logging_mixin.py:188} INFO - [INFO] update_outbreak_code_name 실행 시작
[2025-12-22T12:00:44.194+0000] {base.py:83} INFO - Using connection ID 'navisafe_mysql' for task execution.
[2025-12-22T12:00:44.198+0000] {logging_mixin.py:188} INFO - [INFO] 13개의 돌발유형 코드 저장 완료
[2025-12-22T12:00:44.198+0000] {logging_mixin.py:188} INFO - [INFO] update_outbreak_code_name 완료
[2025-12-22T12:00:44.198+0000] {python.py:202} INFO - Done. Returned value was: None
[2025-12-22T12:00:44.204+0000] {taskinstance.py:1149} INFO - Marking task as SUCCESS. dag_id=daily_code_update, task_id=update_outbreak_code_name, execution_date=20251116T150000, start_date=20251222T120043, end_date=20251222T120044
[2025-12-22T12:00:44.238+0000] {local_task_job_runner.py:234} INFO - Task exited with return code 0
[2025-12-22T12:00:44.250+0000] {taskinstance.py:3312} INFO - 0 downstream tasks scheduled from follow-on schedule check
