[2025-12-16T11:04:42.051+0000] {taskinstance.py:1979} INFO - Dependencies all met for dep_context=non-requeueable deps ti=<TaskInstance: daily_code_update.update_region_name scheduled__2025-10-15T15:00:00+00:00 [queued]>
[2025-12-16T11:04:42.069+0000] {taskinstance.py:1979} INFO - Dependencies all met for dep_context=requeueable deps ti=<TaskInstance: daily_code_update.update_region_name scheduled__2025-10-15T15:00:00+00:00 [queued]>
[2025-12-16T11:04:42.071+0000] {taskinstance.py:2193} INFO - Starting attempt 1 of 2
[2025-12-16T11:04:42.217+0000] {taskinstance.py:2217} INFO - Executing <Task(PythonOperator): update_region_name> on 2025-10-15 15:00:00+00:00
[2025-12-16T11:04:42.226+0000] {standard_task_runner.py:60} INFO - Started process 282 to run task
[2025-12-16T11:04:42.248+0000] {standard_task_runner.py:87} INFO - Running: ['airflow', 'tasks', 'run', 'daily_code_update', 'update_region_name', 'scheduled__2025-10-15T15:00:00+00:00', '--job-id', '13', '--raw', '--subdir', 'DAGS_FOLDER/code_update_dag.py', '--cfg-path', '/tmp/tmplqbx6_j3']
[2025-12-16T11:04:42.256+0000] {standard_task_runner.py:88} INFO - Job 13: Subtask update_region_name
[2025-12-16T11:04:42.433+0000] {task_command.py:423} INFO - Running <TaskInstance: daily_code_update.update_region_name scheduled__2025-10-15T15:00:00+00:00 [running]> on host d011923f8fa9
[2025-12-16T11:04:42.656+0000] {taskinstance.py:2513} INFO - Exporting env vars: AIRFLOW_CTX_DAG_OWNER='navisafe' AIRFLOW_CTX_DAG_ID='daily_code_update' AIRFLOW_CTX_TASK_ID='update_region_name' AIRFLOW_CTX_EXECUTION_DATE='2025-10-15T15:00:00+00:00' AIRFLOW_CTX_TRY_NUMBER='1' AIRFLOW_CTX_DAG_RUN_ID='scheduled__2025-10-15T15:00:00+00:00'
[2025-12-16T11:04:42.658+0000] {logging_mixin.py:188} INFO - [INFO] update_region_code_name 실행 시작
[2025-12-16T11:04:44.199+0000] {logging_mixin.py:188} INFO - [INFO] 25개의 지역 코드 저장 완료
[2025-12-16T11:04:44.201+0000] {logging_mixin.py:188} INFO - [INFO] update_region_code_name 완료
[2025-12-16T11:04:44.202+0000] {python.py:202} INFO - Done. Returned value was: None
[2025-12-16T11:04:44.210+0000] {taskinstance.py:1149} INFO - Marking task as SUCCESS. dag_id=daily_code_update, task_id=update_region_name, execution_date=20251015T150000, start_date=20251216T110442, end_date=20251216T110444
[2025-12-16T11:04:44.353+0000] {local_task_job_runner.py:234} INFO - Task exited with return code 0
[2025-12-16T11:04:44.374+0000] {taskinstance.py:3312} INFO - 0 downstream tasks scheduled from follow-on schedule check
[2025-12-22T12:00:20.044+0000] {taskinstance.py:1979} INFO - Dependencies all met for dep_context=non-requeueable deps ti=<TaskInstance: daily_code_update.update_region_name scheduled__2025-10-15T15:00:00+00:00 [queued]>
[2025-12-22T12:00:20.058+0000] {taskinstance.py:1979} INFO - Dependencies all met for dep_context=requeueable deps ti=<TaskInstance: daily_code_update.update_region_name scheduled__2025-10-15T15:00:00+00:00 [queued]>
[2025-12-22T12:00:20.059+0000] {taskinstance.py:2193} INFO - Starting attempt 1 of 2
[2025-12-22T12:00:20.115+0000] {taskinstance.py:2217} INFO - Executing <Task(PythonOperator): update_region_name> on 2025-10-15 15:00:00+00:00
[2025-12-22T12:00:20.132+0000] {standard_task_runner.py:60} INFO - Started process 306 to run task
[2025-12-22T12:00:20.137+0000] {standard_task_runner.py:87} INFO - Running: ['airflow', 'tasks', 'run', 'daily_code_update', 'update_region_name', 'scheduled__2025-10-15T15:00:00+00:00', '--job-id', '15', '--raw', '--subdir', 'DAGS_FOLDER/code_update_dag.py', '--cfg-path', '/tmp/tmpfhwgrr16']
[2025-12-22T12:00:20.139+0000] {standard_task_runner.py:88} INFO - Job 15: Subtask update_region_name
[2025-12-22T12:00:20.312+0000] {task_command.py:423} INFO - Running <TaskInstance: daily_code_update.update_region_name scheduled__2025-10-15T15:00:00+00:00 [running]> on host a5c0974290b2
[2025-12-22T12:00:20.448+0000] {taskinstance.py:2513} INFO - Exporting env vars: AIRFLOW_CTX_DAG_OWNER='navisafe' AIRFLOW_CTX_DAG_ID='daily_code_update' AIRFLOW_CTX_TASK_ID='update_region_name' AIRFLOW_CTX_EXECUTION_DATE='2025-10-15T15:00:00+00:00' AIRFLOW_CTX_TRY_NUMBER='1' AIRFLOW_CTX_DAG_RUN_ID='scheduled__2025-10-15T15:00:00+00:00'
[2025-12-22T12:00:20.452+0000] {logging_mixin.py:188} INFO - [INFO] update_region_code_name 실행 시작
[2025-12-22T12:00:20.923+0000] {base.py:83} INFO - Using connection ID 'navisafe_mysql' for task execution.
[2025-12-22T12:00:20.994+0000] {logging_mixin.py:188} INFO - [INFO] 25개의 지역 코드 저장 완료
[2025-12-22T12:00:20.998+0000] {logging_mixin.py:188} INFO - [INFO] update_region_code_name 완료
[2025-12-22T12:00:20.999+0000] {python.py:202} INFO - Done. Returned value was: None
[2025-12-22T12:00:21.007+0000] {taskinstance.py:1149} INFO - Marking task as SUCCESS. dag_id=daily_code_update, task_id=update_region_name, execution_date=20251015T150000, start_date=20251222T120020, end_date=20251222T120021
[2025-12-22T12:00:21.154+0000] {local_task_job_runner.py:234} INFO - Task exited with return code 0
[2025-12-22T12:00:21.168+0000] {taskinstance.py:3312} INFO - 0 downstream tasks scheduled from follow-on schedule check
