[2025-12-22T10:44:45.045+0000] {taskinstance.py:1979} INFO - Dependencies all met for dep_context=non-requeueable deps ti=<TaskInstance: daily_code_update.update_region_name scheduled__2025-12-20T15:00:00+00:00 [queued]>
[2025-12-22T10:44:45.056+0000] {taskinstance.py:1979} INFO - Dependencies all met for dep_context=requeueable deps ti=<TaskInstance: daily_code_update.update_region_name scheduled__2025-12-20T15:00:00+00:00 [queued]>
[2025-12-22T10:44:45.058+0000] {taskinstance.py:2193} INFO - Starting attempt 1 of 2
[2025-12-22T10:44:45.083+0000] {taskinstance.py:2217} INFO - Executing <Task(PythonOperator): update_region_name> on 2025-12-20 15:00:00+00:00
[2025-12-22T10:44:45.089+0000] {standard_task_runner.py:60} INFO - Started process 240 to run task
[2025-12-22T10:44:45.092+0000] {standard_task_runner.py:87} INFO - Running: ['airflow', 'tasks', 'run', 'daily_code_update', 'update_region_name', 'scheduled__2025-12-20T15:00:00+00:00', '--job-id', '478', '--raw', '--subdir', 'DAGS_FOLDER/code_update_dag.py', '--cfg-path', '/tmp/tmpigbk73dz']
[2025-12-22T10:44:45.097+0000] {standard_task_runner.py:88} INFO - Job 478: Subtask update_region_name
[2025-12-22T10:44:45.173+0000] {task_command.py:423} INFO - Running <TaskInstance: daily_code_update.update_region_name scheduled__2025-12-20T15:00:00+00:00 [running]> on host 5d74948b19c1
[2025-12-22T10:44:45.292+0000] {taskinstance.py:2513} INFO - Exporting env vars: AIRFLOW_CTX_DAG_OWNER='navisafe' AIRFLOW_CTX_DAG_ID='daily_code_update' AIRFLOW_CTX_TASK_ID='update_region_name' AIRFLOW_CTX_EXECUTION_DATE='2025-12-20T15:00:00+00:00' AIRFLOW_CTX_TRY_NUMBER='1' AIRFLOW_CTX_DAG_RUN_ID='scheduled__2025-12-20T15:00:00+00:00'
[2025-12-22T10:44:45.293+0000] {logging_mixin.py:188} INFO - [INFO] update_region_code_name 실행 시작
[2025-12-22T10:44:45.466+0000] {logging_mixin.py:188} INFO - [INFO] 25개의 지역 코드 저장 완료
[2025-12-22T10:44:45.468+0000] {logging_mixin.py:188} INFO - [INFO] update_region_code_name 완료
[2025-12-22T10:44:45.469+0000] {python.py:202} INFO - Done. Returned value was: None
[2025-12-22T10:44:45.479+0000] {taskinstance.py:1149} INFO - Marking task as SUCCESS. dag_id=daily_code_update, task_id=update_region_name, execution_date=20251220T150000, start_date=20251222T104445, end_date=20251222T104445
[2025-12-22T10:44:45.546+0000] {local_task_job_runner.py:234} INFO - Task exited with return code 0
[2025-12-22T10:44:45.564+0000] {taskinstance.py:3312} INFO - 0 downstream tasks scheduled from follow-on schedule check
[2025-12-22T12:01:04.690+0000] {taskinstance.py:1979} INFO - Dependencies all met for dep_context=non-requeueable deps ti=<TaskInstance: daily_code_update.update_region_name scheduled__2025-12-20T15:00:00+00:00 [queued]>
[2025-12-22T12:01:04.703+0000] {taskinstance.py:1979} INFO - Dependencies all met for dep_context=requeueable deps ti=<TaskInstance: daily_code_update.update_region_name scheduled__2025-12-20T15:00:00+00:00 [queued]>
[2025-12-22T12:01:04.704+0000] {taskinstance.py:2193} INFO - Starting attempt 1 of 2
[2025-12-22T12:01:04.753+0000] {taskinstance.py:2217} INFO - Executing <Task(PythonOperator): update_region_name> on 2025-12-20 15:00:00+00:00
[2025-12-22T12:01:04.759+0000] {standard_task_runner.py:60} INFO - Started process 763 to run task
[2025-12-22T12:01:04.761+0000] {standard_task_runner.py:87} INFO - Running: ['airflow', 'tasks', 'run', 'daily_code_update', 'update_region_name', 'scheduled__2025-12-20T15:00:00+00:00', '--job-id', '217', '--raw', '--subdir', 'DAGS_FOLDER/code_update_dag.py', '--cfg-path', '/tmp/tmpiaao2sik']
[2025-12-22T12:01:04.763+0000] {standard_task_runner.py:88} INFO - Job 217: Subtask update_region_name
[2025-12-22T12:01:04.849+0000] {task_command.py:423} INFO - Running <TaskInstance: daily_code_update.update_region_name scheduled__2025-12-20T15:00:00+00:00 [running]> on host a5c0974290b2
[2025-12-22T12:01:04.986+0000] {taskinstance.py:2513} INFO - Exporting env vars: AIRFLOW_CTX_DAG_OWNER='navisafe' AIRFLOW_CTX_DAG_ID='daily_code_update' AIRFLOW_CTX_TASK_ID='update_region_name' AIRFLOW_CTX_EXECUTION_DATE='2025-12-20T15:00:00+00:00' AIRFLOW_CTX_TRY_NUMBER='1' AIRFLOW_CTX_DAG_RUN_ID='scheduled__2025-12-20T15:00:00+00:00'
[2025-12-22T12:01:04.988+0000] {logging_mixin.py:188} INFO - [INFO] update_region_code_name 실행 시작
[2025-12-22T12:01:05.278+0000] {base.py:83} INFO - Using connection ID 'navisafe_mysql' for task execution.
[2025-12-22T12:01:05.286+0000] {logging_mixin.py:188} INFO - [INFO] 25개의 지역 코드 저장 완료
[2025-12-22T12:01:05.287+0000] {logging_mixin.py:188} INFO - [INFO] update_region_code_name 완료
[2025-12-22T12:01:05.288+0000] {python.py:202} INFO - Done. Returned value was: None
[2025-12-22T12:01:05.297+0000] {taskinstance.py:1149} INFO - Marking task as SUCCESS. dag_id=daily_code_update, task_id=update_region_name, execution_date=20251220T150000, start_date=20251222T120104, end_date=20251222T120105
[2025-12-22T12:01:05.376+0000] {local_task_job_runner.py:234} INFO - Task exited with return code 0
[2025-12-22T12:01:05.395+0000] {taskinstance.py:3312} INFO - 0 downstream tasks scheduled from follow-on schedule check
