[2025-12-16T11:05:17.395+0000] {taskinstance.py:1979} INFO - Dependencies all met for dep_context=non-requeueable deps ti=<TaskInstance: daily_code_update.update_outbreak_detail_code_name scheduled__2025-12-04T15:00:00+00:00 [queued]>
[2025-12-16T11:05:17.406+0000] {taskinstance.py:1979} INFO - Dependencies all met for dep_context=requeueable deps ti=<TaskInstance: daily_code_update.update_outbreak_detail_code_name scheduled__2025-12-04T15:00:00+00:00 [queued]>
[2025-12-16T11:05:17.406+0000] {taskinstance.py:2193} INFO - Starting attempt 1 of 2
[2025-12-16T11:05:17.453+0000] {taskinstance.py:2217} INFO - Executing <Task(PythonOperator): update_outbreak_detail_code_name> on 2025-12-04 15:00:00+00:00
[2025-12-16T11:05:17.459+0000] {standard_task_runner.py:60} INFO - Started process 622 to run task
[2025-12-16T11:05:17.463+0000] {standard_task_runner.py:87} INFO - Running: ['airflow', 'tasks', 'run', 'daily_code_update', 'update_outbreak_detail_code_name', 'scheduled__2025-12-04T15:00:00+00:00', '--job-id', '171', '--raw', '--subdir', 'DAGS_FOLDER/code_update_dag.py', '--cfg-path', '/tmp/tmpfe4s9bsr']
[2025-12-16T11:05:17.465+0000] {standard_task_runner.py:88} INFO - Job 171: Subtask update_outbreak_detail_code_name
[2025-12-16T11:05:17.580+0000] {task_command.py:423} INFO - Running <TaskInstance: daily_code_update.update_outbreak_detail_code_name scheduled__2025-12-04T15:00:00+00:00 [running]> on host d011923f8fa9
[2025-12-16T11:05:17.726+0000] {taskinstance.py:2513} INFO - Exporting env vars: AIRFLOW_CTX_DAG_OWNER='navisafe' AIRFLOW_CTX_DAG_ID='daily_code_update' AIRFLOW_CTX_TASK_ID='update_outbreak_detail_code_name' AIRFLOW_CTX_EXECUTION_DATE='2025-12-04T15:00:00+00:00' AIRFLOW_CTX_TRY_NUMBER='1' AIRFLOW_CTX_DAG_RUN_ID='scheduled__2025-12-04T15:00:00+00:00'
[2025-12-16T11:05:17.727+0000] {logging_mixin.py:188} INFO - [INFO] update_outbreak_detail_code_name 실행 시작
[2025-12-16T11:05:17.881+0000] {logging_mixin.py:188} INFO - [INFO] 43개의 돌발 세부 유형 코드 저장 완료
[2025-12-16T11:05:17.881+0000] {logging_mixin.py:188} INFO - [INFO] update_outbreak_detail_code_name 완료
[2025-12-16T11:05:17.882+0000] {python.py:202} INFO - Done. Returned value was: None
[2025-12-16T11:05:17.888+0000] {taskinstance.py:1149} INFO - Marking task as SUCCESS. dag_id=daily_code_update, task_id=update_outbreak_detail_code_name, execution_date=20251204T150000, start_date=20251216T110517, end_date=20251216T110517
[2025-12-16T11:05:17.956+0000] {local_task_job_runner.py:234} INFO - Task exited with return code 0
[2025-12-16T11:05:17.966+0000] {taskinstance.py:3312} INFO - 0 downstream tasks scheduled from follow-on schedule check
[2025-12-22T12:00:55.948+0000] {taskinstance.py:1979} INFO - Dependencies all met for dep_context=non-requeueable deps ti=<TaskInstance: daily_code_update.update_outbreak_detail_code_name scheduled__2025-12-04T15:00:00+00:00 [queued]>
[2025-12-22T12:00:55.959+0000] {taskinstance.py:1979} INFO - Dependencies all met for dep_context=requeueable deps ti=<TaskInstance: daily_code_update.update_outbreak_detail_code_name scheduled__2025-12-04T15:00:00+00:00 [queued]>
[2025-12-22T12:00:55.960+0000] {taskinstance.py:2193} INFO - Starting attempt 1 of 2
[2025-12-22T12:00:56.014+0000] {taskinstance.py:2217} INFO - Executing <Task(PythonOperator): update_outbreak_detail_code_name> on 2025-12-04 15:00:00+00:00
[2025-12-22T12:00:56.019+0000] {standard_task_runner.py:60} INFO - Started process 666 to run task
[2025-12-22T12:00:56.021+0000] {standard_task_runner.py:87} INFO - Running: ['airflow', 'tasks', 'run', 'daily_code_update', 'update_outbreak_detail_code_name', 'scheduled__2025-12-04T15:00:00+00:00', '--job-id', '165', '--raw', '--subdir', 'DAGS_FOLDER/code_update_dag.py', '--cfg-path', '/tmp/tmpxxve4sva']
[2025-12-22T12:00:56.024+0000] {standard_task_runner.py:88} INFO - Job 165: Subtask update_outbreak_detail_code_name
[2025-12-22T12:00:56.116+0000] {task_command.py:423} INFO - Running <TaskInstance: daily_code_update.update_outbreak_detail_code_name scheduled__2025-12-04T15:00:00+00:00 [running]> on host a5c0974290b2
[2025-12-22T12:00:56.252+0000] {taskinstance.py:2513} INFO - Exporting env vars: AIRFLOW_CTX_DAG_OWNER='navisafe' AIRFLOW_CTX_DAG_ID='daily_code_update' AIRFLOW_CTX_TASK_ID='update_outbreak_detail_code_name' AIRFLOW_CTX_EXECUTION_DATE='2025-12-04T15:00:00+00:00' AIRFLOW_CTX_TRY_NUMBER='1' AIRFLOW_CTX_DAG_RUN_ID='scheduled__2025-12-04T15:00:00+00:00'
[2025-12-22T12:00:56.253+0000] {logging_mixin.py:188} INFO - [INFO] update_outbreak_detail_code_name 실행 시작
[2025-12-22T12:00:56.343+0000] {base.py:83} INFO - Using connection ID 'navisafe_mysql' for task execution.
[2025-12-22T12:00:56.348+0000] {logging_mixin.py:188} INFO - [INFO] 43개의 돌발 세부 유형 코드 저장 완료
[2025-12-22T12:00:56.348+0000] {logging_mixin.py:188} INFO - [INFO] update_outbreak_detail_code_name 완료
[2025-12-22T12:00:56.348+0000] {python.py:202} INFO - Done. Returned value was: None
[2025-12-22T12:00:56.353+0000] {taskinstance.py:1149} INFO - Marking task as SUCCESS. dag_id=daily_code_update, task_id=update_outbreak_detail_code_name, execution_date=20251204T150000, start_date=20251222T120055, end_date=20251222T120056
[2025-12-22T12:00:56.394+0000] {local_task_job_runner.py:234} INFO - Task exited with return code 0
[2025-12-22T12:00:56.442+0000] {taskinstance.py:3312} INFO - 0 downstream tasks scheduled from follow-on schedule check
