[2025-12-16T11:05:17.217+0000] {taskinstance.py:1979} INFO - Dependencies all met for dep_context=non-requeueable deps ti=<TaskInstance: daily_code_update.update_region_name scheduled__2025-12-03T15:00:00+00:00 [queued]>
[2025-12-16T11:05:17.225+0000] {taskinstance.py:1979} INFO - Dependencies all met for dep_context=requeueable deps ti=<TaskInstance: daily_code_update.update_region_name scheduled__2025-12-03T15:00:00+00:00 [queued]>
[2025-12-16T11:05:17.226+0000] {taskinstance.py:2193} INFO - Starting attempt 1 of 2
[2025-12-16T11:05:17.344+0000] {taskinstance.py:2217} INFO - Executing <Task(PythonOperator): update_region_name> on 2025-12-03 15:00:00+00:00
[2025-12-16T11:05:17.349+0000] {standard_task_runner.py:60} INFO - Started process 621 to run task
[2025-12-16T11:05:17.352+0000] {standard_task_runner.py:87} INFO - Running: ['airflow', 'tasks', 'run', 'daily_code_update', 'update_region_name', 'scheduled__2025-12-03T15:00:00+00:00', '--job-id', '167', '--raw', '--subdir', 'DAGS_FOLDER/code_update_dag.py', '--cfg-path', '/tmp/tmpbzt_h7ae']
[2025-12-16T11:05:17.354+0000] {standard_task_runner.py:88} INFO - Job 167: Subtask update_region_name
[2025-12-16T11:05:17.445+0000] {task_command.py:423} INFO - Running <TaskInstance: daily_code_update.update_region_name scheduled__2025-12-03T15:00:00+00:00 [running]> on host d011923f8fa9
[2025-12-16T11:05:17.605+0000] {taskinstance.py:2513} INFO - Exporting env vars: AIRFLOW_CTX_DAG_OWNER='navisafe' AIRFLOW_CTX_DAG_ID='daily_code_update' AIRFLOW_CTX_TASK_ID='update_region_name' AIRFLOW_CTX_EXECUTION_DATE='2025-12-03T15:00:00+00:00' AIRFLOW_CTX_TRY_NUMBER='1' AIRFLOW_CTX_DAG_RUN_ID='scheduled__2025-12-03T15:00:00+00:00'
[2025-12-16T11:05:17.606+0000] {logging_mixin.py:188} INFO - [INFO] update_region_code_name 실행 시작
[2025-12-16T11:05:17.839+0000] {logging_mixin.py:188} INFO - [INFO] 25개의 지역 코드 저장 완료
[2025-12-16T11:05:17.840+0000] {logging_mixin.py:188} INFO - [INFO] update_region_code_name 완료
[2025-12-16T11:05:17.841+0000] {python.py:202} INFO - Done. Returned value was: None
[2025-12-16T11:05:17.850+0000] {taskinstance.py:1149} INFO - Marking task as SUCCESS. dag_id=daily_code_update, task_id=update_region_name, execution_date=20251203T150000, start_date=20251216T110517, end_date=20251216T110517
[2025-12-16T11:05:17.926+0000] {local_task_job_runner.py:234} INFO - Task exited with return code 0
[2025-12-16T11:05:17.954+0000] {taskinstance.py:3312} INFO - 0 downstream tasks scheduled from follow-on schedule check
[2025-12-22T12:00:55.766+0000] {taskinstance.py:1979} INFO - Dependencies all met for dep_context=non-requeueable deps ti=<TaskInstance: daily_code_update.update_region_name scheduled__2025-12-03T15:00:00+00:00 [queued]>
[2025-12-22T12:00:55.773+0000] {taskinstance.py:1979} INFO - Dependencies all met for dep_context=requeueable deps ti=<TaskInstance: daily_code_update.update_region_name scheduled__2025-12-03T15:00:00+00:00 [queued]>
[2025-12-22T12:00:55.774+0000] {taskinstance.py:2193} INFO - Starting attempt 1 of 2
[2025-12-22T12:00:55.863+0000] {taskinstance.py:2217} INFO - Executing <Task(PythonOperator): update_region_name> on 2025-12-03 15:00:00+00:00
[2025-12-22T12:00:55.868+0000] {standard_task_runner.py:60} INFO - Started process 662 to run task
[2025-12-22T12:00:55.871+0000] {standard_task_runner.py:87} INFO - Running: ['airflow', 'tasks', 'run', 'daily_code_update', 'update_region_name', 'scheduled__2025-12-03T15:00:00+00:00', '--job-id', '164', '--raw', '--subdir', 'DAGS_FOLDER/code_update_dag.py', '--cfg-path', '/tmp/tmpnbam3ijv']
[2025-12-22T12:00:55.873+0000] {standard_task_runner.py:88} INFO - Job 164: Subtask update_region_name
[2025-12-22T12:00:55.963+0000] {task_command.py:423} INFO - Running <TaskInstance: daily_code_update.update_region_name scheduled__2025-12-03T15:00:00+00:00 [running]> on host a5c0974290b2
[2025-12-22T12:00:56.127+0000] {taskinstance.py:2513} INFO - Exporting env vars: AIRFLOW_CTX_DAG_OWNER='navisafe' AIRFLOW_CTX_DAG_ID='daily_code_update' AIRFLOW_CTX_TASK_ID='update_region_name' AIRFLOW_CTX_EXECUTION_DATE='2025-12-03T15:00:00+00:00' AIRFLOW_CTX_TRY_NUMBER='1' AIRFLOW_CTX_DAG_RUN_ID='scheduled__2025-12-03T15:00:00+00:00'
[2025-12-22T12:00:56.134+0000] {logging_mixin.py:188} INFO - [INFO] update_region_code_name 실행 시작
[2025-12-22T12:00:56.250+0000] {base.py:83} INFO - Using connection ID 'navisafe_mysql' for task execution.
[2025-12-22T12:00:56.255+0000] {logging_mixin.py:188} INFO - [INFO] 25개의 지역 코드 저장 완료
[2025-12-22T12:00:56.255+0000] {logging_mixin.py:188} INFO - [INFO] update_region_code_name 완료
[2025-12-22T12:00:56.258+0000] {python.py:202} INFO - Done. Returned value was: None
[2025-12-22T12:00:56.265+0000] {taskinstance.py:1149} INFO - Marking task as SUCCESS. dag_id=daily_code_update, task_id=update_region_name, execution_date=20251203T150000, start_date=20251222T120055, end_date=20251222T120056
[2025-12-22T12:00:56.364+0000] {local_task_job_runner.py:234} INFO - Task exited with return code 0
[2025-12-22T12:00:56.442+0000] {taskinstance.py:3312} INFO - 0 downstream tasks scheduled from follow-on schedule check
