[2025-12-16T11:04:42.026+0000] {taskinstance.py:1979} INFO - Dependencies all met for dep_context=non-requeueable deps ti=<TaskInstance: daily_code_update.update_outbreak_code_name scheduled__2025-10-15T15:00:00+00:00 [queued]>
[2025-12-16T11:04:42.052+0000] {taskinstance.py:1979} INFO - Dependencies all met for dep_context=requeueable deps ti=<TaskInstance: daily_code_update.update_outbreak_code_name scheduled__2025-10-15T15:00:00+00:00 [queued]>
[2025-12-16T11:04:42.054+0000] {taskinstance.py:2193} INFO - Starting attempt 1 of 2
[2025-12-16T11:04:42.164+0000] {taskinstance.py:2217} INFO - Executing <Task(PythonOperator): update_outbreak_code_name> on 2025-10-15 15:00:00+00:00
[2025-12-16T11:04:42.179+0000] {standard_task_runner.py:60} INFO - Started process 277 to run task
[2025-12-16T11:04:42.189+0000] {standard_task_runner.py:87} INFO - Running: ['airflow', 'tasks', 'run', 'daily_code_update', 'update_outbreak_code_name', 'scheduled__2025-10-15T15:00:00+00:00', '--job-id', '2', '--raw', '--subdir', 'DAGS_FOLDER/code_update_dag.py', '--cfg-path', '/tmp/tmp6x2gup25']
[2025-12-16T11:04:42.195+0000] {standard_task_runner.py:88} INFO - Job 2: Subtask update_outbreak_code_name
[2025-12-16T11:04:42.395+0000] {task_command.py:423} INFO - Running <TaskInstance: daily_code_update.update_outbreak_code_name scheduled__2025-10-15T15:00:00+00:00 [running]> on host d011923f8fa9
[2025-12-16T11:04:42.654+0000] {taskinstance.py:2513} INFO - Exporting env vars: AIRFLOW_CTX_DAG_OWNER='navisafe' AIRFLOW_CTX_DAG_ID='daily_code_update' AIRFLOW_CTX_TASK_ID='update_outbreak_code_name' AIRFLOW_CTX_EXECUTION_DATE='2025-10-15T15:00:00+00:00' AIRFLOW_CTX_TRY_NUMBER='1' AIRFLOW_CTX_DAG_RUN_ID='scheduled__2025-10-15T15:00:00+00:00'
[2025-12-16T11:04:42.657+0000] {logging_mixin.py:188} INFO - [INFO] update_outbreak_code_name 실행 시작
[2025-12-16T11:04:44.195+0000] {logging_mixin.py:188} INFO - [INFO] 13개의 돌발유형 코드 저장 완료
[2025-12-16T11:04:44.196+0000] {logging_mixin.py:188} INFO - [INFO] update_outbreak_code_name 완료
[2025-12-16T11:04:44.197+0000] {python.py:202} INFO - Done. Returned value was: None
[2025-12-16T11:04:44.204+0000] {taskinstance.py:1149} INFO - Marking task as SUCCESS. dag_id=daily_code_update, task_id=update_outbreak_code_name, execution_date=20251015T150000, start_date=20251216T110442, end_date=20251216T110444
[2025-12-16T11:04:44.303+0000] {local_task_job_runner.py:234} INFO - Task exited with return code 0
[2025-12-16T11:04:44.344+0000] {taskinstance.py:3312} INFO - 0 downstream tasks scheduled from follow-on schedule check
[2025-12-22T12:00:20.044+0000] {taskinstance.py:1979} INFO - Dependencies all met for dep_context=non-requeueable deps ti=<TaskInstance: daily_code_update.update_outbreak_code_name scheduled__2025-10-15T15:00:00+00:00 [queued]>
[2025-12-22T12:00:20.062+0000] {taskinstance.py:1979} INFO - Dependencies all met for dep_context=requeueable deps ti=<TaskInstance: daily_code_update.update_outbreak_code_name scheduled__2025-10-15T15:00:00+00:00 [queued]>
[2025-12-22T12:00:20.064+0000] {taskinstance.py:2193} INFO - Starting attempt 1 of 2
[2025-12-22T12:00:20.104+0000] {taskinstance.py:2217} INFO - Executing <Task(PythonOperator): update_outbreak_code_name> on 2025-10-15 15:00:00+00:00
[2025-12-22T12:00:20.120+0000] {standard_task_runner.py:60} INFO - Started process 305 to run task
[2025-12-22T12:00:20.132+0000] {standard_task_runner.py:87} INFO - Running: ['airflow', 'tasks', 'run', 'daily_code_update', 'update_outbreak_code_name', 'scheduled__2025-10-15T15:00:00+00:00', '--job-id', '9', '--raw', '--subdir', 'DAGS_FOLDER/code_update_dag.py', '--cfg-path', '/tmp/tmpvtdkoeiu']
[2025-12-22T12:00:20.136+0000] {standard_task_runner.py:88} INFO - Job 9: Subtask update_outbreak_code_name
[2025-12-22T12:00:20.297+0000] {task_command.py:423} INFO - Running <TaskInstance: daily_code_update.update_outbreak_code_name scheduled__2025-10-15T15:00:00+00:00 [running]> on host a5c0974290b2
[2025-12-22T12:00:20.438+0000] {taskinstance.py:2513} INFO - Exporting env vars: AIRFLOW_CTX_DAG_OWNER='navisafe' AIRFLOW_CTX_DAG_ID='daily_code_update' AIRFLOW_CTX_TASK_ID='update_outbreak_code_name' AIRFLOW_CTX_EXECUTION_DATE='2025-10-15T15:00:00+00:00' AIRFLOW_CTX_TRY_NUMBER='1' AIRFLOW_CTX_DAG_RUN_ID='scheduled__2025-10-15T15:00:00+00:00'
[2025-12-22T12:00:20.440+0000] {logging_mixin.py:188} INFO - [INFO] update_outbreak_code_name 실행 시작
[2025-12-22T12:00:20.928+0000] {base.py:83} INFO - Using connection ID 'navisafe_mysql' for task execution.
[2025-12-22T12:00:20.991+0000] {logging_mixin.py:188} INFO - [INFO] 13개의 돌발유형 코드 저장 완료
[2025-12-22T12:00:20.993+0000] {logging_mixin.py:188} INFO - [INFO] update_outbreak_code_name 완료
[2025-12-22T12:00:20.993+0000] {python.py:202} INFO - Done. Returned value was: None
[2025-12-22T12:00:21.000+0000] {taskinstance.py:1149} INFO - Marking task as SUCCESS. dag_id=daily_code_update, task_id=update_outbreak_code_name, execution_date=20251015T150000, start_date=20251222T120020, end_date=20251222T120021
[2025-12-22T12:00:21.110+0000] {local_task_job_runner.py:234} INFO - Task exited with return code 0
[2025-12-22T12:00:21.154+0000] {taskinstance.py:3312} INFO - 0 downstream tasks scheduled from follow-on schedule check
