[2025-12-16T11:05:02.429+0000] {taskinstance.py:1979} INFO - Dependencies all met for dep_context=non-requeueable deps ti=<TaskInstance: daily_code_update.update_region_name scheduled__2025-11-12T15:00:00+00:00 [queued]>
[2025-12-16T11:05:02.443+0000] {taskinstance.py:1979} INFO - Dependencies all met for dep_context=requeueable deps ti=<TaskInstance: daily_code_update.update_region_name scheduled__2025-11-12T15:00:00+00:00 [queued]>
[2025-12-16T11:05:02.444+0000] {taskinstance.py:2193} INFO - Starting attempt 1 of 2
[2025-12-16T11:05:02.540+0000] {taskinstance.py:2217} INFO - Executing <Task(PythonOperator): update_region_name> on 2025-11-12 15:00:00+00:00
[2025-12-16T11:05:02.556+0000] {standard_task_runner.py:60} INFO - Started process 455 to run task
[2025-12-16T11:05:02.566+0000] {standard_task_runner.py:87} INFO - Running: ['airflow', 'tasks', 'run', 'daily_code_update', 'update_region_name', 'scheduled__2025-11-12T15:00:00+00:00', '--job-id', '99', '--raw', '--subdir', 'DAGS_FOLDER/code_update_dag.py', '--cfg-path', '/tmp/tmp4z9r483d']
[2025-12-16T11:05:02.622+0000] {standard_task_runner.py:88} INFO - Job 99: Subtask update_region_name
[2025-12-16T11:05:02.751+0000] {task_command.py:423} INFO - Running <TaskInstance: daily_code_update.update_region_name scheduled__2025-11-12T15:00:00+00:00 [running]> on host d011923f8fa9
[2025-12-16T11:05:02.956+0000] {taskinstance.py:2513} INFO - Exporting env vars: AIRFLOW_CTX_DAG_OWNER='navisafe' AIRFLOW_CTX_DAG_ID='daily_code_update' AIRFLOW_CTX_TASK_ID='update_region_name' AIRFLOW_CTX_EXECUTION_DATE='2025-11-12T15:00:00+00:00' AIRFLOW_CTX_TRY_NUMBER='1' AIRFLOW_CTX_DAG_RUN_ID='scheduled__2025-11-12T15:00:00+00:00'
[2025-12-16T11:05:02.958+0000] {logging_mixin.py:188} INFO - [INFO] update_region_code_name 실행 시작
[2025-12-16T11:05:03.133+0000] {logging_mixin.py:188} INFO - [INFO] 25개의 지역 코드 저장 완료
[2025-12-16T11:05:03.136+0000] {logging_mixin.py:188} INFO - [INFO] update_region_code_name 완료
[2025-12-16T11:05:03.139+0000] {python.py:202} INFO - Done. Returned value was: None
[2025-12-16T11:05:03.147+0000] {taskinstance.py:1149} INFO - Marking task as SUCCESS. dag_id=daily_code_update, task_id=update_region_name, execution_date=20251112T150000, start_date=20251216T110502, end_date=20251216T110503
[2025-12-16T11:05:03.214+0000] {local_task_job_runner.py:234} INFO - Task exited with return code 0
[2025-12-16T11:05:03.232+0000] {taskinstance.py:3312} INFO - 0 downstream tasks scheduled from follow-on schedule check
[2025-12-22T12:00:42.427+0000] {taskinstance.py:1979} INFO - Dependencies all met for dep_context=non-requeueable deps ti=<TaskInstance: daily_code_update.update_region_name scheduled__2025-11-12T15:00:00+00:00 [queued]>
[2025-12-22T12:00:42.441+0000] {taskinstance.py:1979} INFO - Dependencies all met for dep_context=requeueable deps ti=<TaskInstance: daily_code_update.update_region_name scheduled__2025-11-12T15:00:00+00:00 [queued]>
[2025-12-22T12:00:42.445+0000] {taskinstance.py:2193} INFO - Starting attempt 1 of 2
[2025-12-22T12:00:42.491+0000] {taskinstance.py:2217} INFO - Executing <Task(PythonOperator): update_region_name> on 2025-11-12 15:00:00+00:00
[2025-12-22T12:00:42.500+0000] {standard_task_runner.py:60} INFO - Started process 509 to run task
[2025-12-22T12:00:42.504+0000] {standard_task_runner.py:87} INFO - Running: ['airflow', 'tasks', 'run', 'daily_code_update', 'update_region_name', 'scheduled__2025-11-12T15:00:00+00:00', '--job-id', '101', '--raw', '--subdir', 'DAGS_FOLDER/code_update_dag.py', '--cfg-path', '/tmp/tmp0u16fluk']
[2025-12-22T12:00:42.509+0000] {standard_task_runner.py:88} INFO - Job 101: Subtask update_region_name
[2025-12-22T12:00:42.600+0000] {task_command.py:423} INFO - Running <TaskInstance: daily_code_update.update_region_name scheduled__2025-11-12T15:00:00+00:00 [running]> on host a5c0974290b2
[2025-12-22T12:00:42.763+0000] {taskinstance.py:2513} INFO - Exporting env vars: AIRFLOW_CTX_DAG_OWNER='navisafe' AIRFLOW_CTX_DAG_ID='daily_code_update' AIRFLOW_CTX_TASK_ID='update_region_name' AIRFLOW_CTX_EXECUTION_DATE='2025-11-12T15:00:00+00:00' AIRFLOW_CTX_TRY_NUMBER='1' AIRFLOW_CTX_DAG_RUN_ID='scheduled__2025-11-12T15:00:00+00:00'
[2025-12-22T12:00:42.764+0000] {logging_mixin.py:188} INFO - [INFO] update_region_code_name 실행 시작
[2025-12-22T12:00:42.876+0000] {base.py:83} INFO - Using connection ID 'navisafe_mysql' for task execution.
[2025-12-22T12:00:42.880+0000] {logging_mixin.py:188} INFO - [INFO] 25개의 지역 코드 저장 완료
[2025-12-22T12:00:42.881+0000] {logging_mixin.py:188} INFO - [INFO] update_region_code_name 완료
[2025-12-22T12:00:42.883+0000] {python.py:202} INFO - Done. Returned value was: None
[2025-12-22T12:00:42.891+0000] {taskinstance.py:1149} INFO - Marking task as SUCCESS. dag_id=daily_code_update, task_id=update_region_name, execution_date=20251112T150000, start_date=20251222T120042, end_date=20251222T120042
[2025-12-22T12:00:42.962+0000] {local_task_job_runner.py:234} INFO - Task exited with return code 0
[2025-12-22T12:00:42.973+0000] {taskinstance.py:3312} INFO - 0 downstream tasks scheduled from follow-on schedule check
