[2025-12-16T11:05:01.328+0000] {taskinstance.py:1979} INFO - Dependencies all met for dep_context=non-requeueable deps ti=<TaskInstance: daily_code_update.update_outbreak_detail_code_name scheduled__2025-11-08T15:00:00+00:00 [queued]>
[2025-12-16T11:05:01.343+0000] {taskinstance.py:1979} INFO - Dependencies all met for dep_context=requeueable deps ti=<TaskInstance: daily_code_update.update_outbreak_detail_code_name scheduled__2025-11-08T15:00:00+00:00 [queued]>
[2025-12-16T11:05:01.345+0000] {taskinstance.py:2193} INFO - Starting attempt 1 of 2
[2025-12-16T11:05:01.441+0000] {taskinstance.py:2217} INFO - Executing <Task(PythonOperator): update_outbreak_detail_code_name> on 2025-11-08 15:00:00+00:00
[2025-12-16T11:05:01.454+0000] {standard_task_runner.py:60} INFO - Started process 434 to run task
[2025-12-16T11:05:01.458+0000] {standard_task_runner.py:87} INFO - Running: ['airflow', 'tasks', 'run', 'daily_code_update', 'update_outbreak_detail_code_name', 'scheduled__2025-11-08T15:00:00+00:00', '--job-id', '89', '--raw', '--subdir', 'DAGS_FOLDER/code_update_dag.py', '--cfg-path', '/tmp/tmp8n56kjxc']
[2025-12-16T11:05:01.463+0000] {standard_task_runner.py:88} INFO - Job 89: Subtask update_outbreak_detail_code_name
[2025-12-16T11:05:01.590+0000] {task_command.py:423} INFO - Running <TaskInstance: daily_code_update.update_outbreak_detail_code_name scheduled__2025-11-08T15:00:00+00:00 [running]> on host d011923f8fa9
[2025-12-16T11:05:01.925+0000] {taskinstance.py:2513} INFO - Exporting env vars: AIRFLOW_CTX_DAG_OWNER='navisafe' AIRFLOW_CTX_DAG_ID='daily_code_update' AIRFLOW_CTX_TASK_ID='update_outbreak_detail_code_name' AIRFLOW_CTX_EXECUTION_DATE='2025-11-08T15:00:00+00:00' AIRFLOW_CTX_TRY_NUMBER='1' AIRFLOW_CTX_DAG_RUN_ID='scheduled__2025-11-08T15:00:00+00:00'
[2025-12-16T11:05:01.931+0000] {logging_mixin.py:188} INFO - [INFO] update_outbreak_detail_code_name 실행 시작
[2025-12-16T11:05:02.173+0000] {logging_mixin.py:188} INFO - [INFO] 43개의 돌발 세부 유형 코드 저장 완료
[2025-12-16T11:05:02.174+0000] {logging_mixin.py:188} INFO - [INFO] update_outbreak_detail_code_name 완료
[2025-12-16T11:05:02.174+0000] {python.py:202} INFO - Done. Returned value was: None
[2025-12-16T11:05:02.182+0000] {taskinstance.py:1149} INFO - Marking task as SUCCESS. dag_id=daily_code_update, task_id=update_outbreak_detail_code_name, execution_date=20251108T150000, start_date=20251216T110501, end_date=20251216T110502
[2025-12-16T11:05:02.360+0000] {local_task_job_runner.py:234} INFO - Task exited with return code 0
[2025-12-16T11:05:02.471+0000] {taskinstance.py:3312} INFO - 0 downstream tasks scheduled from follow-on schedule check
[2025-12-22T12:00:36.903+0000] {taskinstance.py:1979} INFO - Dependencies all met for dep_context=non-requeueable deps ti=<TaskInstance: daily_code_update.update_outbreak_detail_code_name scheduled__2025-11-08T15:00:00+00:00 [queued]>
[2025-12-22T12:00:36.918+0000] {taskinstance.py:1979} INFO - Dependencies all met for dep_context=requeueable deps ti=<TaskInstance: daily_code_update.update_outbreak_detail_code_name scheduled__2025-11-08T15:00:00+00:00 [queued]>
[2025-12-22T12:00:36.919+0000] {taskinstance.py:2193} INFO - Starting attempt 1 of 2
[2025-12-22T12:00:36.963+0000] {taskinstance.py:2217} INFO - Executing <Task(PythonOperator): update_outbreak_detail_code_name> on 2025-11-08 15:00:00+00:00
[2025-12-22T12:00:36.971+0000] {standard_task_runner.py:60} INFO - Started process 475 to run task
[2025-12-22T12:00:36.982+0000] {standard_task_runner.py:87} INFO - Running: ['airflow', 'tasks', 'run', 'daily_code_update', 'update_outbreak_detail_code_name', 'scheduled__2025-11-08T15:00:00+00:00', '--job-id', '83', '--raw', '--subdir', 'DAGS_FOLDER/code_update_dag.py', '--cfg-path', '/tmp/tmp_xmkc4xe']
[2025-12-22T12:00:36.986+0000] {standard_task_runner.py:88} INFO - Job 83: Subtask update_outbreak_detail_code_name
[2025-12-22T12:00:37.118+0000] {task_command.py:423} INFO - Running <TaskInstance: daily_code_update.update_outbreak_detail_code_name scheduled__2025-11-08T15:00:00+00:00 [running]> on host a5c0974290b2
[2025-12-22T12:00:37.244+0000] {taskinstance.py:2513} INFO - Exporting env vars: AIRFLOW_CTX_DAG_OWNER='navisafe' AIRFLOW_CTX_DAG_ID='daily_code_update' AIRFLOW_CTX_TASK_ID='update_outbreak_detail_code_name' AIRFLOW_CTX_EXECUTION_DATE='2025-11-08T15:00:00+00:00' AIRFLOW_CTX_TRY_NUMBER='1' AIRFLOW_CTX_DAG_RUN_ID='scheduled__2025-11-08T15:00:00+00:00'
[2025-12-22T12:00:37.245+0000] {logging_mixin.py:188} INFO - [INFO] update_outbreak_detail_code_name 실행 시작
[2025-12-22T12:00:37.388+0000] {base.py:83} INFO - Using connection ID 'navisafe_mysql' for task execution.
[2025-12-22T12:00:37.400+0000] {logging_mixin.py:188} INFO - [INFO] 43개의 돌발 세부 유형 코드 저장 완료
[2025-12-22T12:00:37.401+0000] {logging_mixin.py:188} INFO - [INFO] update_outbreak_detail_code_name 완료
[2025-12-22T12:00:37.403+0000] {python.py:202} INFO - Done. Returned value was: None
[2025-12-22T12:00:37.416+0000] {taskinstance.py:1149} INFO - Marking task as SUCCESS. dag_id=daily_code_update, task_id=update_outbreak_detail_code_name, execution_date=20251108T150000, start_date=20251222T120036, end_date=20251222T120037
[2025-12-22T12:00:37.478+0000] {local_task_job_runner.py:234} INFO - Task exited with return code 0
[2025-12-22T12:00:37.505+0000] {taskinstance.py:3312} INFO - 0 downstream tasks scheduled from follow-on schedule check
