[2025-12-16T11:05:10.738+0000] {taskinstance.py:1979} INFO - Dependencies all met for dep_context=non-requeueable deps ti=<TaskInstance: daily_code_update.update_outbreak_detail_code_name scheduled__2025-11-25T15:00:00+00:00 [queued]>
[2025-12-16T11:05:10.752+0000] {taskinstance.py:1979} INFO - Dependencies all met for dep_context=requeueable deps ti=<TaskInstance: daily_code_update.update_outbreak_detail_code_name scheduled__2025-11-25T15:00:00+00:00 [queued]>
[2025-12-16T11:05:10.753+0000] {taskinstance.py:2193} INFO - Starting attempt 1 of 2
[2025-12-16T11:05:10.893+0000] {taskinstance.py:2217} INFO - Executing <Task(PythonOperator): update_outbreak_detail_code_name> on 2025-11-25 15:00:00+00:00
[2025-12-16T11:05:10.901+0000] {standard_task_runner.py:60} INFO - Started process 570 to run task
[2025-12-16T11:05:10.905+0000] {standard_task_runner.py:87} INFO - Running: ['airflow', 'tasks', 'run', 'daily_code_update', 'update_outbreak_detail_code_name', 'scheduled__2025-11-25T15:00:00+00:00', '--job-id', '142', '--raw', '--subdir', 'DAGS_FOLDER/code_update_dag.py', '--cfg-path', '/tmp/tmpvnjsb68x']
[2025-12-16T11:05:10.909+0000] {standard_task_runner.py:88} INFO - Job 142: Subtask update_outbreak_detail_code_name
[2025-12-16T11:05:11.013+0000] {task_command.py:423} INFO - Running <TaskInstance: daily_code_update.update_outbreak_detail_code_name scheduled__2025-11-25T15:00:00+00:00 [running]> on host d011923f8fa9
[2025-12-16T11:05:11.263+0000] {taskinstance.py:2513} INFO - Exporting env vars: AIRFLOW_CTX_DAG_OWNER='navisafe' AIRFLOW_CTX_DAG_ID='daily_code_update' AIRFLOW_CTX_TASK_ID='update_outbreak_detail_code_name' AIRFLOW_CTX_EXECUTION_DATE='2025-11-25T15:00:00+00:00' AIRFLOW_CTX_TRY_NUMBER='1' AIRFLOW_CTX_DAG_RUN_ID='scheduled__2025-11-25T15:00:00+00:00'
[2025-12-16T11:05:11.268+0000] {logging_mixin.py:188} INFO - [INFO] update_outbreak_detail_code_name 실행 시작
[2025-12-16T11:05:11.548+0000] {logging_mixin.py:188} INFO - [INFO] 43개의 돌발 세부 유형 코드 저장 완료
[2025-12-16T11:05:11.556+0000] {logging_mixin.py:188} INFO - [INFO] update_outbreak_detail_code_name 완료
[2025-12-16T11:05:11.560+0000] {python.py:202} INFO - Done. Returned value was: None
[2025-12-16T11:05:11.571+0000] {taskinstance.py:1149} INFO - Marking task as SUCCESS. dag_id=daily_code_update, task_id=update_outbreak_detail_code_name, execution_date=20251125T150000, start_date=20251216T110510, end_date=20251216T110511
[2025-12-16T11:05:11.639+0000] {local_task_job_runner.py:234} INFO - Task exited with return code 0
[2025-12-16T11:05:11.660+0000] {taskinstance.py:3312} INFO - 0 downstream tasks scheduled from follow-on schedule check
[2025-12-22T12:00:49.297+0000] {taskinstance.py:1979} INFO - Dependencies all met for dep_context=non-requeueable deps ti=<TaskInstance: daily_code_update.update_outbreak_detail_code_name scheduled__2025-11-25T15:00:00+00:00 [queued]>
[2025-12-22T12:00:49.309+0000] {taskinstance.py:1979} INFO - Dependencies all met for dep_context=requeueable deps ti=<TaskInstance: daily_code_update.update_outbreak_detail_code_name scheduled__2025-11-25T15:00:00+00:00 [queued]>
[2025-12-22T12:00:49.310+0000] {taskinstance.py:2193} INFO - Starting attempt 1 of 2
[2025-12-22T12:00:49.452+0000] {taskinstance.py:2217} INFO - Executing <Task(PythonOperator): update_outbreak_detail_code_name> on 2025-11-25 15:00:00+00:00
[2025-12-22T12:00:49.458+0000] {standard_task_runner.py:60} INFO - Started process 586 to run task
[2025-12-22T12:00:49.461+0000] {standard_task_runner.py:87} INFO - Running: ['airflow', 'tasks', 'run', 'daily_code_update', 'update_outbreak_detail_code_name', 'scheduled__2025-11-25T15:00:00+00:00', '--job-id', '139', '--raw', '--subdir', 'DAGS_FOLDER/code_update_dag.py', '--cfg-path', '/tmp/tmpg99gvr9d']
[2025-12-22T12:00:49.464+0000] {standard_task_runner.py:88} INFO - Job 139: Subtask update_outbreak_detail_code_name
[2025-12-22T12:00:49.546+0000] {task_command.py:423} INFO - Running <TaskInstance: daily_code_update.update_outbreak_detail_code_name scheduled__2025-11-25T15:00:00+00:00 [running]> on host a5c0974290b2
[2025-12-22T12:00:49.674+0000] {taskinstance.py:2513} INFO - Exporting env vars: AIRFLOW_CTX_DAG_OWNER='navisafe' AIRFLOW_CTX_DAG_ID='daily_code_update' AIRFLOW_CTX_TASK_ID='update_outbreak_detail_code_name' AIRFLOW_CTX_EXECUTION_DATE='2025-11-25T15:00:00+00:00' AIRFLOW_CTX_TRY_NUMBER='1' AIRFLOW_CTX_DAG_RUN_ID='scheduled__2025-11-25T15:00:00+00:00'
[2025-12-22T12:00:49.675+0000] {logging_mixin.py:188} INFO - [INFO] update_outbreak_detail_code_name 실행 시작
[2025-12-22T12:00:49.767+0000] {base.py:83} INFO - Using connection ID 'navisafe_mysql' for task execution.
[2025-12-22T12:00:49.771+0000] {logging_mixin.py:188} INFO - [INFO] 43개의 돌발 세부 유형 코드 저장 완료
[2025-12-22T12:00:49.772+0000] {logging_mixin.py:188} INFO - [INFO] update_outbreak_detail_code_name 완료
[2025-12-22T12:00:49.773+0000] {python.py:202} INFO - Done. Returned value was: None
[2025-12-22T12:00:49.778+0000] {taskinstance.py:1149} INFO - Marking task as SUCCESS. dag_id=daily_code_update, task_id=update_outbreak_detail_code_name, execution_date=20251125T150000, start_date=20251222T120049, end_date=20251222T120049
[2025-12-22T12:00:49.835+0000] {local_task_job_runner.py:234} INFO - Task exited with return code 0
[2025-12-22T12:00:49.846+0000] {taskinstance.py:3312} INFO - 0 downstream tasks scheduled from follow-on schedule check
