[2025-12-16T11:19:05.846+0000] {taskinstance.py:1979} INFO - Dependencies all met for dep_context=non-requeueable deps ti=<TaskInstance: linkinfo_dag.process_linkinfo manual__2025-12-16T11:19:04.068718+00:00 [queued]>
[2025-12-16T11:19:05.852+0000] {taskinstance.py:1979} INFO - Dependencies all met for dep_context=requeueable deps ti=<TaskInstance: linkinfo_dag.process_linkinfo manual__2025-12-16T11:19:04.068718+00:00 [queued]>
[2025-12-16T11:19:05.853+0000] {taskinstance.py:2193} INFO - Starting attempt 1 of 1
[2025-12-16T11:19:05.867+0000] {taskinstance.py:2217} INFO - Executing <Task(PythonOperator): process_linkinfo> on 2025-12-16 11:19:04.068718+00:00
[2025-12-16T11:19:05.872+0000] {standard_task_runner.py:60} INFO - Started process 335 to run task
[2025-12-16T11:19:05.874+0000] {standard_task_runner.py:87} INFO - Running: ['airflow', 'tasks', 'run', 'linkinfo_dag', 'process_linkinfo', 'manual__2025-12-16T11:19:04.068718+00:00', '--job-id', '275', '--raw', '--subdir', 'DAGS_FOLDER/linkinfo_dag.py', '--cfg-path', '/tmp/tmp2s_ylj_4']
[2025-12-16T11:19:05.876+0000] {standard_task_runner.py:88} INFO - Job 275: Subtask process_linkinfo
[2025-12-16T11:19:05.922+0000] {task_command.py:423} INFO - Running <TaskInstance: linkinfo_dag.process_linkinfo manual__2025-12-16T11:19:04.068718+00:00 [running]> on host 5d74948b19c1
[2025-12-16T11:19:05.981+0000] {taskinstance.py:2513} INFO - Exporting env vars: AIRFLOW_CTX_DAG_OWNER='airflow' AIRFLOW_CTX_DAG_ID='linkinfo_dag' AIRFLOW_CTX_TASK_ID='process_linkinfo' AIRFLOW_CTX_EXECUTION_DATE='2025-12-16T11:19:04.068718+00:00' AIRFLOW_CTX_TRY_NUMBER='1' AIRFLOW_CTX_DAG_RUN_ID='manual__2025-12-16T11:19:04.068718+00:00'
[2025-12-16T11:19:06.033+0000] {logging_mixin.py:188} INFO - Redis에서 꺼낸 item: {"link_id": "1180001100"}
[2025-12-16T11:19:06.034+0000] {logging_mixin.py:188} INFO - 파싱 후 link_id: 1180001100
[2025-12-16T11:19:06.034+0000] {logging_mixin.py:188} INFO - Redis에서 꺼낸 item: {"link_id": "1010007300"}
[2025-12-16T11:19:06.034+0000] {logging_mixin.py:188} INFO - 파싱 후 link_id: 1010007300
[2025-12-16T11:19:06.035+0000] {logging_mixin.py:188} INFO - Redis에서 꺼낸 item: {"link_id": "1230016700"}
[2025-12-16T11:19:06.035+0000] {logging_mixin.py:188} INFO - 파싱 후 link_id: 1230016700
[2025-12-16T11:19:06.035+0000] {logging_mixin.py:188} INFO - Redis에서 꺼낸 item: {"link_id": "1150020300"}
[2025-12-16T11:19:06.035+0000] {logging_mixin.py:188} INFO - 파싱 후 link_id: 1150020300
[2025-12-16T11:19:06.036+0000] {logging_mixin.py:188} INFO - Redis에서 꺼낸 item: {"link_id": "1190000600"}
[2025-12-16T11:19:06.036+0000] {logging_mixin.py:188} INFO - 파싱 후 link_id: 1190000600
[2025-12-16T11:19:06.036+0000] {logging_mixin.py:188} INFO - Redis에서 꺼낸 item: {"link_id": "1180005500"}
[2025-12-16T11:19:06.036+0000] {logging_mixin.py:188} INFO - 파싱 후 link_id: 1180005500
[2025-12-16T11:19:06.037+0000] {logging_mixin.py:188} INFO - [INFO] 6개의 LINK_ID 데이터를 처리합니다...
[2025-12-16T11:19:06.037+0000] {logging_mixin.py:188} INFO - Calling LinkInfo API: http://openapi.seoul.go.kr:8088/656b61716d646e6439377847526d4c/xml/LinkInfo/1/5/1180001100/
[2025-12-16T11:19:06.269+0000] {logging_mixin.py:188} INFO - {'link_id': '1180001100', 'road_name': '경인로', 'st_node_nm': '서울교남단', 'ed_node_nm': '영등포로타리', 'map_dist': 273, 'reg_cd': 118}
[2025-12-16T11:19:06.270+0000] {logging_mixin.py:188} INFO - Calling TrafficInfo API: http://openapi.seoul.go.kr:8088/436b63764a646e643130395474737472/xml/TrafficInfo/1/5/1180001100/
[2025-12-16T11:19:06.395+0000] {logging_mixin.py:188} INFO - link_info 데이터 삽입 완료
[2025-12-16T11:19:06.397+0000] {logging_mixin.py:188} INFO - ROAD_TRAFFIC 데이터 삽입 완료
[2025-12-16T11:19:06.397+0000] {logging_mixin.py:188} INFO - Calling LinkInfo API: http://openapi.seoul.go.kr:8088/656b61716d646e6439377847526d4c/xml/LinkInfo/1/5/1010007300/
[2025-12-16T11:19:06.527+0000] {logging_mixin.py:188} INFO - {'link_id': '1010007300', 'road_name': '서소문로', 'st_node_nm': '시청역', 'ed_node_nm': '경찰청앞', 'map_dist': 686, 'reg_cd': 101}
[2025-12-16T11:19:06.528+0000] {logging_mixin.py:188} INFO - Calling TrafficInfo API: http://openapi.seoul.go.kr:8088/436b63764a646e643130395474737472/xml/TrafficInfo/1/5/1010007300/
[2025-12-16T11:19:06.623+0000] {logging_mixin.py:188} INFO - link_info 데이터 삽입 완료
[2025-12-16T11:19:06.625+0000] {logging_mixin.py:188} INFO - ROAD_TRAFFIC 데이터 삽입 완료
[2025-12-16T11:19:06.625+0000] {logging_mixin.py:188} INFO - Calling LinkInfo API: http://openapi.seoul.go.kr:8088/656b61716d646e6439377847526d4c/xml/LinkInfo/1/5/1230016700/
[2025-12-16T11:19:06.720+0000] {logging_mixin.py:188} INFO - {'link_id': '1230016700', 'road_name': '탄천동로', 'st_node_nm': '서울종합운동장', 'ed_node_nm': '잠실유수지', 'map_dist': 1538, 'reg_cd': 123}
[2025-12-16T11:19:06.720+0000] {logging_mixin.py:188} INFO - Calling TrafficInfo API: http://openapi.seoul.go.kr:8088/436b63764a646e643130395474737472/xml/TrafficInfo/1/5/1230016700/
[2025-12-16T11:19:06.820+0000] {logging_mixin.py:188} INFO - link_info 데이터 삽입 완료
[2025-12-16T11:19:06.820+0000] {logging_mixin.py:188} INFO - Calling LinkInfo API: http://openapi.seoul.go.kr:8088/656b61716d646e6439377847526d4c/xml/LinkInfo/1/5/1150020300/
[2025-12-16T11:19:06.919+0000] {logging_mixin.py:188} INFO - {'link_id': '1150020300', 'road_name': '방화대로', 'st_node_nm': '신방화사거리', 'ed_node_nm': '강서공고앞', 'map_dist': 313, 'reg_cd': 115}
[2025-12-16T11:19:06.920+0000] {logging_mixin.py:188} INFO - Calling TrafficInfo API: http://openapi.seoul.go.kr:8088/436b63764a646e643130395474737472/xml/TrafficInfo/1/5/1150020300/
[2025-12-16T11:19:07.031+0000] {logging_mixin.py:188} INFO - link_info 데이터 삽입 완료
[2025-12-16T11:19:07.032+0000] {logging_mixin.py:188} INFO - Calling LinkInfo API: http://openapi.seoul.go.kr:8088/656b61716d646e6439377847526d4c/xml/LinkInfo/1/5/1190000600/
[2025-12-16T11:19:07.130+0000] {logging_mixin.py:188} INFO - {'link_id': '1190000600', 'road_name': '올림픽대로', 'st_node_nm': '여의상류IC', 'ed_node_nm': '여의하류IC', 'map_dist': 4152, 'reg_cd': 119}
[2025-12-16T11:19:07.130+0000] {logging_mixin.py:188} INFO - Calling TrafficInfo API: http://openapi.seoul.go.kr:8088/436b63764a646e643130395474737472/xml/TrafficInfo/1/5/1190000600/
[2025-12-16T11:19:07.227+0000] {logging_mixin.py:188} INFO - link_info 데이터 삽입 완료
[2025-12-16T11:19:07.228+0000] {logging_mixin.py:188} INFO - ROAD_TRAFFIC 데이터 삽입 완료
[2025-12-16T11:19:07.228+0000] {logging_mixin.py:188} INFO - Calling LinkInfo API: http://openapi.seoul.go.kr:8088/656b61716d646e6439377847526d4c/xml/LinkInfo/1/5/1180005500/
[2025-12-16T11:19:07.322+0000] {logging_mixin.py:188} INFO - {'link_id': '1180005500', 'road_name': '성산로', 'st_node_nm': '성산대교남단', 'ed_node_nm': '성산대교북단', 'map_dist': 1177, 'reg_cd': 118}
[2025-12-16T11:19:07.322+0000] {logging_mixin.py:188} INFO - Calling TrafficInfo API: http://openapi.seoul.go.kr:8088/436b63764a646e643130395474737472/xml/TrafficInfo/1/5/1180005500/
[2025-12-16T11:19:07.426+0000] {logging_mixin.py:188} INFO - link_info 데이터 삽입 완료
[2025-12-16T11:19:07.428+0000] {logging_mixin.py:188} INFO - ROAD_TRAFFIC 데이터 삽입 완료
[2025-12-16T11:19:07.437+0000] {logging_mixin.py:188} INFO - [INFO] 6개의 LINK_ID 데이터 처리 완료
[2025-12-16T11:19:07.439+0000] {python.py:202} INFO - Done. Returned value was: None
[2025-12-16T11:19:07.446+0000] {taskinstance.py:1149} INFO - Marking task as SUCCESS. dag_id=linkinfo_dag, task_id=process_linkinfo, execution_date=20251216T111904, start_date=20251216T111905, end_date=20251216T111907
[2025-12-16T11:19:07.491+0000] {local_task_job_runner.py:234} INFO - Task exited with return code 0
[2025-12-16T11:19:07.504+0000] {taskinstance.py:3312} INFO - 1 downstream tasks scheduled from follow-on schedule check
