[2025-12-16T11:05:23.998+0000] {taskinstance.py:1979} INFO - Dependencies all met for dep_context=non-requeueable deps ti=<TaskInstance: daily_code_update.update_region_name scheduled__2025-12-14T15:00:00+00:00 [queued]>
[2025-12-16T11:05:24.006+0000] {taskinstance.py:1979} INFO - Dependencies all met for dep_context=requeueable deps ti=<TaskInstance: daily_code_update.update_region_name scheduled__2025-12-14T15:00:00+00:00 [queued]>
[2025-12-16T11:05:24.007+0000] {taskinstance.py:2193} INFO - Starting attempt 1 of 2
[2025-12-16T11:05:24.042+0000] {taskinstance.py:2217} INFO - Executing <Task(PythonOperator): update_region_name> on 2025-12-14 15:00:00+00:00
[2025-12-16T11:05:24.064+0000] {standard_task_runner.py:60} INFO - Started process 681 to run task
[2025-12-16T11:05:24.066+0000] {standard_task_runner.py:87} INFO - Running: ['airflow', 'tasks', 'run', 'daily_code_update', 'update_region_name', 'scheduled__2025-12-14T15:00:00+00:00', '--job-id', '200', '--raw', '--subdir', 'DAGS_FOLDER/code_update_dag.py', '--cfg-path', '/tmp/tmpzd33wbxb']
[2025-12-16T11:05:24.068+0000] {standard_task_runner.py:88} INFO - Job 200: Subtask update_region_name
[2025-12-16T11:05:24.150+0000] {task_command.py:423} INFO - Running <TaskInstance: daily_code_update.update_region_name scheduled__2025-12-14T15:00:00+00:00 [running]> on host d011923f8fa9
[2025-12-16T11:05:24.274+0000] {taskinstance.py:2513} INFO - Exporting env vars: AIRFLOW_CTX_DAG_OWNER='navisafe' AIRFLOW_CTX_DAG_ID='daily_code_update' AIRFLOW_CTX_TASK_ID='update_region_name' AIRFLOW_CTX_EXECUTION_DATE='2025-12-14T15:00:00+00:00' AIRFLOW_CTX_TRY_NUMBER='1' AIRFLOW_CTX_DAG_RUN_ID='scheduled__2025-12-14T15:00:00+00:00'
[2025-12-16T11:05:24.275+0000] {logging_mixin.py:188} INFO - [INFO] update_region_code_name 실행 시작
[2025-12-16T11:05:24.443+0000] {logging_mixin.py:188} INFO - [INFO] 25개의 지역 코드 저장 완료
[2025-12-16T11:05:24.444+0000] {logging_mixin.py:188} INFO - [INFO] update_region_code_name 완료
[2025-12-16T11:05:24.444+0000] {python.py:202} INFO - Done. Returned value was: None
[2025-12-16T11:05:24.449+0000] {taskinstance.py:1149} INFO - Marking task as SUCCESS. dag_id=daily_code_update, task_id=update_region_name, execution_date=20251214T150000, start_date=20251216T110523, end_date=20251216T110524
[2025-12-16T11:05:24.480+0000] {local_task_job_runner.py:234} INFO - Task exited with return code 0
[2025-12-16T11:05:24.490+0000] {taskinstance.py:3312} INFO - 0 downstream tasks scheduled from follow-on schedule check
[2025-12-22T12:01:01.070+0000] {taskinstance.py:1979} INFO - Dependencies all met for dep_context=non-requeueable deps ti=<TaskInstance: daily_code_update.update_region_name scheduled__2025-12-14T15:00:00+00:00 [queued]>
[2025-12-22T12:01:01.081+0000] {taskinstance.py:1979} INFO - Dependencies all met for dep_context=requeueable deps ti=<TaskInstance: daily_code_update.update_region_name scheduled__2025-12-14T15:00:00+00:00 [queued]>
[2025-12-22T12:01:01.081+0000] {taskinstance.py:2193} INFO - Starting attempt 1 of 2
[2025-12-22T12:01:01.129+0000] {taskinstance.py:2217} INFO - Executing <Task(PythonOperator): update_region_name> on 2025-12-14 15:00:00+00:00
[2025-12-22T12:01:01.144+0000] {standard_task_runner.py:60} INFO - Started process 720 to run task
[2025-12-22T12:01:01.147+0000] {standard_task_runner.py:87} INFO - Running: ['airflow', 'tasks', 'run', 'daily_code_update', 'update_region_name', 'scheduled__2025-12-14T15:00:00+00:00', '--job-id', '192', '--raw', '--subdir', 'DAGS_FOLDER/code_update_dag.py', '--cfg-path', '/tmp/tmpvl7iztyp']
[2025-12-22T12:01:01.150+0000] {standard_task_runner.py:88} INFO - Job 192: Subtask update_region_name
[2025-12-22T12:01:01.232+0000] {task_command.py:423} INFO - Running <TaskInstance: daily_code_update.update_region_name scheduled__2025-12-14T15:00:00+00:00 [running]> on host a5c0974290b2
[2025-12-22T12:01:01.360+0000] {taskinstance.py:2513} INFO - Exporting env vars: AIRFLOW_CTX_DAG_OWNER='navisafe' AIRFLOW_CTX_DAG_ID='daily_code_update' AIRFLOW_CTX_TASK_ID='update_region_name' AIRFLOW_CTX_EXECUTION_DATE='2025-12-14T15:00:00+00:00' AIRFLOW_CTX_TRY_NUMBER='1' AIRFLOW_CTX_DAG_RUN_ID='scheduled__2025-12-14T15:00:00+00:00'
[2025-12-22T12:01:01.361+0000] {logging_mixin.py:188} INFO - [INFO] update_region_code_name 실행 시작
[2025-12-22T12:01:01.622+0000] {base.py:83} INFO - Using connection ID 'navisafe_mysql' for task execution.
[2025-12-22T12:01:01.626+0000] {logging_mixin.py:188} INFO - [INFO] 25개의 지역 코드 저장 완료
[2025-12-22T12:01:01.626+0000] {logging_mixin.py:188} INFO - [INFO] update_region_code_name 완료
[2025-12-22T12:01:01.627+0000] {python.py:202} INFO - Done. Returned value was: None
[2025-12-22T12:01:01.632+0000] {taskinstance.py:1149} INFO - Marking task as SUCCESS. dag_id=daily_code_update, task_id=update_region_name, execution_date=20251214T150000, start_date=20251222T120101, end_date=20251222T120101
[2025-12-22T12:01:01.681+0000] {local_task_job_runner.py:234} INFO - Task exited with return code 0
[2025-12-22T12:01:01.695+0000] {taskinstance.py:3312} INFO - 0 downstream tasks scheduled from follow-on schedule check
