[2025-12-16T11:04:42.034+0000] {taskinstance.py:1979} INFO - Dependencies all met for dep_context=non-requeueable deps ti=<TaskInstance: update_shelter_data_monthly.run_shelter_worker scheduled__2025-11-01T00:00:00+00:00 [queued]>
[2025-12-16T11:04:42.048+0000] {taskinstance.py:1979} INFO - Dependencies all met for dep_context=requeueable deps ti=<TaskInstance: update_shelter_data_monthly.run_shelter_worker scheduled__2025-11-01T00:00:00+00:00 [queued]>
[2025-12-16T11:04:42.053+0000] {taskinstance.py:2193} INFO - Starting attempt 1 of 2
[2025-12-16T11:04:42.118+0000] {taskinstance.py:2217} INFO - Executing <Task(BashOperator): run_shelter_worker> on 2025-11-01 00:00:00+00:00
[2025-12-16T11:04:42.126+0000] {standard_task_runner.py:60} INFO - Started process 272 to run task
[2025-12-16T11:04:42.160+0000] {standard_task_runner.py:87} INFO - Running: ['airflow', 'tasks', 'run', 'update_shelter_data_monthly', 'run_shelter_worker', 'scheduled__2025-11-01T00:00:00+00:00', '--job-id', '9', '--raw', '--subdir', 'DAGS_FOLDER/shelter_update_dag.py', '--cfg-path', '/tmp/tmppk2o991q']
[2025-12-16T11:04:42.190+0000] {standard_task_runner.py:88} INFO - Job 9: Subtask run_shelter_worker
[2025-12-16T11:04:42.411+0000] {task_command.py:423} INFO - Running <TaskInstance: update_shelter_data_monthly.run_shelter_worker scheduled__2025-11-01T00:00:00+00:00 [running]> on host d011923f8fa9
[2025-12-16T11:04:42.650+0000] {taskinstance.py:2513} INFO - Exporting env vars: AIRFLOW_CTX_DAG_OWNER='data_engineer' AIRFLOW_CTX_DAG_ID='update_shelter_data_monthly' AIRFLOW_CTX_TASK_ID='run_shelter_worker' AIRFLOW_CTX_EXECUTION_DATE='2025-11-01T00:00:00+00:00' AIRFLOW_CTX_TRY_NUMBER='1' AIRFLOW_CTX_DAG_RUN_ID='scheduled__2025-11-01T00:00:00+00:00'
[2025-12-16T11:04:42.654+0000] {subprocess.py:63} INFO - Tmp dir root location: /tmp
[2025-12-16T11:04:42.660+0000] {subprocess.py:75} INFO - Running command: ['/usr/bin/bash', '-c', 'python /opt/airflow/plugins/airflow_utils/shelter_worker.py']
[2025-12-16T11:04:42.684+0000] {subprocess.py:86} INFO - Output:
[2025-12-16T11:04:49.820+0000] {subprocess.py:93} INFO - [INFO] API 호출 시작 → 코드 1
[2025-12-16T11:04:49.825+0000] {subprocess.py:93} INFO - [INFO] 1000개의 데이터 저장 완료
[2025-12-16T11:04:49.826+0000] {subprocess.py:93} INFO - [INFO] API 호출 시작 → 코드 2
[2025-12-16T11:04:49.826+0000] {subprocess.py:93} INFO - [INFO] 1000개의 데이터 저장 완료
[2025-12-16T11:04:49.827+0000] {subprocess.py:93} INFO - [INFO] API 호출 시작 → 코드 3
[2025-12-16T11:04:49.827+0000] {subprocess.py:93} INFO - [INFO] 1000개의 데이터 저장 완료
[2025-12-16T11:04:49.828+0000] {subprocess.py:93} INFO - [INFO] API 호출 시작 → 코드 4
[2025-12-16T11:04:49.829+0000] {subprocess.py:93} INFO - [INFO] 206개의 데이터 저장 완료
[2025-12-16T11:04:49.829+0000] {subprocess.py:93} INFO - [SYSTEM] 모든 Shelter 데이터 수집 완료
[2025-12-16T11:04:49.851+0000] {subprocess.py:97} INFO - Command exited with return code 0
[2025-12-16T11:04:49.887+0000] {taskinstance.py:1149} INFO - Marking task as SUCCESS. dag_id=update_shelter_data_monthly, task_id=run_shelter_worker, execution_date=20251101T000000, start_date=20251216T110442, end_date=20251216T110449
[2025-12-16T11:04:49.943+0000] {local_task_job_runner.py:234} INFO - Task exited with return code 0
[2025-12-16T11:04:49.953+0000] {taskinstance.py:3312} INFO - 0 downstream tasks scheduled from follow-on schedule check
[2025-12-22T12:00:21.692+0000] {taskinstance.py:1979} INFO - Dependencies all met for dep_context=non-requeueable deps ti=<TaskInstance: update_shelter_data_monthly.run_shelter_worker scheduled__2025-11-01T00:00:00+00:00 [queued]>
[2025-12-22T12:00:21.705+0000] {taskinstance.py:1979} INFO - Dependencies all met for dep_context=requeueable deps ti=<TaskInstance: update_shelter_data_monthly.run_shelter_worker scheduled__2025-11-01T00:00:00+00:00 [queued]>
[2025-12-22T12:00:21.706+0000] {taskinstance.py:2193} INFO - Starting attempt 1 of 2
[2025-12-22T12:00:21.735+0000] {taskinstance.py:2217} INFO - Executing <Task(PythonOperator): run_shelter_worker> on 2025-11-01 00:00:00+00:00
[2025-12-22T12:00:21.740+0000] {standard_task_runner.py:60} INFO - Started process 310 to run task
[2025-12-22T12:00:21.743+0000] {standard_task_runner.py:87} INFO - Running: ['airflow', 'tasks', 'run', 'update_shelter_data_monthly', 'run_shelter_worker', 'scheduled__2025-11-01T00:00:00+00:00', '--job-id', '18', '--raw', '--subdir', 'DAGS_FOLDER/shelter_update_dag.py', '--cfg-path', '/tmp/tmp_csnczqk']
[2025-12-22T12:00:21.745+0000] {standard_task_runner.py:88} INFO - Job 18: Subtask run_shelter_worker
[2025-12-22T12:00:21.819+0000] {task_command.py:423} INFO - Running <TaskInstance: update_shelter_data_monthly.run_shelter_worker scheduled__2025-11-01T00:00:00+00:00 [running]> on host a5c0974290b2
[2025-12-22T12:00:21.907+0000] {taskinstance.py:2513} INFO - Exporting env vars: AIRFLOW_CTX_DAG_OWNER='data_engineer' AIRFLOW_CTX_DAG_ID='update_shelter_data_monthly' AIRFLOW_CTX_TASK_ID='run_shelter_worker' AIRFLOW_CTX_EXECUTION_DATE='2025-11-01T00:00:00+00:00' AIRFLOW_CTX_TRY_NUMBER='1' AIRFLOW_CTX_DAG_RUN_ID='scheduled__2025-11-01T00:00:00+00:00'
[2025-12-22T12:00:21.909+0000] {logging_mixin.py:188} INFO - [INFO] API 호출 시작 → 코드 1
[2025-12-22T12:00:22.083+0000] {base.py:83} INFO - Using connection ID 'navisafe_mysql' for task execution.
[2025-12-22T12:00:22.251+0000] {logging_mixin.py:188} INFO - [INFO] 1000개의 데이터 저장 완료
[2025-12-22T12:00:23.252+0000] {logging_mixin.py:188} INFO - [INFO] API 호출 시작 → 코드 2
[2025-12-22T12:00:23.646+0000] {base.py:83} INFO - Using connection ID 'navisafe_mysql' for task execution.
[2025-12-22T12:00:23.798+0000] {logging_mixin.py:188} INFO - [INFO] 1000개의 데이터 저장 완료
[2025-12-22T12:00:24.803+0000] {logging_mixin.py:188} INFO - [INFO] API 호출 시작 → 코드 3
[2025-12-22T12:00:25.280+0000] {base.py:83} INFO - Using connection ID 'navisafe_mysql' for task execution.
[2025-12-22T12:00:25.509+0000] {logging_mixin.py:188} INFO - [INFO] 1000개의 데이터 저장 완료
[2025-12-22T12:00:26.511+0000] {logging_mixin.py:188} INFO - [INFO] API 호출 시작 → 코드 4
[2025-12-22T12:00:26.953+0000] {base.py:83} INFO - Using connection ID 'navisafe_mysql' for task execution.
[2025-12-22T12:00:27.097+0000] {logging_mixin.py:188} INFO - [INFO] 206개의 데이터 저장 완료
[2025-12-22T12:00:28.100+0000] {logging_mixin.py:188} INFO - [SYSTEM] 모든 Shelter 데이터 수집 완료 
[2025-12-22T12:00:28.105+0000] {python.py:202} INFO - Done. Returned value was: None
[2025-12-22T12:00:28.123+0000] {taskinstance.py:1149} INFO - Marking task as SUCCESS. dag_id=update_shelter_data_monthly, task_id=run_shelter_worker, execution_date=20251101T000000, start_date=20251222T120021, end_date=20251222T120028
[2025-12-22T12:00:28.202+0000] {local_task_job_runner.py:234} INFO - Task exited with return code 0
[2025-12-22T12:00:28.223+0000] {taskinstance.py:3312} INFO - 0 downstream tasks scheduled from follow-on schedule check
