[2025-12-16T11:05:13.190+0000] {taskinstance.py:1979} INFO - Dependencies all met for dep_context=non-requeueable deps ti=<TaskInstance: daily_code_update.update_outbreak_code_name scheduled__2025-11-29T15:00:00+00:00 [queued]>
[2025-12-16T11:05:13.206+0000] {taskinstance.py:1979} INFO - Dependencies all met for dep_context=requeueable deps ti=<TaskInstance: daily_code_update.update_outbreak_code_name scheduled__2025-11-29T15:00:00+00:00 [queued]>
[2025-12-16T11:05:13.207+0000] {taskinstance.py:2193} INFO - Starting attempt 1 of 2
[2025-12-16T11:05:13.255+0000] {taskinstance.py:2217} INFO - Executing <Task(PythonOperator): update_outbreak_code_name> on 2025-11-29 15:00:00+00:00
[2025-12-16T11:05:13.284+0000] {standard_task_runner.py:60} INFO - Started process 597 to run task
[2025-12-16T11:05:13.288+0000] {standard_task_runner.py:87} INFO - Running: ['airflow', 'tasks', 'run', 'daily_code_update', 'update_outbreak_code_name', 'scheduled__2025-11-29T15:00:00+00:00', '--job-id', '156', '--raw', '--subdir', 'DAGS_FOLDER/code_update_dag.py', '--cfg-path', '/tmp/tmpc5224n47']
[2025-12-16T11:05:13.296+0000] {standard_task_runner.py:88} INFO - Job 156: Subtask update_outbreak_code_name
[2025-12-16T11:05:13.414+0000] {task_command.py:423} INFO - Running <TaskInstance: daily_code_update.update_outbreak_code_name scheduled__2025-11-29T15:00:00+00:00 [running]> on host d011923f8fa9
[2025-12-16T11:05:13.606+0000] {taskinstance.py:2513} INFO - Exporting env vars: AIRFLOW_CTX_DAG_OWNER='navisafe' AIRFLOW_CTX_DAG_ID='daily_code_update' AIRFLOW_CTX_TASK_ID='update_outbreak_code_name' AIRFLOW_CTX_EXECUTION_DATE='2025-11-29T15:00:00+00:00' AIRFLOW_CTX_TRY_NUMBER='1' AIRFLOW_CTX_DAG_RUN_ID='scheduled__2025-11-29T15:00:00+00:00'
[2025-12-16T11:05:13.608+0000] {logging_mixin.py:188} INFO - [INFO] update_outbreak_code_name 실행 시작
[2025-12-16T11:05:13.844+0000] {logging_mixin.py:188} INFO - [INFO] 13개의 돌발유형 코드 저장 완료
[2025-12-16T11:05:13.845+0000] {logging_mixin.py:188} INFO - [INFO] update_outbreak_code_name 완료
[2025-12-16T11:05:13.846+0000] {python.py:202} INFO - Done. Returned value was: None
[2025-12-16T11:05:13.855+0000] {taskinstance.py:1149} INFO - Marking task as SUCCESS. dag_id=daily_code_update, task_id=update_outbreak_code_name, execution_date=20251129T150000, start_date=20251216T110513, end_date=20251216T110513
[2025-12-16T11:05:13.944+0000] {local_task_job_runner.py:234} INFO - Task exited with return code 0
[2025-12-16T11:05:13.966+0000] {taskinstance.py:3312} INFO - 0 downstream tasks scheduled from follow-on schedule check
[2025-12-22T12:00:52.024+0000] {taskinstance.py:1979} INFO - Dependencies all met for dep_context=non-requeueable deps ti=<TaskInstance: daily_code_update.update_outbreak_code_name scheduled__2025-11-29T15:00:00+00:00 [queued]>
[2025-12-22T12:00:52.032+0000] {taskinstance.py:1979} INFO - Dependencies all met for dep_context=requeueable deps ti=<TaskInstance: daily_code_update.update_outbreak_code_name scheduled__2025-11-29T15:00:00+00:00 [queued]>
[2025-12-22T12:00:52.033+0000] {taskinstance.py:2193} INFO - Starting attempt 1 of 2
[2025-12-22T12:00:52.208+0000] {taskinstance.py:2217} INFO - Executing <Task(PythonOperator): update_outbreak_code_name> on 2025-11-29 15:00:00+00:00
[2025-12-22T12:00:52.212+0000] {standard_task_runner.py:60} INFO - Started process 610 to run task
[2025-12-22T12:00:52.215+0000] {standard_task_runner.py:87} INFO - Running: ['airflow', 'tasks', 'run', 'daily_code_update', 'update_outbreak_code_name', 'scheduled__2025-11-29T15:00:00+00:00', '--job-id', '152', '--raw', '--subdir', 'DAGS_FOLDER/code_update_dag.py', '--cfg-path', '/tmp/tmpc4ebd7vi']
[2025-12-22T12:00:52.217+0000] {standard_task_runner.py:88} INFO - Job 152: Subtask update_outbreak_code_name
[2025-12-22T12:00:52.305+0000] {task_command.py:423} INFO - Running <TaskInstance: daily_code_update.update_outbreak_code_name scheduled__2025-11-29T15:00:00+00:00 [running]> on host a5c0974290b2
[2025-12-22T12:00:52.440+0000] {taskinstance.py:2513} INFO - Exporting env vars: AIRFLOW_CTX_DAG_OWNER='navisafe' AIRFLOW_CTX_DAG_ID='daily_code_update' AIRFLOW_CTX_TASK_ID='update_outbreak_code_name' AIRFLOW_CTX_EXECUTION_DATE='2025-11-29T15:00:00+00:00' AIRFLOW_CTX_TRY_NUMBER='1' AIRFLOW_CTX_DAG_RUN_ID='scheduled__2025-11-29T15:00:00+00:00'
[2025-12-22T12:00:52.441+0000] {logging_mixin.py:188} INFO - [INFO] update_outbreak_code_name 실행 시작
[2025-12-22T12:00:52.562+0000] {base.py:83} INFO - Using connection ID 'navisafe_mysql' for task execution.
[2025-12-22T12:00:52.565+0000] {logging_mixin.py:188} INFO - [INFO] 13개의 돌발유형 코드 저장 완료
[2025-12-22T12:00:52.566+0000] {logging_mixin.py:188} INFO - [INFO] update_outbreak_code_name 완료
[2025-12-22T12:00:52.566+0000] {python.py:202} INFO - Done. Returned value was: None
[2025-12-22T12:00:52.572+0000] {taskinstance.py:1149} INFO - Marking task as SUCCESS. dag_id=daily_code_update, task_id=update_outbreak_code_name, execution_date=20251129T150000, start_date=20251222T120052, end_date=20251222T120052
[2025-12-22T12:00:52.628+0000] {local_task_job_runner.py:234} INFO - Task exited with return code 0
[2025-12-22T12:00:52.639+0000] {taskinstance.py:3312} INFO - 0 downstream tasks scheduled from follow-on schedule check
