[2025-12-16T11:04:57.625+0000] {taskinstance.py:1979} INFO - Dependencies all met for dep_context=non-requeueable deps ti=<TaskInstance: daily_code_update.update_region_name scheduled__2025-11-03T15:00:00+00:00 [queued]>
[2025-12-16T11:04:57.637+0000] {taskinstance.py:1979} INFO - Dependencies all met for dep_context=requeueable deps ti=<TaskInstance: daily_code_update.update_region_name scheduled__2025-11-03T15:00:00+00:00 [queued]>
[2025-12-16T11:04:57.638+0000] {taskinstance.py:2193} INFO - Starting attempt 1 of 2
[2025-12-16T11:04:57.768+0000] {taskinstance.py:2217} INFO - Executing <Task(PythonOperator): update_region_name> on 2025-11-03 15:00:00+00:00
[2025-12-16T11:04:57.774+0000] {standard_task_runner.py:60} INFO - Started process 398 to run task
[2025-12-16T11:04:57.778+0000] {standard_task_runner.py:87} INFO - Running: ['airflow', 'tasks', 'run', 'daily_code_update', 'update_region_name', 'scheduled__2025-11-03T15:00:00+00:00', '--job-id', '68', '--raw', '--subdir', 'DAGS_FOLDER/code_update_dag.py', '--cfg-path', '/tmp/tmphjotugbv']
[2025-12-16T11:04:57.784+0000] {standard_task_runner.py:88} INFO - Job 68: Subtask update_region_name
[2025-12-16T11:04:57.873+0000] {task_command.py:423} INFO - Running <TaskInstance: daily_code_update.update_region_name scheduled__2025-11-03T15:00:00+00:00 [running]> on host d011923f8fa9
[2025-12-16T11:04:58.029+0000] {taskinstance.py:2513} INFO - Exporting env vars: AIRFLOW_CTX_DAG_OWNER='navisafe' AIRFLOW_CTX_DAG_ID='daily_code_update' AIRFLOW_CTX_TASK_ID='update_region_name' AIRFLOW_CTX_EXECUTION_DATE='2025-11-03T15:00:00+00:00' AIRFLOW_CTX_TRY_NUMBER='1' AIRFLOW_CTX_DAG_RUN_ID='scheduled__2025-11-03T15:00:00+00:00'
[2025-12-16T11:04:58.043+0000] {logging_mixin.py:188} INFO - [INFO] update_region_code_name 실행 시작
[2025-12-16T11:04:58.252+0000] {logging_mixin.py:188} INFO - [INFO] 25개의 지역 코드 저장 완료
[2025-12-16T11:04:58.256+0000] {logging_mixin.py:188} INFO - [INFO] update_region_code_name 완료
[2025-12-16T11:04:58.257+0000] {python.py:202} INFO - Done. Returned value was: None
[2025-12-16T11:04:58.266+0000] {taskinstance.py:1149} INFO - Marking task as SUCCESS. dag_id=daily_code_update, task_id=update_region_name, execution_date=20251103T150000, start_date=20251216T110457, end_date=20251216T110458
[2025-12-16T11:04:58.393+0000] {local_task_job_runner.py:234} INFO - Task exited with return code 0
[2025-12-16T11:04:58.413+0000] {taskinstance.py:3312} INFO - 0 downstream tasks scheduled from follow-on schedule check
[2025-12-22T12:00:34.867+0000] {taskinstance.py:1979} INFO - Dependencies all met for dep_context=non-requeueable deps ti=<TaskInstance: daily_code_update.update_region_name scheduled__2025-11-03T15:00:00+00:00 [queued]>
[2025-12-22T12:00:34.894+0000] {taskinstance.py:1979} INFO - Dependencies all met for dep_context=requeueable deps ti=<TaskInstance: daily_code_update.update_region_name scheduled__2025-11-03T15:00:00+00:00 [queued]>
[2025-12-22T12:00:34.895+0000] {taskinstance.py:2193} INFO - Starting attempt 1 of 2
[2025-12-22T12:00:35.064+0000] {taskinstance.py:2217} INFO - Executing <Task(PythonOperator): update_region_name> on 2025-11-03 15:00:00+00:00
[2025-12-22T12:00:35.089+0000] {standard_task_runner.py:60} INFO - Started process 451 to run task
[2025-12-22T12:00:35.094+0000] {standard_task_runner.py:87} INFO - Running: ['airflow', 'tasks', 'run', 'daily_code_update', 'update_region_name', 'scheduled__2025-11-03T15:00:00+00:00', '--job-id', '75', '--raw', '--subdir', 'DAGS_FOLDER/code_update_dag.py', '--cfg-path', '/tmp/tmp1d28gdqp']
[2025-12-22T12:00:35.098+0000] {standard_task_runner.py:88} INFO - Job 75: Subtask update_region_name
[2025-12-22T12:00:35.301+0000] {task_command.py:423} INFO - Running <TaskInstance: daily_code_update.update_region_name scheduled__2025-11-03T15:00:00+00:00 [running]> on host a5c0974290b2
[2025-12-22T12:00:35.582+0000] {taskinstance.py:2513} INFO - Exporting env vars: AIRFLOW_CTX_DAG_OWNER='navisafe' AIRFLOW_CTX_DAG_ID='daily_code_update' AIRFLOW_CTX_TASK_ID='update_region_name' AIRFLOW_CTX_EXECUTION_DATE='2025-11-03T15:00:00+00:00' AIRFLOW_CTX_TRY_NUMBER='1' AIRFLOW_CTX_DAG_RUN_ID='scheduled__2025-11-03T15:00:00+00:00'
[2025-12-22T12:00:35.583+0000] {logging_mixin.py:188} INFO - [INFO] update_region_code_name 실행 시작
[2025-12-22T12:00:36.074+0000] {base.py:83} INFO - Using connection ID 'navisafe_mysql' for task execution.
[2025-12-22T12:00:36.085+0000] {logging_mixin.py:188} INFO - [INFO] 25개의 지역 코드 저장 완료
[2025-12-22T12:00:36.091+0000] {logging_mixin.py:188} INFO - [INFO] update_region_code_name 완료
[2025-12-22T12:00:36.092+0000] {python.py:202} INFO - Done. Returned value was: None
[2025-12-22T12:00:36.108+0000] {taskinstance.py:1149} INFO - Marking task as SUCCESS. dag_id=daily_code_update, task_id=update_region_name, execution_date=20251103T150000, start_date=20251222T120034, end_date=20251222T120036
[2025-12-22T12:00:36.200+0000] {local_task_job_runner.py:234} INFO - Task exited with return code 0
[2025-12-22T12:00:36.343+0000] {taskinstance.py:3312} INFO - 0 downstream tasks scheduled from follow-on schedule check
