[2025-12-16T11:05:02.081+0000] {taskinstance.py:1979} INFO - Dependencies all met for dep_context=non-requeueable deps ti=<TaskInstance: daily_code_update.update_outbreak_code_name scheduled__2025-11-10T15:00:00+00:00 [queued]>
[2025-12-16T11:05:02.099+0000] {taskinstance.py:1979} INFO - Dependencies all met for dep_context=requeueable deps ti=<TaskInstance: daily_code_update.update_outbreak_code_name scheduled__2025-11-10T15:00:00+00:00 [queued]>
[2025-12-16T11:05:02.100+0000] {taskinstance.py:2193} INFO - Starting attempt 1 of 2
[2025-12-16T11:05:02.310+0000] {taskinstance.py:2217} INFO - Executing <Task(PythonOperator): update_outbreak_code_name> on 2025-11-10 15:00:00+00:00
[2025-12-16T11:05:02.320+0000] {standard_task_runner.py:60} INFO - Started process 446 to run task
[2025-12-16T11:05:02.326+0000] {standard_task_runner.py:87} INFO - Running: ['airflow', 'tasks', 'run', 'daily_code_update', 'update_outbreak_code_name', 'scheduled__2025-11-10T15:00:00+00:00', '--job-id', '94', '--raw', '--subdir', 'DAGS_FOLDER/code_update_dag.py', '--cfg-path', '/tmp/tmpptzu1b55']
[2025-12-16T11:05:02.330+0000] {standard_task_runner.py:88} INFO - Job 94: Subtask update_outbreak_code_name
[2025-12-16T11:05:02.444+0000] {task_command.py:423} INFO - Running <TaskInstance: daily_code_update.update_outbreak_code_name scheduled__2025-11-10T15:00:00+00:00 [running]> on host d011923f8fa9
[2025-12-16T11:05:02.763+0000] {taskinstance.py:2513} INFO - Exporting env vars: AIRFLOW_CTX_DAG_OWNER='navisafe' AIRFLOW_CTX_DAG_ID='daily_code_update' AIRFLOW_CTX_TASK_ID='update_outbreak_code_name' AIRFLOW_CTX_EXECUTION_DATE='2025-11-10T15:00:00+00:00' AIRFLOW_CTX_TRY_NUMBER='1' AIRFLOW_CTX_DAG_RUN_ID='scheduled__2025-11-10T15:00:00+00:00'
[2025-12-16T11:05:02.768+0000] {logging_mixin.py:188} INFO - [INFO] update_outbreak_code_name 실행 시작
[2025-12-16T11:05:03.053+0000] {logging_mixin.py:188} INFO - [INFO] 13개의 돌발유형 코드 저장 완료
[2025-12-16T11:05:03.053+0000] {logging_mixin.py:188} INFO - [INFO] update_outbreak_code_name 완료
[2025-12-16T11:05:03.054+0000] {python.py:202} INFO - Done. Returned value was: None
[2025-12-16T11:05:03.063+0000] {taskinstance.py:1149} INFO - Marking task as SUCCESS. dag_id=daily_code_update, task_id=update_outbreak_code_name, execution_date=20251110T150000, start_date=20251216T110502, end_date=20251216T110503
[2025-12-16T11:05:03.147+0000] {local_task_job_runner.py:234} INFO - Task exited with return code 0
[2025-12-16T11:05:03.191+0000] {taskinstance.py:3312} INFO - 0 downstream tasks scheduled from follow-on schedule check
[2025-12-22T12:00:42.071+0000] {taskinstance.py:1979} INFO - Dependencies all met for dep_context=non-requeueable deps ti=<TaskInstance: daily_code_update.update_outbreak_code_name scheduled__2025-11-10T15:00:00+00:00 [queued]>
[2025-12-22T12:00:42.087+0000] {taskinstance.py:1979} INFO - Dependencies all met for dep_context=requeueable deps ti=<TaskInstance: daily_code_update.update_outbreak_code_name scheduled__2025-11-10T15:00:00+00:00 [queued]>
[2025-12-22T12:00:42.091+0000] {taskinstance.py:2193} INFO - Starting attempt 1 of 2
[2025-12-22T12:00:42.145+0000] {taskinstance.py:2217} INFO - Executing <Task(PythonOperator): update_outbreak_code_name> on 2025-11-10 15:00:00+00:00
[2025-12-22T12:00:42.155+0000] {standard_task_runner.py:60} INFO - Started process 505 to run task
[2025-12-22T12:00:42.160+0000] {standard_task_runner.py:87} INFO - Running: ['airflow', 'tasks', 'run', 'daily_code_update', 'update_outbreak_code_name', 'scheduled__2025-11-10T15:00:00+00:00', '--job-id', '97', '--raw', '--subdir', 'DAGS_FOLDER/code_update_dag.py', '--cfg-path', '/tmp/tmpb4_qhgdb']
[2025-12-22T12:00:42.166+0000] {standard_task_runner.py:88} INFO - Job 97: Subtask update_outbreak_code_name
[2025-12-22T12:00:42.302+0000] {task_command.py:423} INFO - Running <TaskInstance: daily_code_update.update_outbreak_code_name scheduled__2025-11-10T15:00:00+00:00 [running]> on host a5c0974290b2
[2025-12-22T12:00:42.466+0000] {taskinstance.py:2513} INFO - Exporting env vars: AIRFLOW_CTX_DAG_OWNER='navisafe' AIRFLOW_CTX_DAG_ID='daily_code_update' AIRFLOW_CTX_TASK_ID='update_outbreak_code_name' AIRFLOW_CTX_EXECUTION_DATE='2025-11-10T15:00:00+00:00' AIRFLOW_CTX_TRY_NUMBER='1' AIRFLOW_CTX_DAG_RUN_ID='scheduled__2025-11-10T15:00:00+00:00'
[2025-12-22T12:00:42.468+0000] {logging_mixin.py:188} INFO - [INFO] update_outbreak_code_name 실행 시작
[2025-12-22T12:00:42.624+0000] {base.py:83} INFO - Using connection ID 'navisafe_mysql' for task execution.
[2025-12-22T12:00:42.631+0000] {logging_mixin.py:188} INFO - [INFO] 13개의 돌발유형 코드 저장 완료
[2025-12-22T12:00:42.631+0000] {logging_mixin.py:188} INFO - [INFO] update_outbreak_code_name 완료
[2025-12-22T12:00:42.634+0000] {python.py:202} INFO - Done. Returned value was: None
[2025-12-22T12:00:42.649+0000] {taskinstance.py:1149} INFO - Marking task as SUCCESS. dag_id=daily_code_update, task_id=update_outbreak_code_name, execution_date=20251110T150000, start_date=20251222T120042, end_date=20251222T120042
[2025-12-22T12:00:42.699+0000] {local_task_job_runner.py:234} INFO - Task exited with return code 0
[2025-12-22T12:00:42.720+0000] {taskinstance.py:3312} INFO - 0 downstream tasks scheduled from follow-on schedule check
