[2025-12-16T11:05:22.204+0000] {taskinstance.py:1979} INFO - Dependencies all met for dep_context=non-requeueable deps ti=<TaskInstance: daily_code_update.update_region_name scheduled__2025-12-09T15:00:00+00:00 [queued]>
[2025-12-16T11:05:22.214+0000] {taskinstance.py:1979} INFO - Dependencies all met for dep_context=requeueable deps ti=<TaskInstance: daily_code_update.update_region_name scheduled__2025-12-09T15:00:00+00:00 [queued]>
[2025-12-16T11:05:22.215+0000] {taskinstance.py:2193} INFO - Starting attempt 1 of 2
[2025-12-16T11:05:22.288+0000] {taskinstance.py:2217} INFO - Executing <Task(PythonOperator): update_region_name> on 2025-12-09 15:00:00+00:00
[2025-12-16T11:05:22.292+0000] {standard_task_runner.py:60} INFO - Started process 656 to run task
[2025-12-16T11:05:22.295+0000] {standard_task_runner.py:87} INFO - Running: ['airflow', 'tasks', 'run', 'daily_code_update', 'update_region_name', 'scheduled__2025-12-09T15:00:00+00:00', '--job-id', '186', '--raw', '--subdir', 'DAGS_FOLDER/code_update_dag.py', '--cfg-path', '/tmp/tmp56du8f1c']
[2025-12-16T11:05:22.297+0000] {standard_task_runner.py:88} INFO - Job 186: Subtask update_region_name
[2025-12-16T11:05:22.390+0000] {task_command.py:423} INFO - Running <TaskInstance: daily_code_update.update_region_name scheduled__2025-12-09T15:00:00+00:00 [running]> on host d011923f8fa9
[2025-12-16T11:05:22.549+0000] {taskinstance.py:2513} INFO - Exporting env vars: AIRFLOW_CTX_DAG_OWNER='navisafe' AIRFLOW_CTX_DAG_ID='daily_code_update' AIRFLOW_CTX_TASK_ID='update_region_name' AIRFLOW_CTX_EXECUTION_DATE='2025-12-09T15:00:00+00:00' AIRFLOW_CTX_TRY_NUMBER='1' AIRFLOW_CTX_DAG_RUN_ID='scheduled__2025-12-09T15:00:00+00:00'
[2025-12-16T11:05:22.550+0000] {logging_mixin.py:188} INFO - [INFO] update_region_code_name 실행 시작
[2025-12-16T11:05:22.887+0000] {logging_mixin.py:188} INFO - [INFO] 25개의 지역 코드 저장 완료
[2025-12-16T11:05:22.888+0000] {logging_mixin.py:188} INFO - [INFO] update_region_code_name 완료
[2025-12-16T11:05:22.889+0000] {python.py:202} INFO - Done. Returned value was: None
[2025-12-16T11:05:22.895+0000] {taskinstance.py:1149} INFO - Marking task as SUCCESS. dag_id=daily_code_update, task_id=update_region_name, execution_date=20251209T150000, start_date=20251216T110522, end_date=20251216T110522
[2025-12-16T11:05:22.949+0000] {local_task_job_runner.py:234} INFO - Task exited with return code 0
[2025-12-16T11:05:22.964+0000] {taskinstance.py:3312} INFO - 0 downstream tasks scheduled from follow-on schedule check
[2025-12-22T12:00:59.643+0000] {taskinstance.py:1979} INFO - Dependencies all met for dep_context=non-requeueable deps ti=<TaskInstance: daily_code_update.update_region_name scheduled__2025-12-09T15:00:00+00:00 [queued]>
[2025-12-22T12:00:59.661+0000] {taskinstance.py:1979} INFO - Dependencies all met for dep_context=requeueable deps ti=<TaskInstance: daily_code_update.update_region_name scheduled__2025-12-09T15:00:00+00:00 [queued]>
[2025-12-22T12:00:59.664+0000] {taskinstance.py:2193} INFO - Starting attempt 1 of 2
[2025-12-22T12:00:59.701+0000] {taskinstance.py:2217} INFO - Executing <Task(PythonOperator): update_region_name> on 2025-12-09 15:00:00+00:00
[2025-12-22T12:00:59.706+0000] {standard_task_runner.py:60} INFO - Started process 697 to run task
[2025-12-22T12:00:59.709+0000] {standard_task_runner.py:87} INFO - Running: ['airflow', 'tasks', 'run', 'daily_code_update', 'update_region_name', 'scheduled__2025-12-09T15:00:00+00:00', '--job-id', '182', '--raw', '--subdir', 'DAGS_FOLDER/code_update_dag.py', '--cfg-path', '/tmp/tmpxkfj_3z0']
[2025-12-22T12:00:59.711+0000] {standard_task_runner.py:88} INFO - Job 182: Subtask update_region_name
[2025-12-22T12:00:59.793+0000] {task_command.py:423} INFO - Running <TaskInstance: daily_code_update.update_region_name scheduled__2025-12-09T15:00:00+00:00 [running]> on host a5c0974290b2
[2025-12-22T12:00:59.947+0000] {taskinstance.py:2513} INFO - Exporting env vars: AIRFLOW_CTX_DAG_OWNER='navisafe' AIRFLOW_CTX_DAG_ID='daily_code_update' AIRFLOW_CTX_TASK_ID='update_region_name' AIRFLOW_CTX_EXECUTION_DATE='2025-12-09T15:00:00+00:00' AIRFLOW_CTX_TRY_NUMBER='1' AIRFLOW_CTX_DAG_RUN_ID='scheduled__2025-12-09T15:00:00+00:00'
[2025-12-22T12:00:59.948+0000] {logging_mixin.py:188} INFO - [INFO] update_region_code_name 실행 시작
[2025-12-22T12:01:00.283+0000] {base.py:83} INFO - Using connection ID 'navisafe_mysql' for task execution.
[2025-12-22T12:01:00.287+0000] {logging_mixin.py:188} INFO - [INFO] 25개의 지역 코드 저장 완료
[2025-12-22T12:01:00.288+0000] {logging_mixin.py:188} INFO - [INFO] update_region_code_name 완료
[2025-12-22T12:01:00.289+0000] {python.py:202} INFO - Done. Returned value was: None
[2025-12-22T12:01:00.295+0000] {taskinstance.py:1149} INFO - Marking task as SUCCESS. dag_id=daily_code_update, task_id=update_region_name, execution_date=20251209T150000, start_date=20251222T120059, end_date=20251222T120100
[2025-12-22T12:01:00.364+0000] {local_task_job_runner.py:234} INFO - Task exited with return code 0
[2025-12-22T12:01:00.396+0000] {taskinstance.py:3312} INFO - 0 downstream tasks scheduled from follow-on schedule check
