[2025-12-16T11:05:14.833+0000] {taskinstance.py:1979} INFO - Dependencies all met for dep_context=non-requeueable deps ti=<TaskInstance: daily_code_update.update_outbreak_code_name scheduled__2025-12-02T15:00:00+00:00 [queued]>
[2025-12-16T11:05:14.839+0000] {taskinstance.py:1979} INFO - Dependencies all met for dep_context=requeueable deps ti=<TaskInstance: daily_code_update.update_outbreak_code_name scheduled__2025-12-02T15:00:00+00:00 [queued]>
[2025-12-16T11:05:14.840+0000] {taskinstance.py:2193} INFO - Starting attempt 1 of 2
[2025-12-16T11:05:14.872+0000] {taskinstance.py:2217} INFO - Executing <Task(PythonOperator): update_outbreak_code_name> on 2025-12-02 15:00:00+00:00
[2025-12-16T11:05:14.877+0000] {standard_task_runner.py:60} INFO - Started process 609 to run task
[2025-12-16T11:05:14.880+0000] {standard_task_runner.py:87} INFO - Running: ['airflow', 'tasks', 'run', 'daily_code_update', 'update_outbreak_code_name', 'scheduled__2025-12-02T15:00:00+00:00', '--job-id', '165', '--raw', '--subdir', 'DAGS_FOLDER/code_update_dag.py', '--cfg-path', '/tmp/tmpkr_xhwhy']
[2025-12-16T11:05:14.881+0000] {standard_task_runner.py:88} INFO - Job 165: Subtask update_outbreak_code_name
[2025-12-16T11:05:14.943+0000] {task_command.py:423} INFO - Running <TaskInstance: daily_code_update.update_outbreak_code_name scheduled__2025-12-02T15:00:00+00:00 [running]> on host d011923f8fa9
[2025-12-16T11:05:15.053+0000] {taskinstance.py:2513} INFO - Exporting env vars: AIRFLOW_CTX_DAG_OWNER='navisafe' AIRFLOW_CTX_DAG_ID='daily_code_update' AIRFLOW_CTX_TASK_ID='update_outbreak_code_name' AIRFLOW_CTX_EXECUTION_DATE='2025-12-02T15:00:00+00:00' AIRFLOW_CTX_TRY_NUMBER='1' AIRFLOW_CTX_DAG_RUN_ID='scheduled__2025-12-02T15:00:00+00:00'
[2025-12-16T11:05:15.054+0000] {logging_mixin.py:188} INFO - [INFO] update_outbreak_code_name 실행 시작
[2025-12-16T11:05:15.180+0000] {logging_mixin.py:188} INFO - [INFO] 13개의 돌발유형 코드 저장 완료
[2025-12-16T11:05:15.180+0000] {logging_mixin.py:188} INFO - [INFO] update_outbreak_code_name 완료
[2025-12-16T11:05:15.181+0000] {python.py:202} INFO - Done. Returned value was: None
[2025-12-16T11:05:15.185+0000] {taskinstance.py:1149} INFO - Marking task as SUCCESS. dag_id=daily_code_update, task_id=update_outbreak_code_name, execution_date=20251202T150000, start_date=20251216T110514, end_date=20251216T110515
[2025-12-16T11:05:15.253+0000] {local_task_job_runner.py:234} INFO - Task exited with return code 0
[2025-12-16T11:05:15.262+0000] {taskinstance.py:3312} INFO - 0 downstream tasks scheduled from follow-on schedule check
[2025-12-22T12:00:53.530+0000] {taskinstance.py:1979} INFO - Dependencies all met for dep_context=non-requeueable deps ti=<TaskInstance: daily_code_update.update_outbreak_code_name scheduled__2025-12-02T15:00:00+00:00 [queued]>
[2025-12-22T12:00:53.537+0000] {taskinstance.py:1979} INFO - Dependencies all met for dep_context=requeueable deps ti=<TaskInstance: daily_code_update.update_outbreak_code_name scheduled__2025-12-02T15:00:00+00:00 [queued]>
[2025-12-22T12:00:53.538+0000] {taskinstance.py:2193} INFO - Starting attempt 1 of 2
[2025-12-22T12:00:53.574+0000] {taskinstance.py:2217} INFO - Executing <Task(PythonOperator): update_outbreak_code_name> on 2025-12-02 15:00:00+00:00
[2025-12-22T12:00:53.588+0000] {standard_task_runner.py:60} INFO - Started process 633 to run task
[2025-12-22T12:00:53.591+0000] {standard_task_runner.py:87} INFO - Running: ['airflow', 'tasks', 'run', 'daily_code_update', 'update_outbreak_code_name', 'scheduled__2025-12-02T15:00:00+00:00', '--job-id', '160', '--raw', '--subdir', 'DAGS_FOLDER/code_update_dag.py', '--cfg-path', '/tmp/tmpc1qqh7ru']
[2025-12-22T12:00:53.593+0000] {standard_task_runner.py:88} INFO - Job 160: Subtask update_outbreak_code_name
[2025-12-22T12:00:53.676+0000] {task_command.py:423} INFO - Running <TaskInstance: daily_code_update.update_outbreak_code_name scheduled__2025-12-02T15:00:00+00:00 [running]> on host a5c0974290b2
[2025-12-22T12:00:53.790+0000] {taskinstance.py:2513} INFO - Exporting env vars: AIRFLOW_CTX_DAG_OWNER='navisafe' AIRFLOW_CTX_DAG_ID='daily_code_update' AIRFLOW_CTX_TASK_ID='update_outbreak_code_name' AIRFLOW_CTX_EXECUTION_DATE='2025-12-02T15:00:00+00:00' AIRFLOW_CTX_TRY_NUMBER='1' AIRFLOW_CTX_DAG_RUN_ID='scheduled__2025-12-02T15:00:00+00:00'
[2025-12-22T12:00:53.800+0000] {logging_mixin.py:188} INFO - [INFO] update_outbreak_code_name 실행 시작
[2025-12-22T12:00:54.105+0000] {base.py:83} INFO - Using connection ID 'navisafe_mysql' for task execution.
[2025-12-22T12:00:54.109+0000] {logging_mixin.py:188} INFO - [INFO] 13개의 돌발유형 코드 저장 완료
[2025-12-22T12:00:54.109+0000] {logging_mixin.py:188} INFO - [INFO] update_outbreak_code_name 완료
[2025-12-22T12:00:54.109+0000] {python.py:202} INFO - Done. Returned value was: None
[2025-12-22T12:00:54.115+0000] {taskinstance.py:1149} INFO - Marking task as SUCCESS. dag_id=daily_code_update, task_id=update_outbreak_code_name, execution_date=20251202T150000, start_date=20251222T120053, end_date=20251222T120054
[2025-12-22T12:00:54.164+0000] {local_task_job_runner.py:234} INFO - Task exited with return code 0
[2025-12-22T12:00:54.176+0000] {taskinstance.py:3312} INFO - 0 downstream tasks scheduled from follow-on schedule check
