[2025-12-16T11:05:22.356+0000] {taskinstance.py:1979} INFO - Dependencies all met for dep_context=non-requeueable deps ti=<TaskInstance: daily_code_update.update_outbreak_code_name scheduled__2025-12-10T15:00:00+00:00 [queued]>
[2025-12-16T11:05:22.368+0000] {taskinstance.py:1979} INFO - Dependencies all met for dep_context=requeueable deps ti=<TaskInstance: daily_code_update.update_outbreak_code_name scheduled__2025-12-10T15:00:00+00:00 [queued]>
[2025-12-16T11:05:22.369+0000] {taskinstance.py:2193} INFO - Starting attempt 1 of 2
[2025-12-16T11:05:22.421+0000] {taskinstance.py:2217} INFO - Executing <Task(PythonOperator): update_outbreak_code_name> on 2025-12-10 15:00:00+00:00
[2025-12-16T11:05:22.425+0000] {standard_task_runner.py:60} INFO - Started process 658 to run task
[2025-12-16T11:05:22.428+0000] {standard_task_runner.py:87} INFO - Running: ['airflow', 'tasks', 'run', 'daily_code_update', 'update_outbreak_code_name', 'scheduled__2025-12-10T15:00:00+00:00', '--job-id', '187', '--raw', '--subdir', 'DAGS_FOLDER/code_update_dag.py', '--cfg-path', '/tmp/tmpagk1i_13']
[2025-12-16T11:05:22.430+0000] {standard_task_runner.py:88} INFO - Job 187: Subtask update_outbreak_code_name
[2025-12-16T11:05:22.514+0000] {task_command.py:423} INFO - Running <TaskInstance: daily_code_update.update_outbreak_code_name scheduled__2025-12-10T15:00:00+00:00 [running]> on host d011923f8fa9
[2025-12-16T11:05:22.742+0000] {taskinstance.py:2513} INFO - Exporting env vars: AIRFLOW_CTX_DAG_OWNER='navisafe' AIRFLOW_CTX_DAG_ID='daily_code_update' AIRFLOW_CTX_TASK_ID='update_outbreak_code_name' AIRFLOW_CTX_EXECUTION_DATE='2025-12-10T15:00:00+00:00' AIRFLOW_CTX_TRY_NUMBER='1' AIRFLOW_CTX_DAG_RUN_ID='scheduled__2025-12-10T15:00:00+00:00'
[2025-12-16T11:05:22.743+0000] {logging_mixin.py:188} INFO - [INFO] update_outbreak_code_name 실행 시작
[2025-12-16T11:05:22.902+0000] {logging_mixin.py:188} INFO - [INFO] 13개의 돌발유형 코드 저장 완료
[2025-12-16T11:05:22.903+0000] {logging_mixin.py:188} INFO - [INFO] update_outbreak_code_name 완료
[2025-12-16T11:05:22.906+0000] {python.py:202} INFO - Done. Returned value was: None
[2025-12-16T11:05:22.913+0000] {taskinstance.py:1149} INFO - Marking task as SUCCESS. dag_id=daily_code_update, task_id=update_outbreak_code_name, execution_date=20251210T150000, start_date=20251216T110522, end_date=20251216T110522
[2025-12-16T11:05:22.962+0000] {local_task_job_runner.py:234} INFO - Task exited with return code 0
[2025-12-16T11:05:22.978+0000] {taskinstance.py:3312} INFO - 0 downstream tasks scheduled from follow-on schedule check
[2025-12-22T12:00:59.799+0000] {taskinstance.py:1979} INFO - Dependencies all met for dep_context=non-requeueable deps ti=<TaskInstance: daily_code_update.update_outbreak_code_name scheduled__2025-12-10T15:00:00+00:00 [queued]>
[2025-12-22T12:00:59.812+0000] {taskinstance.py:1979} INFO - Dependencies all met for dep_context=requeueable deps ti=<TaskInstance: daily_code_update.update_outbreak_code_name scheduled__2025-12-10T15:00:00+00:00 [queued]>
[2025-12-22T12:00:59.812+0000] {taskinstance.py:2193} INFO - Starting attempt 1 of 2
[2025-12-22T12:00:59.848+0000] {taskinstance.py:2217} INFO - Executing <Task(PythonOperator): update_outbreak_code_name> on 2025-12-10 15:00:00+00:00
[2025-12-22T12:00:59.853+0000] {standard_task_runner.py:60} INFO - Started process 702 to run task
[2025-12-22T12:00:59.857+0000] {standard_task_runner.py:87} INFO - Running: ['airflow', 'tasks', 'run', 'daily_code_update', 'update_outbreak_code_name', 'scheduled__2025-12-10T15:00:00+00:00', '--job-id', '183', '--raw', '--subdir', 'DAGS_FOLDER/code_update_dag.py', '--cfg-path', '/tmp/tmphquh33kz']
[2025-12-22T12:00:59.860+0000] {standard_task_runner.py:88} INFO - Job 183: Subtask update_outbreak_code_name
[2025-12-22T12:00:59.942+0000] {task_command.py:423} INFO - Running <TaskInstance: daily_code_update.update_outbreak_code_name scheduled__2025-12-10T15:00:00+00:00 [running]> on host a5c0974290b2
[2025-12-22T12:01:00.083+0000] {taskinstance.py:2513} INFO - Exporting env vars: AIRFLOW_CTX_DAG_OWNER='navisafe' AIRFLOW_CTX_DAG_ID='daily_code_update' AIRFLOW_CTX_TASK_ID='update_outbreak_code_name' AIRFLOW_CTX_EXECUTION_DATE='2025-12-10T15:00:00+00:00' AIRFLOW_CTX_TRY_NUMBER='1' AIRFLOW_CTX_DAG_RUN_ID='scheduled__2025-12-10T15:00:00+00:00'
[2025-12-22T12:01:00.085+0000] {logging_mixin.py:188} INFO - [INFO] update_outbreak_code_name 실행 시작
[2025-12-22T12:01:00.299+0000] {base.py:83} INFO - Using connection ID 'navisafe_mysql' for task execution.
[2025-12-22T12:01:00.303+0000] {logging_mixin.py:188} INFO - [INFO] 13개의 돌발유형 코드 저장 완료
[2025-12-22T12:01:00.303+0000] {logging_mixin.py:188} INFO - [INFO] update_outbreak_code_name 완료
[2025-12-22T12:01:00.304+0000] {python.py:202} INFO - Done. Returned value was: None
[2025-12-22T12:01:00.311+0000] {taskinstance.py:1149} INFO - Marking task as SUCCESS. dag_id=daily_code_update, task_id=update_outbreak_code_name, execution_date=20251210T150000, start_date=20251222T120059, end_date=20251222T120100
[2025-12-22T12:01:00.351+0000] {local_task_job_runner.py:234} INFO - Task exited with return code 0
[2025-12-22T12:01:00.363+0000] {taskinstance.py:3312} INFO - 0 downstream tasks scheduled from follow-on schedule check
