[2025-12-16T11:05:13.196+0000] {taskinstance.py:1979} INFO - Dependencies all met for dep_context=non-requeueable deps ti=<TaskInstance: daily_code_update.update_outbreak_code_name scheduled__2025-11-30T15:00:00+00:00 [queued]>
[2025-12-16T11:05:13.208+0000] {taskinstance.py:1979} INFO - Dependencies all met for dep_context=requeueable deps ti=<TaskInstance: daily_code_update.update_outbreak_code_name scheduled__2025-11-30T15:00:00+00:00 [queued]>
[2025-12-16T11:05:13.209+0000] {taskinstance.py:2193} INFO - Starting attempt 1 of 2
[2025-12-16T11:05:13.255+0000] {taskinstance.py:2217} INFO - Executing <Task(PythonOperator): update_outbreak_code_name> on 2025-11-30 15:00:00+00:00
[2025-12-16T11:05:13.283+0000] {standard_task_runner.py:60} INFO - Started process 596 to run task
[2025-12-16T11:05:13.287+0000] {standard_task_runner.py:87} INFO - Running: ['airflow', 'tasks', 'run', 'daily_code_update', 'update_outbreak_code_name', 'scheduled__2025-11-30T15:00:00+00:00', '--job-id', '160', '--raw', '--subdir', 'DAGS_FOLDER/code_update_dag.py', '--cfg-path', '/tmp/tmpupmp2hfp']
[2025-12-16T11:05:13.295+0000] {standard_task_runner.py:88} INFO - Job 160: Subtask update_outbreak_code_name
[2025-12-16T11:05:13.416+0000] {task_command.py:423} INFO - Running <TaskInstance: daily_code_update.update_outbreak_code_name scheduled__2025-11-30T15:00:00+00:00 [running]> on host d011923f8fa9
[2025-12-16T11:05:13.607+0000] {taskinstance.py:2513} INFO - Exporting env vars: AIRFLOW_CTX_DAG_OWNER='navisafe' AIRFLOW_CTX_DAG_ID='daily_code_update' AIRFLOW_CTX_TASK_ID='update_outbreak_code_name' AIRFLOW_CTX_EXECUTION_DATE='2025-11-30T15:00:00+00:00' AIRFLOW_CTX_TRY_NUMBER='1' AIRFLOW_CTX_DAG_RUN_ID='scheduled__2025-11-30T15:00:00+00:00'
[2025-12-16T11:05:13.609+0000] {logging_mixin.py:188} INFO - [INFO] update_outbreak_code_name 실행 시작
[2025-12-16T11:05:13.824+0000] {logging_mixin.py:188} INFO - [INFO] 13개의 돌발유형 코드 저장 완료
[2025-12-16T11:05:13.825+0000] {logging_mixin.py:188} INFO - [INFO] update_outbreak_code_name 완료
[2025-12-16T11:05:13.825+0000] {python.py:202} INFO - Done. Returned value was: None
[2025-12-16T11:05:13.835+0000] {taskinstance.py:1149} INFO - Marking task as SUCCESS. dag_id=daily_code_update, task_id=update_outbreak_code_name, execution_date=20251130T150000, start_date=20251216T110513, end_date=20251216T110513
[2025-12-16T11:05:13.905+0000] {local_task_job_runner.py:234} INFO - Task exited with return code 0
[2025-12-16T11:05:13.923+0000] {taskinstance.py:3312} INFO - 0 downstream tasks scheduled from follow-on schedule check
[2025-12-22T12:00:52.292+0000] {taskinstance.py:1979} INFO - Dependencies all met for dep_context=non-requeueable deps ti=<TaskInstance: daily_code_update.update_outbreak_code_name scheduled__2025-11-30T15:00:00+00:00 [queued]>
[2025-12-22T12:00:52.300+0000] {taskinstance.py:1979} INFO - Dependencies all met for dep_context=requeueable deps ti=<TaskInstance: daily_code_update.update_outbreak_code_name scheduled__2025-11-30T15:00:00+00:00 [queued]>
[2025-12-22T12:00:52.303+0000] {taskinstance.py:2193} INFO - Starting attempt 1 of 2
[2025-12-22T12:00:52.339+0000] {taskinstance.py:2217} INFO - Executing <Task(PythonOperator): update_outbreak_code_name> on 2025-11-30 15:00:00+00:00
[2025-12-22T12:00:52.344+0000] {standard_task_runner.py:60} INFO - Started process 613 to run task
[2025-12-22T12:00:52.347+0000] {standard_task_runner.py:87} INFO - Running: ['airflow', 'tasks', 'run', 'daily_code_update', 'update_outbreak_code_name', 'scheduled__2025-11-30T15:00:00+00:00', '--job-id', '154', '--raw', '--subdir', 'DAGS_FOLDER/code_update_dag.py', '--cfg-path', '/tmp/tmpwccyxyz1']
[2025-12-22T12:00:52.353+0000] {standard_task_runner.py:88} INFO - Job 154: Subtask update_outbreak_code_name
[2025-12-22T12:00:52.462+0000] {task_command.py:423} INFO - Running <TaskInstance: daily_code_update.update_outbreak_code_name scheduled__2025-11-30T15:00:00+00:00 [running]> on host a5c0974290b2
[2025-12-22T12:00:52.579+0000] {taskinstance.py:2513} INFO - Exporting env vars: AIRFLOW_CTX_DAG_OWNER='navisafe' AIRFLOW_CTX_DAG_ID='daily_code_update' AIRFLOW_CTX_TASK_ID='update_outbreak_code_name' AIRFLOW_CTX_EXECUTION_DATE='2025-11-30T15:00:00+00:00' AIRFLOW_CTX_TRY_NUMBER='1' AIRFLOW_CTX_DAG_RUN_ID='scheduled__2025-11-30T15:00:00+00:00'
[2025-12-22T12:00:52.580+0000] {logging_mixin.py:188} INFO - [INFO] update_outbreak_code_name 실행 시작
[2025-12-22T12:00:52.699+0000] {base.py:83} INFO - Using connection ID 'navisafe_mysql' for task execution.
[2025-12-22T12:00:52.703+0000] {logging_mixin.py:188} INFO - [INFO] 13개의 돌발유형 코드 저장 완료
[2025-12-22T12:00:52.703+0000] {logging_mixin.py:188} INFO - [INFO] update_outbreak_code_name 완료
[2025-12-22T12:00:52.704+0000] {python.py:202} INFO - Done. Returned value was: None
[2025-12-22T12:00:52.708+0000] {taskinstance.py:1149} INFO - Marking task as SUCCESS. dag_id=daily_code_update, task_id=update_outbreak_code_name, execution_date=20251130T150000, start_date=20251222T120052, end_date=20251222T120052
[2025-12-22T12:00:52.760+0000] {local_task_job_runner.py:234} INFO - Task exited with return code 0
[2025-12-22T12:00:52.774+0000] {taskinstance.py:3312} INFO - 0 downstream tasks scheduled from follow-on schedule check
