[2025-12-16T11:05:06.288+0000] {taskinstance.py:1979} INFO - Dependencies all met for dep_context=non-requeueable deps ti=<TaskInstance: daily_code_update.update_region_name scheduled__2025-11-16T15:00:00+00:00 [queued]>
[2025-12-16T11:05:06.302+0000] {taskinstance.py:1979} INFO - Dependencies all met for dep_context=requeueable deps ti=<TaskInstance: daily_code_update.update_region_name scheduled__2025-11-16T15:00:00+00:00 [queued]>
[2025-12-16T11:05:06.303+0000] {taskinstance.py:2193} INFO - Starting attempt 1 of 2
[2025-12-16T11:05:06.449+0000] {taskinstance.py:2217} INFO - Executing <Task(PythonOperator): update_region_name> on 2025-11-16 15:00:00+00:00
[2025-12-16T11:05:06.456+0000] {standard_task_runner.py:60} INFO - Started process 488 to run task
[2025-12-16T11:05:06.460+0000] {standard_task_runner.py:87} INFO - Running: ['airflow', 'tasks', 'run', 'daily_code_update', 'update_region_name', 'scheduled__2025-11-16T15:00:00+00:00', '--job-id', '111', '--raw', '--subdir', 'DAGS_FOLDER/code_update_dag.py', '--cfg-path', '/tmp/tmpu49d86rm']
[2025-12-16T11:05:06.464+0000] {standard_task_runner.py:88} INFO - Job 111: Subtask update_region_name
[2025-12-16T11:05:06.552+0000] {task_command.py:423} INFO - Running <TaskInstance: daily_code_update.update_region_name scheduled__2025-11-16T15:00:00+00:00 [running]> on host d011923f8fa9
[2025-12-16T11:05:06.882+0000] {taskinstance.py:2513} INFO - Exporting env vars: AIRFLOW_CTX_DAG_OWNER='navisafe' AIRFLOW_CTX_DAG_ID='daily_code_update' AIRFLOW_CTX_TASK_ID='update_region_name' AIRFLOW_CTX_EXECUTION_DATE='2025-11-16T15:00:00+00:00' AIRFLOW_CTX_TRY_NUMBER='1' AIRFLOW_CTX_DAG_RUN_ID='scheduled__2025-11-16T15:00:00+00:00'
[2025-12-16T11:05:06.887+0000] {logging_mixin.py:188} INFO - [INFO] update_region_code_name 실행 시작
[2025-12-16T11:05:07.083+0000] {logging_mixin.py:188} INFO - [INFO] 25개의 지역 코드 저장 완료
[2025-12-16T11:05:07.087+0000] {logging_mixin.py:188} INFO - [INFO] update_region_code_name 완료
[2025-12-16T11:05:07.090+0000] {python.py:202} INFO - Done. Returned value was: None
[2025-12-16T11:05:07.101+0000] {taskinstance.py:1149} INFO - Marking task as SUCCESS. dag_id=daily_code_update, task_id=update_region_name, execution_date=20251116T150000, start_date=20251216T110506, end_date=20251216T110507
[2025-12-16T11:05:07.196+0000] {local_task_job_runner.py:234} INFO - Task exited with return code 0
[2025-12-16T11:05:07.220+0000] {taskinstance.py:3312} INFO - 0 downstream tasks scheduled from follow-on schedule check
[2025-12-22T12:00:43.878+0000] {taskinstance.py:1979} INFO - Dependencies all met for dep_context=non-requeueable deps ti=<TaskInstance: daily_code_update.update_region_name scheduled__2025-11-16T15:00:00+00:00 [queued]>
[2025-12-22T12:00:43.891+0000] {taskinstance.py:1979} INFO - Dependencies all met for dep_context=requeueable deps ti=<TaskInstance: daily_code_update.update_region_name scheduled__2025-11-16T15:00:00+00:00 [queued]>
[2025-12-22T12:00:43.892+0000] {taskinstance.py:2193} INFO - Starting attempt 1 of 2
[2025-12-22T12:00:43.923+0000] {taskinstance.py:2217} INFO - Executing <Task(PythonOperator): update_region_name> on 2025-11-16 15:00:00+00:00
[2025-12-22T12:00:43.928+0000] {standard_task_runner.py:60} INFO - Started process 525 to run task
[2025-12-22T12:00:43.930+0000] {standard_task_runner.py:87} INFO - Running: ['airflow', 'tasks', 'run', 'daily_code_update', 'update_region_name', 'scheduled__2025-11-16T15:00:00+00:00', '--job-id', '110', '--raw', '--subdir', 'DAGS_FOLDER/code_update_dag.py', '--cfg-path', '/tmp/tmpubyem41g']
[2025-12-22T12:00:43.932+0000] {standard_task_runner.py:88} INFO - Job 110: Subtask update_region_name
[2025-12-22T12:00:44.010+0000] {task_command.py:423} INFO - Running <TaskInstance: daily_code_update.update_region_name scheduled__2025-11-16T15:00:00+00:00 [running]> on host a5c0974290b2
[2025-12-22T12:00:44.150+0000] {taskinstance.py:2513} INFO - Exporting env vars: AIRFLOW_CTX_DAG_OWNER='navisafe' AIRFLOW_CTX_DAG_ID='daily_code_update' AIRFLOW_CTX_TASK_ID='update_region_name' AIRFLOW_CTX_EXECUTION_DATE='2025-11-16T15:00:00+00:00' AIRFLOW_CTX_TRY_NUMBER='1' AIRFLOW_CTX_DAG_RUN_ID='scheduled__2025-11-16T15:00:00+00:00'
[2025-12-22T12:00:44.151+0000] {logging_mixin.py:188} INFO - [INFO] update_region_code_name 실행 시작
[2025-12-22T12:00:44.288+0000] {base.py:83} INFO - Using connection ID 'navisafe_mysql' for task execution.
[2025-12-22T12:00:44.292+0000] {logging_mixin.py:188} INFO - [INFO] 25개의 지역 코드 저장 완료
[2025-12-22T12:00:44.293+0000] {logging_mixin.py:188} INFO - [INFO] update_region_code_name 완료
[2025-12-22T12:00:44.293+0000] {python.py:202} INFO - Done. Returned value was: None
[2025-12-22T12:00:44.298+0000] {taskinstance.py:1149} INFO - Marking task as SUCCESS. dag_id=daily_code_update, task_id=update_region_name, execution_date=20251116T150000, start_date=20251222T120043, end_date=20251222T120044
[2025-12-22T12:00:44.345+0000] {local_task_job_runner.py:234} INFO - Task exited with return code 0
[2025-12-22T12:00:44.358+0000] {taskinstance.py:3312} INFO - 0 downstream tasks scheduled from follow-on schedule check
