[2025-12-16T11:05:22.356+0000] {taskinstance.py:1979} INFO - Dependencies all met for dep_context=non-requeueable deps ti=<TaskInstance: daily_code_update.update_region_name scheduled__2025-12-10T15:00:00+00:00 [queued]>
[2025-12-16T11:05:22.367+0000] {taskinstance.py:1979} INFO - Dependencies all met for dep_context=requeueable deps ti=<TaskInstance: daily_code_update.update_region_name scheduled__2025-12-10T15:00:00+00:00 [queued]>
[2025-12-16T11:05:22.368+0000] {taskinstance.py:2193} INFO - Starting attempt 1 of 2
[2025-12-16T11:05:22.464+0000] {taskinstance.py:2217} INFO - Executing <Task(PythonOperator): update_region_name> on 2025-12-10 15:00:00+00:00
[2025-12-16T11:05:22.469+0000] {standard_task_runner.py:60} INFO - Started process 662 to run task
[2025-12-16T11:05:22.473+0000] {standard_task_runner.py:87} INFO - Running: ['airflow', 'tasks', 'run', 'daily_code_update', 'update_region_name', 'scheduled__2025-12-10T15:00:00+00:00', '--job-id', '188', '--raw', '--subdir', 'DAGS_FOLDER/code_update_dag.py', '--cfg-path', '/tmp/tmp4yl6r0fp']
[2025-12-16T11:05:22.475+0000] {standard_task_runner.py:88} INFO - Job 188: Subtask update_region_name
[2025-12-16T11:05:22.590+0000] {task_command.py:423} INFO - Running <TaskInstance: daily_code_update.update_region_name scheduled__2025-12-10T15:00:00+00:00 [running]> on host d011923f8fa9
[2025-12-16T11:05:22.750+0000] {taskinstance.py:2513} INFO - Exporting env vars: AIRFLOW_CTX_DAG_OWNER='navisafe' AIRFLOW_CTX_DAG_ID='daily_code_update' AIRFLOW_CTX_TASK_ID='update_region_name' AIRFLOW_CTX_EXECUTION_DATE='2025-12-10T15:00:00+00:00' AIRFLOW_CTX_TRY_NUMBER='1' AIRFLOW_CTX_DAG_RUN_ID='scheduled__2025-12-10T15:00:00+00:00'
[2025-12-16T11:05:22.752+0000] {logging_mixin.py:188} INFO - [INFO] update_region_code_name 실행 시작
[2025-12-16T11:05:22.893+0000] {logging_mixin.py:188} INFO - [INFO] 25개의 지역 코드 저장 완료
[2025-12-16T11:05:22.895+0000] {logging_mixin.py:188} INFO - [INFO] update_region_code_name 완료
[2025-12-16T11:05:22.896+0000] {python.py:202} INFO - Done. Returned value was: None
[2025-12-16T11:05:22.903+0000] {taskinstance.py:1149} INFO - Marking task as SUCCESS. dag_id=daily_code_update, task_id=update_region_name, execution_date=20251210T150000, start_date=20251216T110522, end_date=20251216T110522
[2025-12-16T11:05:22.967+0000] {local_task_job_runner.py:234} INFO - Task exited with return code 0
[2025-12-16T11:05:22.986+0000] {taskinstance.py:3312} INFO - 0 downstream tasks scheduled from follow-on schedule check
[2025-12-22T12:00:59.822+0000] {taskinstance.py:1979} INFO - Dependencies all met for dep_context=non-requeueable deps ti=<TaskInstance: daily_code_update.update_region_name scheduled__2025-12-10T15:00:00+00:00 [queued]>
[2025-12-22T12:00:59.833+0000] {taskinstance.py:1979} INFO - Dependencies all met for dep_context=requeueable deps ti=<TaskInstance: daily_code_update.update_region_name scheduled__2025-12-10T15:00:00+00:00 [queued]>
[2025-12-22T12:00:59.835+0000] {taskinstance.py:2193} INFO - Starting attempt 1 of 2
[2025-12-22T12:00:59.892+0000] {taskinstance.py:2217} INFO - Executing <Task(PythonOperator): update_region_name> on 2025-12-10 15:00:00+00:00
[2025-12-22T12:00:59.897+0000] {standard_task_runner.py:60} INFO - Started process 704 to run task
[2025-12-22T12:00:59.900+0000] {standard_task_runner.py:87} INFO - Running: ['airflow', 'tasks', 'run', 'daily_code_update', 'update_region_name', 'scheduled__2025-12-10T15:00:00+00:00', '--job-id', '185', '--raw', '--subdir', 'DAGS_FOLDER/code_update_dag.py', '--cfg-path', '/tmp/tmp3gswjwik']
[2025-12-22T12:00:59.902+0000] {standard_task_runner.py:88} INFO - Job 185: Subtask update_region_name
[2025-12-22T12:00:59.998+0000] {task_command.py:423} INFO - Running <TaskInstance: daily_code_update.update_region_name scheduled__2025-12-10T15:00:00+00:00 [running]> on host a5c0974290b2
[2025-12-22T12:01:00.118+0000] {taskinstance.py:2513} INFO - Exporting env vars: AIRFLOW_CTX_DAG_OWNER='navisafe' AIRFLOW_CTX_DAG_ID='daily_code_update' AIRFLOW_CTX_TASK_ID='update_region_name' AIRFLOW_CTX_EXECUTION_DATE='2025-12-10T15:00:00+00:00' AIRFLOW_CTX_TRY_NUMBER='1' AIRFLOW_CTX_DAG_RUN_ID='scheduled__2025-12-10T15:00:00+00:00'
[2025-12-22T12:01:00.120+0000] {logging_mixin.py:188} INFO - [INFO] update_region_code_name 실행 시작
[2025-12-22T12:01:00.279+0000] {base.py:83} INFO - Using connection ID 'navisafe_mysql' for task execution.
[2025-12-22T12:01:00.283+0000] {logging_mixin.py:188} INFO - [INFO] 25개의 지역 코드 저장 완료
[2025-12-22T12:01:00.284+0000] {logging_mixin.py:188} INFO - [INFO] update_region_code_name 완료
[2025-12-22T12:01:00.284+0000] {python.py:202} INFO - Done. Returned value was: None
[2025-12-22T12:01:00.291+0000] {taskinstance.py:1149} INFO - Marking task as SUCCESS. dag_id=daily_code_update, task_id=update_region_name, execution_date=20251210T150000, start_date=20251222T120059, end_date=20251222T120100
[2025-12-22T12:01:00.353+0000] {local_task_job_runner.py:234} INFO - Task exited with return code 0
[2025-12-22T12:01:00.373+0000] {taskinstance.py:3312} INFO - 0 downstream tasks scheduled from follow-on schedule check
