[2025-12-22T10:44:43.447+0000] {taskinstance.py:1979} INFO - Dependencies all met for dep_context=non-requeueable deps ti=<TaskInstance: daily_code_update.update_outbreak_code_name scheduled__2025-12-18T15:00:00+00:00 [queued]>
[2025-12-22T10:44:43.469+0000] {taskinstance.py:1979} INFO - Dependencies all met for dep_context=requeueable deps ti=<TaskInstance: daily_code_update.update_outbreak_code_name scheduled__2025-12-18T15:00:00+00:00 [queued]>
[2025-12-22T10:44:43.472+0000] {taskinstance.py:2193} INFO - Starting attempt 1 of 2
[2025-12-22T10:44:43.517+0000] {taskinstance.py:2217} INFO - Executing <Task(PythonOperator): update_outbreak_code_name> on 2025-12-18 15:00:00+00:00
[2025-12-22T10:44:43.534+0000] {standard_task_runner.py:60} INFO - Started process 228 to run task
[2025-12-22T10:44:43.554+0000] {standard_task_runner.py:87} INFO - Running: ['airflow', 'tasks', 'run', 'daily_code_update', 'update_outbreak_code_name', 'scheduled__2025-12-18T15:00:00+00:00', '--job-id', '472', '--raw', '--subdir', 'DAGS_FOLDER/code_update_dag.py', '--cfg-path', '/tmp/tmpnha_rbyq']
[2025-12-22T10:44:43.563+0000] {standard_task_runner.py:88} INFO - Job 472: Subtask update_outbreak_code_name
[2025-12-22T10:44:43.744+0000] {task_command.py:423} INFO - Running <TaskInstance: daily_code_update.update_outbreak_code_name scheduled__2025-12-18T15:00:00+00:00 [running]> on host 5d74948b19c1
[2025-12-22T10:44:44.001+0000] {taskinstance.py:2513} INFO - Exporting env vars: AIRFLOW_CTX_DAG_OWNER='navisafe' AIRFLOW_CTX_DAG_ID='daily_code_update' AIRFLOW_CTX_TASK_ID='update_outbreak_code_name' AIRFLOW_CTX_EXECUTION_DATE='2025-12-18T15:00:00+00:00' AIRFLOW_CTX_TRY_NUMBER='1' AIRFLOW_CTX_DAG_RUN_ID='scheduled__2025-12-18T15:00:00+00:00'
[2025-12-22T10:44:44.005+0000] {logging_mixin.py:188} INFO - [INFO] update_outbreak_code_name 실행 시작
[2025-12-22T10:44:44.193+0000] {logging_mixin.py:188} INFO - [INFO] 13개의 돌발유형 코드 저장 완료
[2025-12-22T10:44:44.195+0000] {logging_mixin.py:188} INFO - [INFO] update_outbreak_code_name 완료
[2025-12-22T10:44:44.196+0000] {python.py:202} INFO - Done. Returned value was: None
[2025-12-22T10:44:44.208+0000] {taskinstance.py:1149} INFO - Marking task as SUCCESS. dag_id=daily_code_update, task_id=update_outbreak_code_name, execution_date=20251218T150000, start_date=20251222T104443, end_date=20251222T104444
[2025-12-22T10:44:44.254+0000] {local_task_job_runner.py:234} INFO - Task exited with return code 0
[2025-12-22T10:44:44.277+0000] {taskinstance.py:3312} INFO - 0 downstream tasks scheduled from follow-on schedule check
[2025-12-22T12:01:04.018+0000] {taskinstance.py:1979} INFO - Dependencies all met for dep_context=non-requeueable deps ti=<TaskInstance: daily_code_update.update_outbreak_code_name scheduled__2025-12-18T15:00:00+00:00 [queued]>
[2025-12-22T12:01:04.027+0000] {taskinstance.py:1979} INFO - Dependencies all met for dep_context=requeueable deps ti=<TaskInstance: daily_code_update.update_outbreak_code_name scheduled__2025-12-18T15:00:00+00:00 [queued]>
[2025-12-22T12:01:04.028+0000] {taskinstance.py:2193} INFO - Starting attempt 1 of 2
[2025-12-22T12:01:04.078+0000] {taskinstance.py:2217} INFO - Executing <Task(PythonOperator): update_outbreak_code_name> on 2025-12-18 15:00:00+00:00
[2025-12-22T12:01:04.084+0000] {standard_task_runner.py:60} INFO - Started process 747 to run task
[2025-12-22T12:01:04.087+0000] {standard_task_runner.py:87} INFO - Running: ['airflow', 'tasks', 'run', 'daily_code_update', 'update_outbreak_code_name', 'scheduled__2025-12-18T15:00:00+00:00', '--job-id', '208', '--raw', '--subdir', 'DAGS_FOLDER/code_update_dag.py', '--cfg-path', '/tmp/tmp6b6ct1uk']
[2025-12-22T12:01:04.090+0000] {standard_task_runner.py:88} INFO - Job 208: Subtask update_outbreak_code_name
[2025-12-22T12:01:04.164+0000] {task_command.py:423} INFO - Running <TaskInstance: daily_code_update.update_outbreak_code_name scheduled__2025-12-18T15:00:00+00:00 [running]> on host a5c0974290b2
[2025-12-22T12:01:04.338+0000] {taskinstance.py:2513} INFO - Exporting env vars: AIRFLOW_CTX_DAG_OWNER='navisafe' AIRFLOW_CTX_DAG_ID='daily_code_update' AIRFLOW_CTX_TASK_ID='update_outbreak_code_name' AIRFLOW_CTX_EXECUTION_DATE='2025-12-18T15:00:00+00:00' AIRFLOW_CTX_TRY_NUMBER='1' AIRFLOW_CTX_DAG_RUN_ID='scheduled__2025-12-18T15:00:00+00:00'
[2025-12-22T12:01:04.340+0000] {logging_mixin.py:188} INFO - [INFO] update_outbreak_code_name 실행 시작
[2025-12-22T12:01:04.480+0000] {base.py:83} INFO - Using connection ID 'navisafe_mysql' for task execution.
[2025-12-22T12:01:04.487+0000] {logging_mixin.py:188} INFO - [INFO] 13개의 돌발유형 코드 저장 완료
[2025-12-22T12:01:04.487+0000] {logging_mixin.py:188} INFO - [INFO] update_outbreak_code_name 완료
[2025-12-22T12:01:04.488+0000] {python.py:202} INFO - Done. Returned value was: None
[2025-12-22T12:01:04.496+0000] {taskinstance.py:1149} INFO - Marking task as SUCCESS. dag_id=daily_code_update, task_id=update_outbreak_code_name, execution_date=20251218T150000, start_date=20251222T120104, end_date=20251222T120104
[2025-12-22T12:01:04.542+0000] {local_task_job_runner.py:234} INFO - Task exited with return code 0
[2025-12-22T12:01:04.559+0000] {taskinstance.py:3312} INFO - 0 downstream tasks scheduled from follow-on schedule check
