[2025-12-16T11:05:17.781+0000] {taskinstance.py:1979} INFO - Dependencies all met for dep_context=non-requeueable deps ti=<TaskInstance: daily_code_update.update_region_name scheduled__2025-12-06T15:00:00+00:00 [queued]>
[2025-12-16T11:05:17.787+0000] {taskinstance.py:1979} INFO - Dependencies all met for dep_context=requeueable deps ti=<TaskInstance: daily_code_update.update_region_name scheduled__2025-12-06T15:00:00+00:00 [queued]>
[2025-12-16T11:05:17.788+0000] {taskinstance.py:2193} INFO - Starting attempt 1 of 2
[2025-12-16T11:05:17.819+0000] {taskinstance.py:2217} INFO - Executing <Task(PythonOperator): update_region_name> on 2025-12-06 15:00:00+00:00
[2025-12-16T11:05:17.823+0000] {standard_task_runner.py:60} INFO - Started process 631 to run task
[2025-12-16T11:05:17.826+0000] {standard_task_runner.py:87} INFO - Running: ['airflow', 'tasks', 'run', 'daily_code_update', 'update_region_name', 'scheduled__2025-12-06T15:00:00+00:00', '--job-id', '176', '--raw', '--subdir', 'DAGS_FOLDER/code_update_dag.py', '--cfg-path', '/tmp/tmp64v23ue9']
[2025-12-16T11:05:17.828+0000] {standard_task_runner.py:88} INFO - Job 176: Subtask update_region_name
[2025-12-16T11:05:17.919+0000] {task_command.py:423} INFO - Running <TaskInstance: daily_code_update.update_region_name scheduled__2025-12-06T15:00:00+00:00 [running]> on host d011923f8fa9
[2025-12-16T11:05:18.045+0000] {taskinstance.py:2513} INFO - Exporting env vars: AIRFLOW_CTX_DAG_OWNER='navisafe' AIRFLOW_CTX_DAG_ID='daily_code_update' AIRFLOW_CTX_TASK_ID='update_region_name' AIRFLOW_CTX_EXECUTION_DATE='2025-12-06T15:00:00+00:00' AIRFLOW_CTX_TRY_NUMBER='1' AIRFLOW_CTX_DAG_RUN_ID='scheduled__2025-12-06T15:00:00+00:00'
[2025-12-16T11:05:18.047+0000] {logging_mixin.py:188} INFO - [INFO] update_region_code_name 실행 시작
[2025-12-16T11:05:18.165+0000] {logging_mixin.py:188} INFO - [INFO] 25개의 지역 코드 저장 완료
[2025-12-16T11:05:18.166+0000] {logging_mixin.py:188} INFO - [INFO] update_region_code_name 완료
[2025-12-16T11:05:18.167+0000] {python.py:202} INFO - Done. Returned value was: None
[2025-12-16T11:05:18.172+0000] {taskinstance.py:1149} INFO - Marking task as SUCCESS. dag_id=daily_code_update, task_id=update_region_name, execution_date=20251206T150000, start_date=20251216T110517, end_date=20251216T110518
[2025-12-16T11:05:18.240+0000] {local_task_job_runner.py:234} INFO - Task exited with return code 0
[2025-12-16T11:05:18.250+0000] {taskinstance.py:3312} INFO - 0 downstream tasks scheduled from follow-on schedule check
[2025-12-22T12:00:56.294+0000] {taskinstance.py:1979} INFO - Dependencies all met for dep_context=non-requeueable deps ti=<TaskInstance: daily_code_update.update_region_name scheduled__2025-12-06T15:00:00+00:00 [queued]>
[2025-12-22T12:00:56.302+0000] {taskinstance.py:1979} INFO - Dependencies all met for dep_context=requeueable deps ti=<TaskInstance: daily_code_update.update_region_name scheduled__2025-12-06T15:00:00+00:00 [queued]>
[2025-12-22T12:00:56.303+0000] {taskinstance.py:2193} INFO - Starting attempt 1 of 2
[2025-12-22T12:00:56.334+0000] {taskinstance.py:2217} INFO - Executing <Task(PythonOperator): update_region_name> on 2025-12-06 15:00:00+00:00
[2025-12-22T12:00:56.343+0000] {standard_task_runner.py:60} INFO - Started process 674 to run task
[2025-12-22T12:00:56.345+0000] {standard_task_runner.py:87} INFO - Running: ['airflow', 'tasks', 'run', 'daily_code_update', 'update_region_name', 'scheduled__2025-12-06T15:00:00+00:00', '--job-id', '173', '--raw', '--subdir', 'DAGS_FOLDER/code_update_dag.py', '--cfg-path', '/tmp/tmpajjt09_k']
[2025-12-22T12:00:56.347+0000] {standard_task_runner.py:88} INFO - Job 173: Subtask update_region_name
[2025-12-22T12:00:56.416+0000] {task_command.py:423} INFO - Running <TaskInstance: daily_code_update.update_region_name scheduled__2025-12-06T15:00:00+00:00 [running]> on host a5c0974290b2
[2025-12-22T12:00:56.541+0000] {taskinstance.py:2513} INFO - Exporting env vars: AIRFLOW_CTX_DAG_OWNER='navisafe' AIRFLOW_CTX_DAG_ID='daily_code_update' AIRFLOW_CTX_TASK_ID='update_region_name' AIRFLOW_CTX_EXECUTION_DATE='2025-12-06T15:00:00+00:00' AIRFLOW_CTX_TRY_NUMBER='1' AIRFLOW_CTX_DAG_RUN_ID='scheduled__2025-12-06T15:00:00+00:00'
[2025-12-22T12:00:56.542+0000] {logging_mixin.py:188} INFO - [INFO] update_region_code_name 실행 시작
[2025-12-22T12:00:56.640+0000] {base.py:83} INFO - Using connection ID 'navisafe_mysql' for task execution.
[2025-12-22T12:00:56.644+0000] {logging_mixin.py:188} INFO - [INFO] 25개의 지역 코드 저장 완료
[2025-12-22T12:00:56.645+0000] {logging_mixin.py:188} INFO - [INFO] update_region_code_name 완료
[2025-12-22T12:00:56.645+0000] {python.py:202} INFO - Done. Returned value was: None
[2025-12-22T12:00:56.651+0000] {taskinstance.py:1149} INFO - Marking task as SUCCESS. dag_id=daily_code_update, task_id=update_region_name, execution_date=20251206T150000, start_date=20251222T120056, end_date=20251222T120056
[2025-12-22T12:00:56.718+0000] {local_task_job_runner.py:234} INFO - Task exited with return code 0
[2025-12-22T12:00:56.732+0000] {taskinstance.py:3312} INFO - 0 downstream tasks scheduled from follow-on schedule check
