[2025-12-16T11:04:58.227+0000] {taskinstance.py:1979} INFO - Dependencies all met for dep_context=non-requeueable deps ti=<TaskInstance: daily_code_update.update_outbreak_code_name scheduled__2025-11-04T15:00:00+00:00 [queued]>
[2025-12-16T11:04:58.245+0000] {taskinstance.py:1979} INFO - Dependencies all met for dep_context=requeueable deps ti=<TaskInstance: daily_code_update.update_outbreak_code_name scheduled__2025-11-04T15:00:00+00:00 [queued]>
[2025-12-16T11:04:58.248+0000] {taskinstance.py:2193} INFO - Starting attempt 1 of 2
[2025-12-16T11:04:58.307+0000] {taskinstance.py:2217} INFO - Executing <Task(PythonOperator): update_outbreak_code_name> on 2025-11-04 15:00:00+00:00
[2025-12-16T11:04:58.315+0000] {standard_task_runner.py:60} INFO - Started process 407 to run task
[2025-12-16T11:04:58.318+0000] {standard_task_runner.py:87} INFO - Running: ['airflow', 'tasks', 'run', 'daily_code_update', 'update_outbreak_code_name', 'scheduled__2025-11-04T15:00:00+00:00', '--job-id', '75', '--raw', '--subdir', 'DAGS_FOLDER/code_update_dag.py', '--cfg-path', '/tmp/tmpglo1krjd']
[2025-12-16T11:04:58.321+0000] {standard_task_runner.py:88} INFO - Job 75: Subtask update_outbreak_code_name
[2025-12-16T11:04:58.432+0000] {task_command.py:423} INFO - Running <TaskInstance: daily_code_update.update_outbreak_code_name scheduled__2025-11-04T15:00:00+00:00 [running]> on host d011923f8fa9
[2025-12-16T11:04:58.564+0000] {taskinstance.py:2513} INFO - Exporting env vars: AIRFLOW_CTX_DAG_OWNER='navisafe' AIRFLOW_CTX_DAG_ID='daily_code_update' AIRFLOW_CTX_TASK_ID='update_outbreak_code_name' AIRFLOW_CTX_EXECUTION_DATE='2025-11-04T15:00:00+00:00' AIRFLOW_CTX_TRY_NUMBER='1' AIRFLOW_CTX_DAG_RUN_ID='scheduled__2025-11-04T15:00:00+00:00'
[2025-12-16T11:04:58.567+0000] {logging_mixin.py:188} INFO - [INFO] update_outbreak_code_name 실행 시작
[2025-12-16T11:04:58.977+0000] {logging_mixin.py:188} INFO - [INFO] 13개의 돌발유형 코드 저장 완료
[2025-12-16T11:04:58.979+0000] {logging_mixin.py:188} INFO - [INFO] update_outbreak_code_name 완료
[2025-12-16T11:04:58.980+0000] {python.py:202} INFO - Done. Returned value was: None
[2025-12-16T11:04:58.989+0000] {taskinstance.py:1149} INFO - Marking task as SUCCESS. dag_id=daily_code_update, task_id=update_outbreak_code_name, execution_date=20251104T150000, start_date=20251216T110458, end_date=20251216T110458
[2025-12-16T11:04:59.094+0000] {local_task_job_runner.py:234} INFO - Task exited with return code 0
[2025-12-16T11:04:59.122+0000] {taskinstance.py:3312} INFO - 0 downstream tasks scheduled from follow-on schedule check
[2025-12-22T12:00:34.864+0000] {taskinstance.py:1979} INFO - Dependencies all met for dep_context=non-requeueable deps ti=<TaskInstance: daily_code_update.update_outbreak_code_name scheduled__2025-11-04T15:00:00+00:00 [queued]>
[2025-12-22T12:00:34.894+0000] {taskinstance.py:1979} INFO - Dependencies all met for dep_context=requeueable deps ti=<TaskInstance: daily_code_update.update_outbreak_code_name scheduled__2025-11-04T15:00:00+00:00 [queued]>
[2025-12-22T12:00:34.895+0000] {taskinstance.py:2193} INFO - Starting attempt 1 of 2
[2025-12-22T12:00:35.064+0000] {taskinstance.py:2217} INFO - Executing <Task(PythonOperator): update_outbreak_code_name> on 2025-11-04 15:00:00+00:00
[2025-12-22T12:00:35.089+0000] {standard_task_runner.py:60} INFO - Started process 452 to run task
[2025-12-22T12:00:35.095+0000] {standard_task_runner.py:87} INFO - Running: ['airflow', 'tasks', 'run', 'daily_code_update', 'update_outbreak_code_name', 'scheduled__2025-11-04T15:00:00+00:00', '--job-id', '67', '--raw', '--subdir', 'DAGS_FOLDER/code_update_dag.py', '--cfg-path', '/tmp/tmpq6zdt96p']
[2025-12-22T12:00:35.098+0000] {standard_task_runner.py:88} INFO - Job 67: Subtask update_outbreak_code_name
[2025-12-22T12:00:35.275+0000] {task_command.py:423} INFO - Running <TaskInstance: daily_code_update.update_outbreak_code_name scheduled__2025-11-04T15:00:00+00:00 [running]> on host a5c0974290b2
[2025-12-22T12:00:35.579+0000] {taskinstance.py:2513} INFO - Exporting env vars: AIRFLOW_CTX_DAG_OWNER='navisafe' AIRFLOW_CTX_DAG_ID='daily_code_update' AIRFLOW_CTX_TASK_ID='update_outbreak_code_name' AIRFLOW_CTX_EXECUTION_DATE='2025-11-04T15:00:00+00:00' AIRFLOW_CTX_TRY_NUMBER='1' AIRFLOW_CTX_DAG_RUN_ID='scheduled__2025-11-04T15:00:00+00:00'
[2025-12-22T12:00:35.584+0000] {logging_mixin.py:188} INFO - [INFO] update_outbreak_code_name 실행 시작
[2025-12-22T12:00:36.068+0000] {base.py:83} INFO - Using connection ID 'navisafe_mysql' for task execution.
[2025-12-22T12:00:36.075+0000] {logging_mixin.py:188} INFO - [INFO] 13개의 돌발유형 코드 저장 완료
[2025-12-22T12:00:36.077+0000] {logging_mixin.py:188} INFO - [INFO] update_outbreak_code_name 완료
[2025-12-22T12:00:36.078+0000] {python.py:202} INFO - Done. Returned value was: None
[2025-12-22T12:00:36.088+0000] {taskinstance.py:1149} INFO - Marking task as SUCCESS. dag_id=daily_code_update, task_id=update_outbreak_code_name, execution_date=20251104T150000, start_date=20251222T120034, end_date=20251222T120036
[2025-12-22T12:00:36.199+0000] {local_task_job_runner.py:234} INFO - Task exited with return code 0
[2025-12-22T12:00:36.341+0000] {taskinstance.py:3312} INFO - 0 downstream tasks scheduled from follow-on schedule check
