[2025-12-16T11:05:02.435+0000] {taskinstance.py:1979} INFO - Dependencies all met for dep_context=non-requeueable deps ti=<TaskInstance: daily_code_update.update_outbreak_detail_code_name scheduled__2025-11-12T15:00:00+00:00 [queued]>
[2025-12-16T11:05:02.450+0000] {taskinstance.py:1979} INFO - Dependencies all met for dep_context=requeueable deps ti=<TaskInstance: daily_code_update.update_outbreak_detail_code_name scheduled__2025-11-12T15:00:00+00:00 [queued]>
[2025-12-16T11:05:02.451+0000] {taskinstance.py:2193} INFO - Starting attempt 1 of 2
[2025-12-16T11:05:02.648+0000] {taskinstance.py:2217} INFO - Executing <Task(PythonOperator): update_outbreak_detail_code_name> on 2025-11-12 15:00:00+00:00
[2025-12-16T11:05:02.659+0000] {standard_task_runner.py:60} INFO - Started process 456 to run task
[2025-12-16T11:05:02.663+0000] {standard_task_runner.py:87} INFO - Running: ['airflow', 'tasks', 'run', 'daily_code_update', 'update_outbreak_detail_code_name', 'scheduled__2025-11-12T15:00:00+00:00', '--job-id', '100', '--raw', '--subdir', 'DAGS_FOLDER/code_update_dag.py', '--cfg-path', '/tmp/tmpurd43bte']
[2025-12-16T11:05:02.669+0000] {standard_task_runner.py:88} INFO - Job 100: Subtask update_outbreak_detail_code_name
[2025-12-16T11:05:02.820+0000] {task_command.py:423} INFO - Running <TaskInstance: daily_code_update.update_outbreak_detail_code_name scheduled__2025-11-12T15:00:00+00:00 [running]> on host d011923f8fa9
[2025-12-16T11:05:03.037+0000] {taskinstance.py:2513} INFO - Exporting env vars: AIRFLOW_CTX_DAG_OWNER='navisafe' AIRFLOW_CTX_DAG_ID='daily_code_update' AIRFLOW_CTX_TASK_ID='update_outbreak_detail_code_name' AIRFLOW_CTX_EXECUTION_DATE='2025-11-12T15:00:00+00:00' AIRFLOW_CTX_TRY_NUMBER='1' AIRFLOW_CTX_DAG_RUN_ID='scheduled__2025-11-12T15:00:00+00:00'
[2025-12-16T11:05:03.039+0000] {logging_mixin.py:188} INFO - [INFO] update_outbreak_detail_code_name 실행 시작
[2025-12-16T11:05:03.229+0000] {logging_mixin.py:188} INFO - [INFO] 43개의 돌발 세부 유형 코드 저장 완료
[2025-12-16T11:05:03.230+0000] {logging_mixin.py:188} INFO - [INFO] update_outbreak_detail_code_name 완료
[2025-12-16T11:05:03.231+0000] {python.py:202} INFO - Done. Returned value was: None
[2025-12-16T11:05:03.238+0000] {taskinstance.py:1149} INFO - Marking task as SUCCESS. dag_id=daily_code_update, task_id=update_outbreak_detail_code_name, execution_date=20251112T150000, start_date=20251216T110502, end_date=20251216T110503
[2025-12-16T11:05:03.280+0000] {local_task_job_runner.py:234} INFO - Task exited with return code 0
[2025-12-16T11:05:03.295+0000] {taskinstance.py:3312} INFO - 0 downstream tasks scheduled from follow-on schedule check
[2025-12-22T12:00:42.393+0000] {taskinstance.py:1979} INFO - Dependencies all met for dep_context=non-requeueable deps ti=<TaskInstance: daily_code_update.update_outbreak_detail_code_name scheduled__2025-11-12T15:00:00+00:00 [queued]>
[2025-12-22T12:00:42.410+0000] {taskinstance.py:1979} INFO - Dependencies all met for dep_context=requeueable deps ti=<TaskInstance: daily_code_update.update_outbreak_detail_code_name scheduled__2025-11-12T15:00:00+00:00 [queued]>
[2025-12-22T12:00:42.410+0000] {taskinstance.py:2193} INFO - Starting attempt 1 of 2
[2025-12-22T12:00:42.466+0000] {taskinstance.py:2217} INFO - Executing <Task(PythonOperator): update_outbreak_detail_code_name> on 2025-11-12 15:00:00+00:00
[2025-12-22T12:00:42.471+0000] {standard_task_runner.py:60} INFO - Started process 508 to run task
[2025-12-22T12:00:42.475+0000] {standard_task_runner.py:87} INFO - Running: ['airflow', 'tasks', 'run', 'daily_code_update', 'update_outbreak_detail_code_name', 'scheduled__2025-11-12T15:00:00+00:00', '--job-id', '100', '--raw', '--subdir', 'DAGS_FOLDER/code_update_dag.py', '--cfg-path', '/tmp/tmpl5six40g']
[2025-12-22T12:00:42.478+0000] {standard_task_runner.py:88} INFO - Job 100: Subtask update_outbreak_detail_code_name
[2025-12-22T12:00:42.575+0000] {task_command.py:423} INFO - Running <TaskInstance: daily_code_update.update_outbreak_detail_code_name scheduled__2025-11-12T15:00:00+00:00 [running]> on host a5c0974290b2
[2025-12-22T12:00:42.748+0000] {taskinstance.py:2513} INFO - Exporting env vars: AIRFLOW_CTX_DAG_OWNER='navisafe' AIRFLOW_CTX_DAG_ID='daily_code_update' AIRFLOW_CTX_TASK_ID='update_outbreak_detail_code_name' AIRFLOW_CTX_EXECUTION_DATE='2025-11-12T15:00:00+00:00' AIRFLOW_CTX_TRY_NUMBER='1' AIRFLOW_CTX_DAG_RUN_ID='scheduled__2025-11-12T15:00:00+00:00'
[2025-12-22T12:00:42.749+0000] {logging_mixin.py:188} INFO - [INFO] update_outbreak_detail_code_name 실행 시작
[2025-12-22T12:00:42.872+0000] {base.py:83} INFO - Using connection ID 'navisafe_mysql' for task execution.
[2025-12-22T12:00:42.877+0000] {logging_mixin.py:188} INFO - [INFO] 43개의 돌발 세부 유형 코드 저장 완료
[2025-12-22T12:00:42.878+0000] {logging_mixin.py:188} INFO - [INFO] update_outbreak_detail_code_name 완료
[2025-12-22T12:00:42.878+0000] {python.py:202} INFO - Done. Returned value was: None
[2025-12-22T12:00:42.884+0000] {taskinstance.py:1149} INFO - Marking task as SUCCESS. dag_id=daily_code_update, task_id=update_outbreak_detail_code_name, execution_date=20251112T150000, start_date=20251222T120042, end_date=20251222T120042
[2025-12-22T12:00:42.931+0000] {local_task_job_runner.py:234} INFO - Task exited with return code 0
[2025-12-22T12:00:42.951+0000] {taskinstance.py:3312} INFO - 0 downstream tasks scheduled from follow-on schedule check
