[2025-12-16T11:04:51.782+0000] {taskinstance.py:1979} INFO - Dependencies all met for dep_context=non-requeueable deps ti=<TaskInstance: daily_code_update.update_region_name scheduled__2025-10-23T15:00:00+00:00 [queued]>
[2025-12-16T11:04:51.792+0000] {taskinstance.py:1979} INFO - Dependencies all met for dep_context=requeueable deps ti=<TaskInstance: daily_code_update.update_region_name scheduled__2025-10-23T15:00:00+00:00 [queued]>
[2025-12-16T11:04:51.792+0000] {taskinstance.py:2193} INFO - Starting attempt 1 of 2
[2025-12-16T11:04:51.880+0000] {taskinstance.py:2217} INFO - Executing <Task(PythonOperator): update_region_name> on 2025-10-23 15:00:00+00:00
[2025-12-16T11:04:51.889+0000] {standard_task_runner.py:87} INFO - Running: ['airflow', 'tasks', 'run', 'daily_code_update', 'update_region_name', 'scheduled__2025-10-23T15:00:00+00:00', '--job-id', '35', '--raw', '--subdir', 'DAGS_FOLDER/code_update_dag.py', '--cfg-path', '/tmp/tmpnohwydi4']
[2025-12-16T11:04:51.885+0000] {standard_task_runner.py:60} INFO - Started process 330 to run task
[2025-12-16T11:04:51.892+0000] {standard_task_runner.py:88} INFO - Job 35: Subtask update_region_name
[2025-12-16T11:04:52.156+0000] {task_command.py:423} INFO - Running <TaskInstance: daily_code_update.update_region_name scheduled__2025-10-23T15:00:00+00:00 [running]> on host d011923f8fa9
[2025-12-16T11:04:52.297+0000] {taskinstance.py:2513} INFO - Exporting env vars: AIRFLOW_CTX_DAG_OWNER='navisafe' AIRFLOW_CTX_DAG_ID='daily_code_update' AIRFLOW_CTX_TASK_ID='update_region_name' AIRFLOW_CTX_EXECUTION_DATE='2025-10-23T15:00:00+00:00' AIRFLOW_CTX_TRY_NUMBER='1' AIRFLOW_CTX_DAG_RUN_ID='scheduled__2025-10-23T15:00:00+00:00'
[2025-12-16T11:04:52.298+0000] {logging_mixin.py:188} INFO - [INFO] update_region_code_name 실행 시작
[2025-12-16T11:04:52.641+0000] {logging_mixin.py:188} INFO - [INFO] 25개의 지역 코드 저장 완료
[2025-12-16T11:04:52.643+0000] {logging_mixin.py:188} INFO - [INFO] update_region_code_name 완료
[2025-12-16T11:04:52.644+0000] {python.py:202} INFO - Done. Returned value was: None
[2025-12-16T11:04:52.650+0000] {taskinstance.py:1149} INFO - Marking task as SUCCESS. dag_id=daily_code_update, task_id=update_region_name, execution_date=20251023T150000, start_date=20251216T110451, end_date=20251216T110452
[2025-12-16T11:04:52.790+0000] {local_task_job_runner.py:234} INFO - Task exited with return code 0
[2025-12-16T11:04:52.806+0000] {taskinstance.py:3312} INFO - 0 downstream tasks scheduled from follow-on schedule check
[2025-12-22T12:00:24.507+0000] {taskinstance.py:1979} INFO - Dependencies all met for dep_context=non-requeueable deps ti=<TaskInstance: daily_code_update.update_region_name scheduled__2025-10-23T15:00:00+00:00 [queued]>
[2025-12-22T12:00:24.520+0000] {taskinstance.py:1979} INFO - Dependencies all met for dep_context=requeueable deps ti=<TaskInstance: daily_code_update.update_region_name scheduled__2025-10-23T15:00:00+00:00 [queued]>
[2025-12-22T12:00:24.521+0000] {taskinstance.py:2193} INFO - Starting attempt 1 of 2
[2025-12-22T12:00:24.555+0000] {taskinstance.py:2217} INFO - Executing <Task(PythonOperator): update_region_name> on 2025-10-23 15:00:00+00:00
[2025-12-22T12:00:24.560+0000] {standard_task_runner.py:60} INFO - Started process 373 to run task
[2025-12-22T12:00:24.564+0000] {standard_task_runner.py:87} INFO - Running: ['airflow', 'tasks', 'run', 'daily_code_update', 'update_region_name', 'scheduled__2025-10-23T15:00:00+00:00', '--job-id', '37', '--raw', '--subdir', 'DAGS_FOLDER/code_update_dag.py', '--cfg-path', '/tmp/tmpqscf8ig5']
[2025-12-22T12:00:24.566+0000] {standard_task_runner.py:88} INFO - Job 37: Subtask update_region_name
[2025-12-22T12:00:24.666+0000] {task_command.py:423} INFO - Running <TaskInstance: daily_code_update.update_region_name scheduled__2025-10-23T15:00:00+00:00 [running]> on host a5c0974290b2
[2025-12-22T12:00:24.761+0000] {taskinstance.py:2513} INFO - Exporting env vars: AIRFLOW_CTX_DAG_OWNER='navisafe' AIRFLOW_CTX_DAG_ID='daily_code_update' AIRFLOW_CTX_TASK_ID='update_region_name' AIRFLOW_CTX_EXECUTION_DATE='2025-10-23T15:00:00+00:00' AIRFLOW_CTX_TRY_NUMBER='1' AIRFLOW_CTX_DAG_RUN_ID='scheduled__2025-10-23T15:00:00+00:00'
[2025-12-22T12:00:24.762+0000] {logging_mixin.py:188} INFO - [INFO] update_region_code_name 실행 시작
[2025-12-22T12:00:24.877+0000] {base.py:83} INFO - Using connection ID 'navisafe_mysql' for task execution.
[2025-12-22T12:00:24.883+0000] {logging_mixin.py:188} INFO - [INFO] 25개의 지역 코드 저장 완료
[2025-12-22T12:00:24.884+0000] {logging_mixin.py:188} INFO - [INFO] update_region_code_name 완료
[2025-12-22T12:00:24.885+0000] {python.py:202} INFO - Done. Returned value was: None
[2025-12-22T12:00:24.893+0000] {taskinstance.py:1149} INFO - Marking task as SUCCESS. dag_id=daily_code_update, task_id=update_region_name, execution_date=20251023T150000, start_date=20251222T120024, end_date=20251222T120024
[2025-12-22T12:00:24.978+0000] {local_task_job_runner.py:234} INFO - Task exited with return code 0
[2025-12-22T12:00:24.994+0000] {taskinstance.py:3312} INFO - 0 downstream tasks scheduled from follow-on schedule check
