[2025-12-16T11:05:06.211+0000] {taskinstance.py:1979} INFO - Dependencies all met for dep_context=non-requeueable deps ti=<TaskInstance: daily_code_update.update_outbreak_detail_code_name scheduled__2025-11-15T15:00:00+00:00 [queued]>
[2025-12-16T11:05:06.223+0000] {taskinstance.py:1979} INFO - Dependencies all met for dep_context=requeueable deps ti=<TaskInstance: daily_code_update.update_outbreak_detail_code_name scheduled__2025-11-15T15:00:00+00:00 [queued]>
[2025-12-16T11:05:06.224+0000] {taskinstance.py:2193} INFO - Starting attempt 1 of 2
[2025-12-16T11:05:06.264+0000] {taskinstance.py:2217} INFO - Executing <Task(PythonOperator): update_outbreak_detail_code_name> on 2025-11-15 15:00:00+00:00
[2025-12-16T11:05:06.272+0000] {standard_task_runner.py:60} INFO - Started process 477 to run task
[2025-12-16T11:05:06.276+0000] {standard_task_runner.py:87} INFO - Running: ['airflow', 'tasks', 'run', 'daily_code_update', 'update_outbreak_detail_code_name', 'scheduled__2025-11-15T15:00:00+00:00', '--job-id', '108', '--raw', '--subdir', 'DAGS_FOLDER/code_update_dag.py', '--cfg-path', '/tmp/tmpojgezbj_']
[2025-12-16T11:05:06.279+0000] {standard_task_runner.py:88} INFO - Job 108: Subtask update_outbreak_detail_code_name
[2025-12-16T11:05:06.388+0000] {task_command.py:423} INFO - Running <TaskInstance: daily_code_update.update_outbreak_detail_code_name scheduled__2025-11-15T15:00:00+00:00 [running]> on host d011923f8fa9
[2025-12-16T11:05:06.574+0000] {taskinstance.py:2513} INFO - Exporting env vars: AIRFLOW_CTX_DAG_OWNER='navisafe' AIRFLOW_CTX_DAG_ID='daily_code_update' AIRFLOW_CTX_TASK_ID='update_outbreak_detail_code_name' AIRFLOW_CTX_EXECUTION_DATE='2025-11-15T15:00:00+00:00' AIRFLOW_CTX_TRY_NUMBER='1' AIRFLOW_CTX_DAG_RUN_ID='scheduled__2025-11-15T15:00:00+00:00'
[2025-12-16T11:05:06.576+0000] {logging_mixin.py:188} INFO - [INFO] update_outbreak_detail_code_name 실행 시작
[2025-12-16T11:05:06.741+0000] {logging_mixin.py:188} INFO - [INFO] 43개의 돌발 세부 유형 코드 저장 완료
[2025-12-16T11:05:06.742+0000] {logging_mixin.py:188} INFO - [INFO] update_outbreak_detail_code_name 완료
[2025-12-16T11:05:06.742+0000] {python.py:202} INFO - Done. Returned value was: None
[2025-12-16T11:05:06.752+0000] {taskinstance.py:1149} INFO - Marking task as SUCCESS. dag_id=daily_code_update, task_id=update_outbreak_detail_code_name, execution_date=20251115T150000, start_date=20251216T110506, end_date=20251216T110506
[2025-12-16T11:05:06.891+0000] {local_task_job_runner.py:234} INFO - Task exited with return code 0
[2025-12-16T11:05:06.951+0000] {taskinstance.py:3312} INFO - 0 downstream tasks scheduled from follow-on schedule check
[2025-12-22T12:00:43.877+0000] {taskinstance.py:1979} INFO - Dependencies all met for dep_context=non-requeueable deps ti=<TaskInstance: daily_code_update.update_outbreak_detail_code_name scheduled__2025-11-15T15:00:00+00:00 [queued]>
[2025-12-22T12:00:43.891+0000] {taskinstance.py:1979} INFO - Dependencies all met for dep_context=requeueable deps ti=<TaskInstance: daily_code_update.update_outbreak_detail_code_name scheduled__2025-11-15T15:00:00+00:00 [queued]>
[2025-12-22T12:00:43.892+0000] {taskinstance.py:2193} INFO - Starting attempt 1 of 2
[2025-12-22T12:00:43.935+0000] {taskinstance.py:2217} INFO - Executing <Task(PythonOperator): update_outbreak_detail_code_name> on 2025-11-15 15:00:00+00:00
[2025-12-22T12:00:43.947+0000] {standard_task_runner.py:60} INFO - Started process 528 to run task
[2025-12-22T12:00:43.951+0000] {standard_task_runner.py:87} INFO - Running: ['airflow', 'tasks', 'run', 'daily_code_update', 'update_outbreak_detail_code_name', 'scheduled__2025-11-15T15:00:00+00:00', '--job-id', '109', '--raw', '--subdir', 'DAGS_FOLDER/code_update_dag.py', '--cfg-path', '/tmp/tmpld0rmawo']
[2025-12-22T12:00:43.953+0000] {standard_task_runner.py:88} INFO - Job 109: Subtask update_outbreak_detail_code_name
[2025-12-22T12:00:44.078+0000] {task_command.py:423} INFO - Running <TaskInstance: daily_code_update.update_outbreak_detail_code_name scheduled__2025-11-15T15:00:00+00:00 [running]> on host a5c0974290b2
[2025-12-22T12:00:44.197+0000] {taskinstance.py:2513} INFO - Exporting env vars: AIRFLOW_CTX_DAG_OWNER='navisafe' AIRFLOW_CTX_DAG_ID='daily_code_update' AIRFLOW_CTX_TASK_ID='update_outbreak_detail_code_name' AIRFLOW_CTX_EXECUTION_DATE='2025-11-15T15:00:00+00:00' AIRFLOW_CTX_TRY_NUMBER='1' AIRFLOW_CTX_DAG_RUN_ID='scheduled__2025-11-15T15:00:00+00:00'
[2025-12-22T12:00:44.198+0000] {logging_mixin.py:188} INFO - [INFO] update_outbreak_detail_code_name 실행 시작
[2025-12-22T12:00:44.298+0000] {base.py:83} INFO - Using connection ID 'navisafe_mysql' for task execution.
[2025-12-22T12:00:44.302+0000] {logging_mixin.py:188} INFO - [INFO] 43개의 돌발 세부 유형 코드 저장 완료
[2025-12-22T12:00:44.302+0000] {logging_mixin.py:188} INFO - [INFO] update_outbreak_detail_code_name 완료
[2025-12-22T12:00:44.302+0000] {python.py:202} INFO - Done. Returned value was: None
[2025-12-22T12:00:44.308+0000] {taskinstance.py:1149} INFO - Marking task as SUCCESS. dag_id=daily_code_update, task_id=update_outbreak_detail_code_name, execution_date=20251115T150000, start_date=20251222T120043, end_date=20251222T120044
[2025-12-22T12:00:44.366+0000] {local_task_job_runner.py:234} INFO - Task exited with return code 0
[2025-12-22T12:00:44.389+0000] {taskinstance.py:3312} INFO - 0 downstream tasks scheduled from follow-on schedule check
