[2025-12-16T11:49:05.579+0000] {taskinstance.py:1979} INFO - Dependencies all met for dep_context=non-requeueable deps ti=<TaskInstance: linkinfo_dag.process_linkinfo manual__2025-12-16T11:49:03.809027+00:00 [queued]>
[2025-12-16T11:49:05.586+0000] {taskinstance.py:1979} INFO - Dependencies all met for dep_context=requeueable deps ti=<TaskInstance: linkinfo_dag.process_linkinfo manual__2025-12-16T11:49:03.809027+00:00 [queued]>
[2025-12-16T11:49:05.586+0000] {taskinstance.py:2193} INFO - Starting attempt 1 of 1
[2025-12-16T11:49:05.602+0000] {taskinstance.py:2217} INFO - Executing <Task(PythonOperator): process_linkinfo> on 2025-12-16 11:49:03.809027+00:00
[2025-12-16T11:49:05.606+0000] {standard_task_runner.py:60} INFO - Started process 2213 to run task
[2025-12-16T11:49:05.608+0000] {standard_task_runner.py:87} INFO - Running: ['airflow', 'tasks', 'run', 'linkinfo_dag', 'process_linkinfo', 'manual__2025-12-16T11:49:03.809027+00:00', '--job-id', '430', '--raw', '--subdir', 'DAGS_FOLDER/linkinfo_dag.py', '--cfg-path', '/tmp/tmp8fcu06d2']
[2025-12-16T11:49:05.610+0000] {standard_task_runner.py:88} INFO - Job 430: Subtask process_linkinfo
[2025-12-16T11:49:05.653+0000] {task_command.py:423} INFO - Running <TaskInstance: linkinfo_dag.process_linkinfo manual__2025-12-16T11:49:03.809027+00:00 [running]> on host 5d74948b19c1
[2025-12-16T11:49:05.725+0000] {taskinstance.py:2513} INFO - Exporting env vars: AIRFLOW_CTX_DAG_OWNER='airflow' AIRFLOW_CTX_DAG_ID='linkinfo_dag' AIRFLOW_CTX_TASK_ID='process_linkinfo' AIRFLOW_CTX_EXECUTION_DATE='2025-12-16T11:49:03.809027+00:00' AIRFLOW_CTX_TRY_NUMBER='1' AIRFLOW_CTX_DAG_RUN_ID='manual__2025-12-16T11:49:03.809027+00:00'
[2025-12-16T11:49:05.763+0000] {logging_mixin.py:188} INFO - Redis에서 꺼낸 item: {"link_id": "1040004300"}
[2025-12-16T11:49:05.764+0000] {logging_mixin.py:188} INFO - 파싱 후 link_id: 1040004300
[2025-12-16T11:49:05.764+0000] {logging_mixin.py:188} INFO - [INFO] 1개의 LINK_ID 데이터를 처리합니다...
[2025-12-16T11:49:05.765+0000] {logging_mixin.py:188} INFO - Calling LinkInfo API: http://openapi.seoul.go.kr:8088/656b61716d646e6439377847526d4c/xml/LinkInfo/1/5/1040004300/
[2025-12-16T11:49:06.010+0000] {logging_mixin.py:188} INFO - {'link_id': '1040004300', 'road_name': '천호대로', 'st_node_nm': '군자역', 'ed_node_nm': '아차산역삼거리', 'map_dist': 886, 'reg_cd': 104}
[2025-12-16T11:49:06.011+0000] {logging_mixin.py:188} INFO - Calling TrafficInfo API: http://openapi.seoul.go.kr:8088/436b63764a646e643130395474737472/xml/TrafficInfo/1/5/1040004300/
[2025-12-16T11:49:06.138+0000] {logging_mixin.py:188} INFO - link_info 데이터 삽입 완료
[2025-12-16T11:49:06.140+0000] {logging_mixin.py:188} INFO - ROAD_TRAFFIC 데이터 삽입 완료
[2025-12-16T11:49:06.146+0000] {logging_mixin.py:188} INFO - [INFO] 1개의 LINK_ID 데이터 처리 완료
[2025-12-16T11:49:06.147+0000] {python.py:202} INFO - Done. Returned value was: None
[2025-12-16T11:49:06.153+0000] {taskinstance.py:1149} INFO - Marking task as SUCCESS. dag_id=linkinfo_dag, task_id=process_linkinfo, execution_date=20251216T114903, start_date=20251216T114905, end_date=20251216T114906
[2025-12-16T11:49:06.182+0000] {local_task_job_runner.py:234} INFO - Task exited with return code 0
[2025-12-16T11:49:06.195+0000] {taskinstance.py:3312} INFO - 1 downstream tasks scheduled from follow-on schedule check
