[2025-12-22T10:44:43.037+0000] {taskinstance.py:1979} INFO - Dependencies all met for dep_context=non-requeueable deps ti=<TaskInstance: daily_code_update.update_outbreak_detail_code_name scheduled__2025-12-17T15:00:00+00:00 [queued]>
[2025-12-22T10:44:43.061+0000] {taskinstance.py:1979} INFO - Dependencies all met for dep_context=requeueable deps ti=<TaskInstance: daily_code_update.update_outbreak_detail_code_name scheduled__2025-12-17T15:00:00+00:00 [queued]>
[2025-12-22T10:44:43.063+0000] {taskinstance.py:2193} INFO - Starting attempt 1 of 2
[2025-12-22T10:44:43.217+0000] {taskinstance.py:2217} INFO - Executing <Task(PythonOperator): update_outbreak_detail_code_name> on 2025-12-17 15:00:00+00:00
[2025-12-22T10:44:43.245+0000] {standard_task_runner.py:60} INFO - Started process 225 to run task
[2025-12-22T10:44:43.258+0000] {standard_task_runner.py:87} INFO - Running: ['airflow', 'tasks', 'run', 'daily_code_update', 'update_outbreak_detail_code_name', 'scheduled__2025-12-17T15:00:00+00:00', '--job-id', '469', '--raw', '--subdir', 'DAGS_FOLDER/code_update_dag.py', '--cfg-path', '/tmp/tmpb1ji3qcd']
[2025-12-22T10:44:43.266+0000] {standard_task_runner.py:88} INFO - Job 469: Subtask update_outbreak_detail_code_name
[2025-12-22T10:44:43.470+0000] {task_command.py:423} INFO - Running <TaskInstance: daily_code_update.update_outbreak_detail_code_name scheduled__2025-12-17T15:00:00+00:00 [running]> on host 5d74948b19c1
[2025-12-22T10:44:43.938+0000] {taskinstance.py:2513} INFO - Exporting env vars: AIRFLOW_CTX_DAG_OWNER='navisafe' AIRFLOW_CTX_DAG_ID='daily_code_update' AIRFLOW_CTX_TASK_ID='update_outbreak_detail_code_name' AIRFLOW_CTX_EXECUTION_DATE='2025-12-17T15:00:00+00:00' AIRFLOW_CTX_TRY_NUMBER='1' AIRFLOW_CTX_DAG_RUN_ID='scheduled__2025-12-17T15:00:00+00:00'
[2025-12-22T10:44:43.940+0000] {logging_mixin.py:188} INFO - [INFO] update_outbreak_detail_code_name 실행 시작
[2025-12-22T10:44:44.155+0000] {logging_mixin.py:188} INFO - [INFO] 43개의 돌발 세부 유형 코드 저장 완료
[2025-12-22T10:44:44.156+0000] {logging_mixin.py:188} INFO - [INFO] update_outbreak_detail_code_name 완료
[2025-12-22T10:44:44.157+0000] {python.py:202} INFO - Done. Returned value was: None
[2025-12-22T10:44:44.168+0000] {taskinstance.py:1149} INFO - Marking task as SUCCESS. dag_id=daily_code_update, task_id=update_outbreak_detail_code_name, execution_date=20251217T150000, start_date=20251222T104443, end_date=20251222T104444
[2025-12-22T10:44:44.224+0000] {local_task_job_runner.py:234} INFO - Task exited with return code 0
[2025-12-22T10:44:44.251+0000] {taskinstance.py:3312} INFO - 0 downstream tasks scheduled from follow-on schedule check
[2025-12-22T12:01:03.749+0000] {taskinstance.py:1979} INFO - Dependencies all met for dep_context=non-requeueable deps ti=<TaskInstance: daily_code_update.update_outbreak_detail_code_name scheduled__2025-12-17T15:00:00+00:00 [queued]>
[2025-12-22T12:01:03.760+0000] {taskinstance.py:1979} INFO - Dependencies all met for dep_context=requeueable deps ti=<TaskInstance: daily_code_update.update_outbreak_detail_code_name scheduled__2025-12-17T15:00:00+00:00 [queued]>
[2025-12-22T12:01:03.761+0000] {taskinstance.py:2193} INFO - Starting attempt 1 of 2
[2025-12-22T12:01:03.817+0000] {taskinstance.py:2217} INFO - Executing <Task(PythonOperator): update_outbreak_detail_code_name> on 2025-12-17 15:00:00+00:00
[2025-12-22T12:01:03.823+0000] {standard_task_runner.py:60} INFO - Started process 745 to run task
[2025-12-22T12:01:03.826+0000] {standard_task_runner.py:87} INFO - Running: ['airflow', 'tasks', 'run', 'daily_code_update', 'update_outbreak_detail_code_name', 'scheduled__2025-12-17T15:00:00+00:00', '--job-id', '206', '--raw', '--subdir', 'DAGS_FOLDER/code_update_dag.py', '--cfg-path', '/tmp/tmp7fr4ictt']
[2025-12-22T12:01:03.829+0000] {standard_task_runner.py:88} INFO - Job 206: Subtask update_outbreak_detail_code_name
[2025-12-22T12:01:03.927+0000] {task_command.py:423} INFO - Running <TaskInstance: daily_code_update.update_outbreak_detail_code_name scheduled__2025-12-17T15:00:00+00:00 [running]> on host a5c0974290b2
[2025-12-22T12:01:04.105+0000] {taskinstance.py:2513} INFO - Exporting env vars: AIRFLOW_CTX_DAG_OWNER='navisafe' AIRFLOW_CTX_DAG_ID='daily_code_update' AIRFLOW_CTX_TASK_ID='update_outbreak_detail_code_name' AIRFLOW_CTX_EXECUTION_DATE='2025-12-17T15:00:00+00:00' AIRFLOW_CTX_TRY_NUMBER='1' AIRFLOW_CTX_DAG_RUN_ID='scheduled__2025-12-17T15:00:00+00:00'
[2025-12-22T12:01:04.106+0000] {logging_mixin.py:188} INFO - [INFO] update_outbreak_detail_code_name 실행 시작
[2025-12-22T12:01:04.263+0000] {base.py:83} INFO - Using connection ID 'navisafe_mysql' for task execution.
[2025-12-22T12:01:04.268+0000] {logging_mixin.py:188} INFO - [INFO] 43개의 돌발 세부 유형 코드 저장 완료
[2025-12-22T12:01:04.269+0000] {logging_mixin.py:188} INFO - [INFO] update_outbreak_detail_code_name 완료
[2025-12-22T12:01:04.269+0000] {python.py:202} INFO - Done. Returned value was: None
[2025-12-22T12:01:04.275+0000] {taskinstance.py:1149} INFO - Marking task as SUCCESS. dag_id=daily_code_update, task_id=update_outbreak_detail_code_name, execution_date=20251217T150000, start_date=20251222T120103, end_date=20251222T120104
[2025-12-22T12:01:04.318+0000] {local_task_job_runner.py:234} INFO - Task exited with return code 0
[2025-12-22T12:01:04.374+0000] {taskinstance.py:3312} INFO - 0 downstream tasks scheduled from follow-on schedule check
