[2025-12-16T11:04:42.022+0000] {taskinstance.py:1979} INFO - Dependencies all met for dep_context=non-requeueable deps ti=<TaskInstance: daily_code_update.update_outbreak_code_name scheduled__2025-10-16T15:00:00+00:00 [queued]>
[2025-12-16T11:04:42.045+0000] {taskinstance.py:1979} INFO - Dependencies all met for dep_context=requeueable deps ti=<TaskInstance: daily_code_update.update_outbreak_code_name scheduled__2025-10-16T15:00:00+00:00 [queued]>
[2025-12-16T11:04:42.049+0000] {taskinstance.py:2193} INFO - Starting attempt 1 of 2
[2025-12-16T11:04:42.156+0000] {taskinstance.py:2217} INFO - Executing <Task(PythonOperator): update_outbreak_code_name> on 2025-10-16 15:00:00+00:00
[2025-12-16T11:04:42.169+0000] {standard_task_runner.py:60} INFO - Started process 274 to run task
[2025-12-16T11:04:42.192+0000] {standard_task_runner.py:87} INFO - Running: ['airflow', 'tasks', 'run', 'daily_code_update', 'update_outbreak_code_name', 'scheduled__2025-10-16T15:00:00+00:00', '--job-id', '6', '--raw', '--subdir', 'DAGS_FOLDER/code_update_dag.py', '--cfg-path', '/tmp/tmpy29tbr59']
[2025-12-16T11:04:42.204+0000] {standard_task_runner.py:88} INFO - Job 6: Subtask update_outbreak_code_name
[2025-12-16T11:04:42.413+0000] {task_command.py:423} INFO - Running <TaskInstance: daily_code_update.update_outbreak_code_name scheduled__2025-10-16T15:00:00+00:00 [running]> on host d011923f8fa9
[2025-12-16T11:04:42.649+0000] {taskinstance.py:2513} INFO - Exporting env vars: AIRFLOW_CTX_DAG_OWNER='navisafe' AIRFLOW_CTX_DAG_ID='daily_code_update' AIRFLOW_CTX_TASK_ID='update_outbreak_code_name' AIRFLOW_CTX_EXECUTION_DATE='2025-10-16T15:00:00+00:00' AIRFLOW_CTX_TRY_NUMBER='1' AIRFLOW_CTX_DAG_RUN_ID='scheduled__2025-10-16T15:00:00+00:00'
[2025-12-16T11:04:42.655+0000] {logging_mixin.py:188} INFO - [INFO] update_outbreak_code_name 실행 시작
[2025-12-16T11:04:44.189+0000] {logging_mixin.py:188} INFO - [INFO] 13개의 돌발유형 코드 저장 완료
[2025-12-16T11:04:44.190+0000] {logging_mixin.py:188} INFO - [INFO] update_outbreak_code_name 완료
[2025-12-16T11:04:44.191+0000] {python.py:202} INFO - Done. Returned value was: None
[2025-12-16T11:04:44.197+0000] {taskinstance.py:1149} INFO - Marking task as SUCCESS. dag_id=daily_code_update, task_id=update_outbreak_code_name, execution_date=20251016T150000, start_date=20251216T110442, end_date=20251216T110444
[2025-12-16T11:04:44.293+0000] {local_task_job_runner.py:234} INFO - Task exited with return code 0
[2025-12-16T11:04:44.344+0000] {taskinstance.py:3312} INFO - 0 downstream tasks scheduled from follow-on schedule check
[2025-12-22T12:00:20.044+0000] {taskinstance.py:1979} INFO - Dependencies all met for dep_context=non-requeueable deps ti=<TaskInstance: daily_code_update.update_outbreak_code_name scheduled__2025-10-16T15:00:00+00:00 [queued]>
[2025-12-22T12:00:20.059+0000] {taskinstance.py:1979} INFO - Dependencies all met for dep_context=requeueable deps ti=<TaskInstance: daily_code_update.update_outbreak_code_name scheduled__2025-10-16T15:00:00+00:00 [queued]>
[2025-12-22T12:00:20.062+0000] {taskinstance.py:2193} INFO - Starting attempt 1 of 2
[2025-12-22T12:00:20.103+0000] {taskinstance.py:2217} INFO - Executing <Task(PythonOperator): update_outbreak_code_name> on 2025-10-16 15:00:00+00:00
[2025-12-22T12:00:20.109+0000] {standard_task_runner.py:60} INFO - Started process 296 to run task
[2025-12-22T12:00:20.115+0000] {standard_task_runner.py:87} INFO - Running: ['airflow', 'tasks', 'run', 'daily_code_update', 'update_outbreak_code_name', 'scheduled__2025-10-16T15:00:00+00:00', '--job-id', '14', '--raw', '--subdir', 'DAGS_FOLDER/code_update_dag.py', '--cfg-path', '/tmp/tmp6gaupccu']
[2025-12-22T12:00:20.118+0000] {standard_task_runner.py:88} INFO - Job 14: Subtask update_outbreak_code_name
[2025-12-22T12:00:20.280+0000] {task_command.py:423} INFO - Running <TaskInstance: daily_code_update.update_outbreak_code_name scheduled__2025-10-16T15:00:00+00:00 [running]> on host a5c0974290b2
[2025-12-22T12:00:20.437+0000] {taskinstance.py:2513} INFO - Exporting env vars: AIRFLOW_CTX_DAG_OWNER='navisafe' AIRFLOW_CTX_DAG_ID='daily_code_update' AIRFLOW_CTX_TASK_ID='update_outbreak_code_name' AIRFLOW_CTX_EXECUTION_DATE='2025-10-16T15:00:00+00:00' AIRFLOW_CTX_TRY_NUMBER='1' AIRFLOW_CTX_DAG_RUN_ID='scheduled__2025-10-16T15:00:00+00:00'
[2025-12-22T12:00:20.439+0000] {logging_mixin.py:188} INFO - [INFO] update_outbreak_code_name 실행 시작
[2025-12-22T12:00:20.927+0000] {base.py:83} INFO - Using connection ID 'navisafe_mysql' for task execution.
[2025-12-22T12:00:20.992+0000] {logging_mixin.py:188} INFO - [INFO] 13개의 돌발유형 코드 저장 완료
[2025-12-22T12:00:20.993+0000] {logging_mixin.py:188} INFO - [INFO] update_outbreak_code_name 완료
[2025-12-22T12:00:20.994+0000] {python.py:202} INFO - Done. Returned value was: None
[2025-12-22T12:00:21.000+0000] {taskinstance.py:1149} INFO - Marking task as SUCCESS. dag_id=daily_code_update, task_id=update_outbreak_code_name, execution_date=20251016T150000, start_date=20251222T120020, end_date=20251222T120021
[2025-12-22T12:00:21.141+0000] {local_task_job_runner.py:234} INFO - Task exited with return code 0
[2025-12-22T12:00:21.162+0000] {taskinstance.py:3312} INFO - 0 downstream tasks scheduled from follow-on schedule check
