[2025-12-16T11:05:07.021+0000] {taskinstance.py:1979} INFO - Dependencies all met for dep_context=non-requeueable deps ti=<TaskInstance: daily_code_update.update_outbreak_code_name scheduled__2025-11-19T15:00:00+00:00 [queued]>
[2025-12-16T11:05:07.037+0000] {taskinstance.py:1979} INFO - Dependencies all met for dep_context=requeueable deps ti=<TaskInstance: daily_code_update.update_outbreak_code_name scheduled__2025-11-19T15:00:00+00:00 [queued]>
[2025-12-16T11:05:07.041+0000] {taskinstance.py:2193} INFO - Starting attempt 1 of 2
[2025-12-16T11:05:07.085+0000] {taskinstance.py:2217} INFO - Executing <Task(PythonOperator): update_outbreak_code_name> on 2025-11-19 15:00:00+00:00
[2025-12-16T11:05:07.094+0000] {standard_task_runner.py:60} INFO - Started process 517 to run task
[2025-12-16T11:05:07.098+0000] {standard_task_runner.py:87} INFO - Running: ['airflow', 'tasks', 'run', 'daily_code_update', 'update_outbreak_code_name', 'scheduled__2025-11-19T15:00:00+00:00', '--job-id', '121', '--raw', '--subdir', 'DAGS_FOLDER/code_update_dag.py', '--cfg-path', '/tmp/tmppd25uyn8']
[2025-12-16T11:05:07.102+0000] {standard_task_runner.py:88} INFO - Job 121: Subtask update_outbreak_code_name
[2025-12-16T11:05:07.226+0000] {task_command.py:423} INFO - Running <TaskInstance: daily_code_update.update_outbreak_code_name scheduled__2025-11-19T15:00:00+00:00 [running]> on host d011923f8fa9
[2025-12-16T11:05:07.427+0000] {taskinstance.py:2513} INFO - Exporting env vars: AIRFLOW_CTX_DAG_OWNER='navisafe' AIRFLOW_CTX_DAG_ID='daily_code_update' AIRFLOW_CTX_TASK_ID='update_outbreak_code_name' AIRFLOW_CTX_EXECUTION_DATE='2025-11-19T15:00:00+00:00' AIRFLOW_CTX_TRY_NUMBER='1' AIRFLOW_CTX_DAG_RUN_ID='scheduled__2025-11-19T15:00:00+00:00'
[2025-12-16T11:05:07.429+0000] {logging_mixin.py:188} INFO - [INFO] update_outbreak_code_name 실행 시작
[2025-12-16T11:05:07.606+0000] {logging_mixin.py:188} INFO - [INFO] 13개의 돌발유형 코드 저장 완료
[2025-12-16T11:05:07.607+0000] {logging_mixin.py:188} INFO - [INFO] update_outbreak_code_name 완료
[2025-12-16T11:05:07.608+0000] {python.py:202} INFO - Done. Returned value was: None
[2025-12-16T11:05:07.617+0000] {taskinstance.py:1149} INFO - Marking task as SUCCESS. dag_id=daily_code_update, task_id=update_outbreak_code_name, execution_date=20251119T150000, start_date=20251216T110507, end_date=20251216T110507
[2025-12-16T11:05:07.712+0000] {local_task_job_runner.py:234} INFO - Task exited with return code 0
[2025-12-16T11:05:07.726+0000] {taskinstance.py:3312} INFO - 0 downstream tasks scheduled from follow-on schedule check
[2025-12-22T12:00:47.925+0000] {taskinstance.py:1979} INFO - Dependencies all met for dep_context=non-requeueable deps ti=<TaskInstance: daily_code_update.update_outbreak_code_name scheduled__2025-11-19T15:00:00+00:00 [queued]>
[2025-12-22T12:00:47.935+0000] {taskinstance.py:1979} INFO - Dependencies all met for dep_context=requeueable deps ti=<TaskInstance: daily_code_update.update_outbreak_code_name scheduled__2025-11-19T15:00:00+00:00 [queued]>
[2025-12-22T12:00:47.936+0000] {taskinstance.py:2193} INFO - Starting attempt 1 of 2
[2025-12-22T12:00:48.012+0000] {taskinstance.py:2217} INFO - Executing <Task(PythonOperator): update_outbreak_code_name> on 2025-11-19 15:00:00+00:00
[2025-12-22T12:00:48.016+0000] {standard_task_runner.py:60} INFO - Started process 549 to run task
[2025-12-22T12:00:48.019+0000] {standard_task_runner.py:87} INFO - Running: ['airflow', 'tasks', 'run', 'daily_code_update', 'update_outbreak_code_name', 'scheduled__2025-11-19T15:00:00+00:00', '--job-id', '122', '--raw', '--subdir', 'DAGS_FOLDER/code_update_dag.py', '--cfg-path', '/tmp/tmp42_iw0q7']
[2025-12-22T12:00:48.021+0000] {standard_task_runner.py:88} INFO - Job 122: Subtask update_outbreak_code_name
[2025-12-22T12:00:48.123+0000] {task_command.py:423} INFO - Running <TaskInstance: daily_code_update.update_outbreak_code_name scheduled__2025-11-19T15:00:00+00:00 [running]> on host a5c0974290b2
[2025-12-22T12:00:48.310+0000] {taskinstance.py:2513} INFO - Exporting env vars: AIRFLOW_CTX_DAG_OWNER='navisafe' AIRFLOW_CTX_DAG_ID='daily_code_update' AIRFLOW_CTX_TASK_ID='update_outbreak_code_name' AIRFLOW_CTX_EXECUTION_DATE='2025-11-19T15:00:00+00:00' AIRFLOW_CTX_TRY_NUMBER='1' AIRFLOW_CTX_DAG_RUN_ID='scheduled__2025-11-19T15:00:00+00:00'
[2025-12-22T12:00:48.314+0000] {logging_mixin.py:188} INFO - [INFO] update_outbreak_code_name 실행 시작
[2025-12-22T12:00:48.435+0000] {base.py:83} INFO - Using connection ID 'navisafe_mysql' for task execution.
[2025-12-22T12:00:48.440+0000] {logging_mixin.py:188} INFO - [INFO] 13개의 돌발유형 코드 저장 완료
[2025-12-22T12:00:48.441+0000] {logging_mixin.py:188} INFO - [INFO] update_outbreak_code_name 완료
[2025-12-22T12:00:48.442+0000] {python.py:202} INFO - Done. Returned value was: None
[2025-12-22T12:00:48.448+0000] {taskinstance.py:1149} INFO - Marking task as SUCCESS. dag_id=daily_code_update, task_id=update_outbreak_code_name, execution_date=20251119T150000, start_date=20251222T120047, end_date=20251222T120048
[2025-12-22T12:00:48.633+0000] {local_task_job_runner.py:234} INFO - Task exited with return code 0
[2025-12-22T12:00:48.706+0000] {taskinstance.py:3312} INFO - 0 downstream tasks scheduled from follow-on schedule check
