[2025-12-16T11:05:22.564+0000] {taskinstance.py:1979} INFO - Dependencies all met for dep_context=non-requeueable deps ti=<TaskInstance: daily_code_update.update_region_name scheduled__2025-12-11T15:00:00+00:00 [queued]>
[2025-12-16T11:05:22.576+0000] {taskinstance.py:1979} INFO - Dependencies all met for dep_context=requeueable deps ti=<TaskInstance: daily_code_update.update_region_name scheduled__2025-12-11T15:00:00+00:00 [queued]>
[2025-12-16T11:05:22.581+0000] {taskinstance.py:2193} INFO - Starting attempt 1 of 2
[2025-12-16T11:05:22.689+0000] {taskinstance.py:2217} INFO - Executing <Task(PythonOperator): update_region_name> on 2025-12-11 15:00:00+00:00
[2025-12-16T11:05:22.693+0000] {standard_task_runner.py:60} INFO - Started process 665 to run task
[2025-12-16T11:05:22.696+0000] {standard_task_runner.py:87} INFO - Running: ['airflow', 'tasks', 'run', 'daily_code_update', 'update_region_name', 'scheduled__2025-12-11T15:00:00+00:00', '--job-id', '192', '--raw', '--subdir', 'DAGS_FOLDER/code_update_dag.py', '--cfg-path', '/tmp/tmpz3a7zk9c']
[2025-12-16T11:05:22.698+0000] {standard_task_runner.py:88} INFO - Job 192: Subtask update_region_name
[2025-12-16T11:05:22.772+0000] {task_command.py:423} INFO - Running <TaskInstance: daily_code_update.update_region_name scheduled__2025-12-11T15:00:00+00:00 [running]> on host d011923f8fa9
[2025-12-16T11:05:22.943+0000] {taskinstance.py:2513} INFO - Exporting env vars: AIRFLOW_CTX_DAG_OWNER='navisafe' AIRFLOW_CTX_DAG_ID='daily_code_update' AIRFLOW_CTX_TASK_ID='update_region_name' AIRFLOW_CTX_EXECUTION_DATE='2025-12-11T15:00:00+00:00' AIRFLOW_CTX_TRY_NUMBER='1' AIRFLOW_CTX_DAG_RUN_ID='scheduled__2025-12-11T15:00:00+00:00'
[2025-12-16T11:05:22.945+0000] {logging_mixin.py:188} INFO - [INFO] update_region_code_name 실행 시작
[2025-12-16T11:05:23.105+0000] {logging_mixin.py:188} INFO - [INFO] 25개의 지역 코드 저장 완료
[2025-12-16T11:05:23.108+0000] {logging_mixin.py:188} INFO - [INFO] update_region_code_name 완료
[2025-12-16T11:05:23.111+0000] {python.py:202} INFO - Done. Returned value was: None
[2025-12-16T11:05:23.117+0000] {taskinstance.py:1149} INFO - Marking task as SUCCESS. dag_id=daily_code_update, task_id=update_region_name, execution_date=20251211T150000, start_date=20251216T110522, end_date=20251216T110523
[2025-12-16T11:05:23.150+0000] {local_task_job_runner.py:234} INFO - Task exited with return code 0
[2025-12-16T11:05:23.161+0000] {taskinstance.py:3312} INFO - 0 downstream tasks scheduled from follow-on schedule check
[2025-12-22T12:00:59.935+0000] {taskinstance.py:1979} INFO - Dependencies all met for dep_context=non-requeueable deps ti=<TaskInstance: daily_code_update.update_region_name scheduled__2025-12-11T15:00:00+00:00 [queued]>
[2025-12-22T12:00:59.945+0000] {taskinstance.py:1979} INFO - Dependencies all met for dep_context=requeueable deps ti=<TaskInstance: daily_code_update.update_region_name scheduled__2025-12-11T15:00:00+00:00 [queued]>
[2025-12-22T12:00:59.946+0000] {taskinstance.py:2193} INFO - Starting attempt 1 of 2
[2025-12-22T12:00:59.993+0000] {taskinstance.py:2217} INFO - Executing <Task(PythonOperator): update_region_name> on 2025-12-11 15:00:00+00:00
[2025-12-22T12:00:59.999+0000] {standard_task_runner.py:60} INFO - Started process 706 to run task
[2025-12-22T12:01:00.003+0000] {standard_task_runner.py:87} INFO - Running: ['airflow', 'tasks', 'run', 'daily_code_update', 'update_region_name', 'scheduled__2025-12-11T15:00:00+00:00', '--job-id', '187', '--raw', '--subdir', 'DAGS_FOLDER/code_update_dag.py', '--cfg-path', '/tmp/tmpjsrjfrgi']
[2025-12-22T12:01:00.005+0000] {standard_task_runner.py:88} INFO - Job 187: Subtask update_region_name
[2025-12-22T12:01:00.087+0000] {task_command.py:423} INFO - Running <TaskInstance: daily_code_update.update_region_name scheduled__2025-12-11T15:00:00+00:00 [running]> on host a5c0974290b2
[2025-12-22T12:01:00.236+0000] {taskinstance.py:2513} INFO - Exporting env vars: AIRFLOW_CTX_DAG_OWNER='navisafe' AIRFLOW_CTX_DAG_ID='daily_code_update' AIRFLOW_CTX_TASK_ID='update_region_name' AIRFLOW_CTX_EXECUTION_DATE='2025-12-11T15:00:00+00:00' AIRFLOW_CTX_TRY_NUMBER='1' AIRFLOW_CTX_DAG_RUN_ID='scheduled__2025-12-11T15:00:00+00:00'
[2025-12-22T12:01:00.241+0000] {logging_mixin.py:188} INFO - [INFO] update_region_code_name 실행 시작
[2025-12-22T12:01:00.374+0000] {base.py:83} INFO - Using connection ID 'navisafe_mysql' for task execution.
[2025-12-22T12:01:00.381+0000] {logging_mixin.py:188} INFO - [INFO] 25개의 지역 코드 저장 완료
[2025-12-22T12:01:00.385+0000] {logging_mixin.py:188} INFO - [INFO] update_region_code_name 완료
[2025-12-22T12:01:00.385+0000] {python.py:202} INFO - Done. Returned value was: None
[2025-12-22T12:01:00.391+0000] {taskinstance.py:1149} INFO - Marking task as SUCCESS. dag_id=daily_code_update, task_id=update_region_name, execution_date=20251211T150000, start_date=20251222T120059, end_date=20251222T120100
[2025-12-22T12:01:00.457+0000] {local_task_job_runner.py:234} INFO - Task exited with return code 0
[2025-12-22T12:01:00.476+0000] {taskinstance.py:3312} INFO - 0 downstream tasks scheduled from follow-on schedule check
