[2025-12-16T11:05:07.746+0000] {taskinstance.py:1979} INFO - Dependencies all met for dep_context=non-requeueable deps ti=<TaskInstance: daily_code_update.update_outbreak_code_name scheduled__2025-11-20T15:00:00+00:00 [queued]>
[2025-12-16T11:05:07.757+0000] {taskinstance.py:1979} INFO - Dependencies all met for dep_context=requeueable deps ti=<TaskInstance: daily_code_update.update_outbreak_code_name scheduled__2025-11-20T15:00:00+00:00 [queued]>
[2025-12-16T11:05:07.758+0000] {taskinstance.py:2193} INFO - Starting attempt 1 of 2
[2025-12-16T11:05:07.807+0000] {taskinstance.py:2217} INFO - Executing <Task(PythonOperator): update_outbreak_code_name> on 2025-11-20 15:00:00+00:00
[2025-12-16T11:05:07.813+0000] {standard_task_runner.py:60} INFO - Started process 535 to run task
[2025-12-16T11:05:07.818+0000] {standard_task_runner.py:87} INFO - Running: ['airflow', 'tasks', 'run', 'daily_code_update', 'update_outbreak_code_name', 'scheduled__2025-11-20T15:00:00+00:00', '--job-id', '126', '--raw', '--subdir', 'DAGS_FOLDER/code_update_dag.py', '--cfg-path', '/tmp/tmpo30ad5ev']
[2025-12-16T11:05:07.820+0000] {standard_task_runner.py:88} INFO - Job 126: Subtask update_outbreak_code_name
[2025-12-16T11:05:07.948+0000] {task_command.py:423} INFO - Running <TaskInstance: daily_code_update.update_outbreak_code_name scheduled__2025-11-20T15:00:00+00:00 [running]> on host d011923f8fa9
[2025-12-16T11:05:08.119+0000] {taskinstance.py:2513} INFO - Exporting env vars: AIRFLOW_CTX_DAG_OWNER='navisafe' AIRFLOW_CTX_DAG_ID='daily_code_update' AIRFLOW_CTX_TASK_ID='update_outbreak_code_name' AIRFLOW_CTX_EXECUTION_DATE='2025-11-20T15:00:00+00:00' AIRFLOW_CTX_TRY_NUMBER='1' AIRFLOW_CTX_DAG_RUN_ID='scheduled__2025-11-20T15:00:00+00:00'
[2025-12-16T11:05:08.121+0000] {logging_mixin.py:188} INFO - [INFO] update_outbreak_code_name 실행 시작
[2025-12-16T11:05:08.351+0000] {logging_mixin.py:188} INFO - [INFO] 13개의 돌발유형 코드 저장 완료
[2025-12-16T11:05:08.353+0000] {logging_mixin.py:188} INFO - [INFO] update_outbreak_code_name 완료
[2025-12-16T11:05:08.354+0000] {python.py:202} INFO - Done. Returned value was: None
[2025-12-16T11:05:08.362+0000] {taskinstance.py:1149} INFO - Marking task as SUCCESS. dag_id=daily_code_update, task_id=update_outbreak_code_name, execution_date=20251120T150000, start_date=20251216T110507, end_date=20251216T110508
[2025-12-16T11:05:08.472+0000] {local_task_job_runner.py:234} INFO - Task exited with return code 0
[2025-12-16T11:05:08.490+0000] {taskinstance.py:3312} INFO - 0 downstream tasks scheduled from follow-on schedule check
[2025-12-22T12:00:48.168+0000] {taskinstance.py:1979} INFO - Dependencies all met for dep_context=non-requeueable deps ti=<TaskInstance: daily_code_update.update_outbreak_code_name scheduled__2025-11-20T15:00:00+00:00 [queued]>
[2025-12-22T12:00:48.178+0000] {taskinstance.py:1979} INFO - Dependencies all met for dep_context=requeueable deps ti=<TaskInstance: daily_code_update.update_outbreak_code_name scheduled__2025-11-20T15:00:00+00:00 [queued]>
[2025-12-22T12:00:48.179+0000] {taskinstance.py:2193} INFO - Starting attempt 1 of 2
[2025-12-22T12:00:48.254+0000] {taskinstance.py:2217} INFO - Executing <Task(PythonOperator): update_outbreak_code_name> on 2025-11-20 15:00:00+00:00
[2025-12-22T12:00:48.260+0000] {standard_task_runner.py:60} INFO - Started process 554 to run task
[2025-12-22T12:00:48.265+0000] {standard_task_runner.py:87} INFO - Running: ['airflow', 'tasks', 'run', 'daily_code_update', 'update_outbreak_code_name', 'scheduled__2025-11-20T15:00:00+00:00', '--job-id', '125', '--raw', '--subdir', 'DAGS_FOLDER/code_update_dag.py', '--cfg-path', '/tmp/tmp2zm5yne9']
[2025-12-22T12:00:48.268+0000] {standard_task_runner.py:88} INFO - Job 125: Subtask update_outbreak_code_name
[2025-12-22T12:00:48.368+0000] {task_command.py:423} INFO - Running <TaskInstance: daily_code_update.update_outbreak_code_name scheduled__2025-11-20T15:00:00+00:00 [running]> on host a5c0974290b2
[2025-12-22T12:00:48.556+0000] {taskinstance.py:2513} INFO - Exporting env vars: AIRFLOW_CTX_DAG_OWNER='navisafe' AIRFLOW_CTX_DAG_ID='daily_code_update' AIRFLOW_CTX_TASK_ID='update_outbreak_code_name' AIRFLOW_CTX_EXECUTION_DATE='2025-11-20T15:00:00+00:00' AIRFLOW_CTX_TRY_NUMBER='1' AIRFLOW_CTX_DAG_RUN_ID='scheduled__2025-11-20T15:00:00+00:00'
[2025-12-22T12:00:48.557+0000] {logging_mixin.py:188} INFO - [INFO] update_outbreak_code_name 실행 시작
[2025-12-22T12:00:48.683+0000] {base.py:83} INFO - Using connection ID 'navisafe_mysql' for task execution.
[2025-12-22T12:00:48.692+0000] {logging_mixin.py:188} INFO - [INFO] 13개의 돌발유형 코드 저장 완료
[2025-12-22T12:00:48.693+0000] {logging_mixin.py:188} INFO - [INFO] update_outbreak_code_name 완료
[2025-12-22T12:00:48.694+0000] {python.py:202} INFO - Done. Returned value was: None
[2025-12-22T12:00:48.703+0000] {taskinstance.py:1149} INFO - Marking task as SUCCESS. dag_id=daily_code_update, task_id=update_outbreak_code_name, execution_date=20251120T150000, start_date=20251222T120048, end_date=20251222T120048
[2025-12-22T12:00:48.759+0000] {local_task_job_runner.py:234} INFO - Task exited with return code 0
[2025-12-22T12:00:48.779+0000] {taskinstance.py:3312} INFO - 0 downstream tasks scheduled from follow-on schedule check
