[2025-12-16T11:05:17.218+0000] {taskinstance.py:1979} INFO - Dependencies all met for dep_context=non-requeueable deps ti=<TaskInstance: daily_code_update.update_outbreak_code_name scheduled__2025-12-03T15:00:00+00:00 [queued]>
[2025-12-16T11:05:17.225+0000] {taskinstance.py:1979} INFO - Dependencies all met for dep_context=requeueable deps ti=<TaskInstance: daily_code_update.update_outbreak_code_name scheduled__2025-12-03T15:00:00+00:00 [queued]>
[2025-12-16T11:05:17.226+0000] {taskinstance.py:2193} INFO - Starting attempt 1 of 2
[2025-12-16T11:05:17.277+0000] {taskinstance.py:2217} INFO - Executing <Task(PythonOperator): update_outbreak_code_name> on 2025-12-03 15:00:00+00:00
[2025-12-16T11:05:17.281+0000] {standard_task_runner.py:60} INFO - Started process 616 to run task
[2025-12-16T11:05:17.284+0000] {standard_task_runner.py:87} INFO - Running: ['airflow', 'tasks', 'run', 'daily_code_update', 'update_outbreak_code_name', 'scheduled__2025-12-03T15:00:00+00:00', '--job-id', '168', '--raw', '--subdir', 'DAGS_FOLDER/code_update_dag.py', '--cfg-path', '/tmp/tmpeuu59fsp']
[2025-12-16T11:05:17.286+0000] {standard_task_runner.py:88} INFO - Job 168: Subtask update_outbreak_code_name
[2025-12-16T11:05:17.380+0000] {task_command.py:423} INFO - Running <TaskInstance: daily_code_update.update_outbreak_code_name scheduled__2025-12-03T15:00:00+00:00 [running]> on host d011923f8fa9
[2025-12-16T11:05:17.562+0000] {taskinstance.py:2513} INFO - Exporting env vars: AIRFLOW_CTX_DAG_OWNER='navisafe' AIRFLOW_CTX_DAG_ID='daily_code_update' AIRFLOW_CTX_TASK_ID='update_outbreak_code_name' AIRFLOW_CTX_EXECUTION_DATE='2025-12-03T15:00:00+00:00' AIRFLOW_CTX_TRY_NUMBER='1' AIRFLOW_CTX_DAG_RUN_ID='scheduled__2025-12-03T15:00:00+00:00'
[2025-12-16T11:05:17.563+0000] {logging_mixin.py:188} INFO - [INFO] update_outbreak_code_name 실행 시작
[2025-12-16T11:05:17.838+0000] {logging_mixin.py:188} INFO - [INFO] 13개의 돌발유형 코드 저장 완료
[2025-12-16T11:05:17.839+0000] {logging_mixin.py:188} INFO - [INFO] update_outbreak_code_name 완료
[2025-12-16T11:05:17.839+0000] {python.py:202} INFO - Done. Returned value was: None
[2025-12-16T11:05:17.848+0000] {taskinstance.py:1149} INFO - Marking task as SUCCESS. dag_id=daily_code_update, task_id=update_outbreak_code_name, execution_date=20251203T150000, start_date=20251216T110517, end_date=20251216T110517
[2025-12-16T11:05:17.899+0000] {local_task_job_runner.py:234} INFO - Task exited with return code 0
[2025-12-16T11:05:17.940+0000] {taskinstance.py:3312} INFO - 0 downstream tasks scheduled from follow-on schedule check
[2025-12-22T12:00:55.758+0000] {taskinstance.py:1979} INFO - Dependencies all met for dep_context=non-requeueable deps ti=<TaskInstance: daily_code_update.update_outbreak_code_name scheduled__2025-12-03T15:00:00+00:00 [queued]>
[2025-12-22T12:00:55.765+0000] {taskinstance.py:1979} INFO - Dependencies all met for dep_context=requeueable deps ti=<TaskInstance: daily_code_update.update_outbreak_code_name scheduled__2025-12-03T15:00:00+00:00 [queued]>
[2025-12-22T12:00:55.766+0000] {taskinstance.py:2193} INFO - Starting attempt 1 of 2
[2025-12-22T12:00:55.801+0000] {taskinstance.py:2217} INFO - Executing <Task(PythonOperator): update_outbreak_code_name> on 2025-12-03 15:00:00+00:00
[2025-12-22T12:00:55.805+0000] {standard_task_runner.py:60} INFO - Started process 657 to run task
[2025-12-22T12:00:55.809+0000] {standard_task_runner.py:87} INFO - Running: ['airflow', 'tasks', 'run', 'daily_code_update', 'update_outbreak_code_name', 'scheduled__2025-12-03T15:00:00+00:00', '--job-id', '163', '--raw', '--subdir', 'DAGS_FOLDER/code_update_dag.py', '--cfg-path', '/tmp/tmpzadro8wk']
[2025-12-22T12:00:55.815+0000] {standard_task_runner.py:88} INFO - Job 163: Subtask update_outbreak_code_name
[2025-12-22T12:00:55.884+0000] {task_command.py:423} INFO - Running <TaskInstance: daily_code_update.update_outbreak_code_name scheduled__2025-12-03T15:00:00+00:00 [running]> on host a5c0974290b2
[2025-12-22T12:00:56.127+0000] {taskinstance.py:2513} INFO - Exporting env vars: AIRFLOW_CTX_DAG_OWNER='navisafe' AIRFLOW_CTX_DAG_ID='daily_code_update' AIRFLOW_CTX_TASK_ID='update_outbreak_code_name' AIRFLOW_CTX_EXECUTION_DATE='2025-12-03T15:00:00+00:00' AIRFLOW_CTX_TRY_NUMBER='1' AIRFLOW_CTX_DAG_RUN_ID='scheduled__2025-12-03T15:00:00+00:00'
[2025-12-22T12:00:56.134+0000] {logging_mixin.py:188} INFO - [INFO] update_outbreak_code_name 실행 시작
[2025-12-22T12:00:56.276+0000] {base.py:83} INFO - Using connection ID 'navisafe_mysql' for task execution.
[2025-12-22T12:00:56.280+0000] {logging_mixin.py:188} INFO - [INFO] 13개의 돌발유형 코드 저장 완료
[2025-12-22T12:00:56.281+0000] {logging_mixin.py:188} INFO - [INFO] update_outbreak_code_name 완료
[2025-12-22T12:00:56.281+0000] {python.py:202} INFO - Done. Returned value was: None
[2025-12-22T12:00:56.288+0000] {taskinstance.py:1149} INFO - Marking task as SUCCESS. dag_id=daily_code_update, task_id=update_outbreak_code_name, execution_date=20251203T150000, start_date=20251222T120055, end_date=20251222T120056
[2025-12-22T12:00:56.423+0000] {local_task_job_runner.py:234} INFO - Task exited with return code 0
[2025-12-22T12:00:56.467+0000] {taskinstance.py:3312} INFO - 0 downstream tasks scheduled from follow-on schedule check
