[2025-12-16T11:05:07.500+0000] {taskinstance.py:1979} INFO - Dependencies all met for dep_context=non-requeueable deps ti=<TaskInstance: daily_code_update.update_outbreak_detail_code_name scheduled__2025-11-20T15:00:00+00:00 [queued]>
[2025-12-16T11:05:07.514+0000] {taskinstance.py:1979} INFO - Dependencies all met for dep_context=requeueable deps ti=<TaskInstance: daily_code_update.update_outbreak_detail_code_name scheduled__2025-11-20T15:00:00+00:00 [queued]>
[2025-12-16T11:05:07.514+0000] {taskinstance.py:2193} INFO - Starting attempt 1 of 2
[2025-12-16T11:05:07.672+0000] {taskinstance.py:2217} INFO - Executing <Task(PythonOperator): update_outbreak_detail_code_name> on 2025-11-20 15:00:00+00:00
[2025-12-16T11:05:07.679+0000] {standard_task_runner.py:60} INFO - Started process 534 to run task
[2025-12-16T11:05:07.682+0000] {standard_task_runner.py:87} INFO - Running: ['airflow', 'tasks', 'run', 'daily_code_update', 'update_outbreak_detail_code_name', 'scheduled__2025-11-20T15:00:00+00:00', '--job-id', '124', '--raw', '--subdir', 'DAGS_FOLDER/code_update_dag.py', '--cfg-path', '/tmp/tmp_41j9e9z']
[2025-12-16T11:05:07.685+0000] {standard_task_runner.py:88} INFO - Job 124: Subtask update_outbreak_detail_code_name
[2025-12-16T11:05:07.782+0000] {task_command.py:423} INFO - Running <TaskInstance: daily_code_update.update_outbreak_detail_code_name scheduled__2025-11-20T15:00:00+00:00 [running]> on host d011923f8fa9
[2025-12-16T11:05:07.959+0000] {taskinstance.py:2513} INFO - Exporting env vars: AIRFLOW_CTX_DAG_OWNER='navisafe' AIRFLOW_CTX_DAG_ID='daily_code_update' AIRFLOW_CTX_TASK_ID='update_outbreak_detail_code_name' AIRFLOW_CTX_EXECUTION_DATE='2025-11-20T15:00:00+00:00' AIRFLOW_CTX_TRY_NUMBER='1' AIRFLOW_CTX_DAG_RUN_ID='scheduled__2025-11-20T15:00:00+00:00'
[2025-12-16T11:05:07.964+0000] {logging_mixin.py:188} INFO - [INFO] update_outbreak_detail_code_name 실행 시작
[2025-12-16T11:05:08.149+0000] {logging_mixin.py:188} INFO - [INFO] 43개의 돌발 세부 유형 코드 저장 완료
[2025-12-16T11:05:08.159+0000] {logging_mixin.py:188} INFO - [INFO] update_outbreak_detail_code_name 완료
[2025-12-16T11:05:08.167+0000] {python.py:202} INFO - Done. Returned value was: None
[2025-12-16T11:05:08.181+0000] {taskinstance.py:1149} INFO - Marking task as SUCCESS. dag_id=daily_code_update, task_id=update_outbreak_detail_code_name, execution_date=20251120T150000, start_date=20251216T110507, end_date=20251216T110508
[2025-12-16T11:05:08.259+0000] {local_task_job_runner.py:234} INFO - Task exited with return code 0
[2025-12-16T11:05:08.274+0000] {taskinstance.py:3312} INFO - 0 downstream tasks scheduled from follow-on schedule check
[2025-12-22T12:00:48.168+0000] {taskinstance.py:1979} INFO - Dependencies all met for dep_context=non-requeueable deps ti=<TaskInstance: daily_code_update.update_outbreak_detail_code_name scheduled__2025-11-20T15:00:00+00:00 [queued]>
[2025-12-22T12:00:48.178+0000] {taskinstance.py:1979} INFO - Dependencies all met for dep_context=requeueable deps ti=<TaskInstance: daily_code_update.update_outbreak_detail_code_name scheduled__2025-11-20T15:00:00+00:00 [queued]>
[2025-12-22T12:00:48.179+0000] {taskinstance.py:2193} INFO - Starting attempt 1 of 2
[2025-12-22T12:00:48.273+0000] {taskinstance.py:2217} INFO - Executing <Task(PythonOperator): update_outbreak_detail_code_name> on 2025-11-20 15:00:00+00:00
[2025-12-22T12:00:48.281+0000] {standard_task_runner.py:60} INFO - Started process 556 to run task
[2025-12-22T12:00:48.284+0000] {standard_task_runner.py:87} INFO - Running: ['airflow', 'tasks', 'run', 'daily_code_update', 'update_outbreak_detail_code_name', 'scheduled__2025-11-20T15:00:00+00:00', '--job-id', '123', '--raw', '--subdir', 'DAGS_FOLDER/code_update_dag.py', '--cfg-path', '/tmp/tmpgm7tixwa']
[2025-12-22T12:00:48.287+0000] {standard_task_runner.py:88} INFO - Job 123: Subtask update_outbreak_detail_code_name
[2025-12-22T12:00:48.386+0000] {task_command.py:423} INFO - Running <TaskInstance: daily_code_update.update_outbreak_detail_code_name scheduled__2025-11-20T15:00:00+00:00 [running]> on host a5c0974290b2
[2025-12-22T12:00:48.683+0000] {taskinstance.py:2513} INFO - Exporting env vars: AIRFLOW_CTX_DAG_OWNER='navisafe' AIRFLOW_CTX_DAG_ID='daily_code_update' AIRFLOW_CTX_TASK_ID='update_outbreak_detail_code_name' AIRFLOW_CTX_EXECUTION_DATE='2025-11-20T15:00:00+00:00' AIRFLOW_CTX_TRY_NUMBER='1' AIRFLOW_CTX_DAG_RUN_ID='scheduled__2025-11-20T15:00:00+00:00'
[2025-12-22T12:00:48.687+0000] {logging_mixin.py:188} INFO - [INFO] update_outbreak_detail_code_name 실행 시작
[2025-12-22T12:00:48.846+0000] {base.py:83} INFO - Using connection ID 'navisafe_mysql' for task execution.
[2025-12-22T12:00:48.850+0000] {logging_mixin.py:188} INFO - [INFO] 43개의 돌발 세부 유형 코드 저장 완료
[2025-12-22T12:00:48.851+0000] {logging_mixin.py:188} INFO - [INFO] update_outbreak_detail_code_name 완료
[2025-12-22T12:00:48.854+0000] {python.py:202} INFO - Done. Returned value was: None
[2025-12-22T12:00:48.860+0000] {taskinstance.py:1149} INFO - Marking task as SUCCESS. dag_id=daily_code_update, task_id=update_outbreak_detail_code_name, execution_date=20251120T150000, start_date=20251222T120048, end_date=20251222T120048
[2025-12-22T12:00:48.982+0000] {local_task_job_runner.py:234} INFO - Task exited with return code 0
[2025-12-22T12:00:49.003+0000] {taskinstance.py:3312} INFO - 0 downstream tasks scheduled from follow-on schedule check
