[2025-12-16T11:05:22.356+0000] {taskinstance.py:1979} INFO - Dependencies all met for dep_context=non-requeueable deps ti=<TaskInstance: daily_code_update.update_outbreak_detail_code_name scheduled__2025-12-10T15:00:00+00:00 [queued]>
[2025-12-16T11:05:22.367+0000] {taskinstance.py:1979} INFO - Dependencies all met for dep_context=requeueable deps ti=<TaskInstance: daily_code_update.update_outbreak_detail_code_name scheduled__2025-12-10T15:00:00+00:00 [queued]>
[2025-12-16T11:05:22.368+0000] {taskinstance.py:2193} INFO - Starting attempt 1 of 2
[2025-12-16T11:05:22.501+0000] {taskinstance.py:2217} INFO - Executing <Task(PythonOperator): update_outbreak_detail_code_name> on 2025-12-10 15:00:00+00:00
[2025-12-16T11:05:22.505+0000] {standard_task_runner.py:60} INFO - Started process 663 to run task
[2025-12-16T11:05:22.508+0000] {standard_task_runner.py:87} INFO - Running: ['airflow', 'tasks', 'run', 'daily_code_update', 'update_outbreak_detail_code_name', 'scheduled__2025-12-10T15:00:00+00:00', '--job-id', '189', '--raw', '--subdir', 'DAGS_FOLDER/code_update_dag.py', '--cfg-path', '/tmp/tmpm8ilo5i1']
[2025-12-16T11:05:22.510+0000] {standard_task_runner.py:88} INFO - Job 189: Subtask update_outbreak_detail_code_name
[2025-12-16T11:05:22.596+0000] {task_command.py:423} INFO - Running <TaskInstance: daily_code_update.update_outbreak_detail_code_name scheduled__2025-12-10T15:00:00+00:00 [running]> on host d011923f8fa9
[2025-12-16T11:05:22.750+0000] {taskinstance.py:2513} INFO - Exporting env vars: AIRFLOW_CTX_DAG_OWNER='navisafe' AIRFLOW_CTX_DAG_ID='daily_code_update' AIRFLOW_CTX_TASK_ID='update_outbreak_detail_code_name' AIRFLOW_CTX_EXECUTION_DATE='2025-12-10T15:00:00+00:00' AIRFLOW_CTX_TRY_NUMBER='1' AIRFLOW_CTX_DAG_RUN_ID='scheduled__2025-12-10T15:00:00+00:00'
[2025-12-16T11:05:22.752+0000] {logging_mixin.py:188} INFO - [INFO] update_outbreak_detail_code_name 실행 시작
[2025-12-16T11:05:22.936+0000] {logging_mixin.py:188} INFO - [INFO] 43개의 돌발 세부 유형 코드 저장 완료
[2025-12-16T11:05:22.936+0000] {logging_mixin.py:188} INFO - [INFO] update_outbreak_detail_code_name 완료
[2025-12-16T11:05:22.937+0000] {python.py:202} INFO - Done. Returned value was: None
[2025-12-16T11:05:22.943+0000] {taskinstance.py:1149} INFO - Marking task as SUCCESS. dag_id=daily_code_update, task_id=update_outbreak_detail_code_name, execution_date=20251210T150000, start_date=20251216T110522, end_date=20251216T110522
[2025-12-16T11:05:23.001+0000] {local_task_job_runner.py:234} INFO - Task exited with return code 0
[2025-12-16T11:05:23.012+0000] {taskinstance.py:3312} INFO - 0 downstream tasks scheduled from follow-on schedule check
[2025-12-22T12:00:59.814+0000] {taskinstance.py:1979} INFO - Dependencies all met for dep_context=non-requeueable deps ti=<TaskInstance: daily_code_update.update_outbreak_detail_code_name scheduled__2025-12-10T15:00:00+00:00 [queued]>
[2025-12-22T12:00:59.826+0000] {taskinstance.py:1979} INFO - Dependencies all met for dep_context=requeueable deps ti=<TaskInstance: daily_code_update.update_outbreak_detail_code_name scheduled__2025-12-10T15:00:00+00:00 [queued]>
[2025-12-22T12:00:59.827+0000] {taskinstance.py:2193} INFO - Starting attempt 1 of 2
[2025-12-22T12:00:59.874+0000] {taskinstance.py:2217} INFO - Executing <Task(PythonOperator): update_outbreak_detail_code_name> on 2025-12-10 15:00:00+00:00
[2025-12-22T12:00:59.878+0000] {standard_task_runner.py:60} INFO - Started process 703 to run task
[2025-12-22T12:00:59.881+0000] {standard_task_runner.py:87} INFO - Running: ['airflow', 'tasks', 'run', 'daily_code_update', 'update_outbreak_detail_code_name', 'scheduled__2025-12-10T15:00:00+00:00', '--job-id', '184', '--raw', '--subdir', 'DAGS_FOLDER/code_update_dag.py', '--cfg-path', '/tmp/tmpe34fhkyn']
[2025-12-22T12:00:59.883+0000] {standard_task_runner.py:88} INFO - Job 184: Subtask update_outbreak_detail_code_name
[2025-12-22T12:00:59.984+0000] {task_command.py:423} INFO - Running <TaskInstance: daily_code_update.update_outbreak_detail_code_name scheduled__2025-12-10T15:00:00+00:00 [running]> on host a5c0974290b2
[2025-12-22T12:01:00.135+0000] {taskinstance.py:2513} INFO - Exporting env vars: AIRFLOW_CTX_DAG_OWNER='navisafe' AIRFLOW_CTX_DAG_ID='daily_code_update' AIRFLOW_CTX_TASK_ID='update_outbreak_detail_code_name' AIRFLOW_CTX_EXECUTION_DATE='2025-12-10T15:00:00+00:00' AIRFLOW_CTX_TRY_NUMBER='1' AIRFLOW_CTX_DAG_RUN_ID='scheduled__2025-12-10T15:00:00+00:00'
[2025-12-22T12:01:00.137+0000] {logging_mixin.py:188} INFO - [INFO] update_outbreak_detail_code_name 실행 시작
[2025-12-22T12:01:00.308+0000] {base.py:83} INFO - Using connection ID 'navisafe_mysql' for task execution.
[2025-12-22T12:01:00.313+0000] {logging_mixin.py:188} INFO - [INFO] 43개의 돌발 세부 유형 코드 저장 완료
[2025-12-22T12:01:00.313+0000] {logging_mixin.py:188} INFO - [INFO] update_outbreak_detail_code_name 완료
[2025-12-22T12:01:00.314+0000] {python.py:202} INFO - Done. Returned value was: None
[2025-12-22T12:01:00.320+0000] {taskinstance.py:1149} INFO - Marking task as SUCCESS. dag_id=daily_code_update, task_id=update_outbreak_detail_code_name, execution_date=20251210T150000, start_date=20251222T120059, end_date=20251222T120100
[2025-12-22T12:01:00.374+0000] {local_task_job_runner.py:234} INFO - Task exited with return code 0
[2025-12-22T12:01:00.430+0000] {taskinstance.py:3312} INFO - 0 downstream tasks scheduled from follow-on schedule check
