[2025-12-22T10:45:06.686+0000] {taskinstance.py:1979} INFO - Dependencies all met for dep_context=non-requeueable deps ti=<TaskInstance: linkinfo_dag.process_linkinfo manual__2025-12-22T10:45:04.803723+00:00 [queued]>
[2025-12-22T10:45:06.696+0000] {taskinstance.py:1979} INFO - Dependencies all met for dep_context=requeueable deps ti=<TaskInstance: linkinfo_dag.process_linkinfo manual__2025-12-22T10:45:04.803723+00:00 [queued]>
[2025-12-22T10:45:06.696+0000] {taskinstance.py:2193} INFO - Starting attempt 1 of 1
[2025-12-22T10:45:06.712+0000] {taskinstance.py:2217} INFO - Executing <Task(PythonOperator): process_linkinfo> on 2025-12-22 10:45:04.803723+00:00
[2025-12-22T10:45:06.716+0000] {standard_task_runner.py:60} INFO - Started process 267 to run task
[2025-12-22T10:45:06.719+0000] {standard_task_runner.py:87} INFO - Running: ['airflow', 'tasks', 'run', 'linkinfo_dag', 'process_linkinfo', 'manual__2025-12-22T10:45:04.803723+00:00', '--job-id', '489', '--raw', '--subdir', 'DAGS_FOLDER/linkinfo_dag.py', '--cfg-path', '/tmp/tmp4jfuc6j1']
[2025-12-22T10:45:06.720+0000] {standard_task_runner.py:88} INFO - Job 489: Subtask process_linkinfo
[2025-12-22T10:45:06.764+0000] {task_command.py:423} INFO - Running <TaskInstance: linkinfo_dag.process_linkinfo manual__2025-12-22T10:45:04.803723+00:00 [running]> on host 5d74948b19c1
[2025-12-22T10:45:06.834+0000] {taskinstance.py:2513} INFO - Exporting env vars: AIRFLOW_CTX_DAG_OWNER='airflow' AIRFLOW_CTX_DAG_ID='linkinfo_dag' AIRFLOW_CTX_TASK_ID='process_linkinfo' AIRFLOW_CTX_EXECUTION_DATE='2025-12-22T10:45:04.803723+00:00' AIRFLOW_CTX_TRY_NUMBER='1' AIRFLOW_CTX_DAG_RUN_ID='manual__2025-12-22T10:45:04.803723+00:00'
[2025-12-22T10:45:06.881+0000] {logging_mixin.py:188} INFO - Redis에서 꺼낸 item: {"link_id": "1180001100"}
[2025-12-22T10:45:06.882+0000] {logging_mixin.py:188} INFO - 파싱 후 link_id: 1180001100
[2025-12-22T10:45:06.888+0000] {logging_mixin.py:188} INFO - Redis에서 꺼낸 item: {"link_id": "1010007300"}
[2025-12-22T10:45:06.890+0000] {logging_mixin.py:188} INFO - 파싱 후 link_id: 1010007300
[2025-12-22T10:45:06.891+0000] {logging_mixin.py:188} INFO - Redis에서 꺼낸 item: {"link_id": "1230016700"}
[2025-12-22T10:45:06.894+0000] {logging_mixin.py:188} INFO - 파싱 후 link_id: 1230016700
[2025-12-22T10:45:06.898+0000] {logging_mixin.py:188} INFO - Redis에서 꺼낸 item: {"link_id": "1150020300"}
[2025-12-22T10:45:06.899+0000] {logging_mixin.py:188} INFO - 파싱 후 link_id: 1150020300
[2025-12-22T10:45:06.901+0000] {logging_mixin.py:188} INFO - Redis에서 꺼낸 item: {"link_id": "1040004300"}
[2025-12-22T10:45:06.901+0000] {logging_mixin.py:188} INFO - 파싱 후 link_id: 1040004300
[2025-12-22T10:45:06.903+0000] {logging_mixin.py:188} INFO - Redis에서 꺼낸 item: {"link_id": "1150003300"}
[2025-12-22T10:45:06.904+0000] {logging_mixin.py:188} INFO - 파싱 후 link_id: 1150003300
[2025-12-22T10:45:06.906+0000] {logging_mixin.py:188} INFO - Redis에서 꺼낸 item: {"link_id": "1000011900"}
[2025-12-22T10:45:06.906+0000] {logging_mixin.py:188} INFO - 파싱 후 link_id: 1000011900
[2025-12-22T10:45:06.907+0000] {logging_mixin.py:188} INFO - [INFO] 7개의 LINK_ID 데이터를 처리합니다...
[2025-12-22T10:45:06.908+0000] {logging_mixin.py:188} INFO - Calling LinkInfo API: http://openapi.seoul.go.kr:8088/656b61716d646e6439377847526d4c/xml/LinkInfo/1/5/1180001100/
[2025-12-22T10:45:07.150+0000] {logging_mixin.py:188} INFO - {'link_id': '1180001100', 'road_name': '경인로', 'st_node_nm': '서울교남단', 'ed_node_nm': '영등포로타리', 'map_dist': 273, 'reg_cd': 118}
[2025-12-22T10:45:07.151+0000] {logging_mixin.py:188} INFO - Calling TrafficInfo API: http://openapi.seoul.go.kr:8088/436b63764a646e643130395474737472/xml/TrafficInfo/1/5/1180001100/
[2025-12-22T10:45:07.270+0000] {logging_mixin.py:188} INFO - link_info 데이터 삽입 완료
[2025-12-22T10:45:07.273+0000] {logging_mixin.py:188} INFO - ROAD_TRAFFIC 데이터 삽입 완료
[2025-12-22T10:45:07.276+0000] {logging_mixin.py:188} INFO - Calling LinkInfo API: http://openapi.seoul.go.kr:8088/656b61716d646e6439377847526d4c/xml/LinkInfo/1/5/1010007300/
[2025-12-22T10:45:07.373+0000] {logging_mixin.py:188} INFO - {'link_id': '1010007300', 'road_name': '서소문로', 'st_node_nm': '시청역', 'ed_node_nm': '경찰청앞', 'map_dist': 686, 'reg_cd': 101}
[2025-12-22T10:45:07.373+0000] {logging_mixin.py:188} INFO - Calling TrafficInfo API: http://openapi.seoul.go.kr:8088/436b63764a646e643130395474737472/xml/TrafficInfo/1/5/1010007300/
[2025-12-22T10:45:07.465+0000] {logging_mixin.py:188} INFO - link_info 데이터 삽입 완료
[2025-12-22T10:45:07.466+0000] {logging_mixin.py:188} INFO - ROAD_TRAFFIC 데이터 삽입 완료
[2025-12-22T10:45:07.466+0000] {logging_mixin.py:188} INFO - Calling LinkInfo API: http://openapi.seoul.go.kr:8088/656b61716d646e6439377847526d4c/xml/LinkInfo/1/5/1230016700/
[2025-12-22T10:45:07.573+0000] {logging_mixin.py:188} INFO - {'link_id': '1230016700', 'road_name': '탄천동로', 'st_node_nm': '서울종합운동장', 'ed_node_nm': '잠실유수지', 'map_dist': 1538, 'reg_cd': 123}
[2025-12-22T10:45:07.573+0000] {logging_mixin.py:188} INFO - Calling TrafficInfo API: http://openapi.seoul.go.kr:8088/436b63764a646e643130395474737472/xml/TrafficInfo/1/5/1230016700/
[2025-12-22T10:45:07.669+0000] {logging_mixin.py:188} INFO - link_info 데이터 삽입 완료
[2025-12-22T10:45:07.670+0000] {logging_mixin.py:188} INFO - Calling LinkInfo API: http://openapi.seoul.go.kr:8088/656b61716d646e6439377847526d4c/xml/LinkInfo/1/5/1150020300/
[2025-12-22T10:45:07.767+0000] {logging_mixin.py:188} INFO - {'link_id': '1150020300', 'road_name': '방화대로', 'st_node_nm': '신방화사거리', 'ed_node_nm': '강서공고앞', 'map_dist': 313, 'reg_cd': 115}
[2025-12-22T10:45:07.768+0000] {logging_mixin.py:188} INFO - Calling TrafficInfo API: http://openapi.seoul.go.kr:8088/436b63764a646e643130395474737472/xml/TrafficInfo/1/5/1150020300/
[2025-12-22T10:45:07.870+0000] {logging_mixin.py:188} INFO - link_info 데이터 삽입 완료
[2025-12-22T10:45:07.870+0000] {logging_mixin.py:188} INFO - Calling LinkInfo API: http://openapi.seoul.go.kr:8088/656b61716d646e6439377847526d4c/xml/LinkInfo/1/5/1040004300/
[2025-12-22T10:45:07.979+0000] {logging_mixin.py:188} INFO - {'link_id': '1040004300', 'road_name': '천호대로', 'st_node_nm': '군자역', 'ed_node_nm': '아차산역삼거리', 'map_dist': 886, 'reg_cd': 104}
[2025-12-22T10:45:07.979+0000] {logging_mixin.py:188} INFO - Calling TrafficInfo API: http://openapi.seoul.go.kr:8088/436b63764a646e643130395474737472/xml/TrafficInfo/1/5/1040004300/
[2025-12-22T10:45:08.107+0000] {logging_mixin.py:188} INFO - link_info 데이터 삽입 완료
[2025-12-22T10:45:08.108+0000] {logging_mixin.py:188} INFO - ROAD_TRAFFIC 데이터 삽입 완료
[2025-12-22T10:45:08.109+0000] {logging_mixin.py:188} INFO - Calling LinkInfo API: http://openapi.seoul.go.kr:8088/656b61716d646e6439377847526d4c/xml/LinkInfo/1/5/1150003300/
[2025-12-22T10:45:08.233+0000] {logging_mixin.py:188} INFO - {'link_id': '1150003300', 'road_name': '양천로', 'st_node_nm': '방화2단지', 'ed_node_nm': '양천향교역', 'map_dist': 1976, 'reg_cd': 115}
[2025-12-22T10:45:08.233+0000] {logging_mixin.py:188} INFO - Calling TrafficInfo API: http://openapi.seoul.go.kr:8088/436b63764a646e643130395474737472/xml/TrafficInfo/1/5/1150003300/
[2025-12-22T10:45:08.331+0000] {logging_mixin.py:188} INFO - link_info 데이터 삽입 완료
[2025-12-22T10:45:08.331+0000] {logging_mixin.py:188} INFO - ROAD_TRAFFIC 데이터 삽입 완료
[2025-12-22T10:45:08.332+0000] {logging_mixin.py:188} INFO - Calling LinkInfo API: http://openapi.seoul.go.kr:8088/656b61716d646e6439377847526d4c/xml/LinkInfo/1/5/1000011900/
[2025-12-22T10:45:08.408+0000] {logging_mixin.py:188} INFO - {'link_id': '1000011900', 'road_name': '사직로', 'st_node_nm': '광화문', 'ed_node_nm': '정부서울청사', 'map_dist': 269, 'reg_cd': 100}
[2025-12-22T10:45:08.410+0000] {logging_mixin.py:188} INFO - Calling TrafficInfo API: http://openapi.seoul.go.kr:8088/436b63764a646e643130395474737472/xml/TrafficInfo/1/5/1000011900/
[2025-12-22T10:45:08.568+0000] {logging_mixin.py:188} INFO - link_info 데이터 삽입 완료
[2025-12-22T10:45:08.569+0000] {logging_mixin.py:188} INFO - ROAD_TRAFFIC 데이터 삽입 완료
[2025-12-22T10:45:08.576+0000] {logging_mixin.py:188} INFO - [INFO] 7개의 LINK_ID 데이터 처리 완료
[2025-12-22T10:45:08.577+0000] {python.py:202} INFO - Done. Returned value was: None
[2025-12-22T10:45:08.582+0000] {taskinstance.py:1149} INFO - Marking task as SUCCESS. dag_id=linkinfo_dag, task_id=process_linkinfo, execution_date=20251222T104504, start_date=20251222T104506, end_date=20251222T104508
[2025-12-22T10:45:08.616+0000] {local_task_job_runner.py:234} INFO - Task exited with return code 0
[2025-12-22T10:45:08.629+0000] {taskinstance.py:3312} INFO - 1 downstream tasks scheduled from follow-on schedule check
