[2025-12-16T11:05:08.052+0000] {taskinstance.py:1979} INFO - Dependencies all met for dep_context=non-requeueable deps ti=<TaskInstance: daily_code_update.update_region_name scheduled__2025-11-21T15:00:00+00:00 [queued]>
[2025-12-16T11:05:08.068+0000] {taskinstance.py:1979} INFO - Dependencies all met for dep_context=requeueable deps ti=<TaskInstance: daily_code_update.update_region_name scheduled__2025-11-21T15:00:00+00:00 [queued]>
[2025-12-16T11:05:08.069+0000] {taskinstance.py:2193} INFO - Starting attempt 1 of 2
[2025-12-16T11:05:08.119+0000] {taskinstance.py:2217} INFO - Executing <Task(PythonOperator): update_region_name> on 2025-11-21 15:00:00+00:00
[2025-12-16T11:05:08.127+0000] {standard_task_runner.py:60} INFO - Started process 542 to run task
[2025-12-16T11:05:08.131+0000] {standard_task_runner.py:87} INFO - Running: ['airflow', 'tasks', 'run', 'daily_code_update', 'update_region_name', 'scheduled__2025-11-21T15:00:00+00:00', '--job-id', '132', '--raw', '--subdir', 'DAGS_FOLDER/code_update_dag.py', '--cfg-path', '/tmp/tmpn8sz72cm']
[2025-12-16T11:05:08.135+0000] {standard_task_runner.py:88} INFO - Job 132: Subtask update_region_name
[2025-12-16T11:05:08.237+0000] {task_command.py:423} INFO - Running <TaskInstance: daily_code_update.update_region_name scheduled__2025-11-21T15:00:00+00:00 [running]> on host d011923f8fa9
[2025-12-16T11:05:08.395+0000] {taskinstance.py:2513} INFO - Exporting env vars: AIRFLOW_CTX_DAG_OWNER='navisafe' AIRFLOW_CTX_DAG_ID='daily_code_update' AIRFLOW_CTX_TASK_ID='update_region_name' AIRFLOW_CTX_EXECUTION_DATE='2025-11-21T15:00:00+00:00' AIRFLOW_CTX_TRY_NUMBER='1' AIRFLOW_CTX_DAG_RUN_ID='scheduled__2025-11-21T15:00:00+00:00'
[2025-12-16T11:05:08.397+0000] {logging_mixin.py:188} INFO - [INFO] update_region_code_name 실행 시작
[2025-12-16T11:05:08.583+0000] {logging_mixin.py:188} INFO - [INFO] 25개의 지역 코드 저장 완료
[2025-12-16T11:05:08.585+0000] {logging_mixin.py:188} INFO - [INFO] update_region_code_name 완료
[2025-12-16T11:05:08.586+0000] {python.py:202} INFO - Done. Returned value was: None
[2025-12-16T11:05:08.594+0000] {taskinstance.py:1149} INFO - Marking task as SUCCESS. dag_id=daily_code_update, task_id=update_region_name, execution_date=20251121T150000, start_date=20251216T110508, end_date=20251216T110508
[2025-12-16T11:05:08.667+0000] {local_task_job_runner.py:234} INFO - Task exited with return code 0
[2025-12-16T11:05:08.762+0000] {taskinstance.py:3312} INFO - 0 downstream tasks scheduled from follow-on schedule check
[2025-12-22T12:00:48.382+0000] {taskinstance.py:1979} INFO - Dependencies all met for dep_context=non-requeueable deps ti=<TaskInstance: daily_code_update.update_region_name scheduled__2025-11-21T15:00:00+00:00 [queued]>
[2025-12-22T12:00:48.396+0000] {taskinstance.py:1979} INFO - Dependencies all met for dep_context=requeueable deps ti=<TaskInstance: daily_code_update.update_region_name scheduled__2025-11-21T15:00:00+00:00 [queued]>
[2025-12-22T12:00:48.397+0000] {taskinstance.py:2193} INFO - Starting attempt 1 of 2
[2025-12-22T12:00:48.486+0000] {taskinstance.py:2217} INFO - Executing <Task(PythonOperator): update_region_name> on 2025-11-21 15:00:00+00:00
[2025-12-22T12:00:48.492+0000] {standard_task_runner.py:60} INFO - Started process 558 to run task
[2025-12-22T12:00:48.495+0000] {standard_task_runner.py:87} INFO - Running: ['airflow', 'tasks', 'run', 'daily_code_update', 'update_region_name', 'scheduled__2025-11-21T15:00:00+00:00', '--job-id', '128', '--raw', '--subdir', 'DAGS_FOLDER/code_update_dag.py', '--cfg-path', '/tmp/tmpjble3xgo']
[2025-12-22T12:00:48.497+0000] {standard_task_runner.py:88} INFO - Job 128: Subtask update_region_name
[2025-12-22T12:00:48.584+0000] {task_command.py:423} INFO - Running <TaskInstance: daily_code_update.update_region_name scheduled__2025-11-21T15:00:00+00:00 [running]> on host a5c0974290b2
[2025-12-22T12:00:48.761+0000] {taskinstance.py:2513} INFO - Exporting env vars: AIRFLOW_CTX_DAG_OWNER='navisafe' AIRFLOW_CTX_DAG_ID='daily_code_update' AIRFLOW_CTX_TASK_ID='update_region_name' AIRFLOW_CTX_EXECUTION_DATE='2025-11-21T15:00:00+00:00' AIRFLOW_CTX_TRY_NUMBER='1' AIRFLOW_CTX_DAG_RUN_ID='scheduled__2025-11-21T15:00:00+00:00'
[2025-12-22T12:00:48.763+0000] {logging_mixin.py:188} INFO - [INFO] update_region_code_name 실행 시작
[2025-12-22T12:00:48.865+0000] {base.py:83} INFO - Using connection ID 'navisafe_mysql' for task execution.
[2025-12-22T12:00:48.870+0000] {logging_mixin.py:188} INFO - [INFO] 25개의 지역 코드 저장 완료
[2025-12-22T12:00:48.871+0000] {logging_mixin.py:188} INFO - [INFO] update_region_code_name 완료
[2025-12-22T12:00:48.872+0000] {python.py:202} INFO - Done. Returned value was: None
[2025-12-22T12:00:48.878+0000] {taskinstance.py:1149} INFO - Marking task as SUCCESS. dag_id=daily_code_update, task_id=update_region_name, execution_date=20251121T150000, start_date=20251222T120048, end_date=20251222T120048
[2025-12-22T12:00:48.988+0000] {local_task_job_runner.py:234} INFO - Task exited with return code 0
[2025-12-22T12:00:49.012+0000] {taskinstance.py:3312} INFO - 0 downstream tasks scheduled from follow-on schedule check
