[2025-12-16T11:05:13.175+0000] {taskinstance.py:1979} INFO - Dependencies all met for dep_context=non-requeueable deps ti=<TaskInstance: daily_code_update.update_outbreak_detail_code_name scheduled__2025-12-01T15:00:00+00:00 [queued]>
[2025-12-16T11:05:13.190+0000] {taskinstance.py:1979} INFO - Dependencies all met for dep_context=requeueable deps ti=<TaskInstance: daily_code_update.update_outbreak_detail_code_name scheduled__2025-12-01T15:00:00+00:00 [queued]>
[2025-12-16T11:05:13.194+0000] {taskinstance.py:2193} INFO - Starting attempt 1 of 2
[2025-12-16T11:05:13.234+0000] {taskinstance.py:2217} INFO - Executing <Task(PythonOperator): update_outbreak_detail_code_name> on 2025-12-01 15:00:00+00:00
[2025-12-16T11:05:13.241+0000] {standard_task_runner.py:60} INFO - Started process 595 to run task
[2025-12-16T11:05:13.245+0000] {standard_task_runner.py:87} INFO - Running: ['airflow', 'tasks', 'run', 'daily_code_update', 'update_outbreak_detail_code_name', 'scheduled__2025-12-01T15:00:00+00:00', '--job-id', '154', '--raw', '--subdir', 'DAGS_FOLDER/code_update_dag.py', '--cfg-path', '/tmp/tmpmy_vq11b']
[2025-12-16T11:05:13.247+0000] {standard_task_runner.py:88} INFO - Job 154: Subtask update_outbreak_detail_code_name
[2025-12-16T11:05:13.379+0000] {task_command.py:423} INFO - Running <TaskInstance: daily_code_update.update_outbreak_detail_code_name scheduled__2025-12-01T15:00:00+00:00 [running]> on host d011923f8fa9
[2025-12-16T11:05:13.548+0000] {taskinstance.py:2513} INFO - Exporting env vars: AIRFLOW_CTX_DAG_OWNER='navisafe' AIRFLOW_CTX_DAG_ID='daily_code_update' AIRFLOW_CTX_TASK_ID='update_outbreak_detail_code_name' AIRFLOW_CTX_EXECUTION_DATE='2025-12-01T15:00:00+00:00' AIRFLOW_CTX_TRY_NUMBER='1' AIRFLOW_CTX_DAG_RUN_ID='scheduled__2025-12-01T15:00:00+00:00'
[2025-12-16T11:05:13.549+0000] {logging_mixin.py:188} INFO - [INFO] update_outbreak_detail_code_name 실행 시작
[2025-12-16T11:05:13.764+0000] {logging_mixin.py:188} INFO - [INFO] 43개의 돌발 세부 유형 코드 저장 완료
[2025-12-16T11:05:13.767+0000] {logging_mixin.py:188} INFO - [INFO] update_outbreak_detail_code_name 완료
[2025-12-16T11:05:13.767+0000] {python.py:202} INFO - Done. Returned value was: None
[2025-12-16T11:05:13.779+0000] {taskinstance.py:1149} INFO - Marking task as SUCCESS. dag_id=daily_code_update, task_id=update_outbreak_detail_code_name, execution_date=20251201T150000, start_date=20251216T110513, end_date=20251216T110513
[2025-12-16T11:05:13.859+0000] {local_task_job_runner.py:234} INFO - Task exited with return code 0
[2025-12-16T11:05:13.879+0000] {taskinstance.py:3312} INFO - 0 downstream tasks scheduled from follow-on schedule check
[2025-12-22T12:00:53.530+0000] {taskinstance.py:1979} INFO - Dependencies all met for dep_context=non-requeueable deps ti=<TaskInstance: daily_code_update.update_outbreak_detail_code_name scheduled__2025-12-01T15:00:00+00:00 [queued]>
[2025-12-22T12:00:53.537+0000] {taskinstance.py:1979} INFO - Dependencies all met for dep_context=requeueable deps ti=<TaskInstance: daily_code_update.update_outbreak_detail_code_name scheduled__2025-12-01T15:00:00+00:00 [queued]>
[2025-12-22T12:00:53.538+0000] {taskinstance.py:2193} INFO - Starting attempt 1 of 2
[2025-12-22T12:00:53.574+0000] {taskinstance.py:2217} INFO - Executing <Task(PythonOperator): update_outbreak_detail_code_name> on 2025-12-01 15:00:00+00:00
[2025-12-22T12:00:53.587+0000] {standard_task_runner.py:60} INFO - Started process 631 to run task
[2025-12-22T12:00:53.590+0000] {standard_task_runner.py:87} INFO - Running: ['airflow', 'tasks', 'run', 'daily_code_update', 'update_outbreak_detail_code_name', 'scheduled__2025-12-01T15:00:00+00:00', '--job-id', '157', '--raw', '--subdir', 'DAGS_FOLDER/code_update_dag.py', '--cfg-path', '/tmp/tmpzhzeac1g']
[2025-12-22T12:00:53.592+0000] {standard_task_runner.py:88} INFO - Job 157: Subtask update_outbreak_detail_code_name
[2025-12-22T12:00:53.676+0000] {task_command.py:423} INFO - Running <TaskInstance: daily_code_update.update_outbreak_detail_code_name scheduled__2025-12-01T15:00:00+00:00 [running]> on host a5c0974290b2
[2025-12-22T12:00:53.784+0000] {taskinstance.py:2513} INFO - Exporting env vars: AIRFLOW_CTX_DAG_OWNER='navisafe' AIRFLOW_CTX_DAG_ID='daily_code_update' AIRFLOW_CTX_TASK_ID='update_outbreak_detail_code_name' AIRFLOW_CTX_EXECUTION_DATE='2025-12-01T15:00:00+00:00' AIRFLOW_CTX_TRY_NUMBER='1' AIRFLOW_CTX_DAG_RUN_ID='scheduled__2025-12-01T15:00:00+00:00'
[2025-12-22T12:00:53.799+0000] {logging_mixin.py:188} INFO - [INFO] update_outbreak_detail_code_name 실행 시작
[2025-12-22T12:00:54.138+0000] {base.py:83} INFO - Using connection ID 'navisafe_mysql' for task execution.
[2025-12-22T12:00:54.143+0000] {logging_mixin.py:188} INFO - [INFO] 43개의 돌발 세부 유형 코드 저장 완료
[2025-12-22T12:00:54.144+0000] {logging_mixin.py:188} INFO - [INFO] update_outbreak_detail_code_name 완료
[2025-12-22T12:00:54.144+0000] {python.py:202} INFO - Done. Returned value was: None
[2025-12-22T12:00:54.150+0000] {taskinstance.py:1149} INFO - Marking task as SUCCESS. dag_id=daily_code_update, task_id=update_outbreak_detail_code_name, execution_date=20251201T150000, start_date=20251222T120053, end_date=20251222T120054
[2025-12-22T12:00:54.204+0000] {local_task_job_runner.py:234} INFO - Task exited with return code 0
[2025-12-22T12:00:54.216+0000] {taskinstance.py:3312} INFO - 0 downstream tasks scheduled from follow-on schedule check
