[2025-12-22T11:00:21.089+0000] {taskinstance.py:1979} INFO - Dependencies all met for dep_context=non-requeueable deps ti=<TaskInstance: update_shelter_data_monthly.run_shelter_worker manual__2025-12-22T11:00:19.362569+00:00 [queued]>
[2025-12-22T11:00:21.097+0000] {taskinstance.py:1979} INFO - Dependencies all met for dep_context=requeueable deps ti=<TaskInstance: update_shelter_data_monthly.run_shelter_worker manual__2025-12-22T11:00:19.362569+00:00 [queued]>
[2025-12-22T11:00:21.098+0000] {taskinstance.py:2193} INFO - Starting attempt 1 of 2
[2025-12-22T11:00:21.116+0000] {taskinstance.py:2217} INFO - Executing <Task(PythonOperator): run_shelter_worker> on 2025-12-22 11:00:19.362569+00:00
[2025-12-22T11:00:21.121+0000] {standard_task_runner.py:60} INFO - Started process 1234 to run task
[2025-12-22T11:00:21.126+0000] {standard_task_runner.py:87} INFO - Running: ['airflow', 'tasks', 'run', 'update_shelter_data_monthly', 'run_shelter_worker', 'manual__2025-12-22T11:00:19.362569+00:00', '--job-id', '572', '--raw', '--subdir', 'DAGS_FOLDER/shelter_update_dag.py', '--cfg-path', '/tmp/tmpw15jhm7c']
[2025-12-22T11:00:21.129+0000] {standard_task_runner.py:88} INFO - Job 572: Subtask run_shelter_worker
[2025-12-22T11:00:21.200+0000] {task_command.py:423} INFO - Running <TaskInstance: update_shelter_data_monthly.run_shelter_worker manual__2025-12-22T11:00:19.362569+00:00 [running]> on host 5d74948b19c1
[2025-12-22T11:00:21.284+0000] {taskinstance.py:2513} INFO - Exporting env vars: AIRFLOW_CTX_DAG_OWNER='data_engineer' AIRFLOW_CTX_DAG_ID='update_shelter_data_monthly' AIRFLOW_CTX_TASK_ID='run_shelter_worker' AIRFLOW_CTX_EXECUTION_DATE='2025-12-22T11:00:19.362569+00:00' AIRFLOW_CTX_TRY_NUMBER='1' AIRFLOW_CTX_DAG_RUN_ID='manual__2025-12-22T11:00:19.362569+00:00'
[2025-12-22T11:00:21.285+0000] {logging_mixin.py:188} INFO - [INFO] API 호출 시작 → 코드 1
[2025-12-22T11:00:22.447+0000] {base.py:83} INFO - Using connection ID 'navisafe_mysql' for task execution.
[2025-12-22T11:00:22.475+0000] {logging_mixin.py:188} INFO - [INFO] 1000개의 데이터 저장 완료
[2025-12-22T11:00:23.476+0000] {logging_mixin.py:188} INFO - [INFO] API 호출 시작 → 코드 2
[2025-12-22T11:00:23.926+0000] {base.py:83} INFO - Using connection ID 'navisafe_mysql' for task execution.
[2025-12-22T11:00:23.953+0000] {logging_mixin.py:188} INFO - [INFO] 1000개의 데이터 저장 완료
[2025-12-22T11:00:24.955+0000] {logging_mixin.py:188} INFO - [INFO] API 호출 시작 → 코드 3
[2025-12-22T11:00:25.311+0000] {base.py:83} INFO - Using connection ID 'navisafe_mysql' for task execution.
[2025-12-22T11:00:25.336+0000] {logging_mixin.py:188} INFO - [INFO] 1000개의 데이터 저장 완료
[2025-12-22T11:00:26.337+0000] {logging_mixin.py:188} INFO - [INFO] API 호출 시작 → 코드 4
[2025-12-22T11:00:26.465+0000] {base.py:83} INFO - Using connection ID 'navisafe_mysql' for task execution.
[2025-12-22T11:00:26.476+0000] {logging_mixin.py:188} INFO - [INFO] 206개의 데이터 저장 완료
[2025-12-22T11:00:27.478+0000] {logging_mixin.py:188} INFO - [SYSTEM] 모든 Shelter 데이터 수집 완료 
[2025-12-22T11:00:27.479+0000] {python.py:202} INFO - Done. Returned value was: None
[2025-12-22T11:00:27.484+0000] {taskinstance.py:1149} INFO - Marking task as SUCCESS. dag_id=update_shelter_data_monthly, task_id=run_shelter_worker, execution_date=20251222T110019, start_date=20251222T110021, end_date=20251222T110027
[2025-12-22T11:00:27.510+0000] {local_task_job_runner.py:234} INFO - Task exited with return code 0
[2025-12-22T11:00:27.518+0000] {taskinstance.py:3312} INFO - 0 downstream tasks scheduled from follow-on schedule check
