[2025-12-16T11:05:24.001+0000] {taskinstance.py:1979} INFO - Dependencies all met for dep_context=non-requeueable deps ti=<TaskInstance: daily_code_update.update_outbreak_code_name scheduled__2025-12-14T15:00:00+00:00 [queued]>
[2025-12-16T11:05:24.010+0000] {taskinstance.py:1979} INFO - Dependencies all met for dep_context=requeueable deps ti=<TaskInstance: daily_code_update.update_outbreak_code_name scheduled__2025-12-14T15:00:00+00:00 [queued]>
[2025-12-16T11:05:24.011+0000] {taskinstance.py:2193} INFO - Starting attempt 1 of 2
[2025-12-16T11:05:24.042+0000] {taskinstance.py:2217} INFO - Executing <Task(PythonOperator): update_outbreak_code_name> on 2025-12-14 15:00:00+00:00
[2025-12-16T11:05:24.063+0000] {standard_task_runner.py:60} INFO - Started process 677 to run task
[2025-12-16T11:05:24.066+0000] {standard_task_runner.py:87} INFO - Running: ['airflow', 'tasks', 'run', 'daily_code_update', 'update_outbreak_code_name', 'scheduled__2025-12-14T15:00:00+00:00', '--job-id', '201', '--raw', '--subdir', 'DAGS_FOLDER/code_update_dag.py', '--cfg-path', '/tmp/tmp7psm2hc1']
[2025-12-16T11:05:24.069+0000] {standard_task_runner.py:88} INFO - Job 201: Subtask update_outbreak_code_name
[2025-12-16T11:05:24.150+0000] {task_command.py:423} INFO - Running <TaskInstance: daily_code_update.update_outbreak_code_name scheduled__2025-12-14T15:00:00+00:00 [running]> on host d011923f8fa9
[2025-12-16T11:05:24.287+0000] {taskinstance.py:2513} INFO - Exporting env vars: AIRFLOW_CTX_DAG_OWNER='navisafe' AIRFLOW_CTX_DAG_ID='daily_code_update' AIRFLOW_CTX_TASK_ID='update_outbreak_code_name' AIRFLOW_CTX_EXECUTION_DATE='2025-12-14T15:00:00+00:00' AIRFLOW_CTX_TRY_NUMBER='1' AIRFLOW_CTX_DAG_RUN_ID='scheduled__2025-12-14T15:00:00+00:00'
[2025-12-16T11:05:24.289+0000] {logging_mixin.py:188} INFO - [INFO] update_outbreak_code_name 실행 시작
[2025-12-16T11:05:24.462+0000] {logging_mixin.py:188} INFO - [INFO] 13개의 돌발유형 코드 저장 완료
[2025-12-16T11:05:24.463+0000] {logging_mixin.py:188} INFO - [INFO] update_outbreak_code_name 완료
[2025-12-16T11:05:24.463+0000] {python.py:202} INFO - Done. Returned value was: None
[2025-12-16T11:05:24.468+0000] {taskinstance.py:1149} INFO - Marking task as SUCCESS. dag_id=daily_code_update, task_id=update_outbreak_code_name, execution_date=20251214T150000, start_date=20251216T110524, end_date=20251216T110524
[2025-12-16T11:05:24.522+0000] {local_task_job_runner.py:234} INFO - Task exited with return code 0
[2025-12-16T11:05:24.536+0000] {taskinstance.py:3312} INFO - 0 downstream tasks scheduled from follow-on schedule check
[2025-12-22T12:01:01.074+0000] {taskinstance.py:1979} INFO - Dependencies all met for dep_context=non-requeueable deps ti=<TaskInstance: daily_code_update.update_outbreak_code_name scheduled__2025-12-14T15:00:00+00:00 [queued]>
[2025-12-22T12:01:01.084+0000] {taskinstance.py:1979} INFO - Dependencies all met for dep_context=requeueable deps ti=<TaskInstance: daily_code_update.update_outbreak_code_name scheduled__2025-12-14T15:00:00+00:00 [queued]>
[2025-12-22T12:01:01.085+0000] {taskinstance.py:2193} INFO - Starting attempt 1 of 2
[2025-12-22T12:01:01.129+0000] {taskinstance.py:2217} INFO - Executing <Task(PythonOperator): update_outbreak_code_name> on 2025-12-14 15:00:00+00:00
[2025-12-22T12:01:01.145+0000] {standard_task_runner.py:60} INFO - Started process 723 to run task
[2025-12-22T12:01:01.149+0000] {standard_task_runner.py:87} INFO - Running: ['airflow', 'tasks', 'run', 'daily_code_update', 'update_outbreak_code_name', 'scheduled__2025-12-14T15:00:00+00:00', '--job-id', '194', '--raw', '--subdir', 'DAGS_FOLDER/code_update_dag.py', '--cfg-path', '/tmp/tmpgqo8oh0e']
[2025-12-22T12:01:01.152+0000] {standard_task_runner.py:88} INFO - Job 194: Subtask update_outbreak_code_name
[2025-12-22T12:01:01.235+0000] {task_command.py:423} INFO - Running <TaskInstance: daily_code_update.update_outbreak_code_name scheduled__2025-12-14T15:00:00+00:00 [running]> on host a5c0974290b2
[2025-12-22T12:01:01.355+0000] {taskinstance.py:2513} INFO - Exporting env vars: AIRFLOW_CTX_DAG_OWNER='navisafe' AIRFLOW_CTX_DAG_ID='daily_code_update' AIRFLOW_CTX_TASK_ID='update_outbreak_code_name' AIRFLOW_CTX_EXECUTION_DATE='2025-12-14T15:00:00+00:00' AIRFLOW_CTX_TRY_NUMBER='1' AIRFLOW_CTX_DAG_RUN_ID='scheduled__2025-12-14T15:00:00+00:00'
[2025-12-22T12:01:01.356+0000] {logging_mixin.py:188} INFO - [INFO] update_outbreak_code_name 실행 시작
[2025-12-22T12:01:01.479+0000] {base.py:83} INFO - Using connection ID 'navisafe_mysql' for task execution.
[2025-12-22T12:01:01.489+0000] {logging_mixin.py:188} INFO - [INFO] 13개의 돌발유형 코드 저장 완료
[2025-12-22T12:01:01.492+0000] {logging_mixin.py:188} INFO - [INFO] update_outbreak_code_name 완료
[2025-12-22T12:01:01.500+0000] {python.py:202} INFO - Done. Returned value was: None
[2025-12-22T12:01:01.516+0000] {taskinstance.py:1149} INFO - Marking task as SUCCESS. dag_id=daily_code_update, task_id=update_outbreak_code_name, execution_date=20251214T150000, start_date=20251222T120101, end_date=20251222T120101
[2025-12-22T12:01:01.562+0000] {local_task_job_runner.py:234} INFO - Task exited with return code 0
[2025-12-22T12:01:01.577+0000] {taskinstance.py:3312} INFO - 0 downstream tasks scheduled from follow-on schedule check
