[2025-12-22T10:44:42.682+0000] {taskinstance.py:1979} INFO - Dependencies all met for dep_context=non-requeueable deps ti=<TaskInstance: daily_code_update.update_region_name scheduled__2025-12-15T15:00:00+00:00 [queued]>
[2025-12-22T10:44:42.709+0000] {taskinstance.py:1979} INFO - Dependencies all met for dep_context=requeueable deps ti=<TaskInstance: daily_code_update.update_region_name scheduled__2025-12-15T15:00:00+00:00 [queued]>
[2025-12-22T10:44:42.710+0000] {taskinstance.py:2193} INFO - Starting attempt 1 of 2
[2025-12-22T10:44:42.836+0000] {taskinstance.py:2217} INFO - Executing <Task(PythonOperator): update_region_name> on 2025-12-15 15:00:00+00:00
[2025-12-22T10:44:42.848+0000] {standard_task_runner.py:60} INFO - Started process 207 to run task
[2025-12-22T10:44:42.867+0000] {standard_task_runner.py:87} INFO - Running: ['airflow', 'tasks', 'run', 'daily_code_update', 'update_region_name', 'scheduled__2025-12-15T15:00:00+00:00', '--job-id', '462', '--raw', '--subdir', 'DAGS_FOLDER/code_update_dag.py', '--cfg-path', '/tmp/tmpwbh6q9ih']
[2025-12-22T10:44:42.874+0000] {standard_task_runner.py:88} INFO - Job 462: Subtask update_region_name
[2025-12-22T10:44:43.065+0000] {task_command.py:423} INFO - Running <TaskInstance: daily_code_update.update_region_name scheduled__2025-12-15T15:00:00+00:00 [running]> on host 5d74948b19c1
[2025-12-22T10:44:43.404+0000] {taskinstance.py:2513} INFO - Exporting env vars: AIRFLOW_CTX_DAG_OWNER='navisafe' AIRFLOW_CTX_DAG_ID='daily_code_update' AIRFLOW_CTX_TASK_ID='update_region_name' AIRFLOW_CTX_EXECUTION_DATE='2025-12-15T15:00:00+00:00' AIRFLOW_CTX_TRY_NUMBER='1' AIRFLOW_CTX_DAG_RUN_ID='scheduled__2025-12-15T15:00:00+00:00'
[2025-12-22T10:44:43.410+0000] {logging_mixin.py:188} INFO - [INFO] update_region_code_name 실행 시작
[2025-12-22T10:44:43.770+0000] {logging_mixin.py:188} INFO - [INFO] 25개의 지역 코드 저장 완료
[2025-12-22T10:44:43.775+0000] {logging_mixin.py:188} INFO - [INFO] update_region_code_name 완료
[2025-12-22T10:44:43.781+0000] {python.py:202} INFO - Done. Returned value was: None
[2025-12-22T10:44:43.797+0000] {taskinstance.py:1149} INFO - Marking task as SUCCESS. dag_id=daily_code_update, task_id=update_region_name, execution_date=20251215T150000, start_date=20251222T104442, end_date=20251222T104443
[2025-12-22T10:44:43.906+0000] {local_task_job_runner.py:234} INFO - Task exited with return code 0
[2025-12-22T10:44:43.979+0000] {taskinstance.py:3312} INFO - 0 downstream tasks scheduled from follow-on schedule check
[2025-12-22T12:01:03.423+0000] {taskinstance.py:1979} INFO - Dependencies all met for dep_context=non-requeueable deps ti=<TaskInstance: daily_code_update.update_region_name scheduled__2025-12-15T15:00:00+00:00 [queued]>
[2025-12-22T12:01:03.437+0000] {taskinstance.py:1979} INFO - Dependencies all met for dep_context=requeueable deps ti=<TaskInstance: daily_code_update.update_region_name scheduled__2025-12-15T15:00:00+00:00 [queued]>
[2025-12-22T12:01:03.438+0000] {taskinstance.py:2193} INFO - Starting attempt 1 of 2
[2025-12-22T12:01:03.523+0000] {taskinstance.py:2217} INFO - Executing <Task(PythonOperator): update_region_name> on 2025-12-15 15:00:00+00:00
[2025-12-22T12:01:03.528+0000] {standard_task_runner.py:60} INFO - Started process 737 to run task
[2025-12-22T12:01:03.532+0000] {standard_task_runner.py:87} INFO - Running: ['airflow', 'tasks', 'run', 'daily_code_update', 'update_region_name', 'scheduled__2025-12-15T15:00:00+00:00', '--job-id', '200', '--raw', '--subdir', 'DAGS_FOLDER/code_update_dag.py', '--cfg-path', '/tmp/tmpn29i6yew']
[2025-12-22T12:01:03.534+0000] {standard_task_runner.py:88} INFO - Job 200: Subtask update_region_name
[2025-12-22T12:01:03.611+0000] {task_command.py:423} INFO - Running <TaskInstance: daily_code_update.update_region_name scheduled__2025-12-15T15:00:00+00:00 [running]> on host a5c0974290b2
[2025-12-22T12:01:03.772+0000] {taskinstance.py:2513} INFO - Exporting env vars: AIRFLOW_CTX_DAG_OWNER='navisafe' AIRFLOW_CTX_DAG_ID='daily_code_update' AIRFLOW_CTX_TASK_ID='update_region_name' AIRFLOW_CTX_EXECUTION_DATE='2025-12-15T15:00:00+00:00' AIRFLOW_CTX_TRY_NUMBER='1' AIRFLOW_CTX_DAG_RUN_ID='scheduled__2025-12-15T15:00:00+00:00'
[2025-12-22T12:01:03.774+0000] {logging_mixin.py:188} INFO - [INFO] update_region_code_name 실행 시작
[2025-12-22T12:01:03.913+0000] {base.py:83} INFO - Using connection ID 'navisafe_mysql' for task execution.
[2025-12-22T12:01:03.918+0000] {logging_mixin.py:188} INFO - [INFO] 25개의 지역 코드 저장 완료
[2025-12-22T12:01:03.921+0000] {logging_mixin.py:188} INFO - [INFO] update_region_code_name 완료
[2025-12-22T12:01:03.922+0000] {python.py:202} INFO - Done. Returned value was: None
[2025-12-22T12:01:03.929+0000] {taskinstance.py:1149} INFO - Marking task as SUCCESS. dag_id=daily_code_update, task_id=update_region_name, execution_date=20251215T150000, start_date=20251222T120103, end_date=20251222T120103
[2025-12-22T12:01:03.984+0000] {local_task_job_runner.py:234} INFO - Task exited with return code 0
[2025-12-22T12:01:03.996+0000] {taskinstance.py:3312} INFO - 0 downstream tasks scheduled from follow-on schedule check
