[2025-12-16T11:04:58.407+0000] {taskinstance.py:1979} INFO - Dependencies all met for dep_context=non-requeueable deps ti=<TaskInstance: daily_code_update.update_outbreak_detail_code_name scheduled__2025-11-05T15:00:00+00:00 [queued]>
[2025-12-16T11:04:58.420+0000] {taskinstance.py:1979} INFO - Dependencies all met for dep_context=requeueable deps ti=<TaskInstance: daily_code_update.update_outbreak_detail_code_name scheduled__2025-11-05T15:00:00+00:00 [queued]>
[2025-12-16T11:04:58.423+0000] {taskinstance.py:2193} INFO - Starting attempt 1 of 2
[2025-12-16T11:04:58.474+0000] {taskinstance.py:2217} INFO - Executing <Task(PythonOperator): update_outbreak_detail_code_name> on 2025-11-05 15:00:00+00:00
[2025-12-16T11:04:58.481+0000] {standard_task_runner.py:60} INFO - Started process 409 to run task
[2025-12-16T11:04:58.485+0000] {standard_task_runner.py:87} INFO - Running: ['airflow', 'tasks', 'run', 'daily_code_update', 'update_outbreak_detail_code_name', 'scheduled__2025-11-05T15:00:00+00:00', '--job-id', '77', '--raw', '--subdir', 'DAGS_FOLDER/code_update_dag.py', '--cfg-path', '/tmp/tmp402m9pzt']
[2025-12-16T11:04:58.487+0000] {standard_task_runner.py:88} INFO - Job 77: Subtask update_outbreak_detail_code_name
[2025-12-16T11:04:58.581+0000] {task_command.py:423} INFO - Running <TaskInstance: daily_code_update.update_outbreak_detail_code_name scheduled__2025-11-05T15:00:00+00:00 [running]> on host d011923f8fa9
[2025-12-16T11:04:58.724+0000] {taskinstance.py:2513} INFO - Exporting env vars: AIRFLOW_CTX_DAG_OWNER='navisafe' AIRFLOW_CTX_DAG_ID='daily_code_update' AIRFLOW_CTX_TASK_ID='update_outbreak_detail_code_name' AIRFLOW_CTX_EXECUTION_DATE='2025-11-05T15:00:00+00:00' AIRFLOW_CTX_TRY_NUMBER='1' AIRFLOW_CTX_DAG_RUN_ID='scheduled__2025-11-05T15:00:00+00:00'
[2025-12-16T11:04:58.726+0000] {logging_mixin.py:188} INFO - [INFO] update_outbreak_detail_code_name 실행 시작
[2025-12-16T11:04:58.987+0000] {logging_mixin.py:188} INFO - [INFO] 43개의 돌발 세부 유형 코드 저장 완료
[2025-12-16T11:04:58.988+0000] {logging_mixin.py:188} INFO - [INFO] update_outbreak_detail_code_name 완료
[2025-12-16T11:04:58.989+0000] {python.py:202} INFO - Done. Returned value was: None
[2025-12-16T11:04:58.999+0000] {taskinstance.py:1149} INFO - Marking task as SUCCESS. dag_id=daily_code_update, task_id=update_outbreak_detail_code_name, execution_date=20251105T150000, start_date=20251216T110458, end_date=20251216T110458
[2025-12-16T11:04:59.101+0000] {local_task_job_runner.py:234} INFO - Task exited with return code 0
[2025-12-16T11:04:59.128+0000] {taskinstance.py:3312} INFO - 0 downstream tasks scheduled from follow-on schedule check
[2025-12-22T12:00:35.023+0000] {taskinstance.py:1979} INFO - Dependencies all met for dep_context=non-requeueable deps ti=<TaskInstance: daily_code_update.update_outbreak_detail_code_name scheduled__2025-11-05T15:00:00+00:00 [queued]>
[2025-12-22T12:00:35.034+0000] {taskinstance.py:1979} INFO - Dependencies all met for dep_context=requeueable deps ti=<TaskInstance: daily_code_update.update_outbreak_detail_code_name scheduled__2025-11-05T15:00:00+00:00 [queued]>
[2025-12-22T12:00:35.034+0000] {taskinstance.py:2193} INFO - Starting attempt 1 of 2
[2025-12-22T12:00:35.165+0000] {taskinstance.py:2217} INFO - Executing <Task(PythonOperator): update_outbreak_detail_code_name> on 2025-11-05 15:00:00+00:00
[2025-12-22T12:00:35.185+0000] {standard_task_runner.py:60} INFO - Started process 460 to run task
[2025-12-22T12:00:35.196+0000] {standard_task_runner.py:87} INFO - Running: ['airflow', 'tasks', 'run', 'daily_code_update', 'update_outbreak_detail_code_name', 'scheduled__2025-11-05T15:00:00+00:00', '--job-id', '78', '--raw', '--subdir', 'DAGS_FOLDER/code_update_dag.py', '--cfg-path', '/tmp/tmp7r2hu0jl']
[2025-12-22T12:00:35.200+0000] {standard_task_runner.py:88} INFO - Job 78: Subtask update_outbreak_detail_code_name
[2025-12-22T12:00:35.367+0000] {task_command.py:423} INFO - Running <TaskInstance: daily_code_update.update_outbreak_detail_code_name scheduled__2025-11-05T15:00:00+00:00 [running]> on host a5c0974290b2
[2025-12-22T12:00:35.595+0000] {taskinstance.py:2513} INFO - Exporting env vars: AIRFLOW_CTX_DAG_OWNER='navisafe' AIRFLOW_CTX_DAG_ID='daily_code_update' AIRFLOW_CTX_TASK_ID='update_outbreak_detail_code_name' AIRFLOW_CTX_EXECUTION_DATE='2025-11-05T15:00:00+00:00' AIRFLOW_CTX_TRY_NUMBER='1' AIRFLOW_CTX_DAG_RUN_ID='scheduled__2025-11-05T15:00:00+00:00'
[2025-12-22T12:00:35.597+0000] {logging_mixin.py:188} INFO - [INFO] update_outbreak_detail_code_name 실행 시작
[2025-12-22T12:00:36.070+0000] {base.py:83} INFO - Using connection ID 'navisafe_mysql' for task execution.
[2025-12-22T12:00:36.078+0000] {logging_mixin.py:188} INFO - [INFO] 43개의 돌발 세부 유형 코드 저장 완료
[2025-12-22T12:00:36.079+0000] {logging_mixin.py:188} INFO - [INFO] update_outbreak_detail_code_name 완료
[2025-12-22T12:00:36.080+0000] {python.py:202} INFO - Done. Returned value was: None
[2025-12-22T12:00:36.089+0000] {taskinstance.py:1149} INFO - Marking task as SUCCESS. dag_id=daily_code_update, task_id=update_outbreak_detail_code_name, execution_date=20251105T150000, start_date=20251222T120035, end_date=20251222T120036
[2025-12-22T12:00:36.207+0000] {local_task_job_runner.py:234} INFO - Task exited with return code 0
[2025-12-22T12:00:36.345+0000] {taskinstance.py:3312} INFO - 0 downstream tasks scheduled from follow-on schedule check
