[2025-12-16T11:03:34.373+0000] {processor.py:161} INFO - Started process (PID=183) to work on /opt/airflow/dags/linkinfo_dag.py
[2025-12-16T11:03:34.375+0000] {processor.py:830} INFO - Processing file /opt/airflow/dags/linkinfo_dag.py for tasks to queue
[2025-12-16T11:03:34.376+0000] {logging_mixin.py:188} INFO - [2025-12-16T11:03:34.376+0000] {dagbag.py:540} INFO - Filling up the DagBag from /opt/airflow/dags/linkinfo_dag.py
[2025-12-16T11:03:34.457+0000] {processor.py:840} INFO - DAG(s) 'linkinfo_dag' retrieved from /opt/airflow/dags/linkinfo_dag.py
[2025-12-16T11:03:34.543+0000] {logging_mixin.py:188} INFO - [2025-12-16T11:03:34.543+0000] {override.py:1769} INFO - Created Permission View: can edit on DAG:linkinfo_dag
[2025-12-16T11:03:34.557+0000] {logging_mixin.py:188} INFO - [2025-12-16T11:03:34.557+0000] {override.py:1769} INFO - Created Permission View: can delete on DAG:linkinfo_dag
[2025-12-16T11:03:34.573+0000] {logging_mixin.py:188} INFO - [2025-12-16T11:03:34.573+0000] {override.py:1769} INFO - Created Permission View: can read on DAG:linkinfo_dag
[2025-12-16T11:03:34.574+0000] {logging_mixin.py:188} INFO - [2025-12-16T11:03:34.574+0000] {dag.py:3047} INFO - Sync 1 DAGs
[2025-12-16T11:03:34.582+0000] {logging_mixin.py:188} INFO - [2025-12-16T11:03:34.582+0000] {dag.py:3069} INFO - Creating ORM DAG for linkinfo_dag
[2025-12-16T11:03:34.583+0000] {logging_mixin.py:188} INFO - [2025-12-16T11:03:34.583+0000] {dag.py:3834} INFO - Setting next_dagrun for linkinfo_dag to None, run_after=None
[2025-12-16T11:03:34.606+0000] {processor.py:183} INFO - Processing /opt/airflow/dags/linkinfo_dag.py took 0.236 seconds
[2025-12-16T11:04:04.937+0000] {processor.py:161} INFO - Started process (PID=208) to work on /opt/airflow/dags/linkinfo_dag.py
[2025-12-16T11:04:04.939+0000] {processor.py:830} INFO - Processing file /opt/airflow/dags/linkinfo_dag.py for tasks to queue
[2025-12-16T11:04:04.941+0000] {logging_mixin.py:188} INFO - [2025-12-16T11:04:04.940+0000] {dagbag.py:540} INFO - Filling up the DagBag from /opt/airflow/dags/linkinfo_dag.py
[2025-12-16T11:04:05.043+0000] {processor.py:840} INFO - DAG(s) 'linkinfo_dag' retrieved from /opt/airflow/dags/linkinfo_dag.py
[2025-12-16T11:04:05.059+0000] {logging_mixin.py:188} INFO - [2025-12-16T11:04:05.058+0000] {dag.py:3047} INFO - Sync 1 DAGs
[2025-12-16T11:04:05.069+0000] {logging_mixin.py:188} INFO - [2025-12-16T11:04:05.069+0000] {dag.py:3834} INFO - Setting next_dagrun for linkinfo_dag to None, run_after=None
[2025-12-16T11:04:05.101+0000] {processor.py:183} INFO - Processing /opt/airflow/dags/linkinfo_dag.py took 0.167 seconds
[2025-12-16T11:04:35.671+0000] {processor.py:161} INFO - Started process (PID=233) to work on /opt/airflow/dags/linkinfo_dag.py
[2025-12-16T11:04:35.672+0000] {processor.py:830} INFO - Processing file /opt/airflow/dags/linkinfo_dag.py for tasks to queue
[2025-12-16T11:04:35.673+0000] {logging_mixin.py:188} INFO - [2025-12-16T11:04:35.673+0000] {dagbag.py:540} INFO - Filling up the DagBag from /opt/airflow/dags/linkinfo_dag.py
[2025-12-16T11:04:35.715+0000] {processor.py:840} INFO - DAG(s) 'linkinfo_dag' retrieved from /opt/airflow/dags/linkinfo_dag.py
[2025-12-16T11:04:35.730+0000] {logging_mixin.py:188} INFO - [2025-12-16T11:04:35.729+0000] {dag.py:3047} INFO - Sync 1 DAGs
[2025-12-16T11:04:35.741+0000] {logging_mixin.py:188} INFO - [2025-12-16T11:04:35.740+0000] {dag.py:3834} INFO - Setting next_dagrun for linkinfo_dag to None, run_after=None
[2025-12-16T11:04:35.768+0000] {processor.py:183} INFO - Processing /opt/airflow/dags/linkinfo_dag.py took 0.101 seconds
[2025-12-16T11:05:06.808+0000] {processor.py:161} INFO - Started process (PID=499) to work on /opt/airflow/dags/linkinfo_dag.py
[2025-12-16T11:05:06.812+0000] {processor.py:830} INFO - Processing file /opt/airflow/dags/linkinfo_dag.py for tasks to queue
[2025-12-16T11:05:06.815+0000] {logging_mixin.py:188} INFO - [2025-12-16T11:05:06.814+0000] {dagbag.py:540} INFO - Filling up the DagBag from /opt/airflow/dags/linkinfo_dag.py
[2025-12-16T11:05:06.946+0000] {processor.py:840} INFO - DAG(s) 'linkinfo_dag' retrieved from /opt/airflow/dags/linkinfo_dag.py
[2025-12-16T11:05:06.973+0000] {logging_mixin.py:188} INFO - [2025-12-16T11:05:06.972+0000] {dag.py:3047} INFO - Sync 1 DAGs
[2025-12-16T11:05:06.990+0000] {logging_mixin.py:188} INFO - [2025-12-16T11:05:06.990+0000] {dag.py:3834} INFO - Setting next_dagrun for linkinfo_dag to None, run_after=None
[2025-12-16T11:05:07.058+0000] {processor.py:183} INFO - Processing /opt/airflow/dags/linkinfo_dag.py took 0.255 seconds
[2025-12-16T11:05:37.265+0000] {processor.py:161} INFO - Started process (PID=692) to work on /opt/airflow/dags/linkinfo_dag.py
[2025-12-16T11:05:37.266+0000] {processor.py:830} INFO - Processing file /opt/airflow/dags/linkinfo_dag.py for tasks to queue
[2025-12-16T11:05:37.267+0000] {logging_mixin.py:188} INFO - [2025-12-16T11:05:37.267+0000] {dagbag.py:540} INFO - Filling up the DagBag from /opt/airflow/dags/linkinfo_dag.py
[2025-12-16T11:05:37.328+0000] {processor.py:840} INFO - DAG(s) 'linkinfo_dag' retrieved from /opt/airflow/dags/linkinfo_dag.py
[2025-12-16T11:05:37.343+0000] {logging_mixin.py:188} INFO - [2025-12-16T11:05:37.342+0000] {dag.py:3047} INFO - Sync 1 DAGs
[2025-12-16T11:05:37.351+0000] {logging_mixin.py:188} INFO - [2025-12-16T11:05:37.351+0000] {dag.py:3834} INFO - Setting next_dagrun for linkinfo_dag to None, run_after=None
[2025-12-16T11:05:37.378+0000] {processor.py:183} INFO - Processing /opt/airflow/dags/linkinfo_dag.py took 0.118 seconds
[2025-12-16T11:06:08.047+0000] {processor.py:161} INFO - Started process (PID=724) to work on /opt/airflow/dags/linkinfo_dag.py
[2025-12-16T11:06:08.048+0000] {processor.py:830} INFO - Processing file /opt/airflow/dags/linkinfo_dag.py for tasks to queue
[2025-12-16T11:06:08.049+0000] {logging_mixin.py:188} INFO - [2025-12-16T11:06:08.049+0000] {dagbag.py:540} INFO - Filling up the DagBag from /opt/airflow/dags/linkinfo_dag.py
[2025-12-16T11:06:08.123+0000] {processor.py:840} INFO - DAG(s) 'linkinfo_dag' retrieved from /opt/airflow/dags/linkinfo_dag.py
[2025-12-16T11:06:08.137+0000] {logging_mixin.py:188} INFO - [2025-12-16T11:06:08.137+0000] {dag.py:3047} INFO - Sync 1 DAGs
[2025-12-16T11:06:08.146+0000] {logging_mixin.py:188} INFO - [2025-12-16T11:06:08.146+0000] {dag.py:3834} INFO - Setting next_dagrun for linkinfo_dag to None, run_after=None
[2025-12-16T11:06:08.174+0000] {processor.py:183} INFO - Processing /opt/airflow/dags/linkinfo_dag.py took 0.130 seconds
[2025-12-16T11:06:38.646+0000] {processor.py:161} INFO - Started process (PID=753) to work on /opt/airflow/dags/linkinfo_dag.py
[2025-12-16T11:06:38.648+0000] {processor.py:830} INFO - Processing file /opt/airflow/dags/linkinfo_dag.py for tasks to queue
[2025-12-16T11:06:38.648+0000] {logging_mixin.py:188} INFO - [2025-12-16T11:06:38.648+0000] {dagbag.py:540} INFO - Filling up the DagBag from /opt/airflow/dags/linkinfo_dag.py
[2025-12-16T11:06:38.701+0000] {processor.py:840} INFO - DAG(s) 'linkinfo_dag' retrieved from /opt/airflow/dags/linkinfo_dag.py
[2025-12-16T11:06:38.715+0000] {logging_mixin.py:188} INFO - [2025-12-16T11:06:38.715+0000] {dag.py:3047} INFO - Sync 1 DAGs
[2025-12-16T11:06:38.724+0000] {logging_mixin.py:188} INFO - [2025-12-16T11:06:38.723+0000] {dag.py:3834} INFO - Setting next_dagrun for linkinfo_dag to None, run_after=None
[2025-12-16T11:06:38.742+0000] {processor.py:183} INFO - Processing /opt/airflow/dags/linkinfo_dag.py took 0.099 seconds
[2025-12-16T11:07:09.250+0000] {processor.py:161} INFO - Started process (PID=791) to work on /opt/airflow/dags/linkinfo_dag.py
[2025-12-16T11:07:09.251+0000] {processor.py:830} INFO - Processing file /opt/airflow/dags/linkinfo_dag.py for tasks to queue
[2025-12-16T11:07:09.252+0000] {logging_mixin.py:188} INFO - [2025-12-16T11:07:09.252+0000] {dagbag.py:540} INFO - Filling up the DagBag from /opt/airflow/dags/linkinfo_dag.py
[2025-12-16T11:07:09.302+0000] {processor.py:840} INFO - DAG(s) 'linkinfo_dag' retrieved from /opt/airflow/dags/linkinfo_dag.py
[2025-12-16T11:07:09.317+0000] {logging_mixin.py:188} INFO - [2025-12-16T11:07:09.316+0000] {dag.py:3047} INFO - Sync 1 DAGs
[2025-12-16T11:07:09.326+0000] {logging_mixin.py:188} INFO - [2025-12-16T11:07:09.326+0000] {dag.py:3834} INFO - Setting next_dagrun for linkinfo_dag to None, run_after=None
[2025-12-16T11:07:09.347+0000] {processor.py:183} INFO - Processing /opt/airflow/dags/linkinfo_dag.py took 0.099 seconds
[2025-12-16T11:07:39.876+0000] {processor.py:161} INFO - Started process (PID=829) to work on /opt/airflow/dags/linkinfo_dag.py
[2025-12-16T11:07:39.877+0000] {processor.py:830} INFO - Processing file /opt/airflow/dags/linkinfo_dag.py for tasks to queue
[2025-12-16T11:07:39.878+0000] {logging_mixin.py:188} INFO - [2025-12-16T11:07:39.878+0000] {dagbag.py:540} INFO - Filling up the DagBag from /opt/airflow/dags/linkinfo_dag.py
[2025-12-16T11:07:39.924+0000] {processor.py:840} INFO - DAG(s) 'linkinfo_dag' retrieved from /opt/airflow/dags/linkinfo_dag.py
[2025-12-16T11:07:39.940+0000] {logging_mixin.py:188} INFO - [2025-12-16T11:07:39.939+0000] {dag.py:3047} INFO - Sync 1 DAGs
[2025-12-16T11:07:39.949+0000] {logging_mixin.py:188} INFO - [2025-12-16T11:07:39.949+0000] {dag.py:3834} INFO - Setting next_dagrun for linkinfo_dag to None, run_after=None
[2025-12-16T11:07:39.969+0000] {processor.py:183} INFO - Processing /opt/airflow/dags/linkinfo_dag.py took 0.095 seconds
[2025-12-16T11:08:10.499+0000] {processor.py:161} INFO - Started process (PID=867) to work on /opt/airflow/dags/linkinfo_dag.py
[2025-12-16T11:08:10.500+0000] {processor.py:830} INFO - Processing file /opt/airflow/dags/linkinfo_dag.py for tasks to queue
[2025-12-16T11:08:10.501+0000] {logging_mixin.py:188} INFO - [2025-12-16T11:08:10.500+0000] {dagbag.py:540} INFO - Filling up the DagBag from /opt/airflow/dags/linkinfo_dag.py
[2025-12-16T11:08:10.542+0000] {processor.py:840} INFO - DAG(s) 'linkinfo_dag' retrieved from /opt/airflow/dags/linkinfo_dag.py
[2025-12-16T11:08:10.556+0000] {logging_mixin.py:188} INFO - [2025-12-16T11:08:10.556+0000] {dag.py:3047} INFO - Sync 1 DAGs
[2025-12-16T11:08:10.565+0000] {logging_mixin.py:188} INFO - [2025-12-16T11:08:10.565+0000] {dag.py:3834} INFO - Setting next_dagrun for linkinfo_dag to None, run_after=None
[2025-12-16T11:08:10.584+0000] {processor.py:183} INFO - Processing /opt/airflow/dags/linkinfo_dag.py took 0.088 seconds
[2025-12-16T11:08:41.305+0000] {processor.py:161} INFO - Started process (PID=892) to work on /opt/airflow/dags/linkinfo_dag.py
[2025-12-16T11:08:41.307+0000] {processor.py:830} INFO - Processing file /opt/airflow/dags/linkinfo_dag.py for tasks to queue
[2025-12-16T11:08:41.308+0000] {logging_mixin.py:188} INFO - [2025-12-16T11:08:41.307+0000] {dagbag.py:540} INFO - Filling up the DagBag from /opt/airflow/dags/linkinfo_dag.py
[2025-12-16T11:08:41.361+0000] {processor.py:840} INFO - DAG(s) 'linkinfo_dag' retrieved from /opt/airflow/dags/linkinfo_dag.py
[2025-12-16T11:08:41.375+0000] {logging_mixin.py:188} INFO - [2025-12-16T11:08:41.375+0000] {dag.py:3047} INFO - Sync 1 DAGs
[2025-12-16T11:08:41.383+0000] {logging_mixin.py:188} INFO - [2025-12-16T11:08:41.383+0000] {dag.py:3834} INFO - Setting next_dagrun for linkinfo_dag to None, run_after=None
[2025-12-16T11:08:41.402+0000] {processor.py:183} INFO - Processing /opt/airflow/dags/linkinfo_dag.py took 0.100 seconds
[2025-12-16T11:09:11.857+0000] {processor.py:161} INFO - Started process (PID=930) to work on /opt/airflow/dags/linkinfo_dag.py
[2025-12-16T11:09:11.858+0000] {processor.py:830} INFO - Processing file /opt/airflow/dags/linkinfo_dag.py for tasks to queue
[2025-12-16T11:09:11.858+0000] {logging_mixin.py:188} INFO - [2025-12-16T11:09:11.858+0000] {dagbag.py:540} INFO - Filling up the DagBag from /opt/airflow/dags/linkinfo_dag.py
[2025-12-16T11:09:11.908+0000] {processor.py:840} INFO - DAG(s) 'linkinfo_dag' retrieved from /opt/airflow/dags/linkinfo_dag.py
[2025-12-16T11:09:11.922+0000] {logging_mixin.py:188} INFO - [2025-12-16T11:09:11.922+0000] {dag.py:3047} INFO - Sync 1 DAGs
[2025-12-16T11:09:11.930+0000] {logging_mixin.py:188} INFO - [2025-12-16T11:09:11.930+0000] {dag.py:3834} INFO - Setting next_dagrun for linkinfo_dag to None, run_after=None
[2025-12-16T11:09:11.948+0000] {processor.py:183} INFO - Processing /opt/airflow/dags/linkinfo_dag.py took 0.094 seconds
[2025-12-16T11:09:42.437+0000] {processor.py:161} INFO - Started process (PID=955) to work on /opt/airflow/dags/linkinfo_dag.py
[2025-12-16T11:09:42.438+0000] {processor.py:830} INFO - Processing file /opt/airflow/dags/linkinfo_dag.py for tasks to queue
[2025-12-16T11:09:42.439+0000] {logging_mixin.py:188} INFO - [2025-12-16T11:09:42.438+0000] {dagbag.py:540} INFO - Filling up the DagBag from /opt/airflow/dags/linkinfo_dag.py
[2025-12-16T11:09:42.489+0000] {processor.py:840} INFO - DAG(s) 'linkinfo_dag' retrieved from /opt/airflow/dags/linkinfo_dag.py
[2025-12-16T11:09:42.504+0000] {logging_mixin.py:188} INFO - [2025-12-16T11:09:42.503+0000] {dag.py:3047} INFO - Sync 1 DAGs
[2025-12-16T11:09:42.514+0000] {logging_mixin.py:188} INFO - [2025-12-16T11:09:42.513+0000] {dag.py:3834} INFO - Setting next_dagrun for linkinfo_dag to None, run_after=None
[2025-12-16T11:09:42.538+0000] {processor.py:183} INFO - Processing /opt/airflow/dags/linkinfo_dag.py took 0.104 seconds
[2025-12-16T11:10:13.042+0000] {processor.py:161} INFO - Started process (PID=993) to work on /opt/airflow/dags/linkinfo_dag.py
[2025-12-16T11:10:13.044+0000] {processor.py:830} INFO - Processing file /opt/airflow/dags/linkinfo_dag.py for tasks to queue
[2025-12-16T11:10:13.046+0000] {logging_mixin.py:188} INFO - [2025-12-16T11:10:13.045+0000] {dagbag.py:540} INFO - Filling up the DagBag from /opt/airflow/dags/linkinfo_dag.py
[2025-12-16T11:10:13.096+0000] {processor.py:840} INFO - DAG(s) 'linkinfo_dag' retrieved from /opt/airflow/dags/linkinfo_dag.py
[2025-12-16T11:10:13.112+0000] {logging_mixin.py:188} INFO - [2025-12-16T11:10:13.112+0000] {dag.py:3047} INFO - Sync 1 DAGs
[2025-12-16T11:10:13.122+0000] {logging_mixin.py:188} INFO - [2025-12-16T11:10:13.122+0000] {dag.py:3834} INFO - Setting next_dagrun for linkinfo_dag to None, run_after=None
[2025-12-16T11:10:13.145+0000] {processor.py:183} INFO - Processing /opt/airflow/dags/linkinfo_dag.py took 0.106 seconds
[2025-12-16T11:10:43.666+0000] {processor.py:161} INFO - Started process (PID=1018) to work on /opt/airflow/dags/linkinfo_dag.py
[2025-12-16T11:10:43.668+0000] {processor.py:830} INFO - Processing file /opt/airflow/dags/linkinfo_dag.py for tasks to queue
[2025-12-16T11:10:43.668+0000] {logging_mixin.py:188} INFO - [2025-12-16T11:10:43.668+0000] {dagbag.py:540} INFO - Filling up the DagBag from /opt/airflow/dags/linkinfo_dag.py
[2025-12-16T11:10:43.715+0000] {processor.py:840} INFO - DAG(s) 'linkinfo_dag' retrieved from /opt/airflow/dags/linkinfo_dag.py
[2025-12-16T11:10:43.730+0000] {logging_mixin.py:188} INFO - [2025-12-16T11:10:43.730+0000] {dag.py:3047} INFO - Sync 1 DAGs
[2025-12-16T11:10:43.738+0000] {logging_mixin.py:188} INFO - [2025-12-16T11:10:43.738+0000] {dag.py:3834} INFO - Setting next_dagrun for linkinfo_dag to None, run_after=None
[2025-12-16T11:10:43.757+0000] {processor.py:183} INFO - Processing /opt/airflow/dags/linkinfo_dag.py took 0.093 seconds
[2025-12-16T11:11:14.266+0000] {processor.py:161} INFO - Started process (PID=1056) to work on /opt/airflow/dags/linkinfo_dag.py
[2025-12-16T11:11:14.267+0000] {processor.py:830} INFO - Processing file /opt/airflow/dags/linkinfo_dag.py for tasks to queue
[2025-12-16T11:11:14.268+0000] {logging_mixin.py:188} INFO - [2025-12-16T11:11:14.268+0000] {dagbag.py:540} INFO - Filling up the DagBag from /opt/airflow/dags/linkinfo_dag.py
[2025-12-16T11:11:14.325+0000] {processor.py:840} INFO - DAG(s) 'linkinfo_dag' retrieved from /opt/airflow/dags/linkinfo_dag.py
[2025-12-16T11:11:14.341+0000] {logging_mixin.py:188} INFO - [2025-12-16T11:11:14.340+0000] {dag.py:3047} INFO - Sync 1 DAGs
[2025-12-16T11:11:14.351+0000] {logging_mixin.py:188} INFO - [2025-12-16T11:11:14.350+0000] {dag.py:3834} INFO - Setting next_dagrun for linkinfo_dag to None, run_after=None
[2025-12-16T11:11:14.374+0000] {processor.py:183} INFO - Processing /opt/airflow/dags/linkinfo_dag.py took 0.110 seconds
[2025-12-16T11:11:44.923+0000] {processor.py:161} INFO - Started process (PID=1081) to work on /opt/airflow/dags/linkinfo_dag.py
[2025-12-16T11:11:44.924+0000] {processor.py:830} INFO - Processing file /opt/airflow/dags/linkinfo_dag.py for tasks to queue
[2025-12-16T11:11:44.925+0000] {logging_mixin.py:188} INFO - [2025-12-16T11:11:44.925+0000] {dagbag.py:540} INFO - Filling up the DagBag from /opt/airflow/dags/linkinfo_dag.py
[2025-12-16T11:11:44.967+0000] {processor.py:840} INFO - DAG(s) 'linkinfo_dag' retrieved from /opt/airflow/dags/linkinfo_dag.py
[2025-12-16T11:11:44.982+0000] {logging_mixin.py:188} INFO - [2025-12-16T11:11:44.982+0000] {dag.py:3047} INFO - Sync 1 DAGs
[2025-12-16T11:11:44.990+0000] {logging_mixin.py:188} INFO - [2025-12-16T11:11:44.989+0000] {dag.py:3834} INFO - Setting next_dagrun for linkinfo_dag to None, run_after=None
[2025-12-16T11:11:45.008+0000] {processor.py:183} INFO - Processing /opt/airflow/dags/linkinfo_dag.py took 0.088 seconds
[2025-12-16T11:12:15.464+0000] {processor.py:161} INFO - Started process (PID=1119) to work on /opt/airflow/dags/linkinfo_dag.py
[2025-12-16T11:12:15.465+0000] {processor.py:830} INFO - Processing file /opt/airflow/dags/linkinfo_dag.py for tasks to queue
[2025-12-16T11:12:15.466+0000] {logging_mixin.py:188} INFO - [2025-12-16T11:12:15.466+0000] {dagbag.py:540} INFO - Filling up the DagBag from /opt/airflow/dags/linkinfo_dag.py
[2025-12-16T11:12:15.513+0000] {processor.py:840} INFO - DAG(s) 'linkinfo_dag' retrieved from /opt/airflow/dags/linkinfo_dag.py
[2025-12-16T11:12:15.527+0000] {logging_mixin.py:188} INFO - [2025-12-16T11:12:15.527+0000] {dag.py:3047} INFO - Sync 1 DAGs
[2025-12-16T11:12:15.536+0000] {logging_mixin.py:188} INFO - [2025-12-16T11:12:15.535+0000] {dag.py:3834} INFO - Setting next_dagrun for linkinfo_dag to None, run_after=None
[2025-12-16T11:12:15.558+0000] {processor.py:183} INFO - Processing /opt/airflow/dags/linkinfo_dag.py took 0.096 seconds
[2025-12-16T11:12:46.162+0000] {processor.py:161} INFO - Started process (PID=1144) to work on /opt/airflow/dags/linkinfo_dag.py
[2025-12-16T11:12:46.163+0000] {processor.py:830} INFO - Processing file /opt/airflow/dags/linkinfo_dag.py for tasks to queue
[2025-12-16T11:12:46.164+0000] {logging_mixin.py:188} INFO - [2025-12-16T11:12:46.164+0000] {dagbag.py:540} INFO - Filling up the DagBag from /opt/airflow/dags/linkinfo_dag.py
[2025-12-16T11:12:46.247+0000] {processor.py:840} INFO - DAG(s) 'linkinfo_dag' retrieved from /opt/airflow/dags/linkinfo_dag.py
[2025-12-16T11:12:46.260+0000] {logging_mixin.py:188} INFO - [2025-12-16T11:12:46.260+0000] {dag.py:3047} INFO - Sync 1 DAGs
[2025-12-16T11:12:46.269+0000] {logging_mixin.py:188} INFO - [2025-12-16T11:12:46.269+0000] {dag.py:3834} INFO - Setting next_dagrun for linkinfo_dag to None, run_after=None
[2025-12-16T11:12:46.288+0000] {processor.py:183} INFO - Processing /opt/airflow/dags/linkinfo_dag.py took 0.129 seconds
[2025-12-16T11:13:16.769+0000] {processor.py:161} INFO - Started process (PID=1182) to work on /opt/airflow/dags/linkinfo_dag.py
[2025-12-16T11:13:16.770+0000] {processor.py:830} INFO - Processing file /opt/airflow/dags/linkinfo_dag.py for tasks to queue
[2025-12-16T11:13:16.771+0000] {logging_mixin.py:188} INFO - [2025-12-16T11:13:16.771+0000] {dagbag.py:540} INFO - Filling up the DagBag from /opt/airflow/dags/linkinfo_dag.py
[2025-12-16T11:13:16.818+0000] {processor.py:840} INFO - DAG(s) 'linkinfo_dag' retrieved from /opt/airflow/dags/linkinfo_dag.py
[2025-12-16T11:13:16.832+0000] {logging_mixin.py:188} INFO - [2025-12-16T11:13:16.832+0000] {dag.py:3047} INFO - Sync 1 DAGs
[2025-12-16T11:13:16.842+0000] {logging_mixin.py:188} INFO - [2025-12-16T11:13:16.841+0000] {dag.py:3834} INFO - Setting next_dagrun for linkinfo_dag to None, run_after=None
[2025-12-16T11:13:16.860+0000] {processor.py:183} INFO - Processing /opt/airflow/dags/linkinfo_dag.py took 0.095 seconds
[2025-12-16T11:13:47.497+0000] {processor.py:161} INFO - Started process (PID=1207) to work on /opt/airflow/dags/linkinfo_dag.py
[2025-12-16T11:13:47.498+0000] {processor.py:830} INFO - Processing file /opt/airflow/dags/linkinfo_dag.py for tasks to queue
[2025-12-16T11:13:47.499+0000] {logging_mixin.py:188} INFO - [2025-12-16T11:13:47.499+0000] {dagbag.py:540} INFO - Filling up the DagBag from /opt/airflow/dags/linkinfo_dag.py
[2025-12-16T11:13:47.579+0000] {processor.py:840} INFO - DAG(s) 'linkinfo_dag' retrieved from /opt/airflow/dags/linkinfo_dag.py
[2025-12-16T11:13:47.602+0000] {logging_mixin.py:188} INFO - [2025-12-16T11:13:47.601+0000] {dag.py:3047} INFO - Sync 1 DAGs
[2025-12-16T11:13:47.613+0000] {logging_mixin.py:188} INFO - [2025-12-16T11:13:47.612+0000] {dag.py:3834} INFO - Setting next_dagrun for linkinfo_dag to None, run_after=None
[2025-12-16T11:13:47.642+0000] {processor.py:183} INFO - Processing /opt/airflow/dags/linkinfo_dag.py took 0.149 seconds
[2025-12-16T11:17:06.014+0000] {processor.py:161} INFO - Started process (PID=185) to work on /opt/airflow/dags/linkinfo_dag.py
[2025-12-16T11:17:06.015+0000] {processor.py:830} INFO - Processing file /opt/airflow/dags/linkinfo_dag.py for tasks to queue
[2025-12-16T11:17:06.016+0000] {logging_mixin.py:188} INFO - [2025-12-16T11:17:06.016+0000] {dagbag.py:540} INFO - Filling up the DagBag from /opt/airflow/dags/linkinfo_dag.py
[2025-12-16T11:17:06.085+0000] {processor.py:840} INFO - DAG(s) 'linkinfo_dag' retrieved from /opt/airflow/dags/linkinfo_dag.py
[2025-12-16T11:17:06.094+0000] {logging_mixin.py:188} INFO - [2025-12-16T11:17:06.094+0000] {dag.py:3047} INFO - Sync 1 DAGs
[2025-12-16T11:17:06.106+0000] {logging_mixin.py:188} INFO - [2025-12-16T11:17:06.106+0000] {dag.py:3834} INFO - Setting next_dagrun for linkinfo_dag to None, run_after=None
[2025-12-16T11:17:06.136+0000] {processor.py:183} INFO - Processing /opt/airflow/dags/linkinfo_dag.py took 0.125 seconds
[2025-12-16T11:17:36.951+0000] {processor.py:161} INFO - Started process (PID=236) to work on /opt/airflow/dags/linkinfo_dag.py
[2025-12-16T11:17:36.952+0000] {processor.py:830} INFO - Processing file /opt/airflow/dags/linkinfo_dag.py for tasks to queue
[2025-12-16T11:17:36.953+0000] {logging_mixin.py:188} INFO - [2025-12-16T11:17:36.953+0000] {dagbag.py:540} INFO - Filling up the DagBag from /opt/airflow/dags/linkinfo_dag.py
[2025-12-16T11:17:37.015+0000] {processor.py:840} INFO - DAG(s) 'linkinfo_dag' retrieved from /opt/airflow/dags/linkinfo_dag.py
[2025-12-16T11:17:37.089+0000] {logging_mixin.py:188} INFO - [2025-12-16T11:17:37.088+0000] {dag.py:3047} INFO - Sync 1 DAGs
[2025-12-16T11:17:37.099+0000] {logging_mixin.py:188} INFO - [2025-12-16T11:17:37.099+0000] {dag.py:3834} INFO - Setting next_dagrun for linkinfo_dag to None, run_after=None
[2025-12-16T11:17:37.124+0000] {processor.py:183} INFO - Processing /opt/airflow/dags/linkinfo_dag.py took 0.177 seconds
[2025-12-16T11:18:07.821+0000] {processor.py:161} INFO - Started process (PID=285) to work on /opt/airflow/dags/linkinfo_dag.py
[2025-12-16T11:18:07.822+0000] {processor.py:830} INFO - Processing file /opt/airflow/dags/linkinfo_dag.py for tasks to queue
[2025-12-16T11:18:07.823+0000] {logging_mixin.py:188} INFO - [2025-12-16T11:18:07.823+0000] {dagbag.py:540} INFO - Filling up the DagBag from /opt/airflow/dags/linkinfo_dag.py
[2025-12-16T11:18:07.872+0000] {processor.py:840} INFO - DAG(s) 'linkinfo_dag' retrieved from /opt/airflow/dags/linkinfo_dag.py
[2025-12-16T11:18:07.888+0000] {logging_mixin.py:188} INFO - [2025-12-16T11:18:07.888+0000] {dag.py:3047} INFO - Sync 1 DAGs
[2025-12-16T11:18:07.897+0000] {logging_mixin.py:188} INFO - [2025-12-16T11:18:07.897+0000] {dag.py:3834} INFO - Setting next_dagrun for linkinfo_dag to None, run_after=None
[2025-12-16T11:18:07.918+0000] {processor.py:183} INFO - Processing /opt/airflow/dags/linkinfo_dag.py took 0.102 seconds
[2025-12-16T11:18:38.471+0000] {processor.py:161} INFO - Started process (PID=310) to work on /opt/airflow/dags/linkinfo_dag.py
[2025-12-16T11:18:38.472+0000] {processor.py:830} INFO - Processing file /opt/airflow/dags/linkinfo_dag.py for tasks to queue
[2025-12-16T11:18:38.473+0000] {logging_mixin.py:188} INFO - [2025-12-16T11:18:38.473+0000] {dagbag.py:540} INFO - Filling up the DagBag from /opt/airflow/dags/linkinfo_dag.py
[2025-12-16T11:18:38.537+0000] {processor.py:840} INFO - DAG(s) 'linkinfo_dag' retrieved from /opt/airflow/dags/linkinfo_dag.py
[2025-12-16T11:18:38.553+0000] {logging_mixin.py:188} INFO - [2025-12-16T11:18:38.553+0000] {dag.py:3047} INFO - Sync 1 DAGs
[2025-12-16T11:18:38.562+0000] {logging_mixin.py:188} INFO - [2025-12-16T11:18:38.562+0000] {dag.py:3834} INFO - Setting next_dagrun for linkinfo_dag to None, run_after=None
[2025-12-16T11:18:38.586+0000] {processor.py:183} INFO - Processing /opt/airflow/dags/linkinfo_dag.py took 0.118 seconds
[2025-12-16T11:19:09.226+0000] {processor.py:161} INFO - Started process (PID=348) to work on /opt/airflow/dags/linkinfo_dag.py
[2025-12-16T11:19:09.228+0000] {processor.py:830} INFO - Processing file /opt/airflow/dags/linkinfo_dag.py for tasks to queue
[2025-12-16T11:19:09.229+0000] {logging_mixin.py:188} INFO - [2025-12-16T11:19:09.229+0000] {dagbag.py:540} INFO - Filling up the DagBag from /opt/airflow/dags/linkinfo_dag.py
[2025-12-16T11:19:09.306+0000] {processor.py:840} INFO - DAG(s) 'linkinfo_dag' retrieved from /opt/airflow/dags/linkinfo_dag.py
[2025-12-16T11:19:09.324+0000] {logging_mixin.py:188} INFO - [2025-12-16T11:19:09.323+0000] {dag.py:3047} INFO - Sync 1 DAGs
[2025-12-16T11:19:09.334+0000] {logging_mixin.py:188} INFO - [2025-12-16T11:19:09.334+0000] {dag.py:3834} INFO - Setting next_dagrun for linkinfo_dag to None, run_after=None
[2025-12-16T11:19:09.359+0000] {processor.py:183} INFO - Processing /opt/airflow/dags/linkinfo_dag.py took 0.136 seconds
[2025-12-16T11:19:39.899+0000] {processor.py:161} INFO - Started process (PID=386) to work on /opt/airflow/dags/linkinfo_dag.py
[2025-12-16T11:19:39.900+0000] {processor.py:830} INFO - Processing file /opt/airflow/dags/linkinfo_dag.py for tasks to queue
[2025-12-16T11:19:39.900+0000] {logging_mixin.py:188} INFO - [2025-12-16T11:19:39.900+0000] {dagbag.py:540} INFO - Filling up the DagBag from /opt/airflow/dags/linkinfo_dag.py
[2025-12-16T11:19:39.957+0000] {processor.py:840} INFO - DAG(s) 'linkinfo_dag' retrieved from /opt/airflow/dags/linkinfo_dag.py
[2025-12-16T11:19:39.972+0000] {logging_mixin.py:188} INFO - [2025-12-16T11:19:39.972+0000] {dag.py:3047} INFO - Sync 1 DAGs
[2025-12-16T11:19:39.983+0000] {logging_mixin.py:188} INFO - [2025-12-16T11:19:39.983+0000] {dag.py:3834} INFO - Setting next_dagrun for linkinfo_dag to None, run_after=None
[2025-12-16T11:19:40.015+0000] {processor.py:183} INFO - Processing /opt/airflow/dags/linkinfo_dag.py took 0.118 seconds
[2025-12-16T11:20:10.600+0000] {processor.py:161} INFO - Started process (PID=424) to work on /opt/airflow/dags/linkinfo_dag.py
[2025-12-16T11:20:10.601+0000] {processor.py:830} INFO - Processing file /opt/airflow/dags/linkinfo_dag.py for tasks to queue
[2025-12-16T11:20:10.602+0000] {logging_mixin.py:188} INFO - [2025-12-16T11:20:10.602+0000] {dagbag.py:540} INFO - Filling up the DagBag from /opt/airflow/dags/linkinfo_dag.py
[2025-12-16T11:20:10.650+0000] {processor.py:840} INFO - DAG(s) 'linkinfo_dag' retrieved from /opt/airflow/dags/linkinfo_dag.py
[2025-12-16T11:20:10.664+0000] {logging_mixin.py:188} INFO - [2025-12-16T11:20:10.664+0000] {dag.py:3047} INFO - Sync 1 DAGs
[2025-12-16T11:20:10.673+0000] {logging_mixin.py:188} INFO - [2025-12-16T11:20:10.673+0000] {dag.py:3834} INFO - Setting next_dagrun for linkinfo_dag to None, run_after=None
[2025-12-16T11:20:10.696+0000] {processor.py:183} INFO - Processing /opt/airflow/dags/linkinfo_dag.py took 0.099 seconds
[2025-12-16T11:20:41.252+0000] {processor.py:161} INFO - Started process (PID=449) to work on /opt/airflow/dags/linkinfo_dag.py
[2025-12-16T11:20:41.253+0000] {processor.py:830} INFO - Processing file /opt/airflow/dags/linkinfo_dag.py for tasks to queue
[2025-12-16T11:20:41.254+0000] {logging_mixin.py:188} INFO - [2025-12-16T11:20:41.253+0000] {dagbag.py:540} INFO - Filling up the DagBag from /opt/airflow/dags/linkinfo_dag.py
[2025-12-16T11:20:41.299+0000] {processor.py:840} INFO - DAG(s) 'linkinfo_dag' retrieved from /opt/airflow/dags/linkinfo_dag.py
[2025-12-16T11:20:41.315+0000] {logging_mixin.py:188} INFO - [2025-12-16T11:20:41.315+0000] {dag.py:3047} INFO - Sync 1 DAGs
[2025-12-16T11:20:41.325+0000] {logging_mixin.py:188} INFO - [2025-12-16T11:20:41.325+0000] {dag.py:3834} INFO - Setting next_dagrun for linkinfo_dag to None, run_after=None
[2025-12-16T11:20:41.349+0000] {processor.py:183} INFO - Processing /opt/airflow/dags/linkinfo_dag.py took 0.100 seconds
[2025-12-16T11:21:11.899+0000] {processor.py:161} INFO - Started process (PID=487) to work on /opt/airflow/dags/linkinfo_dag.py
[2025-12-16T11:21:11.900+0000] {processor.py:830} INFO - Processing file /opt/airflow/dags/linkinfo_dag.py for tasks to queue
[2025-12-16T11:21:11.901+0000] {logging_mixin.py:188} INFO - [2025-12-16T11:21:11.900+0000] {dagbag.py:540} INFO - Filling up the DagBag from /opt/airflow/dags/linkinfo_dag.py
[2025-12-16T11:21:11.974+0000] {processor.py:840} INFO - DAG(s) 'linkinfo_dag' retrieved from /opt/airflow/dags/linkinfo_dag.py
[2025-12-16T11:21:11.989+0000] {logging_mixin.py:188} INFO - [2025-12-16T11:21:11.988+0000] {dag.py:3047} INFO - Sync 1 DAGs
[2025-12-16T11:21:12.000+0000] {logging_mixin.py:188} INFO - [2025-12-16T11:21:12.000+0000] {dag.py:3834} INFO - Setting next_dagrun for linkinfo_dag to None, run_after=None
[2025-12-16T11:21:12.022+0000] {processor.py:183} INFO - Processing /opt/airflow/dags/linkinfo_dag.py took 0.126 seconds
[2025-12-16T11:21:42.547+0000] {processor.py:161} INFO - Started process (PID=512) to work on /opt/airflow/dags/linkinfo_dag.py
[2025-12-16T11:21:42.548+0000] {processor.py:830} INFO - Processing file /opt/airflow/dags/linkinfo_dag.py for tasks to queue
[2025-12-16T11:21:42.548+0000] {logging_mixin.py:188} INFO - [2025-12-16T11:21:42.548+0000] {dagbag.py:540} INFO - Filling up the DagBag from /opt/airflow/dags/linkinfo_dag.py
[2025-12-16T11:21:42.604+0000] {processor.py:840} INFO - DAG(s) 'linkinfo_dag' retrieved from /opt/airflow/dags/linkinfo_dag.py
[2025-12-16T11:21:42.618+0000] {logging_mixin.py:188} INFO - [2025-12-16T11:21:42.618+0000] {dag.py:3047} INFO - Sync 1 DAGs
[2025-12-16T11:21:42.627+0000] {logging_mixin.py:188} INFO - [2025-12-16T11:21:42.627+0000] {dag.py:3834} INFO - Setting next_dagrun for linkinfo_dag to None, run_after=None
[2025-12-16T11:21:42.646+0000] {processor.py:183} INFO - Processing /opt/airflow/dags/linkinfo_dag.py took 0.102 seconds
[2025-12-16T11:22:13.290+0000] {processor.py:161} INFO - Started process (PID=550) to work on /opt/airflow/dags/linkinfo_dag.py
[2025-12-16T11:22:13.292+0000] {processor.py:830} INFO - Processing file /opt/airflow/dags/linkinfo_dag.py for tasks to queue
[2025-12-16T11:22:13.292+0000] {logging_mixin.py:188} INFO - [2025-12-16T11:22:13.292+0000] {dagbag.py:540} INFO - Filling up the DagBag from /opt/airflow/dags/linkinfo_dag.py
[2025-12-16T11:22:13.343+0000] {processor.py:840} INFO - DAG(s) 'linkinfo_dag' retrieved from /opt/airflow/dags/linkinfo_dag.py
[2025-12-16T11:22:13.357+0000] {logging_mixin.py:188} INFO - [2025-12-16T11:22:13.356+0000] {dag.py:3047} INFO - Sync 1 DAGs
[2025-12-16T11:22:13.365+0000] {logging_mixin.py:188} INFO - [2025-12-16T11:22:13.365+0000] {dag.py:3834} INFO - Setting next_dagrun for linkinfo_dag to None, run_after=None
[2025-12-16T11:22:13.385+0000] {processor.py:183} INFO - Processing /opt/airflow/dags/linkinfo_dag.py took 0.097 seconds
[2025-12-16T11:22:43.811+0000] {processor.py:161} INFO - Started process (PID=575) to work on /opt/airflow/dags/linkinfo_dag.py
[2025-12-16T11:22:43.812+0000] {processor.py:830} INFO - Processing file /opt/airflow/dags/linkinfo_dag.py for tasks to queue
[2025-12-16T11:22:43.813+0000] {logging_mixin.py:188} INFO - [2025-12-16T11:22:43.813+0000] {dagbag.py:540} INFO - Filling up the DagBag from /opt/airflow/dags/linkinfo_dag.py
[2025-12-16T11:22:43.860+0000] {processor.py:840} INFO - DAG(s) 'linkinfo_dag' retrieved from /opt/airflow/dags/linkinfo_dag.py
[2025-12-16T11:22:43.874+0000] {logging_mixin.py:188} INFO - [2025-12-16T11:22:43.874+0000] {dag.py:3047} INFO - Sync 1 DAGs
[2025-12-16T11:22:43.883+0000] {logging_mixin.py:188} INFO - [2025-12-16T11:22:43.883+0000] {dag.py:3834} INFO - Setting next_dagrun for linkinfo_dag to None, run_after=None
[2025-12-16T11:22:43.902+0000] {processor.py:183} INFO - Processing /opt/airflow/dags/linkinfo_dag.py took 0.094 seconds
[2025-12-16T11:23:14.436+0000] {processor.py:161} INFO - Started process (PID=613) to work on /opt/airflow/dags/linkinfo_dag.py
[2025-12-16T11:23:14.437+0000] {processor.py:830} INFO - Processing file /opt/airflow/dags/linkinfo_dag.py for tasks to queue
[2025-12-16T11:23:14.440+0000] {logging_mixin.py:188} INFO - [2025-12-16T11:23:14.440+0000] {dagbag.py:540} INFO - Filling up the DagBag from /opt/airflow/dags/linkinfo_dag.py
[2025-12-16T11:23:14.511+0000] {processor.py:840} INFO - DAG(s) 'linkinfo_dag' retrieved from /opt/airflow/dags/linkinfo_dag.py
[2025-12-16T11:23:14.524+0000] {logging_mixin.py:188} INFO - [2025-12-16T11:23:14.524+0000] {dag.py:3047} INFO - Sync 1 DAGs
[2025-12-16T11:23:14.533+0000] {logging_mixin.py:188} INFO - [2025-12-16T11:23:14.533+0000] {dag.py:3834} INFO - Setting next_dagrun for linkinfo_dag to None, run_after=None
[2025-12-16T11:23:14.554+0000] {processor.py:183} INFO - Processing /opt/airflow/dags/linkinfo_dag.py took 0.121 seconds
[2025-12-16T11:23:45.132+0000] {processor.py:161} INFO - Started process (PID=638) to work on /opt/airflow/dags/linkinfo_dag.py
[2025-12-16T11:23:45.133+0000] {processor.py:830} INFO - Processing file /opt/airflow/dags/linkinfo_dag.py for tasks to queue
[2025-12-16T11:23:45.134+0000] {logging_mixin.py:188} INFO - [2025-12-16T11:23:45.134+0000] {dagbag.py:540} INFO - Filling up the DagBag from /opt/airflow/dags/linkinfo_dag.py
[2025-12-16T11:23:45.182+0000] {processor.py:840} INFO - DAG(s) 'linkinfo_dag' retrieved from /opt/airflow/dags/linkinfo_dag.py
[2025-12-16T11:23:45.196+0000] {logging_mixin.py:188} INFO - [2025-12-16T11:23:45.196+0000] {dag.py:3047} INFO - Sync 1 DAGs
[2025-12-16T11:23:45.206+0000] {logging_mixin.py:188} INFO - [2025-12-16T11:23:45.206+0000] {dag.py:3834} INFO - Setting next_dagrun for linkinfo_dag to None, run_after=None
[2025-12-16T11:23:45.226+0000] {processor.py:183} INFO - Processing /opt/airflow/dags/linkinfo_dag.py took 0.096 seconds
[2025-12-16T11:24:15.789+0000] {processor.py:161} INFO - Started process (PID=676) to work on /opt/airflow/dags/linkinfo_dag.py
[2025-12-16T11:24:15.790+0000] {processor.py:830} INFO - Processing file /opt/airflow/dags/linkinfo_dag.py for tasks to queue
[2025-12-16T11:24:15.791+0000] {logging_mixin.py:188} INFO - [2025-12-16T11:24:15.791+0000] {dagbag.py:540} INFO - Filling up the DagBag from /opt/airflow/dags/linkinfo_dag.py
[2025-12-16T11:24:15.853+0000] {processor.py:840} INFO - DAG(s) 'linkinfo_dag' retrieved from /opt/airflow/dags/linkinfo_dag.py
[2025-12-16T11:24:15.873+0000] {logging_mixin.py:188} INFO - [2025-12-16T11:24:15.872+0000] {dag.py:3047} INFO - Sync 1 DAGs
[2025-12-16T11:24:15.883+0000] {logging_mixin.py:188} INFO - [2025-12-16T11:24:15.882+0000] {dag.py:3834} INFO - Setting next_dagrun for linkinfo_dag to None, run_after=None
[2025-12-16T11:24:15.907+0000] {processor.py:183} INFO - Processing /opt/airflow/dags/linkinfo_dag.py took 0.122 seconds
[2025-12-16T11:24:46.548+0000] {processor.py:161} INFO - Started process (PID=701) to work on /opt/airflow/dags/linkinfo_dag.py
[2025-12-16T11:24:46.551+0000] {processor.py:830} INFO - Processing file /opt/airflow/dags/linkinfo_dag.py for tasks to queue
[2025-12-16T11:24:46.552+0000] {logging_mixin.py:188} INFO - [2025-12-16T11:24:46.551+0000] {dagbag.py:540} INFO - Filling up the DagBag from /opt/airflow/dags/linkinfo_dag.py
[2025-12-16T11:24:46.616+0000] {processor.py:840} INFO - DAG(s) 'linkinfo_dag' retrieved from /opt/airflow/dags/linkinfo_dag.py
[2025-12-16T11:24:46.633+0000] {logging_mixin.py:188} INFO - [2025-12-16T11:24:46.633+0000] {dag.py:3047} INFO - Sync 1 DAGs
[2025-12-16T11:24:46.643+0000] {logging_mixin.py:188} INFO - [2025-12-16T11:24:46.643+0000] {dag.py:3834} INFO - Setting next_dagrun for linkinfo_dag to None, run_after=None
[2025-12-16T11:24:46.668+0000] {processor.py:183} INFO - Processing /opt/airflow/dags/linkinfo_dag.py took 0.123 seconds
[2025-12-16T11:25:17.216+0000] {processor.py:161} INFO - Started process (PID=739) to work on /opt/airflow/dags/linkinfo_dag.py
[2025-12-16T11:25:17.217+0000] {processor.py:830} INFO - Processing file /opt/airflow/dags/linkinfo_dag.py for tasks to queue
[2025-12-16T11:25:17.217+0000] {logging_mixin.py:188} INFO - [2025-12-16T11:25:17.217+0000] {dagbag.py:540} INFO - Filling up the DagBag from /opt/airflow/dags/linkinfo_dag.py
[2025-12-16T11:25:17.265+0000] {processor.py:840} INFO - DAG(s) 'linkinfo_dag' retrieved from /opt/airflow/dags/linkinfo_dag.py
[2025-12-16T11:25:17.282+0000] {logging_mixin.py:188} INFO - [2025-12-16T11:25:17.281+0000] {dag.py:3047} INFO - Sync 1 DAGs
[2025-12-16T11:25:17.291+0000] {logging_mixin.py:188} INFO - [2025-12-16T11:25:17.290+0000] {dag.py:3834} INFO - Setting next_dagrun for linkinfo_dag to None, run_after=None
[2025-12-16T11:25:17.312+0000] {processor.py:183} INFO - Processing /opt/airflow/dags/linkinfo_dag.py took 0.099 seconds
[2025-12-16T11:25:47.846+0000] {processor.py:161} INFO - Started process (PID=764) to work on /opt/airflow/dags/linkinfo_dag.py
[2025-12-16T11:25:47.847+0000] {processor.py:830} INFO - Processing file /opt/airflow/dags/linkinfo_dag.py for tasks to queue
[2025-12-16T11:25:47.848+0000] {logging_mixin.py:188} INFO - [2025-12-16T11:25:47.847+0000] {dagbag.py:540} INFO - Filling up the DagBag from /opt/airflow/dags/linkinfo_dag.py
[2025-12-16T11:25:47.893+0000] {processor.py:840} INFO - DAG(s) 'linkinfo_dag' retrieved from /opt/airflow/dags/linkinfo_dag.py
[2025-12-16T11:25:47.909+0000] {logging_mixin.py:188} INFO - [2025-12-16T11:25:47.908+0000] {dag.py:3047} INFO - Sync 1 DAGs
[2025-12-16T11:25:47.917+0000] {logging_mixin.py:188} INFO - [2025-12-16T11:25:47.917+0000] {dag.py:3834} INFO - Setting next_dagrun for linkinfo_dag to None, run_after=None
[2025-12-16T11:25:47.938+0000] {processor.py:183} INFO - Processing /opt/airflow/dags/linkinfo_dag.py took 0.095 seconds
[2025-12-16T11:26:18.499+0000] {processor.py:161} INFO - Started process (PID=802) to work on /opt/airflow/dags/linkinfo_dag.py
[2025-12-16T11:26:18.500+0000] {processor.py:830} INFO - Processing file /opt/airflow/dags/linkinfo_dag.py for tasks to queue
[2025-12-16T11:26:18.501+0000] {logging_mixin.py:188} INFO - [2025-12-16T11:26:18.501+0000] {dagbag.py:540} INFO - Filling up the DagBag from /opt/airflow/dags/linkinfo_dag.py
[2025-12-16T11:26:18.547+0000] {processor.py:840} INFO - DAG(s) 'linkinfo_dag' retrieved from /opt/airflow/dags/linkinfo_dag.py
[2025-12-16T11:26:18.562+0000] {logging_mixin.py:188} INFO - [2025-12-16T11:26:18.562+0000] {dag.py:3047} INFO - Sync 1 DAGs
[2025-12-16T11:26:18.574+0000] {logging_mixin.py:188} INFO - [2025-12-16T11:26:18.574+0000] {dag.py:3834} INFO - Setting next_dagrun for linkinfo_dag to None, run_after=None
[2025-12-16T11:26:18.596+0000] {processor.py:183} INFO - Processing /opt/airflow/dags/linkinfo_dag.py took 0.099 seconds
[2025-12-16T11:26:49.048+0000] {processor.py:161} INFO - Started process (PID=827) to work on /opt/airflow/dags/linkinfo_dag.py
[2025-12-16T11:26:49.049+0000] {processor.py:830} INFO - Processing file /opt/airflow/dags/linkinfo_dag.py for tasks to queue
[2025-12-16T11:26:49.050+0000] {logging_mixin.py:188} INFO - [2025-12-16T11:26:49.050+0000] {dagbag.py:540} INFO - Filling up the DagBag from /opt/airflow/dags/linkinfo_dag.py
[2025-12-16T11:26:49.101+0000] {processor.py:840} INFO - DAG(s) 'linkinfo_dag' retrieved from /opt/airflow/dags/linkinfo_dag.py
[2025-12-16T11:26:49.117+0000] {logging_mixin.py:188} INFO - [2025-12-16T11:26:49.117+0000] {dag.py:3047} INFO - Sync 1 DAGs
[2025-12-16T11:26:49.127+0000] {logging_mixin.py:188} INFO - [2025-12-16T11:26:49.127+0000] {dag.py:3834} INFO - Setting next_dagrun for linkinfo_dag to None, run_after=None
[2025-12-16T11:26:49.146+0000] {processor.py:183} INFO - Processing /opt/airflow/dags/linkinfo_dag.py took 0.100 seconds
[2025-12-16T11:27:19.965+0000] {processor.py:161} INFO - Started process (PID=865) to work on /opt/airflow/dags/linkinfo_dag.py
[2025-12-16T11:27:19.967+0000] {processor.py:830} INFO - Processing file /opt/airflow/dags/linkinfo_dag.py for tasks to queue
[2025-12-16T11:27:19.968+0000] {logging_mixin.py:188} INFO - [2025-12-16T11:27:19.967+0000] {dagbag.py:540} INFO - Filling up the DagBag from /opt/airflow/dags/linkinfo_dag.py
[2025-12-16T11:27:20.068+0000] {processor.py:840} INFO - DAG(s) 'linkinfo_dag' retrieved from /opt/airflow/dags/linkinfo_dag.py
[2025-12-16T11:27:20.083+0000] {logging_mixin.py:188} INFO - [2025-12-16T11:27:20.083+0000] {dag.py:3047} INFO - Sync 1 DAGs
[2025-12-16T11:27:20.093+0000] {logging_mixin.py:188} INFO - [2025-12-16T11:27:20.092+0000] {dag.py:3834} INFO - Setting next_dagrun for linkinfo_dag to None, run_after=None
[2025-12-16T11:27:20.122+0000] {processor.py:183} INFO - Processing /opt/airflow/dags/linkinfo_dag.py took 0.159 seconds
[2025-12-16T11:27:50.668+0000] {processor.py:161} INFO - Started process (PID=890) to work on /opt/airflow/dags/linkinfo_dag.py
[2025-12-16T11:27:50.670+0000] {processor.py:830} INFO - Processing file /opt/airflow/dags/linkinfo_dag.py for tasks to queue
[2025-12-16T11:27:50.671+0000] {logging_mixin.py:188} INFO - [2025-12-16T11:27:50.670+0000] {dagbag.py:540} INFO - Filling up the DagBag from /opt/airflow/dags/linkinfo_dag.py
[2025-12-16T11:27:50.730+0000] {processor.py:840} INFO - DAG(s) 'linkinfo_dag' retrieved from /opt/airflow/dags/linkinfo_dag.py
[2025-12-16T11:27:50.745+0000] {logging_mixin.py:188} INFO - [2025-12-16T11:27:50.745+0000] {dag.py:3047} INFO - Sync 1 DAGs
[2025-12-16T11:27:50.755+0000] {logging_mixin.py:188} INFO - [2025-12-16T11:27:50.755+0000] {dag.py:3834} INFO - Setting next_dagrun for linkinfo_dag to None, run_after=None
[2025-12-16T11:27:50.775+0000] {processor.py:183} INFO - Processing /opt/airflow/dags/linkinfo_dag.py took 0.109 seconds
[2025-12-16T11:28:21.219+0000] {processor.py:161} INFO - Started process (PID=928) to work on /opt/airflow/dags/linkinfo_dag.py
[2025-12-16T11:28:21.221+0000] {processor.py:830} INFO - Processing file /opt/airflow/dags/linkinfo_dag.py for tasks to queue
[2025-12-16T11:28:21.222+0000] {logging_mixin.py:188} INFO - [2025-12-16T11:28:21.221+0000] {dagbag.py:540} INFO - Filling up the DagBag from /opt/airflow/dags/linkinfo_dag.py
[2025-12-16T11:28:21.284+0000] {processor.py:840} INFO - DAG(s) 'linkinfo_dag' retrieved from /opt/airflow/dags/linkinfo_dag.py
[2025-12-16T11:28:21.298+0000] {logging_mixin.py:188} INFO - [2025-12-16T11:28:21.298+0000] {dag.py:3047} INFO - Sync 1 DAGs
[2025-12-16T11:28:21.307+0000] {logging_mixin.py:188} INFO - [2025-12-16T11:28:21.307+0000] {dag.py:3834} INFO - Setting next_dagrun for linkinfo_dag to None, run_after=None
[2025-12-16T11:28:21.328+0000] {processor.py:183} INFO - Processing /opt/airflow/dags/linkinfo_dag.py took 0.112 seconds
[2025-12-16T11:28:51.848+0000] {processor.py:161} INFO - Started process (PID=953) to work on /opt/airflow/dags/linkinfo_dag.py
[2025-12-16T11:28:51.849+0000] {processor.py:830} INFO - Processing file /opt/airflow/dags/linkinfo_dag.py for tasks to queue
[2025-12-16T11:28:51.850+0000] {logging_mixin.py:188} INFO - [2025-12-16T11:28:51.850+0000] {dagbag.py:540} INFO - Filling up the DagBag from /opt/airflow/dags/linkinfo_dag.py
[2025-12-16T11:28:51.892+0000] {processor.py:840} INFO - DAG(s) 'linkinfo_dag' retrieved from /opt/airflow/dags/linkinfo_dag.py
[2025-12-16T11:28:51.908+0000] {logging_mixin.py:188} INFO - [2025-12-16T11:28:51.908+0000] {dag.py:3047} INFO - Sync 1 DAGs
[2025-12-16T11:28:51.918+0000] {logging_mixin.py:188} INFO - [2025-12-16T11:28:51.917+0000] {dag.py:3834} INFO - Setting next_dagrun for linkinfo_dag to None, run_after=None
[2025-12-16T11:28:51.937+0000] {processor.py:183} INFO - Processing /opt/airflow/dags/linkinfo_dag.py took 0.092 seconds
[2025-12-16T11:29:22.375+0000] {processor.py:161} INFO - Started process (PID=991) to work on /opt/airflow/dags/linkinfo_dag.py
[2025-12-16T11:29:22.376+0000] {processor.py:830} INFO - Processing file /opt/airflow/dags/linkinfo_dag.py for tasks to queue
[2025-12-16T11:29:22.377+0000] {logging_mixin.py:188} INFO - [2025-12-16T11:29:22.376+0000] {dagbag.py:540} INFO - Filling up the DagBag from /opt/airflow/dags/linkinfo_dag.py
[2025-12-16T11:29:22.420+0000] {processor.py:840} INFO - DAG(s) 'linkinfo_dag' retrieved from /opt/airflow/dags/linkinfo_dag.py
[2025-12-16T11:29:22.436+0000] {logging_mixin.py:188} INFO - [2025-12-16T11:29:22.436+0000] {dag.py:3047} INFO - Sync 1 DAGs
[2025-12-16T11:29:22.446+0000] {logging_mixin.py:188} INFO - [2025-12-16T11:29:22.445+0000] {dag.py:3834} INFO - Setting next_dagrun for linkinfo_dag to None, run_after=None
[2025-12-16T11:29:22.465+0000] {processor.py:183} INFO - Processing /opt/airflow/dags/linkinfo_dag.py took 0.094 seconds
[2025-12-16T11:29:53.320+0000] {processor.py:161} INFO - Started process (PID=1016) to work on /opt/airflow/dags/linkinfo_dag.py
[2025-12-16T11:29:53.321+0000] {processor.py:830} INFO - Processing file /opt/airflow/dags/linkinfo_dag.py for tasks to queue
[2025-12-16T11:29:53.322+0000] {logging_mixin.py:188} INFO - [2025-12-16T11:29:53.322+0000] {dagbag.py:540} INFO - Filling up the DagBag from /opt/airflow/dags/linkinfo_dag.py
[2025-12-16T11:29:53.387+0000] {processor.py:840} INFO - DAG(s) 'linkinfo_dag' retrieved from /opt/airflow/dags/linkinfo_dag.py
[2025-12-16T11:29:53.401+0000] {logging_mixin.py:188} INFO - [2025-12-16T11:29:53.401+0000] {dag.py:3047} INFO - Sync 1 DAGs
[2025-12-16T11:29:53.412+0000] {logging_mixin.py:188} INFO - [2025-12-16T11:29:53.411+0000] {dag.py:3834} INFO - Setting next_dagrun for linkinfo_dag to None, run_after=None
[2025-12-16T11:29:53.437+0000] {processor.py:183} INFO - Processing /opt/airflow/dags/linkinfo_dag.py took 0.120 seconds
[2025-12-16T11:30:24.167+0000] {processor.py:161} INFO - Started process (PID=1054) to work on /opt/airflow/dags/linkinfo_dag.py
[2025-12-16T11:30:24.168+0000] {processor.py:830} INFO - Processing file /opt/airflow/dags/linkinfo_dag.py for tasks to queue
[2025-12-16T11:30:24.168+0000] {logging_mixin.py:188} INFO - [2025-12-16T11:30:24.168+0000] {dagbag.py:540} INFO - Filling up the DagBag from /opt/airflow/dags/linkinfo_dag.py
[2025-12-16T11:30:24.216+0000] {processor.py:840} INFO - DAG(s) 'linkinfo_dag' retrieved from /opt/airflow/dags/linkinfo_dag.py
[2025-12-16T11:30:24.229+0000] {logging_mixin.py:188} INFO - [2025-12-16T11:30:24.229+0000] {dag.py:3047} INFO - Sync 1 DAGs
[2025-12-16T11:30:24.237+0000] {logging_mixin.py:188} INFO - [2025-12-16T11:30:24.237+0000] {dag.py:3834} INFO - Setting next_dagrun for linkinfo_dag to None, run_after=None
[2025-12-16T11:30:24.258+0000] {processor.py:183} INFO - Processing /opt/airflow/dags/linkinfo_dag.py took 0.094 seconds
[2025-12-16T11:30:55.064+0000] {processor.py:161} INFO - Started process (PID=1079) to work on /opt/airflow/dags/linkinfo_dag.py
[2025-12-16T11:30:55.065+0000] {processor.py:830} INFO - Processing file /opt/airflow/dags/linkinfo_dag.py for tasks to queue
[2025-12-16T11:30:55.066+0000] {logging_mixin.py:188} INFO - [2025-12-16T11:30:55.066+0000] {dagbag.py:540} INFO - Filling up the DagBag from /opt/airflow/dags/linkinfo_dag.py
[2025-12-16T11:30:55.151+0000] {processor.py:840} INFO - DAG(s) 'linkinfo_dag' retrieved from /opt/airflow/dags/linkinfo_dag.py
[2025-12-16T11:30:55.175+0000] {logging_mixin.py:188} INFO - [2025-12-16T11:30:55.175+0000] {dag.py:3047} INFO - Sync 1 DAGs
[2025-12-16T11:30:55.186+0000] {logging_mixin.py:188} INFO - [2025-12-16T11:30:55.186+0000] {dag.py:3834} INFO - Setting next_dagrun for linkinfo_dag to None, run_after=None
[2025-12-16T11:30:55.212+0000] {processor.py:183} INFO - Processing /opt/airflow/dags/linkinfo_dag.py took 0.151 seconds
[2025-12-16T11:31:25.707+0000] {processor.py:161} INFO - Started process (PID=1117) to work on /opt/airflow/dags/linkinfo_dag.py
[2025-12-16T11:31:25.708+0000] {processor.py:830} INFO - Processing file /opt/airflow/dags/linkinfo_dag.py for tasks to queue
[2025-12-16T11:31:25.708+0000] {logging_mixin.py:188} INFO - [2025-12-16T11:31:25.708+0000] {dagbag.py:540} INFO - Filling up the DagBag from /opt/airflow/dags/linkinfo_dag.py
[2025-12-16T11:31:25.752+0000] {processor.py:840} INFO - DAG(s) 'linkinfo_dag' retrieved from /opt/airflow/dags/linkinfo_dag.py
[2025-12-16T11:31:25.768+0000] {logging_mixin.py:188} INFO - [2025-12-16T11:31:25.768+0000] {dag.py:3047} INFO - Sync 1 DAGs
[2025-12-16T11:31:25.779+0000] {logging_mixin.py:188} INFO - [2025-12-16T11:31:25.778+0000] {dag.py:3834} INFO - Setting next_dagrun for linkinfo_dag to None, run_after=None
[2025-12-16T11:31:25.799+0000] {processor.py:183} INFO - Processing /opt/airflow/dags/linkinfo_dag.py took 0.095 seconds
[2025-12-16T11:31:56.585+0000] {processor.py:161} INFO - Started process (PID=1142) to work on /opt/airflow/dags/linkinfo_dag.py
[2025-12-16T11:31:56.586+0000] {processor.py:830} INFO - Processing file /opt/airflow/dags/linkinfo_dag.py for tasks to queue
[2025-12-16T11:31:56.587+0000] {logging_mixin.py:188} INFO - [2025-12-16T11:31:56.587+0000] {dagbag.py:540} INFO - Filling up the DagBag from /opt/airflow/dags/linkinfo_dag.py
[2025-12-16T11:31:56.643+0000] {processor.py:840} INFO - DAG(s) 'linkinfo_dag' retrieved from /opt/airflow/dags/linkinfo_dag.py
[2025-12-16T11:31:56.660+0000] {logging_mixin.py:188} INFO - [2025-12-16T11:31:56.660+0000] {dag.py:3047} INFO - Sync 1 DAGs
[2025-12-16T11:31:56.669+0000] {logging_mixin.py:188} INFO - [2025-12-16T11:31:56.669+0000] {dag.py:3834} INFO - Setting next_dagrun for linkinfo_dag to None, run_after=None
[2025-12-16T11:31:56.688+0000] {processor.py:183} INFO - Processing /opt/airflow/dags/linkinfo_dag.py took 0.106 seconds
[2025-12-16T11:32:27.333+0000] {processor.py:161} INFO - Started process (PID=1180) to work on /opt/airflow/dags/linkinfo_dag.py
[2025-12-16T11:32:27.334+0000] {processor.py:830} INFO - Processing file /opt/airflow/dags/linkinfo_dag.py for tasks to queue
[2025-12-16T11:32:27.335+0000] {logging_mixin.py:188} INFO - [2025-12-16T11:32:27.334+0000] {dagbag.py:540} INFO - Filling up the DagBag from /opt/airflow/dags/linkinfo_dag.py
[2025-12-16T11:32:27.386+0000] {processor.py:840} INFO - DAG(s) 'linkinfo_dag' retrieved from /opt/airflow/dags/linkinfo_dag.py
[2025-12-16T11:32:27.401+0000] {logging_mixin.py:188} INFO - [2025-12-16T11:32:27.400+0000] {dag.py:3047} INFO - Sync 1 DAGs
[2025-12-16T11:32:27.410+0000] {logging_mixin.py:188} INFO - [2025-12-16T11:32:27.410+0000] {dag.py:3834} INFO - Setting next_dagrun for linkinfo_dag to None, run_after=None
[2025-12-16T11:32:27.430+0000] {processor.py:183} INFO - Processing /opt/airflow/dags/linkinfo_dag.py took 0.101 seconds
[2025-12-16T11:32:57.891+0000] {processor.py:161} INFO - Started process (PID=1205) to work on /opt/airflow/dags/linkinfo_dag.py
[2025-12-16T11:32:57.892+0000] {processor.py:830} INFO - Processing file /opt/airflow/dags/linkinfo_dag.py for tasks to queue
[2025-12-16T11:32:57.893+0000] {logging_mixin.py:188} INFO - [2025-12-16T11:32:57.892+0000] {dagbag.py:540} INFO - Filling up the DagBag from /opt/airflow/dags/linkinfo_dag.py
[2025-12-16T11:32:57.937+0000] {processor.py:840} INFO - DAG(s) 'linkinfo_dag' retrieved from /opt/airflow/dags/linkinfo_dag.py
[2025-12-16T11:32:57.952+0000] {logging_mixin.py:188} INFO - [2025-12-16T11:32:57.952+0000] {dag.py:3047} INFO - Sync 1 DAGs
[2025-12-16T11:32:57.961+0000] {logging_mixin.py:188} INFO - [2025-12-16T11:32:57.961+0000] {dag.py:3834} INFO - Setting next_dagrun for linkinfo_dag to None, run_after=None
[2025-12-16T11:32:57.983+0000] {processor.py:183} INFO - Processing /opt/airflow/dags/linkinfo_dag.py took 0.095 seconds
[2025-12-16T11:33:28.494+0000] {processor.py:161} INFO - Started process (PID=1243) to work on /opt/airflow/dags/linkinfo_dag.py
[2025-12-16T11:33:28.495+0000] {processor.py:830} INFO - Processing file /opt/airflow/dags/linkinfo_dag.py for tasks to queue
[2025-12-16T11:33:28.496+0000] {logging_mixin.py:188} INFO - [2025-12-16T11:33:28.496+0000] {dagbag.py:540} INFO - Filling up the DagBag from /opt/airflow/dags/linkinfo_dag.py
[2025-12-16T11:33:28.539+0000] {processor.py:840} INFO - DAG(s) 'linkinfo_dag' retrieved from /opt/airflow/dags/linkinfo_dag.py
[2025-12-16T11:33:28.554+0000] {logging_mixin.py:188} INFO - [2025-12-16T11:33:28.553+0000] {dag.py:3047} INFO - Sync 1 DAGs
[2025-12-16T11:33:28.562+0000] {logging_mixin.py:188} INFO - [2025-12-16T11:33:28.562+0000] {dag.py:3834} INFO - Setting next_dagrun for linkinfo_dag to None, run_after=None
[2025-12-16T11:33:28.583+0000] {processor.py:183} INFO - Processing /opt/airflow/dags/linkinfo_dag.py took 0.092 seconds
[2025-12-16T11:33:59.088+0000] {processor.py:161} INFO - Started process (PID=1268) to work on /opt/airflow/dags/linkinfo_dag.py
[2025-12-16T11:33:59.089+0000] {processor.py:830} INFO - Processing file /opt/airflow/dags/linkinfo_dag.py for tasks to queue
[2025-12-16T11:33:59.090+0000] {logging_mixin.py:188} INFO - [2025-12-16T11:33:59.090+0000] {dagbag.py:540} INFO - Filling up the DagBag from /opt/airflow/dags/linkinfo_dag.py
[2025-12-16T11:33:59.146+0000] {processor.py:840} INFO - DAG(s) 'linkinfo_dag' retrieved from /opt/airflow/dags/linkinfo_dag.py
[2025-12-16T11:33:59.159+0000] {logging_mixin.py:188} INFO - [2025-12-16T11:33:59.159+0000] {dag.py:3047} INFO - Sync 1 DAGs
[2025-12-16T11:33:59.169+0000] {logging_mixin.py:188} INFO - [2025-12-16T11:33:59.169+0000] {dag.py:3834} INFO - Setting next_dagrun for linkinfo_dag to None, run_after=None
[2025-12-16T11:33:59.189+0000] {processor.py:183} INFO - Processing /opt/airflow/dags/linkinfo_dag.py took 0.104 seconds
[2025-12-16T11:34:29.648+0000] {processor.py:161} INFO - Started process (PID=1306) to work on /opt/airflow/dags/linkinfo_dag.py
[2025-12-16T11:34:29.649+0000] {processor.py:830} INFO - Processing file /opt/airflow/dags/linkinfo_dag.py for tasks to queue
[2025-12-16T11:34:29.649+0000] {logging_mixin.py:188} INFO - [2025-12-16T11:34:29.649+0000] {dagbag.py:540} INFO - Filling up the DagBag from /opt/airflow/dags/linkinfo_dag.py
[2025-12-16T11:34:29.724+0000] {processor.py:840} INFO - DAG(s) 'linkinfo_dag' retrieved from /opt/airflow/dags/linkinfo_dag.py
[2025-12-16T11:34:29.739+0000] {logging_mixin.py:188} INFO - [2025-12-16T11:34:29.739+0000] {dag.py:3047} INFO - Sync 1 DAGs
[2025-12-16T11:34:29.748+0000] {logging_mixin.py:188} INFO - [2025-12-16T11:34:29.748+0000] {dag.py:3834} INFO - Setting next_dagrun for linkinfo_dag to None, run_after=None
[2025-12-16T11:34:29.767+0000] {processor.py:183} INFO - Processing /opt/airflow/dags/linkinfo_dag.py took 0.122 seconds
[2025-12-16T11:35:00.205+0000] {processor.py:161} INFO - Started process (PID=1331) to work on /opt/airflow/dags/linkinfo_dag.py
[2025-12-16T11:35:00.206+0000] {processor.py:830} INFO - Processing file /opt/airflow/dags/linkinfo_dag.py for tasks to queue
[2025-12-16T11:35:00.207+0000] {logging_mixin.py:188} INFO - [2025-12-16T11:35:00.207+0000] {dagbag.py:540} INFO - Filling up the DagBag from /opt/airflow/dags/linkinfo_dag.py
[2025-12-16T11:35:00.256+0000] {processor.py:840} INFO - DAG(s) 'linkinfo_dag' retrieved from /opt/airflow/dags/linkinfo_dag.py
[2025-12-16T11:35:00.270+0000] {logging_mixin.py:188} INFO - [2025-12-16T11:35:00.270+0000] {dag.py:3047} INFO - Sync 1 DAGs
[2025-12-16T11:35:00.280+0000] {logging_mixin.py:188} INFO - [2025-12-16T11:35:00.279+0000] {dag.py:3834} INFO - Setting next_dagrun for linkinfo_dag to None, run_after=None
[2025-12-16T11:35:00.298+0000] {processor.py:183} INFO - Processing /opt/airflow/dags/linkinfo_dag.py took 0.096 seconds
[2025-12-16T11:35:30.963+0000] {processor.py:161} INFO - Started process (PID=1369) to work on /opt/airflow/dags/linkinfo_dag.py
[2025-12-16T11:35:30.964+0000] {processor.py:830} INFO - Processing file /opt/airflow/dags/linkinfo_dag.py for tasks to queue
[2025-12-16T11:35:30.965+0000] {logging_mixin.py:188} INFO - [2025-12-16T11:35:30.965+0000] {dagbag.py:540} INFO - Filling up the DagBag from /opt/airflow/dags/linkinfo_dag.py
[2025-12-16T11:35:31.027+0000] {processor.py:840} INFO - DAG(s) 'linkinfo_dag' retrieved from /opt/airflow/dags/linkinfo_dag.py
[2025-12-16T11:35:31.042+0000] {logging_mixin.py:188} INFO - [2025-12-16T11:35:31.042+0000] {dag.py:3047} INFO - Sync 1 DAGs
[2025-12-16T11:35:31.050+0000] {logging_mixin.py:188} INFO - [2025-12-16T11:35:31.050+0000] {dag.py:3834} INFO - Setting next_dagrun for linkinfo_dag to None, run_after=None
[2025-12-16T11:35:31.070+0000] {processor.py:183} INFO - Processing /opt/airflow/dags/linkinfo_dag.py took 0.110 seconds
[2025-12-16T11:36:01.636+0000] {processor.py:161} INFO - Started process (PID=1397) to work on /opt/airflow/dags/linkinfo_dag.py
[2025-12-16T11:36:01.638+0000] {processor.py:830} INFO - Processing file /opt/airflow/dags/linkinfo_dag.py for tasks to queue
[2025-12-16T11:36:01.639+0000] {logging_mixin.py:188} INFO - [2025-12-16T11:36:01.638+0000] {dagbag.py:540} INFO - Filling up the DagBag from /opt/airflow/dags/linkinfo_dag.py
[2025-12-16T11:36:01.700+0000] {processor.py:840} INFO - DAG(s) 'linkinfo_dag' retrieved from /opt/airflow/dags/linkinfo_dag.py
[2025-12-16T11:36:01.715+0000] {logging_mixin.py:188} INFO - [2025-12-16T11:36:01.715+0000] {dag.py:3047} INFO - Sync 1 DAGs
[2025-12-16T11:36:01.724+0000] {logging_mixin.py:188} INFO - [2025-12-16T11:36:01.724+0000] {dag.py:3834} INFO - Setting next_dagrun for linkinfo_dag to None, run_after=None
[2025-12-16T11:36:01.745+0000] {processor.py:183} INFO - Processing /opt/airflow/dags/linkinfo_dag.py took 0.112 seconds
[2025-12-16T11:36:32.341+0000] {processor.py:161} INFO - Started process (PID=1434) to work on /opt/airflow/dags/linkinfo_dag.py
[2025-12-16T11:36:32.342+0000] {processor.py:830} INFO - Processing file /opt/airflow/dags/linkinfo_dag.py for tasks to queue
[2025-12-16T11:36:32.343+0000] {logging_mixin.py:188} INFO - [2025-12-16T11:36:32.343+0000] {dagbag.py:540} INFO - Filling up the DagBag from /opt/airflow/dags/linkinfo_dag.py
[2025-12-16T11:36:32.386+0000] {processor.py:840} INFO - DAG(s) 'linkinfo_dag' retrieved from /opt/airflow/dags/linkinfo_dag.py
[2025-12-16T11:36:32.400+0000] {logging_mixin.py:188} INFO - [2025-12-16T11:36:32.399+0000] {dag.py:3047} INFO - Sync 1 DAGs
[2025-12-16T11:36:32.408+0000] {logging_mixin.py:188} INFO - [2025-12-16T11:36:32.407+0000] {dag.py:3834} INFO - Setting next_dagrun for linkinfo_dag to None, run_after=None
[2025-12-16T11:36:32.428+0000] {processor.py:183} INFO - Processing /opt/airflow/dags/linkinfo_dag.py took 0.090 seconds
[2025-12-16T11:37:03.008+0000] {processor.py:161} INFO - Started process (PID=1460) to work on /opt/airflow/dags/linkinfo_dag.py
[2025-12-16T11:37:03.009+0000] {processor.py:830} INFO - Processing file /opt/airflow/dags/linkinfo_dag.py for tasks to queue
[2025-12-16T11:37:03.010+0000] {logging_mixin.py:188} INFO - [2025-12-16T11:37:03.010+0000] {dagbag.py:540} INFO - Filling up the DagBag from /opt/airflow/dags/linkinfo_dag.py
[2025-12-16T11:37:03.064+0000] {processor.py:840} INFO - DAG(s) 'linkinfo_dag' retrieved from /opt/airflow/dags/linkinfo_dag.py
[2025-12-16T11:37:03.079+0000] {logging_mixin.py:188} INFO - [2025-12-16T11:37:03.078+0000] {dag.py:3047} INFO - Sync 1 DAGs
[2025-12-16T11:37:03.089+0000] {logging_mixin.py:188} INFO - [2025-12-16T11:37:03.089+0000] {dag.py:3834} INFO - Setting next_dagrun for linkinfo_dag to None, run_after=None
[2025-12-16T11:37:03.113+0000] {processor.py:183} INFO - Processing /opt/airflow/dags/linkinfo_dag.py took 0.110 seconds
[2025-12-16T11:37:33.711+0000] {processor.py:161} INFO - Started process (PID=1495) to work on /opt/airflow/dags/linkinfo_dag.py
[2025-12-16T11:37:33.712+0000] {processor.py:830} INFO - Processing file /opt/airflow/dags/linkinfo_dag.py for tasks to queue
[2025-12-16T11:37:33.712+0000] {logging_mixin.py:188} INFO - [2025-12-16T11:37:33.712+0000] {dagbag.py:540} INFO - Filling up the DagBag from /opt/airflow/dags/linkinfo_dag.py
[2025-12-16T11:37:33.759+0000] {processor.py:840} INFO - DAG(s) 'linkinfo_dag' retrieved from /opt/airflow/dags/linkinfo_dag.py
[2025-12-16T11:37:33.775+0000] {logging_mixin.py:188} INFO - [2025-12-16T11:37:33.775+0000] {dag.py:3047} INFO - Sync 1 DAGs
[2025-12-16T11:37:33.790+0000] {logging_mixin.py:188} INFO - [2025-12-16T11:37:33.789+0000] {dag.py:3834} INFO - Setting next_dagrun for linkinfo_dag to None, run_after=None
[2025-12-16T11:37:33.829+0000] {processor.py:183} INFO - Processing /opt/airflow/dags/linkinfo_dag.py took 0.121 seconds
[2025-12-16T11:38:04.470+0000] {processor.py:161} INFO - Started process (PID=1526) to work on /opt/airflow/dags/linkinfo_dag.py
[2025-12-16T11:38:04.471+0000] {processor.py:830} INFO - Processing file /opt/airflow/dags/linkinfo_dag.py for tasks to queue
[2025-12-16T11:38:04.472+0000] {logging_mixin.py:188} INFO - [2025-12-16T11:38:04.472+0000] {dagbag.py:540} INFO - Filling up the DagBag from /opt/airflow/dags/linkinfo_dag.py
[2025-12-16T11:38:04.529+0000] {processor.py:840} INFO - DAG(s) 'linkinfo_dag' retrieved from /opt/airflow/dags/linkinfo_dag.py
[2025-12-16T11:38:04.545+0000] {logging_mixin.py:188} INFO - [2025-12-16T11:38:04.545+0000] {dag.py:3047} INFO - Sync 1 DAGs
[2025-12-16T11:38:04.554+0000] {logging_mixin.py:188} INFO - [2025-12-16T11:38:04.553+0000] {dag.py:3834} INFO - Setting next_dagrun for linkinfo_dag to None, run_after=None
[2025-12-16T11:38:04.579+0000] {processor.py:183} INFO - Processing /opt/airflow/dags/linkinfo_dag.py took 0.112 seconds
[2025-12-16T11:38:35.110+0000] {processor.py:161} INFO - Started process (PID=1558) to work on /opt/airflow/dags/linkinfo_dag.py
[2025-12-16T11:38:35.111+0000] {processor.py:830} INFO - Processing file /opt/airflow/dags/linkinfo_dag.py for tasks to queue
[2025-12-16T11:38:35.112+0000] {logging_mixin.py:188} INFO - [2025-12-16T11:38:35.112+0000] {dagbag.py:540} INFO - Filling up the DagBag from /opt/airflow/dags/linkinfo_dag.py
[2025-12-16T11:38:35.158+0000] {processor.py:840} INFO - DAG(s) 'linkinfo_dag' retrieved from /opt/airflow/dags/linkinfo_dag.py
[2025-12-16T11:38:35.172+0000] {logging_mixin.py:188} INFO - [2025-12-16T11:38:35.172+0000] {dag.py:3047} INFO - Sync 1 DAGs
[2025-12-16T11:38:35.181+0000] {logging_mixin.py:188} INFO - [2025-12-16T11:38:35.181+0000] {dag.py:3834} INFO - Setting next_dagrun for linkinfo_dag to None, run_after=None
[2025-12-16T11:38:35.200+0000] {processor.py:183} INFO - Processing /opt/airflow/dags/linkinfo_dag.py took 0.092 seconds
[2025-12-16T11:39:05.733+0000] {processor.py:161} INFO - Started process (PID=1590) to work on /opt/airflow/dags/linkinfo_dag.py
[2025-12-16T11:39:05.734+0000] {processor.py:830} INFO - Processing file /opt/airflow/dags/linkinfo_dag.py for tasks to queue
[2025-12-16T11:39:05.735+0000] {logging_mixin.py:188} INFO - [2025-12-16T11:39:05.735+0000] {dagbag.py:540} INFO - Filling up the DagBag from /opt/airflow/dags/linkinfo_dag.py
[2025-12-16T11:39:05.778+0000] {processor.py:840} INFO - DAG(s) 'linkinfo_dag' retrieved from /opt/airflow/dags/linkinfo_dag.py
[2025-12-16T11:39:05.796+0000] {logging_mixin.py:188} INFO - [2025-12-16T11:39:05.795+0000] {dag.py:3047} INFO - Sync 1 DAGs
[2025-12-16T11:39:05.807+0000] {logging_mixin.py:188} INFO - [2025-12-16T11:39:05.807+0000] {dag.py:3834} INFO - Setting next_dagrun for linkinfo_dag to None, run_after=None
[2025-12-16T11:39:05.846+0000] {processor.py:183} INFO - Processing /opt/airflow/dags/linkinfo_dag.py took 0.115 seconds
[2025-12-16T11:39:36.368+0000] {processor.py:161} INFO - Started process (PID=1621) to work on /opt/airflow/dags/linkinfo_dag.py
[2025-12-16T11:39:36.369+0000] {processor.py:830} INFO - Processing file /opt/airflow/dags/linkinfo_dag.py for tasks to queue
[2025-12-16T11:39:36.370+0000] {logging_mixin.py:188} INFO - [2025-12-16T11:39:36.370+0000] {dagbag.py:540} INFO - Filling up the DagBag from /opt/airflow/dags/linkinfo_dag.py
[2025-12-16T11:39:36.431+0000] {processor.py:840} INFO - DAG(s) 'linkinfo_dag' retrieved from /opt/airflow/dags/linkinfo_dag.py
[2025-12-16T11:39:36.446+0000] {logging_mixin.py:188} INFO - [2025-12-16T11:39:36.445+0000] {dag.py:3047} INFO - Sync 1 DAGs
[2025-12-16T11:39:36.455+0000] {logging_mixin.py:188} INFO - [2025-12-16T11:39:36.455+0000] {dag.py:3834} INFO - Setting next_dagrun for linkinfo_dag to None, run_after=None
[2025-12-16T11:39:36.475+0000] {processor.py:183} INFO - Processing /opt/airflow/dags/linkinfo_dag.py took 0.109 seconds
[2025-12-16T11:40:06.991+0000] {processor.py:161} INFO - Started process (PID=1655) to work on /opt/airflow/dags/linkinfo_dag.py
[2025-12-16T11:40:06.992+0000] {processor.py:830} INFO - Processing file /opt/airflow/dags/linkinfo_dag.py for tasks to queue
[2025-12-16T11:40:06.993+0000] {logging_mixin.py:188} INFO - [2025-12-16T11:40:06.993+0000] {dagbag.py:540} INFO - Filling up the DagBag from /opt/airflow/dags/linkinfo_dag.py
[2025-12-16T11:40:07.054+0000] {processor.py:840} INFO - DAG(s) 'linkinfo_dag' retrieved from /opt/airflow/dags/linkinfo_dag.py
[2025-12-16T11:40:07.072+0000] {logging_mixin.py:188} INFO - [2025-12-16T11:40:07.072+0000] {dag.py:3047} INFO - Sync 1 DAGs
[2025-12-16T11:40:07.083+0000] {logging_mixin.py:188} INFO - [2025-12-16T11:40:07.083+0000] {dag.py:3834} INFO - Setting next_dagrun for linkinfo_dag to None, run_after=None
[2025-12-16T11:40:07.108+0000] {processor.py:183} INFO - Processing /opt/airflow/dags/linkinfo_dag.py took 0.121 seconds
[2025-12-16T11:40:37.598+0000] {processor.py:161} INFO - Started process (PID=1684) to work on /opt/airflow/dags/linkinfo_dag.py
[2025-12-16T11:40:37.599+0000] {processor.py:830} INFO - Processing file /opt/airflow/dags/linkinfo_dag.py for tasks to queue
[2025-12-16T11:40:37.600+0000] {logging_mixin.py:188} INFO - [2025-12-16T11:40:37.599+0000] {dagbag.py:540} INFO - Filling up the DagBag from /opt/airflow/dags/linkinfo_dag.py
[2025-12-16T11:40:37.652+0000] {processor.py:840} INFO - DAG(s) 'linkinfo_dag' retrieved from /opt/airflow/dags/linkinfo_dag.py
[2025-12-16T11:40:37.665+0000] {logging_mixin.py:188} INFO - [2025-12-16T11:40:37.665+0000] {dag.py:3047} INFO - Sync 1 DAGs
[2025-12-16T11:40:37.674+0000] {logging_mixin.py:188} INFO - [2025-12-16T11:40:37.674+0000] {dag.py:3834} INFO - Setting next_dagrun for linkinfo_dag to None, run_after=None
[2025-12-16T11:40:37.702+0000] {processor.py:183} INFO - Processing /opt/airflow/dags/linkinfo_dag.py took 0.108 seconds
[2025-12-16T11:41:08.199+0000] {processor.py:161} INFO - Started process (PID=1720) to work on /opt/airflow/dags/linkinfo_dag.py
[2025-12-16T11:41:08.200+0000] {processor.py:830} INFO - Processing file /opt/airflow/dags/linkinfo_dag.py for tasks to queue
[2025-12-16T11:41:08.201+0000] {logging_mixin.py:188} INFO - [2025-12-16T11:41:08.201+0000] {dagbag.py:540} INFO - Filling up the DagBag from /opt/airflow/dags/linkinfo_dag.py
[2025-12-16T11:41:08.258+0000] {processor.py:840} INFO - DAG(s) 'linkinfo_dag' retrieved from /opt/airflow/dags/linkinfo_dag.py
[2025-12-16T11:41:08.273+0000] {logging_mixin.py:188} INFO - [2025-12-16T11:41:08.273+0000] {dag.py:3047} INFO - Sync 1 DAGs
[2025-12-16T11:41:08.282+0000] {logging_mixin.py:188} INFO - [2025-12-16T11:41:08.282+0000] {dag.py:3834} INFO - Setting next_dagrun for linkinfo_dag to None, run_after=None
[2025-12-16T11:41:08.301+0000] {processor.py:183} INFO - Processing /opt/airflow/dags/linkinfo_dag.py took 0.105 seconds
[2025-12-16T11:41:38.746+0000] {processor.py:161} INFO - Started process (PID=1747) to work on /opt/airflow/dags/linkinfo_dag.py
[2025-12-16T11:41:38.747+0000] {processor.py:830} INFO - Processing file /opt/airflow/dags/linkinfo_dag.py for tasks to queue
[2025-12-16T11:41:38.748+0000] {logging_mixin.py:188} INFO - [2025-12-16T11:41:38.747+0000] {dagbag.py:540} INFO - Filling up the DagBag from /opt/airflow/dags/linkinfo_dag.py
[2025-12-16T11:41:38.790+0000] {processor.py:840} INFO - DAG(s) 'linkinfo_dag' retrieved from /opt/airflow/dags/linkinfo_dag.py
[2025-12-16T11:41:38.804+0000] {logging_mixin.py:188} INFO - [2025-12-16T11:41:38.804+0000] {dag.py:3047} INFO - Sync 1 DAGs
[2025-12-16T11:41:38.813+0000] {logging_mixin.py:188} INFO - [2025-12-16T11:41:38.813+0000] {dag.py:3834} INFO - Setting next_dagrun for linkinfo_dag to None, run_after=None
[2025-12-16T11:41:38.835+0000] {processor.py:183} INFO - Processing /opt/airflow/dags/linkinfo_dag.py took 0.092 seconds
[2025-12-16T11:42:09.306+0000] {processor.py:161} INFO - Started process (PID=1783) to work on /opt/airflow/dags/linkinfo_dag.py
[2025-12-16T11:42:09.307+0000] {processor.py:830} INFO - Processing file /opt/airflow/dags/linkinfo_dag.py for tasks to queue
[2025-12-16T11:42:09.308+0000] {logging_mixin.py:188} INFO - [2025-12-16T11:42:09.308+0000] {dagbag.py:540} INFO - Filling up the DagBag from /opt/airflow/dags/linkinfo_dag.py
[2025-12-16T11:42:09.358+0000] {processor.py:840} INFO - DAG(s) 'linkinfo_dag' retrieved from /opt/airflow/dags/linkinfo_dag.py
[2025-12-16T11:42:09.374+0000] {logging_mixin.py:188} INFO - [2025-12-16T11:42:09.374+0000] {dag.py:3047} INFO - Sync 1 DAGs
[2025-12-16T11:42:09.384+0000] {logging_mixin.py:188} INFO - [2025-12-16T11:42:09.383+0000] {dag.py:3834} INFO - Setting next_dagrun for linkinfo_dag to None, run_after=None
[2025-12-16T11:42:09.410+0000] {processor.py:183} INFO - Processing /opt/airflow/dags/linkinfo_dag.py took 0.107 seconds
[2025-12-16T11:42:39.967+0000] {processor.py:161} INFO - Started process (PID=1810) to work on /opt/airflow/dags/linkinfo_dag.py
[2025-12-16T11:42:39.968+0000] {processor.py:830} INFO - Processing file /opt/airflow/dags/linkinfo_dag.py for tasks to queue
[2025-12-16T11:42:39.969+0000] {logging_mixin.py:188} INFO - [2025-12-16T11:42:39.969+0000] {dagbag.py:540} INFO - Filling up the DagBag from /opt/airflow/dags/linkinfo_dag.py
[2025-12-16T11:42:40.016+0000] {processor.py:840} INFO - DAG(s) 'linkinfo_dag' retrieved from /opt/airflow/dags/linkinfo_dag.py
[2025-12-16T11:42:40.031+0000] {logging_mixin.py:188} INFO - [2025-12-16T11:42:40.031+0000] {dag.py:3047} INFO - Sync 1 DAGs
[2025-12-16T11:42:40.040+0000] {logging_mixin.py:188} INFO - [2025-12-16T11:42:40.040+0000] {dag.py:3834} INFO - Setting next_dagrun for linkinfo_dag to None, run_after=None
[2025-12-16T11:42:40.060+0000] {processor.py:183} INFO - Processing /opt/airflow/dags/linkinfo_dag.py took 0.095 seconds
[2025-12-16T11:43:10.611+0000] {processor.py:161} INFO - Started process (PID=1848) to work on /opt/airflow/dags/linkinfo_dag.py
[2025-12-16T11:43:10.612+0000] {processor.py:830} INFO - Processing file /opt/airflow/dags/linkinfo_dag.py for tasks to queue
[2025-12-16T11:43:10.613+0000] {logging_mixin.py:188} INFO - [2025-12-16T11:43:10.613+0000] {dagbag.py:540} INFO - Filling up the DagBag from /opt/airflow/dags/linkinfo_dag.py
[2025-12-16T11:43:10.665+0000] {processor.py:840} INFO - DAG(s) 'linkinfo_dag' retrieved from /opt/airflow/dags/linkinfo_dag.py
[2025-12-16T11:43:10.680+0000] {logging_mixin.py:188} INFO - [2025-12-16T11:43:10.680+0000] {dag.py:3047} INFO - Sync 1 DAGs
[2025-12-16T11:43:10.689+0000] {logging_mixin.py:188} INFO - [2025-12-16T11:43:10.689+0000] {dag.py:3834} INFO - Setting next_dagrun for linkinfo_dag to None, run_after=None
[2025-12-16T11:43:10.709+0000] {processor.py:183} INFO - Processing /opt/airflow/dags/linkinfo_dag.py took 0.100 seconds
[2025-12-16T11:43:41.245+0000] {processor.py:161} INFO - Started process (PID=1873) to work on /opt/airflow/dags/linkinfo_dag.py
[2025-12-16T11:43:41.250+0000] {processor.py:830} INFO - Processing file /opt/airflow/dags/linkinfo_dag.py for tasks to queue
[2025-12-16T11:43:41.251+0000] {logging_mixin.py:188} INFO - [2025-12-16T11:43:41.251+0000] {dagbag.py:540} INFO - Filling up the DagBag from /opt/airflow/dags/linkinfo_dag.py
[2025-12-16T11:43:41.332+0000] {processor.py:840} INFO - DAG(s) 'linkinfo_dag' retrieved from /opt/airflow/dags/linkinfo_dag.py
[2025-12-16T11:43:41.348+0000] {logging_mixin.py:188} INFO - [2025-12-16T11:43:41.347+0000] {dag.py:3047} INFO - Sync 1 DAGs
[2025-12-16T11:43:41.356+0000] {logging_mixin.py:188} INFO - [2025-12-16T11:43:41.356+0000] {dag.py:3834} INFO - Setting next_dagrun for linkinfo_dag to None, run_after=None
[2025-12-16T11:43:41.380+0000] {processor.py:183} INFO - Processing /opt/airflow/dags/linkinfo_dag.py took 0.138 seconds
[2025-12-16T11:44:11.859+0000] {processor.py:161} INFO - Started process (PID=1911) to work on /opt/airflow/dags/linkinfo_dag.py
[2025-12-16T11:44:11.860+0000] {processor.py:830} INFO - Processing file /opt/airflow/dags/linkinfo_dag.py for tasks to queue
[2025-12-16T11:44:11.861+0000] {logging_mixin.py:188} INFO - [2025-12-16T11:44:11.861+0000] {dagbag.py:540} INFO - Filling up the DagBag from /opt/airflow/dags/linkinfo_dag.py
[2025-12-16T11:44:11.906+0000] {processor.py:840} INFO - DAG(s) 'linkinfo_dag' retrieved from /opt/airflow/dags/linkinfo_dag.py
[2025-12-16T11:44:11.922+0000] {logging_mixin.py:188} INFO - [2025-12-16T11:44:11.922+0000] {dag.py:3047} INFO - Sync 1 DAGs
[2025-12-16T11:44:11.930+0000] {logging_mixin.py:188} INFO - [2025-12-16T11:44:11.930+0000] {dag.py:3834} INFO - Setting next_dagrun for linkinfo_dag to None, run_after=None
[2025-12-16T11:44:11.952+0000] {processor.py:183} INFO - Processing /opt/airflow/dags/linkinfo_dag.py took 0.095 seconds
[2025-12-16T11:44:42.463+0000] {processor.py:161} INFO - Started process (PID=1936) to work on /opt/airflow/dags/linkinfo_dag.py
[2025-12-16T11:44:42.464+0000] {processor.py:830} INFO - Processing file /opt/airflow/dags/linkinfo_dag.py for tasks to queue
[2025-12-16T11:44:42.466+0000] {logging_mixin.py:188} INFO - [2025-12-16T11:44:42.465+0000] {dagbag.py:540} INFO - Filling up the DagBag from /opt/airflow/dags/linkinfo_dag.py
[2025-12-16T11:44:42.532+0000] {processor.py:840} INFO - DAG(s) 'linkinfo_dag' retrieved from /opt/airflow/dags/linkinfo_dag.py
[2025-12-16T11:44:42.549+0000] {logging_mixin.py:188} INFO - [2025-12-16T11:44:42.548+0000] {dag.py:3047} INFO - Sync 1 DAGs
[2025-12-16T11:44:42.560+0000] {logging_mixin.py:188} INFO - [2025-12-16T11:44:42.560+0000] {dag.py:3834} INFO - Setting next_dagrun for linkinfo_dag to None, run_after=None
[2025-12-16T11:44:42.583+0000] {processor.py:183} INFO - Processing /opt/airflow/dags/linkinfo_dag.py took 0.122 seconds
[2025-12-16T11:45:13.311+0000] {processor.py:161} INFO - Started process (PID=1976) to work on /opt/airflow/dags/linkinfo_dag.py
[2025-12-16T11:45:13.312+0000] {processor.py:830} INFO - Processing file /opt/airflow/dags/linkinfo_dag.py for tasks to queue
[2025-12-16T11:45:13.313+0000] {logging_mixin.py:188} INFO - [2025-12-16T11:45:13.312+0000] {dagbag.py:540} INFO - Filling up the DagBag from /opt/airflow/dags/linkinfo_dag.py
[2025-12-16T11:45:13.397+0000] {processor.py:840} INFO - DAG(s) 'linkinfo_dag' retrieved from /opt/airflow/dags/linkinfo_dag.py
[2025-12-16T11:45:13.416+0000] {logging_mixin.py:188} INFO - [2025-12-16T11:45:13.416+0000] {dag.py:3047} INFO - Sync 1 DAGs
[2025-12-16T11:45:13.426+0000] {logging_mixin.py:188} INFO - [2025-12-16T11:45:13.425+0000] {dag.py:3834} INFO - Setting next_dagrun for linkinfo_dag to None, run_after=None
[2025-12-16T11:45:13.449+0000] {processor.py:183} INFO - Processing /opt/airflow/dags/linkinfo_dag.py took 0.141 seconds
[2025-12-16T11:45:44.150+0000] {processor.py:161} INFO - Started process (PID=1999) to work on /opt/airflow/dags/linkinfo_dag.py
[2025-12-16T11:45:44.151+0000] {processor.py:830} INFO - Processing file /opt/airflow/dags/linkinfo_dag.py for tasks to queue
[2025-12-16T11:45:44.152+0000] {logging_mixin.py:188} INFO - [2025-12-16T11:45:44.151+0000] {dagbag.py:540} INFO - Filling up the DagBag from /opt/airflow/dags/linkinfo_dag.py
[2025-12-16T11:45:44.193+0000] {processor.py:840} INFO - DAG(s) 'linkinfo_dag' retrieved from /opt/airflow/dags/linkinfo_dag.py
[2025-12-16T11:45:44.208+0000] {logging_mixin.py:188} INFO - [2025-12-16T11:45:44.208+0000] {dag.py:3047} INFO - Sync 1 DAGs
[2025-12-16T11:45:44.219+0000] {logging_mixin.py:188} INFO - [2025-12-16T11:45:44.219+0000] {dag.py:3834} INFO - Setting next_dagrun for linkinfo_dag to None, run_after=None
[2025-12-16T11:45:44.239+0000] {processor.py:183} INFO - Processing /opt/airflow/dags/linkinfo_dag.py took 0.092 seconds
[2025-12-16T11:46:14.766+0000] {processor.py:161} INFO - Started process (PID=2037) to work on /opt/airflow/dags/linkinfo_dag.py
[2025-12-16T11:46:14.767+0000] {processor.py:830} INFO - Processing file /opt/airflow/dags/linkinfo_dag.py for tasks to queue
[2025-12-16T11:46:14.768+0000] {logging_mixin.py:188} INFO - [2025-12-16T11:46:14.767+0000] {dagbag.py:540} INFO - Filling up the DagBag from /opt/airflow/dags/linkinfo_dag.py
[2025-12-16T11:46:14.829+0000] {processor.py:840} INFO - DAG(s) 'linkinfo_dag' retrieved from /opt/airflow/dags/linkinfo_dag.py
[2025-12-16T11:46:14.843+0000] {logging_mixin.py:188} INFO - [2025-12-16T11:46:14.843+0000] {dag.py:3047} INFO - Sync 1 DAGs
[2025-12-16T11:46:14.851+0000] {logging_mixin.py:188} INFO - [2025-12-16T11:46:14.851+0000] {dag.py:3834} INFO - Setting next_dagrun for linkinfo_dag to None, run_after=None
[2025-12-16T11:46:14.872+0000] {processor.py:183} INFO - Processing /opt/airflow/dags/linkinfo_dag.py took 0.109 seconds
[2025-12-16T11:46:45.385+0000] {processor.py:161} INFO - Started process (PID=2062) to work on /opt/airflow/dags/linkinfo_dag.py
[2025-12-16T11:46:45.386+0000] {processor.py:830} INFO - Processing file /opt/airflow/dags/linkinfo_dag.py for tasks to queue
[2025-12-16T11:46:45.387+0000] {logging_mixin.py:188} INFO - [2025-12-16T11:46:45.387+0000] {dagbag.py:540} INFO - Filling up the DagBag from /opt/airflow/dags/linkinfo_dag.py
[2025-12-16T11:46:45.432+0000] {processor.py:840} INFO - DAG(s) 'linkinfo_dag' retrieved from /opt/airflow/dags/linkinfo_dag.py
[2025-12-16T11:46:45.446+0000] {logging_mixin.py:188} INFO - [2025-12-16T11:46:45.445+0000] {dag.py:3047} INFO - Sync 1 DAGs
[2025-12-16T11:46:45.454+0000] {logging_mixin.py:188} INFO - [2025-12-16T11:46:45.454+0000] {dag.py:3834} INFO - Setting next_dagrun for linkinfo_dag to None, run_after=None
[2025-12-16T11:46:45.473+0000] {processor.py:183} INFO - Processing /opt/airflow/dags/linkinfo_dag.py took 0.091 seconds
[2025-12-16T11:47:16.078+0000] {processor.py:161} INFO - Started process (PID=2100) to work on /opt/airflow/dags/linkinfo_dag.py
[2025-12-16T11:47:16.079+0000] {processor.py:830} INFO - Processing file /opt/airflow/dags/linkinfo_dag.py for tasks to queue
[2025-12-16T11:47:16.080+0000] {logging_mixin.py:188} INFO - [2025-12-16T11:47:16.080+0000] {dagbag.py:540} INFO - Filling up the DagBag from /opt/airflow/dags/linkinfo_dag.py
[2025-12-16T11:47:16.123+0000] {processor.py:840} INFO - DAG(s) 'linkinfo_dag' retrieved from /opt/airflow/dags/linkinfo_dag.py
[2025-12-16T11:47:16.139+0000] {logging_mixin.py:188} INFO - [2025-12-16T11:47:16.139+0000] {dag.py:3047} INFO - Sync 1 DAGs
[2025-12-16T11:47:16.151+0000] {logging_mixin.py:188} INFO - [2025-12-16T11:47:16.151+0000] {dag.py:3834} INFO - Setting next_dagrun for linkinfo_dag to None, run_after=None
[2025-12-16T11:47:16.172+0000] {processor.py:183} INFO - Processing /opt/airflow/dags/linkinfo_dag.py took 0.097 seconds
[2025-12-16T11:47:46.785+0000] {processor.py:161} INFO - Started process (PID=2125) to work on /opt/airflow/dags/linkinfo_dag.py
[2025-12-16T11:47:46.786+0000] {processor.py:830} INFO - Processing file /opt/airflow/dags/linkinfo_dag.py for tasks to queue
[2025-12-16T11:47:46.787+0000] {logging_mixin.py:188} INFO - [2025-12-16T11:47:46.786+0000] {dagbag.py:540} INFO - Filling up the DagBag from /opt/airflow/dags/linkinfo_dag.py
[2025-12-16T11:47:46.839+0000] {processor.py:840} INFO - DAG(s) 'linkinfo_dag' retrieved from /opt/airflow/dags/linkinfo_dag.py
[2025-12-16T11:47:46.857+0000] {logging_mixin.py:188} INFO - [2025-12-16T11:47:46.857+0000] {dag.py:3047} INFO - Sync 1 DAGs
[2025-12-16T11:47:46.865+0000] {logging_mixin.py:188} INFO - [2025-12-16T11:47:46.865+0000] {dag.py:3834} INFO - Setting next_dagrun for linkinfo_dag to None, run_after=None
[2025-12-16T11:47:46.893+0000] {processor.py:183} INFO - Processing /opt/airflow/dags/linkinfo_dag.py took 0.111 seconds
[2025-12-16T11:48:17.453+0000] {processor.py:161} INFO - Started process (PID=2163) to work on /opt/airflow/dags/linkinfo_dag.py
[2025-12-16T11:48:17.454+0000] {processor.py:830} INFO - Processing file /opt/airflow/dags/linkinfo_dag.py for tasks to queue
[2025-12-16T11:48:17.454+0000] {logging_mixin.py:188} INFO - [2025-12-16T11:48:17.454+0000] {dagbag.py:540} INFO - Filling up the DagBag from /opt/airflow/dags/linkinfo_dag.py
[2025-12-16T11:48:17.497+0000] {processor.py:840} INFO - DAG(s) 'linkinfo_dag' retrieved from /opt/airflow/dags/linkinfo_dag.py
[2025-12-16T11:48:17.514+0000] {logging_mixin.py:188} INFO - [2025-12-16T11:48:17.514+0000] {dag.py:3047} INFO - Sync 1 DAGs
[2025-12-16T11:48:17.523+0000] {logging_mixin.py:188} INFO - [2025-12-16T11:48:17.522+0000] {dag.py:3834} INFO - Setting next_dagrun for linkinfo_dag to None, run_after=None
[2025-12-16T11:48:17.543+0000] {processor.py:183} INFO - Processing /opt/airflow/dags/linkinfo_dag.py took 0.093 seconds
[2025-12-16T11:48:48.083+0000] {processor.py:161} INFO - Started process (PID=2188) to work on /opt/airflow/dags/linkinfo_dag.py
[2025-12-16T11:48:48.084+0000] {processor.py:830} INFO - Processing file /opt/airflow/dags/linkinfo_dag.py for tasks to queue
[2025-12-16T11:48:48.085+0000] {logging_mixin.py:188} INFO - [2025-12-16T11:48:48.085+0000] {dagbag.py:540} INFO - Filling up the DagBag from /opt/airflow/dags/linkinfo_dag.py
[2025-12-16T11:48:48.153+0000] {processor.py:840} INFO - DAG(s) 'linkinfo_dag' retrieved from /opt/airflow/dags/linkinfo_dag.py
[2025-12-16T11:48:48.167+0000] {logging_mixin.py:188} INFO - [2025-12-16T11:48:48.167+0000] {dag.py:3047} INFO - Sync 1 DAGs
[2025-12-16T11:48:48.177+0000] {logging_mixin.py:188} INFO - [2025-12-16T11:48:48.177+0000] {dag.py:3834} INFO - Setting next_dagrun for linkinfo_dag to None, run_after=None
[2025-12-16T11:48:48.197+0000] {processor.py:183} INFO - Processing /opt/airflow/dags/linkinfo_dag.py took 0.117 seconds
[2025-12-16T11:49:18.717+0000] {processor.py:161} INFO - Started process (PID=2226) to work on /opt/airflow/dags/linkinfo_dag.py
[2025-12-16T11:49:18.718+0000] {processor.py:830} INFO - Processing file /opt/airflow/dags/linkinfo_dag.py for tasks to queue
[2025-12-16T11:49:18.719+0000] {logging_mixin.py:188} INFO - [2025-12-16T11:49:18.718+0000] {dagbag.py:540} INFO - Filling up the DagBag from /opt/airflow/dags/linkinfo_dag.py
[2025-12-16T11:49:18.769+0000] {processor.py:840} INFO - DAG(s) 'linkinfo_dag' retrieved from /opt/airflow/dags/linkinfo_dag.py
[2025-12-16T11:49:18.785+0000] {logging_mixin.py:188} INFO - [2025-12-16T11:49:18.785+0000] {dag.py:3047} INFO - Sync 1 DAGs
[2025-12-16T11:49:18.794+0000] {logging_mixin.py:188} INFO - [2025-12-16T11:49:18.793+0000] {dag.py:3834} INFO - Setting next_dagrun for linkinfo_dag to None, run_after=None
[2025-12-16T11:49:18.819+0000] {processor.py:183} INFO - Processing /opt/airflow/dags/linkinfo_dag.py took 0.105 seconds
[2025-12-16T11:49:49.388+0000] {processor.py:161} INFO - Started process (PID=2251) to work on /opt/airflow/dags/linkinfo_dag.py
[2025-12-16T11:49:49.389+0000] {processor.py:830} INFO - Processing file /opt/airflow/dags/linkinfo_dag.py for tasks to queue
[2025-12-16T11:49:49.390+0000] {logging_mixin.py:188} INFO - [2025-12-16T11:49:49.390+0000] {dagbag.py:540} INFO - Filling up the DagBag from /opt/airflow/dags/linkinfo_dag.py
[2025-12-16T11:49:49.433+0000] {processor.py:840} INFO - DAG(s) 'linkinfo_dag' retrieved from /opt/airflow/dags/linkinfo_dag.py
[2025-12-16T11:49:49.450+0000] {logging_mixin.py:188} INFO - [2025-12-16T11:49:49.450+0000] {dag.py:3047} INFO - Sync 1 DAGs
[2025-12-16T11:49:49.460+0000] {logging_mixin.py:188} INFO - [2025-12-16T11:49:49.460+0000] {dag.py:3834} INFO - Setting next_dagrun for linkinfo_dag to None, run_after=None
[2025-12-16T11:49:49.481+0000] {processor.py:183} INFO - Processing /opt/airflow/dags/linkinfo_dag.py took 0.095 seconds
[2025-12-16T11:50:20.068+0000] {processor.py:161} INFO - Started process (PID=2289) to work on /opt/airflow/dags/linkinfo_dag.py
[2025-12-16T11:50:20.070+0000] {processor.py:830} INFO - Processing file /opt/airflow/dags/linkinfo_dag.py for tasks to queue
[2025-12-16T11:50:20.071+0000] {logging_mixin.py:188} INFO - [2025-12-16T11:50:20.070+0000] {dagbag.py:540} INFO - Filling up the DagBag from /opt/airflow/dags/linkinfo_dag.py
[2025-12-16T11:50:20.116+0000] {processor.py:840} INFO - DAG(s) 'linkinfo_dag' retrieved from /opt/airflow/dags/linkinfo_dag.py
[2025-12-16T11:50:20.132+0000] {logging_mixin.py:188} INFO - [2025-12-16T11:50:20.132+0000] {dag.py:3047} INFO - Sync 1 DAGs
[2025-12-16T11:50:20.143+0000] {logging_mixin.py:188} INFO - [2025-12-16T11:50:20.143+0000] {dag.py:3834} INFO - Setting next_dagrun for linkinfo_dag to None, run_after=None
[2025-12-16T11:50:20.163+0000] {processor.py:183} INFO - Processing /opt/airflow/dags/linkinfo_dag.py took 0.098 seconds
[2025-12-16T11:50:50.671+0000] {processor.py:161} INFO - Started process (PID=2314) to work on /opt/airflow/dags/linkinfo_dag.py
[2025-12-16T11:50:50.672+0000] {processor.py:830} INFO - Processing file /opt/airflow/dags/linkinfo_dag.py for tasks to queue
[2025-12-16T11:50:50.672+0000] {logging_mixin.py:188} INFO - [2025-12-16T11:50:50.672+0000] {dagbag.py:540} INFO - Filling up the DagBag from /opt/airflow/dags/linkinfo_dag.py
[2025-12-16T11:50:50.721+0000] {processor.py:840} INFO - DAG(s) 'linkinfo_dag' retrieved from /opt/airflow/dags/linkinfo_dag.py
[2025-12-16T11:50:50.738+0000] {logging_mixin.py:188} INFO - [2025-12-16T11:50:50.738+0000] {dag.py:3047} INFO - Sync 1 DAGs
[2025-12-16T11:50:50.747+0000] {logging_mixin.py:188} INFO - [2025-12-16T11:50:50.747+0000] {dag.py:3834} INFO - Setting next_dagrun for linkinfo_dag to None, run_after=None
[2025-12-16T11:50:50.780+0000] {processor.py:183} INFO - Processing /opt/airflow/dags/linkinfo_dag.py took 0.112 seconds
[2025-12-16T11:51:21.286+0000] {processor.py:161} INFO - Started process (PID=2352) to work on /opt/airflow/dags/linkinfo_dag.py
[2025-12-16T11:51:21.287+0000] {processor.py:830} INFO - Processing file /opt/airflow/dags/linkinfo_dag.py for tasks to queue
[2025-12-16T11:51:21.288+0000] {logging_mixin.py:188} INFO - [2025-12-16T11:51:21.288+0000] {dagbag.py:540} INFO - Filling up the DagBag from /opt/airflow/dags/linkinfo_dag.py
[2025-12-16T11:51:21.337+0000] {processor.py:840} INFO - DAG(s) 'linkinfo_dag' retrieved from /opt/airflow/dags/linkinfo_dag.py
[2025-12-16T11:51:21.353+0000] {logging_mixin.py:188} INFO - [2025-12-16T11:51:21.352+0000] {dag.py:3047} INFO - Sync 1 DAGs
[2025-12-16T11:51:21.362+0000] {logging_mixin.py:188} INFO - [2025-12-16T11:51:21.361+0000] {dag.py:3834} INFO - Setting next_dagrun for linkinfo_dag to None, run_after=None
[2025-12-16T11:51:21.382+0000] {processor.py:183} INFO - Processing /opt/airflow/dags/linkinfo_dag.py took 0.099 seconds
[2025-12-16T11:51:51.958+0000] {processor.py:161} INFO - Started process (PID=2377) to work on /opt/airflow/dags/linkinfo_dag.py
[2025-12-16T11:51:51.959+0000] {processor.py:830} INFO - Processing file /opt/airflow/dags/linkinfo_dag.py for tasks to queue
[2025-12-16T11:51:51.960+0000] {logging_mixin.py:188} INFO - [2025-12-16T11:51:51.960+0000] {dagbag.py:540} INFO - Filling up the DagBag from /opt/airflow/dags/linkinfo_dag.py
[2025-12-16T11:51:52.020+0000] {processor.py:840} INFO - DAG(s) 'linkinfo_dag' retrieved from /opt/airflow/dags/linkinfo_dag.py
[2025-12-16T11:51:52.035+0000] {logging_mixin.py:188} INFO - [2025-12-16T11:51:52.034+0000] {dag.py:3047} INFO - Sync 1 DAGs
[2025-12-16T11:51:52.043+0000] {logging_mixin.py:188} INFO - [2025-12-16T11:51:52.043+0000] {dag.py:3834} INFO - Setting next_dagrun for linkinfo_dag to None, run_after=None
[2025-12-16T11:51:52.064+0000] {processor.py:183} INFO - Processing /opt/airflow/dags/linkinfo_dag.py took 0.109 seconds
[2025-12-16T11:52:22.659+0000] {processor.py:161} INFO - Started process (PID=2415) to work on /opt/airflow/dags/linkinfo_dag.py
[2025-12-16T11:52:22.660+0000] {processor.py:830} INFO - Processing file /opt/airflow/dags/linkinfo_dag.py for tasks to queue
[2025-12-16T11:52:22.661+0000] {logging_mixin.py:188} INFO - [2025-12-16T11:52:22.661+0000] {dagbag.py:540} INFO - Filling up the DagBag from /opt/airflow/dags/linkinfo_dag.py
[2025-12-16T11:52:22.718+0000] {processor.py:840} INFO - DAG(s) 'linkinfo_dag' retrieved from /opt/airflow/dags/linkinfo_dag.py
[2025-12-16T11:52:22.733+0000] {logging_mixin.py:188} INFO - [2025-12-16T11:52:22.733+0000] {dag.py:3047} INFO - Sync 1 DAGs
[2025-12-16T11:52:22.743+0000] {logging_mixin.py:188} INFO - [2025-12-16T11:52:22.743+0000] {dag.py:3834} INFO - Setting next_dagrun for linkinfo_dag to None, run_after=None
[2025-12-16T11:52:22.766+0000] {processor.py:183} INFO - Processing /opt/airflow/dags/linkinfo_dag.py took 0.110 seconds
[2025-12-16T11:52:53.246+0000] {processor.py:161} INFO - Started process (PID=2440) to work on /opt/airflow/dags/linkinfo_dag.py
[2025-12-16T11:52:53.247+0000] {processor.py:830} INFO - Processing file /opt/airflow/dags/linkinfo_dag.py for tasks to queue
[2025-12-16T11:52:53.248+0000] {logging_mixin.py:188} INFO - [2025-12-16T11:52:53.248+0000] {dagbag.py:540} INFO - Filling up the DagBag from /opt/airflow/dags/linkinfo_dag.py
[2025-12-16T11:52:53.292+0000] {processor.py:840} INFO - DAG(s) 'linkinfo_dag' retrieved from /opt/airflow/dags/linkinfo_dag.py
[2025-12-16T11:52:53.307+0000] {logging_mixin.py:188} INFO - [2025-12-16T11:52:53.307+0000] {dag.py:3047} INFO - Sync 1 DAGs
[2025-12-16T11:52:53.315+0000] {logging_mixin.py:188} INFO - [2025-12-16T11:52:53.315+0000] {dag.py:3834} INFO - Setting next_dagrun for linkinfo_dag to None, run_after=None
[2025-12-16T11:52:53.336+0000] {processor.py:183} INFO - Processing /opt/airflow/dags/linkinfo_dag.py took 0.092 seconds
[2025-12-16T11:53:23.852+0000] {processor.py:161} INFO - Started process (PID=2478) to work on /opt/airflow/dags/linkinfo_dag.py
[2025-12-16T11:53:23.853+0000] {processor.py:830} INFO - Processing file /opt/airflow/dags/linkinfo_dag.py for tasks to queue
[2025-12-16T11:53:23.854+0000] {logging_mixin.py:188} INFO - [2025-12-16T11:53:23.854+0000] {dagbag.py:540} INFO - Filling up the DagBag from /opt/airflow/dags/linkinfo_dag.py
[2025-12-16T11:53:23.897+0000] {processor.py:840} INFO - DAG(s) 'linkinfo_dag' retrieved from /opt/airflow/dags/linkinfo_dag.py
[2025-12-16T11:53:23.912+0000] {logging_mixin.py:188} INFO - [2025-12-16T11:53:23.911+0000] {dag.py:3047} INFO - Sync 1 DAGs
[2025-12-16T11:53:23.920+0000] {logging_mixin.py:188} INFO - [2025-12-16T11:53:23.920+0000] {dag.py:3834} INFO - Setting next_dagrun for linkinfo_dag to None, run_after=None
[2025-12-16T11:53:23.941+0000] {processor.py:183} INFO - Processing /opt/airflow/dags/linkinfo_dag.py took 0.091 seconds
[2025-12-16T11:53:54.518+0000] {processor.py:161} INFO - Started process (PID=2503) to work on /opt/airflow/dags/linkinfo_dag.py
[2025-12-16T11:53:54.519+0000] {processor.py:830} INFO - Processing file /opt/airflow/dags/linkinfo_dag.py for tasks to queue
[2025-12-16T11:53:54.520+0000] {logging_mixin.py:188} INFO - [2025-12-16T11:53:54.520+0000] {dagbag.py:540} INFO - Filling up the DagBag from /opt/airflow/dags/linkinfo_dag.py
[2025-12-16T11:53:54.565+0000] {processor.py:840} INFO - DAG(s) 'linkinfo_dag' retrieved from /opt/airflow/dags/linkinfo_dag.py
[2025-12-16T11:53:54.580+0000] {logging_mixin.py:188} INFO - [2025-12-16T11:53:54.580+0000] {dag.py:3047} INFO - Sync 1 DAGs
[2025-12-16T11:53:54.589+0000] {logging_mixin.py:188} INFO - [2025-12-16T11:53:54.589+0000] {dag.py:3834} INFO - Setting next_dagrun for linkinfo_dag to None, run_after=None
[2025-12-16T11:53:54.608+0000] {processor.py:183} INFO - Processing /opt/airflow/dags/linkinfo_dag.py took 0.092 seconds
[2025-12-16T11:54:25.178+0000] {processor.py:161} INFO - Started process (PID=2541) to work on /opt/airflow/dags/linkinfo_dag.py
[2025-12-16T11:54:25.179+0000] {processor.py:830} INFO - Processing file /opt/airflow/dags/linkinfo_dag.py for tasks to queue
[2025-12-16T11:54:25.180+0000] {logging_mixin.py:188} INFO - [2025-12-16T11:54:25.180+0000] {dagbag.py:540} INFO - Filling up the DagBag from /opt/airflow/dags/linkinfo_dag.py
[2025-12-16T11:54:25.231+0000] {processor.py:840} INFO - DAG(s) 'linkinfo_dag' retrieved from /opt/airflow/dags/linkinfo_dag.py
[2025-12-16T11:54:25.248+0000] {logging_mixin.py:188} INFO - [2025-12-16T11:54:25.247+0000] {dag.py:3047} INFO - Sync 1 DAGs
[2025-12-16T11:54:25.257+0000] {logging_mixin.py:188} INFO - [2025-12-16T11:54:25.257+0000] {dag.py:3834} INFO - Setting next_dagrun for linkinfo_dag to None, run_after=None
[2025-12-16T11:54:25.278+0000] {processor.py:183} INFO - Processing /opt/airflow/dags/linkinfo_dag.py took 0.103 seconds
[2025-12-16T11:54:55.889+0000] {processor.py:161} INFO - Started process (PID=2566) to work on /opt/airflow/dags/linkinfo_dag.py
[2025-12-16T11:54:55.890+0000] {processor.py:830} INFO - Processing file /opt/airflow/dags/linkinfo_dag.py for tasks to queue
[2025-12-16T11:54:55.891+0000] {logging_mixin.py:188} INFO - [2025-12-16T11:54:55.891+0000] {dagbag.py:540} INFO - Filling up the DagBag from /opt/airflow/dags/linkinfo_dag.py
[2025-12-16T11:54:55.954+0000] {processor.py:840} INFO - DAG(s) 'linkinfo_dag' retrieved from /opt/airflow/dags/linkinfo_dag.py
[2025-12-16T11:54:55.972+0000] {logging_mixin.py:188} INFO - [2025-12-16T11:54:55.972+0000] {dag.py:3047} INFO - Sync 1 DAGs
[2025-12-16T11:54:55.984+0000] {logging_mixin.py:188} INFO - [2025-12-16T11:54:55.984+0000] {dag.py:3834} INFO - Setting next_dagrun for linkinfo_dag to None, run_after=None
[2025-12-16T11:54:56.030+0000] {processor.py:183} INFO - Processing /opt/airflow/dags/linkinfo_dag.py took 0.144 seconds
