[2025-12-16T11:03:33.788+0000] {processor.py:161} INFO - Started process (PID=178) to work on /opt/airflow/dags/outbreak_batch_dag.py
[2025-12-16T11:03:33.790+0000] {processor.py:830} INFO - Processing file /opt/airflow/dags/outbreak_batch_dag.py for tasks to queue
[2025-12-16T11:03:33.791+0000] {logging_mixin.py:188} INFO - [2025-12-16T11:03:33.791+0000] {dagbag.py:540} INFO - Filling up the DagBag from /opt/airflow/dags/outbreak_batch_dag.py
[2025-12-16T11:03:34.024+0000] {processor.py:840} INFO - DAG(s) 'outbreak_batch_dag' retrieved from /opt/airflow/dags/outbreak_batch_dag.py
[2025-12-16T11:03:34.235+0000] {logging_mixin.py:188} INFO - [2025-12-16T11:03:34.235+0000] {override.py:1769} INFO - Created Permission View: can edit on DAG:outbreak_batch_dag
[2025-12-16T11:03:34.256+0000] {logging_mixin.py:188} INFO - [2025-12-16T11:03:34.255+0000] {override.py:1769} INFO - Created Permission View: can delete on DAG:outbreak_batch_dag
[2025-12-16T11:03:34.278+0000] {logging_mixin.py:188} INFO - [2025-12-16T11:03:34.277+0000] {override.py:1769} INFO - Created Permission View: can read on DAG:outbreak_batch_dag
[2025-12-16T11:03:34.279+0000] {logging_mixin.py:188} INFO - [2025-12-16T11:03:34.278+0000] {dag.py:3047} INFO - Sync 1 DAGs
[2025-12-16T11:03:34.293+0000] {logging_mixin.py:188} INFO - [2025-12-16T11:03:34.293+0000] {dag.py:3069} INFO - Creating ORM DAG for outbreak_batch_dag
[2025-12-16T11:03:34.294+0000] {logging_mixin.py:188} INFO - [2025-12-16T11:03:34.294+0000] {dag.py:3834} INFO - Setting next_dagrun for outbreak_batch_dag to None, run_after=None
[2025-12-16T11:03:34.330+0000] {processor.py:183} INFO - Processing /opt/airflow/dags/outbreak_batch_dag.py took 0.547 seconds
[2025-12-16T11:04:04.636+0000] {processor.py:161} INFO - Started process (PID=203) to work on /opt/airflow/dags/outbreak_batch_dag.py
[2025-12-16T11:04:04.641+0000] {processor.py:830} INFO - Processing file /opt/airflow/dags/outbreak_batch_dag.py for tasks to queue
[2025-12-16T11:04:04.643+0000] {logging_mixin.py:188} INFO - [2025-12-16T11:04:04.643+0000] {dagbag.py:540} INFO - Filling up the DagBag from /opt/airflow/dags/outbreak_batch_dag.py
[2025-12-16T11:04:04.750+0000] {processor.py:840} INFO - DAG(s) 'outbreak_batch_dag' retrieved from /opt/airflow/dags/outbreak_batch_dag.py
[2025-12-16T11:04:04.772+0000] {logging_mixin.py:188} INFO - [2025-12-16T11:04:04.772+0000] {dag.py:3047} INFO - Sync 1 DAGs
[2025-12-16T11:04:04.805+0000] {logging_mixin.py:188} INFO - [2025-12-16T11:04:04.805+0000] {dag.py:3834} INFO - Setting next_dagrun for outbreak_batch_dag to None, run_after=None
[2025-12-16T11:04:04.847+0000] {processor.py:183} INFO - Processing /opt/airflow/dags/outbreak_batch_dag.py took 0.222 seconds
[2025-12-16T11:04:35.488+0000] {processor.py:161} INFO - Started process (PID=228) to work on /opt/airflow/dags/outbreak_batch_dag.py
[2025-12-16T11:04:35.490+0000] {processor.py:830} INFO - Processing file /opt/airflow/dags/outbreak_batch_dag.py for tasks to queue
[2025-12-16T11:04:35.493+0000] {logging_mixin.py:188} INFO - [2025-12-16T11:04:35.493+0000] {dagbag.py:540} INFO - Filling up the DagBag from /opt/airflow/dags/outbreak_batch_dag.py
[2025-12-16T11:04:35.564+0000] {processor.py:840} INFO - DAG(s) 'outbreak_batch_dag' retrieved from /opt/airflow/dags/outbreak_batch_dag.py
[2025-12-16T11:04:35.581+0000] {logging_mixin.py:188} INFO - [2025-12-16T11:04:35.581+0000] {dag.py:3047} INFO - Sync 1 DAGs
[2025-12-16T11:04:35.602+0000] {logging_mixin.py:188} INFO - [2025-12-16T11:04:35.602+0000] {dag.py:3834} INFO - Setting next_dagrun for outbreak_batch_dag to None, run_after=None
[2025-12-16T11:04:35.641+0000] {processor.py:183} INFO - Processing /opt/airflow/dags/outbreak_batch_dag.py took 0.156 seconds
[2025-12-16T11:05:06.526+0000] {processor.py:161} INFO - Started process (PID=484) to work on /opt/airflow/dags/outbreak_batch_dag.py
[2025-12-16T11:05:06.528+0000] {processor.py:830} INFO - Processing file /opt/airflow/dags/outbreak_batch_dag.py for tasks to queue
[2025-12-16T11:05:06.530+0000] {logging_mixin.py:188} INFO - [2025-12-16T11:05:06.529+0000] {dagbag.py:540} INFO - Filling up the DagBag from /opt/airflow/dags/outbreak_batch_dag.py
[2025-12-16T11:05:06.631+0000] {processor.py:840} INFO - DAG(s) 'outbreak_batch_dag' retrieved from /opt/airflow/dags/outbreak_batch_dag.py
[2025-12-16T11:05:06.670+0000] {logging_mixin.py:188} INFO - [2025-12-16T11:05:06.670+0000] {dag.py:3047} INFO - Sync 1 DAGs
[2025-12-16T11:05:06.690+0000] {logging_mixin.py:188} INFO - [2025-12-16T11:05:06.690+0000] {dag.py:3834} INFO - Setting next_dagrun for outbreak_batch_dag to None, run_after=None
[2025-12-16T11:05:06.746+0000] {processor.py:183} INFO - Processing /opt/airflow/dags/outbreak_batch_dag.py took 0.229 seconds
[2025-12-16T11:05:36.883+0000] {processor.py:161} INFO - Started process (PID=682) to work on /opt/airflow/dags/outbreak_batch_dag.py
[2025-12-16T11:05:36.884+0000] {processor.py:830} INFO - Processing file /opt/airflow/dags/outbreak_batch_dag.py for tasks to queue
[2025-12-16T11:05:36.885+0000] {logging_mixin.py:188} INFO - [2025-12-16T11:05:36.884+0000] {dagbag.py:540} INFO - Filling up the DagBag from /opt/airflow/dags/outbreak_batch_dag.py
[2025-12-16T11:05:36.924+0000] {processor.py:840} INFO - DAG(s) 'outbreak_batch_dag' retrieved from /opt/airflow/dags/outbreak_batch_dag.py
[2025-12-16T11:05:36.938+0000] {logging_mixin.py:188} INFO - [2025-12-16T11:05:36.938+0000] {dag.py:3047} INFO - Sync 1 DAGs
[2025-12-16T11:05:36.948+0000] {logging_mixin.py:188} INFO - [2025-12-16T11:05:36.947+0000] {dag.py:3834} INFO - Setting next_dagrun for outbreak_batch_dag to None, run_after=None
[2025-12-16T11:05:36.973+0000] {processor.py:183} INFO - Processing /opt/airflow/dags/outbreak_batch_dag.py took 0.093 seconds
[2025-12-16T11:06:07.877+0000] {processor.py:161} INFO - Started process (PID=719) to work on /opt/airflow/dags/outbreak_batch_dag.py
[2025-12-16T11:06:07.878+0000] {processor.py:830} INFO - Processing file /opt/airflow/dags/outbreak_batch_dag.py for tasks to queue
[2025-12-16T11:06:07.879+0000] {logging_mixin.py:188} INFO - [2025-12-16T11:06:07.879+0000] {dagbag.py:540} INFO - Filling up the DagBag from /opt/airflow/dags/outbreak_batch_dag.py
[2025-12-16T11:06:07.950+0000] {processor.py:840} INFO - DAG(s) 'outbreak_batch_dag' retrieved from /opt/airflow/dags/outbreak_batch_dag.py
[2025-12-16T11:06:07.965+0000] {logging_mixin.py:188} INFO - [2025-12-16T11:06:07.965+0000] {dag.py:3047} INFO - Sync 1 DAGs
[2025-12-16T11:06:07.974+0000] {logging_mixin.py:188} INFO - [2025-12-16T11:06:07.974+0000] {dag.py:3834} INFO - Setting next_dagrun for outbreak_batch_dag to None, run_after=None
[2025-12-16T11:06:08.007+0000] {processor.py:183} INFO - Processing /opt/airflow/dags/outbreak_batch_dag.py took 0.134 seconds
[2025-12-16T11:06:38.501+0000] {processor.py:161} INFO - Started process (PID=748) to work on /opt/airflow/dags/outbreak_batch_dag.py
[2025-12-16T11:06:38.502+0000] {processor.py:830} INFO - Processing file /opt/airflow/dags/outbreak_batch_dag.py for tasks to queue
[2025-12-16T11:06:38.503+0000] {logging_mixin.py:188} INFO - [2025-12-16T11:06:38.502+0000] {dagbag.py:540} INFO - Filling up the DagBag from /opt/airflow/dags/outbreak_batch_dag.py
[2025-12-16T11:06:38.548+0000] {processor.py:840} INFO - DAG(s) 'outbreak_batch_dag' retrieved from /opt/airflow/dags/outbreak_batch_dag.py
[2025-12-16T11:06:38.564+0000] {logging_mixin.py:188} INFO - [2025-12-16T11:06:38.563+0000] {dag.py:3047} INFO - Sync 1 DAGs
[2025-12-16T11:06:38.574+0000] {logging_mixin.py:188} INFO - [2025-12-16T11:06:38.574+0000] {dag.py:3834} INFO - Setting next_dagrun for outbreak_batch_dag to None, run_after=None
[2025-12-16T11:06:38.595+0000] {processor.py:183} INFO - Processing /opt/airflow/dags/outbreak_batch_dag.py took 0.097 seconds
[2025-12-16T11:07:09.121+0000] {processor.py:161} INFO - Started process (PID=785) to work on /opt/airflow/dags/outbreak_batch_dag.py
[2025-12-16T11:07:09.122+0000] {processor.py:830} INFO - Processing file /opt/airflow/dags/outbreak_batch_dag.py for tasks to queue
[2025-12-16T11:07:09.122+0000] {logging_mixin.py:188} INFO - [2025-12-16T11:07:09.122+0000] {dagbag.py:540} INFO - Filling up the DagBag from /opt/airflow/dags/outbreak_batch_dag.py
[2025-12-16T11:07:09.176+0000] {processor.py:840} INFO - DAG(s) 'outbreak_batch_dag' retrieved from /opt/airflow/dags/outbreak_batch_dag.py
[2025-12-16T11:07:09.192+0000] {logging_mixin.py:188} INFO - [2025-12-16T11:07:09.192+0000] {dag.py:3047} INFO - Sync 1 DAGs
[2025-12-16T11:07:09.201+0000] {logging_mixin.py:188} INFO - [2025-12-16T11:07:09.201+0000] {dag.py:3834} INFO - Setting next_dagrun for outbreak_batch_dag to None, run_after=None
[2025-12-16T11:07:09.222+0000] {processor.py:183} INFO - Processing /opt/airflow/dags/outbreak_batch_dag.py took 0.104 seconds
[2025-12-16T11:07:39.752+0000] {processor.py:161} INFO - Started process (PID=824) to work on /opt/airflow/dags/outbreak_batch_dag.py
[2025-12-16T11:07:39.754+0000] {processor.py:830} INFO - Processing file /opt/airflow/dags/outbreak_batch_dag.py for tasks to queue
[2025-12-16T11:07:39.757+0000] {logging_mixin.py:188} INFO - [2025-12-16T11:07:39.757+0000] {dagbag.py:540} INFO - Filling up the DagBag from /opt/airflow/dags/outbreak_batch_dag.py
[2025-12-16T11:07:39.799+0000] {processor.py:840} INFO - DAG(s) 'outbreak_batch_dag' retrieved from /opt/airflow/dags/outbreak_batch_dag.py
[2025-12-16T11:07:39.818+0000] {logging_mixin.py:188} INFO - [2025-12-16T11:07:39.818+0000] {dag.py:3047} INFO - Sync 1 DAGs
[2025-12-16T11:07:39.827+0000] {logging_mixin.py:188} INFO - [2025-12-16T11:07:39.827+0000] {dag.py:3834} INFO - Setting next_dagrun for outbreak_batch_dag to None, run_after=None
[2025-12-16T11:07:39.848+0000] {processor.py:183} INFO - Processing /opt/airflow/dags/outbreak_batch_dag.py took 0.100 seconds
[2025-12-16T11:08:10.382+0000] {processor.py:161} INFO - Started process (PID=862) to work on /opt/airflow/dags/outbreak_batch_dag.py
[2025-12-16T11:08:10.384+0000] {processor.py:830} INFO - Processing file /opt/airflow/dags/outbreak_batch_dag.py for tasks to queue
[2025-12-16T11:08:10.385+0000] {logging_mixin.py:188} INFO - [2025-12-16T11:08:10.384+0000] {dagbag.py:540} INFO - Filling up the DagBag from /opt/airflow/dags/outbreak_batch_dag.py
[2025-12-16T11:08:10.426+0000] {processor.py:840} INFO - DAG(s) 'outbreak_batch_dag' retrieved from /opt/airflow/dags/outbreak_batch_dag.py
[2025-12-16T11:08:10.442+0000] {logging_mixin.py:188} INFO - [2025-12-16T11:08:10.441+0000] {dag.py:3047} INFO - Sync 1 DAGs
[2025-12-16T11:08:10.450+0000] {logging_mixin.py:188} INFO - [2025-12-16T11:08:10.450+0000] {dag.py:3834} INFO - Setting next_dagrun for outbreak_batch_dag to None, run_after=None
[2025-12-16T11:08:10.471+0000] {processor.py:183} INFO - Processing /opt/airflow/dags/outbreak_batch_dag.py took 0.091 seconds
[2025-12-16T11:08:41.168+0000] {processor.py:161} INFO - Started process (PID=887) to work on /opt/airflow/dags/outbreak_batch_dag.py
[2025-12-16T11:08:41.169+0000] {processor.py:830} INFO - Processing file /opt/airflow/dags/outbreak_batch_dag.py for tasks to queue
[2025-12-16T11:08:41.170+0000] {logging_mixin.py:188} INFO - [2025-12-16T11:08:41.170+0000] {dagbag.py:540} INFO - Filling up the DagBag from /opt/airflow/dags/outbreak_batch_dag.py
[2025-12-16T11:08:41.217+0000] {processor.py:840} INFO - DAG(s) 'outbreak_batch_dag' retrieved from /opt/airflow/dags/outbreak_batch_dag.py
[2025-12-16T11:08:41.232+0000] {logging_mixin.py:188} INFO - [2025-12-16T11:08:41.231+0000] {dag.py:3047} INFO - Sync 1 DAGs
[2025-12-16T11:08:41.242+0000] {logging_mixin.py:188} INFO - [2025-12-16T11:08:41.242+0000] {dag.py:3834} INFO - Setting next_dagrun for outbreak_batch_dag to None, run_after=None
[2025-12-16T11:08:41.268+0000] {processor.py:183} INFO - Processing /opt/airflow/dags/outbreak_batch_dag.py took 0.102 seconds
[2025-12-16T11:09:11.702+0000] {processor.py:161} INFO - Started process (PID=925) to work on /opt/airflow/dags/outbreak_batch_dag.py
[2025-12-16T11:09:11.704+0000] {processor.py:830} INFO - Processing file /opt/airflow/dags/outbreak_batch_dag.py for tasks to queue
[2025-12-16T11:09:11.705+0000] {logging_mixin.py:188} INFO - [2025-12-16T11:09:11.705+0000] {dagbag.py:540} INFO - Filling up the DagBag from /opt/airflow/dags/outbreak_batch_dag.py
[2025-12-16T11:09:11.768+0000] {processor.py:840} INFO - DAG(s) 'outbreak_batch_dag' retrieved from /opt/airflow/dags/outbreak_batch_dag.py
[2025-12-16T11:09:11.787+0000] {logging_mixin.py:188} INFO - [2025-12-16T11:09:11.786+0000] {dag.py:3047} INFO - Sync 1 DAGs
[2025-12-16T11:09:11.797+0000] {logging_mixin.py:188} INFO - [2025-12-16T11:09:11.797+0000] {dag.py:3834} INFO - Setting next_dagrun for outbreak_batch_dag to None, run_after=None
[2025-12-16T11:09:11.827+0000] {processor.py:183} INFO - Processing /opt/airflow/dags/outbreak_batch_dag.py took 0.128 seconds
[2025-12-16T11:09:42.296+0000] {processor.py:161} INFO - Started process (PID=950) to work on /opt/airflow/dags/outbreak_batch_dag.py
[2025-12-16T11:09:42.297+0000] {processor.py:830} INFO - Processing file /opt/airflow/dags/outbreak_batch_dag.py for tasks to queue
[2025-12-16T11:09:42.298+0000] {logging_mixin.py:188} INFO - [2025-12-16T11:09:42.297+0000] {dagbag.py:540} INFO - Filling up the DagBag from /opt/airflow/dags/outbreak_batch_dag.py
[2025-12-16T11:09:42.352+0000] {processor.py:840} INFO - DAG(s) 'outbreak_batch_dag' retrieved from /opt/airflow/dags/outbreak_batch_dag.py
[2025-12-16T11:09:42.367+0000] {logging_mixin.py:188} INFO - [2025-12-16T11:09:42.367+0000] {dag.py:3047} INFO - Sync 1 DAGs
[2025-12-16T11:09:42.378+0000] {logging_mixin.py:188} INFO - [2025-12-16T11:09:42.378+0000] {dag.py:3834} INFO - Setting next_dagrun for outbreak_batch_dag to None, run_after=None
[2025-12-16T11:09:42.400+0000] {processor.py:183} INFO - Processing /opt/airflow/dags/outbreak_batch_dag.py took 0.106 seconds
[2025-12-16T11:10:12.916+0000] {processor.py:161} INFO - Started process (PID=988) to work on /opt/airflow/dags/outbreak_batch_dag.py
[2025-12-16T11:10:12.917+0000] {processor.py:830} INFO - Processing file /opt/airflow/dags/outbreak_batch_dag.py for tasks to queue
[2025-12-16T11:10:12.917+0000] {logging_mixin.py:188} INFO - [2025-12-16T11:10:12.917+0000] {dagbag.py:540} INFO - Filling up the DagBag from /opt/airflow/dags/outbreak_batch_dag.py
[2025-12-16T11:10:12.966+0000] {processor.py:840} INFO - DAG(s) 'outbreak_batch_dag' retrieved from /opt/airflow/dags/outbreak_batch_dag.py
[2025-12-16T11:10:12.984+0000] {logging_mixin.py:188} INFO - [2025-12-16T11:10:12.983+0000] {dag.py:3047} INFO - Sync 1 DAGs
[2025-12-16T11:10:12.994+0000] {logging_mixin.py:188} INFO - [2025-12-16T11:10:12.994+0000] {dag.py:3834} INFO - Setting next_dagrun for outbreak_batch_dag to None, run_after=None
[2025-12-16T11:10:13.014+0000] {processor.py:183} INFO - Processing /opt/airflow/dags/outbreak_batch_dag.py took 0.101 seconds
[2025-12-16T11:10:43.527+0000] {processor.py:161} INFO - Started process (PID=1013) to work on /opt/airflow/dags/outbreak_batch_dag.py
[2025-12-16T11:10:43.528+0000] {processor.py:830} INFO - Processing file /opt/airflow/dags/outbreak_batch_dag.py for tasks to queue
[2025-12-16T11:10:43.528+0000] {logging_mixin.py:188} INFO - [2025-12-16T11:10:43.528+0000] {dagbag.py:540} INFO - Filling up the DagBag from /opt/airflow/dags/outbreak_batch_dag.py
[2025-12-16T11:10:43.575+0000] {processor.py:840} INFO - DAG(s) 'outbreak_batch_dag' retrieved from /opt/airflow/dags/outbreak_batch_dag.py
[2025-12-16T11:10:43.594+0000] {logging_mixin.py:188} INFO - [2025-12-16T11:10:43.594+0000] {dag.py:3047} INFO - Sync 1 DAGs
[2025-12-16T11:10:43.608+0000] {logging_mixin.py:188} INFO - [2025-12-16T11:10:43.607+0000] {dag.py:3834} INFO - Setting next_dagrun for outbreak_batch_dag to None, run_after=None
[2025-12-16T11:10:43.632+0000] {processor.py:183} INFO - Processing /opt/airflow/dags/outbreak_batch_dag.py took 0.108 seconds
[2025-12-16T11:11:14.129+0000] {processor.py:161} INFO - Started process (PID=1051) to work on /opt/airflow/dags/outbreak_batch_dag.py
[2025-12-16T11:11:14.130+0000] {processor.py:830} INFO - Processing file /opt/airflow/dags/outbreak_batch_dag.py for tasks to queue
[2025-12-16T11:11:14.131+0000] {logging_mixin.py:188} INFO - [2025-12-16T11:11:14.130+0000] {dagbag.py:540} INFO - Filling up the DagBag from /opt/airflow/dags/outbreak_batch_dag.py
[2025-12-16T11:11:14.195+0000] {processor.py:840} INFO - DAG(s) 'outbreak_batch_dag' retrieved from /opt/airflow/dags/outbreak_batch_dag.py
[2025-12-16T11:11:14.209+0000] {logging_mixin.py:188} INFO - [2025-12-16T11:11:14.208+0000] {dag.py:3047} INFO - Sync 1 DAGs
[2025-12-16T11:11:14.217+0000] {logging_mixin.py:188} INFO - [2025-12-16T11:11:14.217+0000] {dag.py:3834} INFO - Setting next_dagrun for outbreak_batch_dag to None, run_after=None
[2025-12-16T11:11:14.239+0000] {processor.py:183} INFO - Processing /opt/airflow/dags/outbreak_batch_dag.py took 0.113 seconds
[2025-12-16T11:11:44.793+0000] {processor.py:161} INFO - Started process (PID=1076) to work on /opt/airflow/dags/outbreak_batch_dag.py
[2025-12-16T11:11:44.794+0000] {processor.py:830} INFO - Processing file /opt/airflow/dags/outbreak_batch_dag.py for tasks to queue
[2025-12-16T11:11:44.795+0000] {logging_mixin.py:188} INFO - [2025-12-16T11:11:44.795+0000] {dagbag.py:540} INFO - Filling up the DagBag from /opt/airflow/dags/outbreak_batch_dag.py
[2025-12-16T11:11:44.852+0000] {processor.py:840} INFO - DAG(s) 'outbreak_batch_dag' retrieved from /opt/airflow/dags/outbreak_batch_dag.py
[2025-12-16T11:11:44.868+0000] {logging_mixin.py:188} INFO - [2025-12-16T11:11:44.867+0000] {dag.py:3047} INFO - Sync 1 DAGs
[2025-12-16T11:11:44.877+0000] {logging_mixin.py:188} INFO - [2025-12-16T11:11:44.877+0000] {dag.py:3834} INFO - Setting next_dagrun for outbreak_batch_dag to None, run_after=None
[2025-12-16T11:11:44.897+0000] {processor.py:183} INFO - Processing /opt/airflow/dags/outbreak_batch_dag.py took 0.107 seconds
[2025-12-16T11:12:15.332+0000] {processor.py:161} INFO - Started process (PID=1114) to work on /opt/airflow/dags/outbreak_batch_dag.py
[2025-12-16T11:12:15.332+0000] {processor.py:830} INFO - Processing file /opt/airflow/dags/outbreak_batch_dag.py for tasks to queue
[2025-12-16T11:12:15.333+0000] {logging_mixin.py:188} INFO - [2025-12-16T11:12:15.333+0000] {dagbag.py:540} INFO - Filling up the DagBag from /opt/airflow/dags/outbreak_batch_dag.py
[2025-12-16T11:12:15.381+0000] {processor.py:840} INFO - DAG(s) 'outbreak_batch_dag' retrieved from /opt/airflow/dags/outbreak_batch_dag.py
[2025-12-16T11:12:15.399+0000] {logging_mixin.py:188} INFO - [2025-12-16T11:12:15.398+0000] {dag.py:3047} INFO - Sync 1 DAGs
[2025-12-16T11:12:15.408+0000] {logging_mixin.py:188} INFO - [2025-12-16T11:12:15.408+0000] {dag.py:3834} INFO - Setting next_dagrun for outbreak_batch_dag to None, run_after=None
[2025-12-16T11:12:15.429+0000] {processor.py:183} INFO - Processing /opt/airflow/dags/outbreak_batch_dag.py took 0.100 seconds
[2025-12-16T11:12:46.032+0000] {processor.py:161} INFO - Started process (PID=1139) to work on /opt/airflow/dags/outbreak_batch_dag.py
[2025-12-16T11:12:46.033+0000] {processor.py:830} INFO - Processing file /opt/airflow/dags/outbreak_batch_dag.py for tasks to queue
[2025-12-16T11:12:46.033+0000] {logging_mixin.py:188} INFO - [2025-12-16T11:12:46.033+0000] {dagbag.py:540} INFO - Filling up the DagBag from /opt/airflow/dags/outbreak_batch_dag.py
[2025-12-16T11:12:46.080+0000] {processor.py:840} INFO - DAG(s) 'outbreak_batch_dag' retrieved from /opt/airflow/dags/outbreak_batch_dag.py
[2025-12-16T11:12:46.096+0000] {logging_mixin.py:188} INFO - [2025-12-16T11:12:46.096+0000] {dag.py:3047} INFO - Sync 1 DAGs
[2025-12-16T11:12:46.107+0000] {logging_mixin.py:188} INFO - [2025-12-16T11:12:46.107+0000] {dag.py:3834} INFO - Setting next_dagrun for outbreak_batch_dag to None, run_after=None
[2025-12-16T11:12:46.129+0000] {processor.py:183} INFO - Processing /opt/airflow/dags/outbreak_batch_dag.py took 0.100 seconds
[2025-12-16T11:13:16.646+0000] {processor.py:161} INFO - Started process (PID=1177) to work on /opt/airflow/dags/outbreak_batch_dag.py
[2025-12-16T11:13:16.647+0000] {processor.py:830} INFO - Processing file /opt/airflow/dags/outbreak_batch_dag.py for tasks to queue
[2025-12-16T11:13:16.648+0000] {logging_mixin.py:188} INFO - [2025-12-16T11:13:16.648+0000] {dagbag.py:540} INFO - Filling up the DagBag from /opt/airflow/dags/outbreak_batch_dag.py
[2025-12-16T11:13:16.694+0000] {processor.py:840} INFO - DAG(s) 'outbreak_batch_dag' retrieved from /opt/airflow/dags/outbreak_batch_dag.py
[2025-12-16T11:13:16.709+0000] {logging_mixin.py:188} INFO - [2025-12-16T11:13:16.709+0000] {dag.py:3047} INFO - Sync 1 DAGs
[2025-12-16T11:13:16.718+0000] {logging_mixin.py:188} INFO - [2025-12-16T11:13:16.718+0000] {dag.py:3834} INFO - Setting next_dagrun for outbreak_batch_dag to None, run_after=None
[2025-12-16T11:13:16.739+0000] {processor.py:183} INFO - Processing /opt/airflow/dags/outbreak_batch_dag.py took 0.095 seconds
[2025-12-16T11:13:47.312+0000] {processor.py:161} INFO - Started process (PID=1202) to work on /opt/airflow/dags/outbreak_batch_dag.py
[2025-12-16T11:13:47.313+0000] {processor.py:830} INFO - Processing file /opt/airflow/dags/outbreak_batch_dag.py for tasks to queue
[2025-12-16T11:13:47.314+0000] {logging_mixin.py:188} INFO - [2025-12-16T11:13:47.313+0000] {dagbag.py:540} INFO - Filling up the DagBag from /opt/airflow/dags/outbreak_batch_dag.py
[2025-12-16T11:13:47.387+0000] {processor.py:840} INFO - DAG(s) 'outbreak_batch_dag' retrieved from /opt/airflow/dags/outbreak_batch_dag.py
[2025-12-16T11:13:47.412+0000] {logging_mixin.py:188} INFO - [2025-12-16T11:13:47.411+0000] {dag.py:3047} INFO - Sync 1 DAGs
[2025-12-16T11:13:47.425+0000] {logging_mixin.py:188} INFO - [2025-12-16T11:13:47.425+0000] {dag.py:3834} INFO - Setting next_dagrun for outbreak_batch_dag to None, run_after=None
[2025-12-16T11:13:47.456+0000] {processor.py:183} INFO - Processing /opt/airflow/dags/outbreak_batch_dag.py took 0.147 seconds
[2025-12-16T11:17:05.754+0000] {processor.py:161} INFO - Started process (PID=179) to work on /opt/airflow/dags/outbreak_batch_dag.py
[2025-12-16T11:17:05.755+0000] {processor.py:830} INFO - Processing file /opt/airflow/dags/outbreak_batch_dag.py for tasks to queue
[2025-12-16T11:17:05.756+0000] {logging_mixin.py:188} INFO - [2025-12-16T11:17:05.756+0000] {dagbag.py:540} INFO - Filling up the DagBag from /opt/airflow/dags/outbreak_batch_dag.py
[2025-12-16T11:17:05.910+0000] {processor.py:840} INFO - DAG(s) 'outbreak_batch_dag' retrieved from /opt/airflow/dags/outbreak_batch_dag.py
[2025-12-16T11:17:05.931+0000] {logging_mixin.py:188} INFO - [2025-12-16T11:17:05.931+0000] {dag.py:3047} INFO - Sync 1 DAGs
[2025-12-16T11:17:05.946+0000] {logging_mixin.py:188} INFO - [2025-12-16T11:17:05.946+0000] {dag.py:3834} INFO - Setting next_dagrun for outbreak_batch_dag to None, run_after=None
[2025-12-16T11:17:05.976+0000] {processor.py:183} INFO - Processing /opt/airflow/dags/outbreak_batch_dag.py took 0.227 seconds
[2025-12-16T11:17:36.619+0000] {processor.py:161} INFO - Started process (PID=229) to work on /opt/airflow/dags/outbreak_batch_dag.py
[2025-12-16T11:17:36.621+0000] {processor.py:830} INFO - Processing file /opt/airflow/dags/outbreak_batch_dag.py for tasks to queue
[2025-12-16T11:17:36.622+0000] {logging_mixin.py:188} INFO - [2025-12-16T11:17:36.621+0000] {dagbag.py:540} INFO - Filling up the DagBag from /opt/airflow/dags/outbreak_batch_dag.py
[2025-12-16T11:17:36.681+0000] {processor.py:840} INFO - DAG(s) 'outbreak_batch_dag' retrieved from /opt/airflow/dags/outbreak_batch_dag.py
[2025-12-16T11:17:36.851+0000] {logging_mixin.py:188} INFO - [2025-12-16T11:17:36.851+0000] {dag.py:3047} INFO - Sync 1 DAGs
[2025-12-16T11:17:36.869+0000] {logging_mixin.py:188} INFO - [2025-12-16T11:17:36.869+0000] {dag.py:3834} INFO - Setting next_dagrun for outbreak_batch_dag to None, run_after=None
[2025-12-16T11:17:36.904+0000] {processor.py:183} INFO - Processing /opt/airflow/dags/outbreak_batch_dag.py took 0.287 seconds
[2025-12-16T11:18:07.684+0000] {processor.py:161} INFO - Started process (PID=280) to work on /opt/airflow/dags/outbreak_batch_dag.py
[2025-12-16T11:18:07.685+0000] {processor.py:830} INFO - Processing file /opt/airflow/dags/outbreak_batch_dag.py for tasks to queue
[2025-12-16T11:18:07.687+0000] {logging_mixin.py:188} INFO - [2025-12-16T11:18:07.686+0000] {dagbag.py:540} INFO - Filling up the DagBag from /opt/airflow/dags/outbreak_batch_dag.py
[2025-12-16T11:18:07.739+0000] {processor.py:840} INFO - DAG(s) 'outbreak_batch_dag' retrieved from /opt/airflow/dags/outbreak_batch_dag.py
[2025-12-16T11:18:07.756+0000] {logging_mixin.py:188} INFO - [2025-12-16T11:18:07.756+0000] {dag.py:3047} INFO - Sync 1 DAGs
[2025-12-16T11:18:07.768+0000] {logging_mixin.py:188} INFO - [2025-12-16T11:18:07.767+0000] {dag.py:3834} INFO - Setting next_dagrun for outbreak_batch_dag to None, run_after=None
[2025-12-16T11:18:07.790+0000] {processor.py:183} INFO - Processing /opt/airflow/dags/outbreak_batch_dag.py took 0.110 seconds
[2025-12-16T11:18:38.318+0000] {processor.py:161} INFO - Started process (PID=305) to work on /opt/airflow/dags/outbreak_batch_dag.py
[2025-12-16T11:18:38.318+0000] {processor.py:830} INFO - Processing file /opt/airflow/dags/outbreak_batch_dag.py for tasks to queue
[2025-12-16T11:18:38.319+0000] {logging_mixin.py:188} INFO - [2025-12-16T11:18:38.319+0000] {dagbag.py:540} INFO - Filling up the DagBag from /opt/airflow/dags/outbreak_batch_dag.py
[2025-12-16T11:18:38.380+0000] {processor.py:840} INFO - DAG(s) 'outbreak_batch_dag' retrieved from /opt/airflow/dags/outbreak_batch_dag.py
[2025-12-16T11:18:38.407+0000] {logging_mixin.py:188} INFO - [2025-12-16T11:18:38.407+0000] {dag.py:3047} INFO - Sync 1 DAGs
[2025-12-16T11:18:38.418+0000] {logging_mixin.py:188} INFO - [2025-12-16T11:18:38.418+0000] {dag.py:3834} INFO - Setting next_dagrun for outbreak_batch_dag to None, run_after=None
[2025-12-16T11:18:38.440+0000] {processor.py:183} INFO - Processing /opt/airflow/dags/outbreak_batch_dag.py took 0.125 seconds
[2025-12-16T11:19:09.003+0000] {processor.py:161} INFO - Started process (PID=343) to work on /opt/airflow/dags/outbreak_batch_dag.py
[2025-12-16T11:19:09.004+0000] {processor.py:830} INFO - Processing file /opt/airflow/dags/outbreak_batch_dag.py for tasks to queue
[2025-12-16T11:19:09.005+0000] {logging_mixin.py:188} INFO - [2025-12-16T11:19:09.005+0000] {dagbag.py:540} INFO - Filling up the DagBag from /opt/airflow/dags/outbreak_batch_dag.py
[2025-12-16T11:19:09.110+0000] {processor.py:840} INFO - DAG(s) 'outbreak_batch_dag' retrieved from /opt/airflow/dags/outbreak_batch_dag.py
[2025-12-16T11:19:09.134+0000] {logging_mixin.py:188} INFO - [2025-12-16T11:19:09.133+0000] {dag.py:3047} INFO - Sync 1 DAGs
[2025-12-16T11:19:09.148+0000] {logging_mixin.py:188} INFO - [2025-12-16T11:19:09.148+0000] {dag.py:3834} INFO - Setting next_dagrun for outbreak_batch_dag to None, run_after=None
[2025-12-16T11:19:09.185+0000] {processor.py:183} INFO - Processing /opt/airflow/dags/outbreak_batch_dag.py took 0.184 seconds
[2025-12-16T11:19:39.748+0000] {processor.py:161} INFO - Started process (PID=381) to work on /opt/airflow/dags/outbreak_batch_dag.py
[2025-12-16T11:19:39.749+0000] {processor.py:830} INFO - Processing file /opt/airflow/dags/outbreak_batch_dag.py for tasks to queue
[2025-12-16T11:19:39.750+0000] {logging_mixin.py:188} INFO - [2025-12-16T11:19:39.750+0000] {dagbag.py:540} INFO - Filling up the DagBag from /opt/airflow/dags/outbreak_batch_dag.py
[2025-12-16T11:19:39.808+0000] {processor.py:840} INFO - DAG(s) 'outbreak_batch_dag' retrieved from /opt/airflow/dags/outbreak_batch_dag.py
[2025-12-16T11:19:39.823+0000] {logging_mixin.py:188} INFO - [2025-12-16T11:19:39.823+0000] {dag.py:3047} INFO - Sync 1 DAGs
[2025-12-16T11:19:39.832+0000] {logging_mixin.py:188} INFO - [2025-12-16T11:19:39.832+0000] {dag.py:3834} INFO - Setting next_dagrun for outbreak_batch_dag to None, run_after=None
[2025-12-16T11:19:39.853+0000] {processor.py:183} INFO - Processing /opt/airflow/dags/outbreak_batch_dag.py took 0.107 seconds
[2025-12-16T11:20:10.454+0000] {processor.py:161} INFO - Started process (PID=419) to work on /opt/airflow/dags/outbreak_batch_dag.py
[2025-12-16T11:20:10.455+0000] {processor.py:830} INFO - Processing file /opt/airflow/dags/outbreak_batch_dag.py for tasks to queue
[2025-12-16T11:20:10.456+0000] {logging_mixin.py:188} INFO - [2025-12-16T11:20:10.456+0000] {dagbag.py:540} INFO - Filling up the DagBag from /opt/airflow/dags/outbreak_batch_dag.py
[2025-12-16T11:20:10.511+0000] {processor.py:840} INFO - DAG(s) 'outbreak_batch_dag' retrieved from /opt/airflow/dags/outbreak_batch_dag.py
[2025-12-16T11:20:10.528+0000] {logging_mixin.py:188} INFO - [2025-12-16T11:20:10.527+0000] {dag.py:3047} INFO - Sync 1 DAGs
[2025-12-16T11:20:10.537+0000] {logging_mixin.py:188} INFO - [2025-12-16T11:20:10.537+0000] {dag.py:3834} INFO - Setting next_dagrun for outbreak_batch_dag to None, run_after=None
[2025-12-16T11:20:10.561+0000] {processor.py:183} INFO - Processing /opt/airflow/dags/outbreak_batch_dag.py took 0.109 seconds
[2025-12-16T11:20:41.112+0000] {processor.py:161} INFO - Started process (PID=444) to work on /opt/airflow/dags/outbreak_batch_dag.py
[2025-12-16T11:20:41.113+0000] {processor.py:830} INFO - Processing file /opt/airflow/dags/outbreak_batch_dag.py for tasks to queue
[2025-12-16T11:20:41.114+0000] {logging_mixin.py:188} INFO - [2025-12-16T11:20:41.114+0000] {dagbag.py:540} INFO - Filling up the DagBag from /opt/airflow/dags/outbreak_batch_dag.py
[2025-12-16T11:20:41.171+0000] {processor.py:840} INFO - DAG(s) 'outbreak_batch_dag' retrieved from /opt/airflow/dags/outbreak_batch_dag.py
[2025-12-16T11:20:41.190+0000] {logging_mixin.py:188} INFO - [2025-12-16T11:20:41.190+0000] {dag.py:3047} INFO - Sync 1 DAGs
[2025-12-16T11:20:41.201+0000] {logging_mixin.py:188} INFO - [2025-12-16T11:20:41.201+0000] {dag.py:3834} INFO - Setting next_dagrun for outbreak_batch_dag to None, run_after=None
[2025-12-16T11:20:41.223+0000] {processor.py:183} INFO - Processing /opt/airflow/dags/outbreak_batch_dag.py took 0.114 seconds
[2025-12-16T11:21:11.777+0000] {processor.py:161} INFO - Started process (PID=482) to work on /opt/airflow/dags/outbreak_batch_dag.py
[2025-12-16T11:21:11.778+0000] {processor.py:830} INFO - Processing file /opt/airflow/dags/outbreak_batch_dag.py for tasks to queue
[2025-12-16T11:21:11.779+0000] {logging_mixin.py:188} INFO - [2025-12-16T11:21:11.779+0000] {dagbag.py:540} INFO - Filling up the DagBag from /opt/airflow/dags/outbreak_batch_dag.py
[2025-12-16T11:21:11.825+0000] {processor.py:840} INFO - DAG(s) 'outbreak_batch_dag' retrieved from /opt/airflow/dags/outbreak_batch_dag.py
[2025-12-16T11:21:11.842+0000] {logging_mixin.py:188} INFO - [2025-12-16T11:21:11.841+0000] {dag.py:3047} INFO - Sync 1 DAGs
[2025-12-16T11:21:11.852+0000] {logging_mixin.py:188} INFO - [2025-12-16T11:21:11.852+0000] {dag.py:3834} INFO - Setting next_dagrun for outbreak_batch_dag to None, run_after=None
[2025-12-16T11:21:11.872+0000] {processor.py:183} INFO - Processing /opt/airflow/dags/outbreak_batch_dag.py took 0.099 seconds
[2025-12-16T11:21:42.393+0000] {processor.py:161} INFO - Started process (PID=507) to work on /opt/airflow/dags/outbreak_batch_dag.py
[2025-12-16T11:21:42.394+0000] {processor.py:830} INFO - Processing file /opt/airflow/dags/outbreak_batch_dag.py for tasks to queue
[2025-12-16T11:21:42.395+0000] {logging_mixin.py:188} INFO - [2025-12-16T11:21:42.395+0000] {dagbag.py:540} INFO - Filling up the DagBag from /opt/airflow/dags/outbreak_batch_dag.py
[2025-12-16T11:21:42.447+0000] {processor.py:840} INFO - DAG(s) 'outbreak_batch_dag' retrieved from /opt/airflow/dags/outbreak_batch_dag.py
[2025-12-16T11:21:42.463+0000] {logging_mixin.py:188} INFO - [2025-12-16T11:21:42.463+0000] {dag.py:3047} INFO - Sync 1 DAGs
[2025-12-16T11:21:42.473+0000] {logging_mixin.py:188} INFO - [2025-12-16T11:21:42.473+0000] {dag.py:3834} INFO - Setting next_dagrun for outbreak_batch_dag to None, run_after=None
[2025-12-16T11:21:42.508+0000] {processor.py:183} INFO - Processing /opt/airflow/dags/outbreak_batch_dag.py took 0.118 seconds
[2025-12-16T11:22:13.148+0000] {processor.py:161} INFO - Started process (PID=545) to work on /opt/airflow/dags/outbreak_batch_dag.py
[2025-12-16T11:22:13.149+0000] {processor.py:830} INFO - Processing file /opt/airflow/dags/outbreak_batch_dag.py for tasks to queue
[2025-12-16T11:22:13.150+0000] {logging_mixin.py:188} INFO - [2025-12-16T11:22:13.150+0000] {dagbag.py:540} INFO - Filling up the DagBag from /opt/airflow/dags/outbreak_batch_dag.py
[2025-12-16T11:22:13.215+0000] {processor.py:840} INFO - DAG(s) 'outbreak_batch_dag' retrieved from /opt/airflow/dags/outbreak_batch_dag.py
[2025-12-16T11:22:13.230+0000] {logging_mixin.py:188} INFO - [2025-12-16T11:22:13.230+0000] {dag.py:3047} INFO - Sync 1 DAGs
[2025-12-16T11:22:13.241+0000] {logging_mixin.py:188} INFO - [2025-12-16T11:22:13.241+0000] {dag.py:3834} INFO - Setting next_dagrun for outbreak_batch_dag to None, run_after=None
[2025-12-16T11:22:13.262+0000] {processor.py:183} INFO - Processing /opt/airflow/dags/outbreak_batch_dag.py took 0.116 seconds
[2025-12-16T11:22:43.690+0000] {processor.py:161} INFO - Started process (PID=570) to work on /opt/airflow/dags/outbreak_batch_dag.py
[2025-12-16T11:22:43.691+0000] {processor.py:830} INFO - Processing file /opt/airflow/dags/outbreak_batch_dag.py for tasks to queue
[2025-12-16T11:22:43.691+0000] {logging_mixin.py:188} INFO - [2025-12-16T11:22:43.691+0000] {dagbag.py:540} INFO - Filling up the DagBag from /opt/airflow/dags/outbreak_batch_dag.py
[2025-12-16T11:22:43.736+0000] {processor.py:840} INFO - DAG(s) 'outbreak_batch_dag' retrieved from /opt/airflow/dags/outbreak_batch_dag.py
[2025-12-16T11:22:43.751+0000] {logging_mixin.py:188} INFO - [2025-12-16T11:22:43.751+0000] {dag.py:3047} INFO - Sync 1 DAGs
[2025-12-16T11:22:43.760+0000] {logging_mixin.py:188} INFO - [2025-12-16T11:22:43.760+0000] {dag.py:3834} INFO - Setting next_dagrun for outbreak_batch_dag to None, run_after=None
[2025-12-16T11:22:43.782+0000] {processor.py:183} INFO - Processing /opt/airflow/dags/outbreak_batch_dag.py took 0.095 seconds
[2025-12-16T11:23:14.295+0000] {processor.py:161} INFO - Started process (PID=608) to work on /opt/airflow/dags/outbreak_batch_dag.py
[2025-12-16T11:23:14.296+0000] {processor.py:830} INFO - Processing file /opt/airflow/dags/outbreak_batch_dag.py for tasks to queue
[2025-12-16T11:23:14.297+0000] {logging_mixin.py:188} INFO - [2025-12-16T11:23:14.297+0000] {dagbag.py:540} INFO - Filling up the DagBag from /opt/airflow/dags/outbreak_batch_dag.py
[2025-12-16T11:23:14.352+0000] {processor.py:840} INFO - DAG(s) 'outbreak_batch_dag' retrieved from /opt/airflow/dags/outbreak_batch_dag.py
[2025-12-16T11:23:14.367+0000] {logging_mixin.py:188} INFO - [2025-12-16T11:23:14.367+0000] {dag.py:3047} INFO - Sync 1 DAGs
[2025-12-16T11:23:14.377+0000] {logging_mixin.py:188} INFO - [2025-12-16T11:23:14.376+0000] {dag.py:3834} INFO - Setting next_dagrun for outbreak_batch_dag to None, run_after=None
[2025-12-16T11:23:14.397+0000] {processor.py:183} INFO - Processing /opt/airflow/dags/outbreak_batch_dag.py took 0.105 seconds
[2025-12-16T11:23:44.998+0000] {processor.py:161} INFO - Started process (PID=633) to work on /opt/airflow/dags/outbreak_batch_dag.py
[2025-12-16T11:23:44.999+0000] {processor.py:830} INFO - Processing file /opt/airflow/dags/outbreak_batch_dag.py for tasks to queue
[2025-12-16T11:23:45.000+0000] {logging_mixin.py:188} INFO - [2025-12-16T11:23:45.000+0000] {dagbag.py:540} INFO - Filling up the DagBag from /opt/airflow/dags/outbreak_batch_dag.py
[2025-12-16T11:23:45.057+0000] {processor.py:840} INFO - DAG(s) 'outbreak_batch_dag' retrieved from /opt/airflow/dags/outbreak_batch_dag.py
[2025-12-16T11:23:45.074+0000] {logging_mixin.py:188} INFO - [2025-12-16T11:23:45.073+0000] {dag.py:3047} INFO - Sync 1 DAGs
[2025-12-16T11:23:45.085+0000] {logging_mixin.py:188} INFO - [2025-12-16T11:23:45.085+0000] {dag.py:3834} INFO - Setting next_dagrun for outbreak_batch_dag to None, run_after=None
[2025-12-16T11:23:45.105+0000] {processor.py:183} INFO - Processing /opt/airflow/dags/outbreak_batch_dag.py took 0.110 seconds
[2025-12-16T11:24:15.627+0000] {processor.py:161} INFO - Started process (PID=671) to work on /opt/airflow/dags/outbreak_batch_dag.py
[2025-12-16T11:24:15.629+0000] {processor.py:830} INFO - Processing file /opt/airflow/dags/outbreak_batch_dag.py for tasks to queue
[2025-12-16T11:24:15.629+0000] {logging_mixin.py:188} INFO - [2025-12-16T11:24:15.629+0000] {dagbag.py:540} INFO - Filling up the DagBag from /opt/airflow/dags/outbreak_batch_dag.py
[2025-12-16T11:24:15.684+0000] {processor.py:840} INFO - DAG(s) 'outbreak_batch_dag' retrieved from /opt/airflow/dags/outbreak_batch_dag.py
[2025-12-16T11:24:15.709+0000] {logging_mixin.py:188} INFO - [2025-12-16T11:24:15.709+0000] {dag.py:3047} INFO - Sync 1 DAGs
[2025-12-16T11:24:15.719+0000] {logging_mixin.py:188} INFO - [2025-12-16T11:24:15.719+0000] {dag.py:3834} INFO - Setting next_dagrun for outbreak_batch_dag to None, run_after=None
[2025-12-16T11:24:15.749+0000] {processor.py:183} INFO - Processing /opt/airflow/dags/outbreak_batch_dag.py took 0.124 seconds
[2025-12-16T11:24:46.390+0000] {processor.py:161} INFO - Started process (PID=696) to work on /opt/airflow/dags/outbreak_batch_dag.py
[2025-12-16T11:24:46.391+0000] {processor.py:830} INFO - Processing file /opt/airflow/dags/outbreak_batch_dag.py for tasks to queue
[2025-12-16T11:24:46.392+0000] {logging_mixin.py:188} INFO - [2025-12-16T11:24:46.392+0000] {dagbag.py:540} INFO - Filling up the DagBag from /opt/airflow/dags/outbreak_batch_dag.py
[2025-12-16T11:24:46.457+0000] {processor.py:840} INFO - DAG(s) 'outbreak_batch_dag' retrieved from /opt/airflow/dags/outbreak_batch_dag.py
[2025-12-16T11:24:46.475+0000] {logging_mixin.py:188} INFO - [2025-12-16T11:24:46.474+0000] {dag.py:3047} INFO - Sync 1 DAGs
[2025-12-16T11:24:46.486+0000] {logging_mixin.py:188} INFO - [2025-12-16T11:24:46.486+0000] {dag.py:3834} INFO - Setting next_dagrun for outbreak_batch_dag to None, run_after=None
[2025-12-16T11:24:46.511+0000] {processor.py:183} INFO - Processing /opt/airflow/dags/outbreak_batch_dag.py took 0.124 seconds
[2025-12-16T11:25:17.086+0000] {processor.py:161} INFO - Started process (PID=734) to work on /opt/airflow/dags/outbreak_batch_dag.py
[2025-12-16T11:25:17.087+0000] {processor.py:830} INFO - Processing file /opt/airflow/dags/outbreak_batch_dag.py for tasks to queue
[2025-12-16T11:25:17.088+0000] {logging_mixin.py:188} INFO - [2025-12-16T11:25:17.088+0000] {dagbag.py:540} INFO - Filling up the DagBag from /opt/airflow/dags/outbreak_batch_dag.py
[2025-12-16T11:25:17.141+0000] {processor.py:840} INFO - DAG(s) 'outbreak_batch_dag' retrieved from /opt/airflow/dags/outbreak_batch_dag.py
[2025-12-16T11:25:17.158+0000] {logging_mixin.py:188} INFO - [2025-12-16T11:25:17.158+0000] {dag.py:3047} INFO - Sync 1 DAGs
[2025-12-16T11:25:17.167+0000] {logging_mixin.py:188} INFO - [2025-12-16T11:25:17.167+0000] {dag.py:3834} INFO - Setting next_dagrun for outbreak_batch_dag to None, run_after=None
[2025-12-16T11:25:17.189+0000] {processor.py:183} INFO - Processing /opt/airflow/dags/outbreak_batch_dag.py took 0.106 seconds
[2025-12-16T11:25:47.723+0000] {processor.py:161} INFO - Started process (PID=759) to work on /opt/airflow/dags/outbreak_batch_dag.py
[2025-12-16T11:25:47.724+0000] {processor.py:830} INFO - Processing file /opt/airflow/dags/outbreak_batch_dag.py for tasks to queue
[2025-12-16T11:25:47.725+0000] {logging_mixin.py:188} INFO - [2025-12-16T11:25:47.725+0000] {dagbag.py:540} INFO - Filling up the DagBag from /opt/airflow/dags/outbreak_batch_dag.py
[2025-12-16T11:25:47.769+0000] {processor.py:840} INFO - DAG(s) 'outbreak_batch_dag' retrieved from /opt/airflow/dags/outbreak_batch_dag.py
[2025-12-16T11:25:47.785+0000] {logging_mixin.py:188} INFO - [2025-12-16T11:25:47.785+0000] {dag.py:3047} INFO - Sync 1 DAGs
[2025-12-16T11:25:47.795+0000] {logging_mixin.py:188} INFO - [2025-12-16T11:25:47.795+0000] {dag.py:3834} INFO - Setting next_dagrun for outbreak_batch_dag to None, run_after=None
[2025-12-16T11:25:47.818+0000] {processor.py:183} INFO - Processing /opt/airflow/dags/outbreak_batch_dag.py took 0.098 seconds
[2025-12-16T11:26:18.342+0000] {processor.py:161} INFO - Started process (PID=797) to work on /opt/airflow/dags/outbreak_batch_dag.py
[2025-12-16T11:26:18.343+0000] {processor.py:830} INFO - Processing file /opt/airflow/dags/outbreak_batch_dag.py for tasks to queue
[2025-12-16T11:26:18.344+0000] {logging_mixin.py:188} INFO - [2025-12-16T11:26:18.344+0000] {dagbag.py:540} INFO - Filling up the DagBag from /opt/airflow/dags/outbreak_batch_dag.py
[2025-12-16T11:26:18.400+0000] {processor.py:840} INFO - DAG(s) 'outbreak_batch_dag' retrieved from /opt/airflow/dags/outbreak_batch_dag.py
[2025-12-16T11:26:18.435+0000] {logging_mixin.py:188} INFO - [2025-12-16T11:26:18.434+0000] {dag.py:3047} INFO - Sync 1 DAGs
[2025-12-16T11:26:18.453+0000] {logging_mixin.py:188} INFO - [2025-12-16T11:26:18.452+0000] {dag.py:3834} INFO - Setting next_dagrun for outbreak_batch_dag to None, run_after=None
[2025-12-16T11:26:18.472+0000] {processor.py:183} INFO - Processing /opt/airflow/dags/outbreak_batch_dag.py took 0.134 seconds
[2025-12-16T11:26:48.919+0000] {processor.py:161} INFO - Started process (PID=822) to work on /opt/airflow/dags/outbreak_batch_dag.py
[2025-12-16T11:26:48.920+0000] {processor.py:830} INFO - Processing file /opt/airflow/dags/outbreak_batch_dag.py for tasks to queue
[2025-12-16T11:26:48.921+0000] {logging_mixin.py:188} INFO - [2025-12-16T11:26:48.921+0000] {dagbag.py:540} INFO - Filling up the DagBag from /opt/airflow/dags/outbreak_batch_dag.py
[2025-12-16T11:26:48.964+0000] {processor.py:840} INFO - DAG(s) 'outbreak_batch_dag' retrieved from /opt/airflow/dags/outbreak_batch_dag.py
[2025-12-16T11:26:48.980+0000] {logging_mixin.py:188} INFO - [2025-12-16T11:26:48.980+0000] {dag.py:3047} INFO - Sync 1 DAGs
[2025-12-16T11:26:48.989+0000] {logging_mixin.py:188} INFO - [2025-12-16T11:26:48.989+0000] {dag.py:3834} INFO - Setting next_dagrun for outbreak_batch_dag to None, run_after=None
[2025-12-16T11:26:49.010+0000] {processor.py:183} INFO - Processing /opt/airflow/dags/outbreak_batch_dag.py took 0.094 seconds
[2025-12-16T11:27:19.726+0000] {processor.py:161} INFO - Started process (PID=860) to work on /opt/airflow/dags/outbreak_batch_dag.py
[2025-12-16T11:27:19.727+0000] {processor.py:830} INFO - Processing file /opt/airflow/dags/outbreak_batch_dag.py for tasks to queue
[2025-12-16T11:27:19.729+0000] {logging_mixin.py:188} INFO - [2025-12-16T11:27:19.729+0000] {dagbag.py:540} INFO - Filling up the DagBag from /opt/airflow/dags/outbreak_batch_dag.py
[2025-12-16T11:27:19.813+0000] {processor.py:840} INFO - DAG(s) 'outbreak_batch_dag' retrieved from /opt/airflow/dags/outbreak_batch_dag.py
[2025-12-16T11:27:19.831+0000] {logging_mixin.py:188} INFO - [2025-12-16T11:27:19.831+0000] {dag.py:3047} INFO - Sync 1 DAGs
[2025-12-16T11:27:19.841+0000] {logging_mixin.py:188} INFO - [2025-12-16T11:27:19.841+0000] {dag.py:3834} INFO - Setting next_dagrun for outbreak_batch_dag to None, run_after=None
[2025-12-16T11:27:19.877+0000] {processor.py:183} INFO - Processing /opt/airflow/dags/outbreak_batch_dag.py took 0.154 seconds
[2025-12-16T11:27:50.491+0000] {processor.py:161} INFO - Started process (PID=885) to work on /opt/airflow/dags/outbreak_batch_dag.py
[2025-12-16T11:27:50.493+0000] {processor.py:830} INFO - Processing file /opt/airflow/dags/outbreak_batch_dag.py for tasks to queue
[2025-12-16T11:27:50.495+0000] {logging_mixin.py:188} INFO - [2025-12-16T11:27:50.494+0000] {dagbag.py:540} INFO - Filling up the DagBag from /opt/airflow/dags/outbreak_batch_dag.py
[2025-12-16T11:27:50.579+0000] {processor.py:840} INFO - DAG(s) 'outbreak_batch_dag' retrieved from /opt/airflow/dags/outbreak_batch_dag.py
[2025-12-16T11:27:50.599+0000] {logging_mixin.py:188} INFO - [2025-12-16T11:27:50.599+0000] {dag.py:3047} INFO - Sync 1 DAGs
[2025-12-16T11:27:50.610+0000] {logging_mixin.py:188} INFO - [2025-12-16T11:27:50.610+0000] {dag.py:3834} INFO - Setting next_dagrun for outbreak_batch_dag to None, run_after=None
[2025-12-16T11:27:50.634+0000] {processor.py:183} INFO - Processing /opt/airflow/dags/outbreak_batch_dag.py took 0.148 seconds
[2025-12-16T11:28:21.088+0000] {processor.py:161} INFO - Started process (PID=923) to work on /opt/airflow/dags/outbreak_batch_dag.py
[2025-12-16T11:28:21.089+0000] {processor.py:830} INFO - Processing file /opt/airflow/dags/outbreak_batch_dag.py for tasks to queue
[2025-12-16T11:28:21.090+0000] {logging_mixin.py:188} INFO - [2025-12-16T11:28:21.089+0000] {dagbag.py:540} INFO - Filling up the DagBag from /opt/airflow/dags/outbreak_batch_dag.py
[2025-12-16T11:28:21.132+0000] {processor.py:840} INFO - DAG(s) 'outbreak_batch_dag' retrieved from /opt/airflow/dags/outbreak_batch_dag.py
[2025-12-16T11:28:21.150+0000] {logging_mixin.py:188} INFO - [2025-12-16T11:28:21.150+0000] {dag.py:3047} INFO - Sync 1 DAGs
[2025-12-16T11:28:21.159+0000] {logging_mixin.py:188} INFO - [2025-12-16T11:28:21.159+0000] {dag.py:3834} INFO - Setting next_dagrun for outbreak_batch_dag to None, run_after=None
[2025-12-16T11:28:21.181+0000] {processor.py:183} INFO - Processing /opt/airflow/dags/outbreak_batch_dag.py took 0.096 seconds
[2025-12-16T11:28:51.718+0000] {processor.py:161} INFO - Started process (PID=948) to work on /opt/airflow/dags/outbreak_batch_dag.py
[2025-12-16T11:28:51.720+0000] {processor.py:830} INFO - Processing file /opt/airflow/dags/outbreak_batch_dag.py for tasks to queue
[2025-12-16T11:28:51.722+0000] {logging_mixin.py:188} INFO - [2025-12-16T11:28:51.721+0000] {dagbag.py:540} INFO - Filling up the DagBag from /opt/airflow/dags/outbreak_batch_dag.py
[2025-12-16T11:28:51.773+0000] {processor.py:840} INFO - DAG(s) 'outbreak_batch_dag' retrieved from /opt/airflow/dags/outbreak_batch_dag.py
[2025-12-16T11:28:51.789+0000] {logging_mixin.py:188} INFO - [2025-12-16T11:28:51.789+0000] {dag.py:3047} INFO - Sync 1 DAGs
[2025-12-16T11:28:51.800+0000] {logging_mixin.py:188} INFO - [2025-12-16T11:28:51.800+0000] {dag.py:3834} INFO - Setting next_dagrun for outbreak_batch_dag to None, run_after=None
[2025-12-16T11:28:51.822+0000] {processor.py:183} INFO - Processing /opt/airflow/dags/outbreak_batch_dag.py took 0.107 seconds
[2025-12-16T11:29:22.256+0000] {processor.py:161} INFO - Started process (PID=986) to work on /opt/airflow/dags/outbreak_batch_dag.py
[2025-12-16T11:29:22.257+0000] {processor.py:830} INFO - Processing file /opt/airflow/dags/outbreak_batch_dag.py for tasks to queue
[2025-12-16T11:29:22.258+0000] {logging_mixin.py:188} INFO - [2025-12-16T11:29:22.258+0000] {dagbag.py:540} INFO - Filling up the DagBag from /opt/airflow/dags/outbreak_batch_dag.py
[2025-12-16T11:29:22.299+0000] {processor.py:840} INFO - DAG(s) 'outbreak_batch_dag' retrieved from /opt/airflow/dags/outbreak_batch_dag.py
[2025-12-16T11:29:22.316+0000] {logging_mixin.py:188} INFO - [2025-12-16T11:29:22.316+0000] {dag.py:3047} INFO - Sync 1 DAGs
[2025-12-16T11:29:22.326+0000] {logging_mixin.py:188} INFO - [2025-12-16T11:29:22.325+0000] {dag.py:3834} INFO - Setting next_dagrun for outbreak_batch_dag to None, run_after=None
[2025-12-16T11:29:22.348+0000] {processor.py:183} INFO - Processing /opt/airflow/dags/outbreak_batch_dag.py took 0.094 seconds
[2025-12-16T11:29:53.107+0000] {processor.py:161} INFO - Started process (PID=1011) to work on /opt/airflow/dags/outbreak_batch_dag.py
[2025-12-16T11:29:53.108+0000] {processor.py:830} INFO - Processing file /opt/airflow/dags/outbreak_batch_dag.py for tasks to queue
[2025-12-16T11:29:53.111+0000] {logging_mixin.py:188} INFO - [2025-12-16T11:29:53.110+0000] {dagbag.py:540} INFO - Filling up the DagBag from /opt/airflow/dags/outbreak_batch_dag.py
[2025-12-16T11:29:53.217+0000] {processor.py:840} INFO - DAG(s) 'outbreak_batch_dag' retrieved from /opt/airflow/dags/outbreak_batch_dag.py
[2025-12-16T11:29:53.234+0000] {logging_mixin.py:188} INFO - [2025-12-16T11:29:53.234+0000] {dag.py:3047} INFO - Sync 1 DAGs
[2025-12-16T11:29:53.245+0000] {logging_mixin.py:188} INFO - [2025-12-16T11:29:53.244+0000] {dag.py:3834} INFO - Setting next_dagrun for outbreak_batch_dag to None, run_after=None
[2025-12-16T11:29:53.273+0000] {processor.py:183} INFO - Processing /opt/airflow/dags/outbreak_batch_dag.py took 0.168 seconds
[2025-12-16T11:30:24.020+0000] {processor.py:161} INFO - Started process (PID=1049) to work on /opt/airflow/dags/outbreak_batch_dag.py
[2025-12-16T11:30:24.021+0000] {processor.py:830} INFO - Processing file /opt/airflow/dags/outbreak_batch_dag.py for tasks to queue
[2025-12-16T11:30:24.021+0000] {logging_mixin.py:188} INFO - [2025-12-16T11:30:24.021+0000] {dagbag.py:540} INFO - Filling up the DagBag from /opt/airflow/dags/outbreak_batch_dag.py
[2025-12-16T11:30:24.064+0000] {processor.py:840} INFO - DAG(s) 'outbreak_batch_dag' retrieved from /opt/airflow/dags/outbreak_batch_dag.py
[2025-12-16T11:30:24.080+0000] {logging_mixin.py:188} INFO - [2025-12-16T11:30:24.080+0000] {dag.py:3047} INFO - Sync 1 DAGs
[2025-12-16T11:30:24.089+0000] {logging_mixin.py:188} INFO - [2025-12-16T11:30:24.089+0000] {dag.py:3834} INFO - Setting next_dagrun for outbreak_batch_dag to None, run_after=None
[2025-12-16T11:30:24.116+0000] {processor.py:183} INFO - Processing /opt/airflow/dags/outbreak_batch_dag.py took 0.099 seconds
[2025-12-16T11:30:54.868+0000] {processor.py:161} INFO - Started process (PID=1074) to work on /opt/airflow/dags/outbreak_batch_dag.py
[2025-12-16T11:30:54.870+0000] {processor.py:830} INFO - Processing file /opt/airflow/dags/outbreak_batch_dag.py for tasks to queue
[2025-12-16T11:30:54.871+0000] {logging_mixin.py:188} INFO - [2025-12-16T11:30:54.871+0000] {dagbag.py:540} INFO - Filling up the DagBag from /opt/airflow/dags/outbreak_batch_dag.py
[2025-12-16T11:30:54.958+0000] {processor.py:840} INFO - DAG(s) 'outbreak_batch_dag' retrieved from /opt/airflow/dags/outbreak_batch_dag.py
[2025-12-16T11:30:54.974+0000] {logging_mixin.py:188} INFO - [2025-12-16T11:30:54.973+0000] {dag.py:3047} INFO - Sync 1 DAGs
[2025-12-16T11:30:54.985+0000] {logging_mixin.py:188} INFO - [2025-12-16T11:30:54.984+0000] {dag.py:3834} INFO - Setting next_dagrun for outbreak_batch_dag to None, run_after=None
[2025-12-16T11:30:55.006+0000] {processor.py:183} INFO - Processing /opt/airflow/dags/outbreak_batch_dag.py took 0.141 seconds
[2025-12-16T11:31:25.556+0000] {processor.py:161} INFO - Started process (PID=1112) to work on /opt/airflow/dags/outbreak_batch_dag.py
[2025-12-16T11:31:25.556+0000] {processor.py:830} INFO - Processing file /opt/airflow/dags/outbreak_batch_dag.py for tasks to queue
[2025-12-16T11:31:25.557+0000] {logging_mixin.py:188} INFO - [2025-12-16T11:31:25.557+0000] {dagbag.py:540} INFO - Filling up the DagBag from /opt/airflow/dags/outbreak_batch_dag.py
[2025-12-16T11:31:25.614+0000] {processor.py:840} INFO - DAG(s) 'outbreak_batch_dag' retrieved from /opt/airflow/dags/outbreak_batch_dag.py
[2025-12-16T11:31:25.629+0000] {logging_mixin.py:188} INFO - [2025-12-16T11:31:25.629+0000] {dag.py:3047} INFO - Sync 1 DAGs
[2025-12-16T11:31:25.641+0000] {logging_mixin.py:188} INFO - [2025-12-16T11:31:25.641+0000] {dag.py:3834} INFO - Setting next_dagrun for outbreak_batch_dag to None, run_after=None
[2025-12-16T11:31:25.669+0000] {processor.py:183} INFO - Processing /opt/airflow/dags/outbreak_batch_dag.py took 0.116 seconds
[2025-12-16T11:31:56.362+0000] {processor.py:161} INFO - Started process (PID=1137) to work on /opt/airflow/dags/outbreak_batch_dag.py
[2025-12-16T11:31:56.363+0000] {processor.py:830} INFO - Processing file /opt/airflow/dags/outbreak_batch_dag.py for tasks to queue
[2025-12-16T11:31:56.364+0000] {logging_mixin.py:188} INFO - [2025-12-16T11:31:56.364+0000] {dagbag.py:540} INFO - Filling up the DagBag from /opt/airflow/dags/outbreak_batch_dag.py
[2025-12-16T11:31:56.481+0000] {processor.py:840} INFO - DAG(s) 'outbreak_batch_dag' retrieved from /opt/airflow/dags/outbreak_batch_dag.py
[2025-12-16T11:31:56.512+0000] {logging_mixin.py:188} INFO - [2025-12-16T11:31:56.512+0000] {dag.py:3047} INFO - Sync 1 DAGs
[2025-12-16T11:31:56.529+0000] {logging_mixin.py:188} INFO - [2025-12-16T11:31:56.529+0000] {dag.py:3834} INFO - Setting next_dagrun for outbreak_batch_dag to None, run_after=None
[2025-12-16T11:31:56.555+0000] {processor.py:183} INFO - Processing /opt/airflow/dags/outbreak_batch_dag.py took 0.196 seconds
[2025-12-16T11:32:27.186+0000] {processor.py:161} INFO - Started process (PID=1175) to work on /opt/airflow/dags/outbreak_batch_dag.py
[2025-12-16T11:32:27.187+0000] {processor.py:830} INFO - Processing file /opt/airflow/dags/outbreak_batch_dag.py for tasks to queue
[2025-12-16T11:32:27.189+0000] {logging_mixin.py:188} INFO - [2025-12-16T11:32:27.189+0000] {dagbag.py:540} INFO - Filling up the DagBag from /opt/airflow/dags/outbreak_batch_dag.py
[2025-12-16T11:32:27.242+0000] {processor.py:840} INFO - DAG(s) 'outbreak_batch_dag' retrieved from /opt/airflow/dags/outbreak_batch_dag.py
[2025-12-16T11:32:27.262+0000] {logging_mixin.py:188} INFO - [2025-12-16T11:32:27.262+0000] {dag.py:3047} INFO - Sync 1 DAGs
[2025-12-16T11:32:27.273+0000] {logging_mixin.py:188} INFO - [2025-12-16T11:32:27.273+0000] {dag.py:3834} INFO - Setting next_dagrun for outbreak_batch_dag to None, run_after=None
[2025-12-16T11:32:27.295+0000] {processor.py:183} INFO - Processing /opt/airflow/dags/outbreak_batch_dag.py took 0.113 seconds
[2025-12-16T11:32:57.770+0000] {processor.py:161} INFO - Started process (PID=1200) to work on /opt/airflow/dags/outbreak_batch_dag.py
[2025-12-16T11:32:57.771+0000] {processor.py:830} INFO - Processing file /opt/airflow/dags/outbreak_batch_dag.py for tasks to queue
[2025-12-16T11:32:57.772+0000] {logging_mixin.py:188} INFO - [2025-12-16T11:32:57.772+0000] {dagbag.py:540} INFO - Filling up the DagBag from /opt/airflow/dags/outbreak_batch_dag.py
[2025-12-16T11:32:57.817+0000] {processor.py:840} INFO - DAG(s) 'outbreak_batch_dag' retrieved from /opt/airflow/dags/outbreak_batch_dag.py
[2025-12-16T11:32:57.834+0000] {logging_mixin.py:188} INFO - [2025-12-16T11:32:57.834+0000] {dag.py:3047} INFO - Sync 1 DAGs
[2025-12-16T11:32:57.844+0000] {logging_mixin.py:188} INFO - [2025-12-16T11:32:57.843+0000] {dag.py:3834} INFO - Setting next_dagrun for outbreak_batch_dag to None, run_after=None
[2025-12-16T11:32:57.864+0000] {processor.py:183} INFO - Processing /opt/airflow/dags/outbreak_batch_dag.py took 0.096 seconds
[2025-12-16T11:33:28.360+0000] {processor.py:161} INFO - Started process (PID=1238) to work on /opt/airflow/dags/outbreak_batch_dag.py
[2025-12-16T11:33:28.362+0000] {processor.py:830} INFO - Processing file /opt/airflow/dags/outbreak_batch_dag.py for tasks to queue
[2025-12-16T11:33:28.363+0000] {logging_mixin.py:188} INFO - [2025-12-16T11:33:28.362+0000] {dagbag.py:540} INFO - Filling up the DagBag from /opt/airflow/dags/outbreak_batch_dag.py
[2025-12-16T11:33:28.412+0000] {processor.py:840} INFO - DAG(s) 'outbreak_batch_dag' retrieved from /opt/airflow/dags/outbreak_batch_dag.py
[2025-12-16T11:33:28.427+0000] {logging_mixin.py:188} INFO - [2025-12-16T11:33:28.427+0000] {dag.py:3047} INFO - Sync 1 DAGs
[2025-12-16T11:33:28.441+0000] {logging_mixin.py:188} INFO - [2025-12-16T11:33:28.441+0000] {dag.py:3834} INFO - Setting next_dagrun for outbreak_batch_dag to None, run_after=None
[2025-12-16T11:33:28.464+0000] {processor.py:183} INFO - Processing /opt/airflow/dags/outbreak_batch_dag.py took 0.107 seconds
[2025-12-16T11:33:58.939+0000] {processor.py:161} INFO - Started process (PID=1263) to work on /opt/airflow/dags/outbreak_batch_dag.py
[2025-12-16T11:33:58.941+0000] {processor.py:830} INFO - Processing file /opt/airflow/dags/outbreak_batch_dag.py for tasks to queue
[2025-12-16T11:33:58.941+0000] {logging_mixin.py:188} INFO - [2025-12-16T11:33:58.941+0000] {dagbag.py:540} INFO - Filling up the DagBag from /opt/airflow/dags/outbreak_batch_dag.py
[2025-12-16T11:33:58.989+0000] {processor.py:840} INFO - DAG(s) 'outbreak_batch_dag' retrieved from /opt/airflow/dags/outbreak_batch_dag.py
[2025-12-16T11:33:59.004+0000] {logging_mixin.py:188} INFO - [2025-12-16T11:33:59.004+0000] {dag.py:3047} INFO - Sync 1 DAGs
[2025-12-16T11:33:59.015+0000] {logging_mixin.py:188} INFO - [2025-12-16T11:33:59.015+0000] {dag.py:3834} INFO - Setting next_dagrun for outbreak_batch_dag to None, run_after=None
[2025-12-16T11:33:59.034+0000] {processor.py:183} INFO - Processing /opt/airflow/dags/outbreak_batch_dag.py took 0.099 seconds
[2025-12-16T11:34:29.511+0000] {processor.py:161} INFO - Started process (PID=1301) to work on /opt/airflow/dags/outbreak_batch_dag.py
[2025-12-16T11:34:29.525+0000] {processor.py:830} INFO - Processing file /opt/airflow/dags/outbreak_batch_dag.py for tasks to queue
[2025-12-16T11:34:29.527+0000] {logging_mixin.py:188} INFO - [2025-12-16T11:34:29.527+0000] {dagbag.py:540} INFO - Filling up the DagBag from /opt/airflow/dags/outbreak_batch_dag.py
[2025-12-16T11:34:29.574+0000] {processor.py:840} INFO - DAG(s) 'outbreak_batch_dag' retrieved from /opt/airflow/dags/outbreak_batch_dag.py
[2025-12-16T11:34:29.590+0000] {logging_mixin.py:188} INFO - [2025-12-16T11:34:29.590+0000] {dag.py:3047} INFO - Sync 1 DAGs
[2025-12-16T11:34:29.601+0000] {logging_mixin.py:188} INFO - [2025-12-16T11:34:29.600+0000] {dag.py:3834} INFO - Setting next_dagrun for outbreak_batch_dag to None, run_after=None
[2025-12-16T11:34:29.622+0000] {processor.py:183} INFO - Processing /opt/airflow/dags/outbreak_batch_dag.py took 0.114 seconds
[2025-12-16T11:35:00.069+0000] {processor.py:161} INFO - Started process (PID=1326) to work on /opt/airflow/dags/outbreak_batch_dag.py
[2025-12-16T11:35:00.070+0000] {processor.py:830} INFO - Processing file /opt/airflow/dags/outbreak_batch_dag.py for tasks to queue
[2025-12-16T11:35:00.070+0000] {logging_mixin.py:188} INFO - [2025-12-16T11:35:00.070+0000] {dagbag.py:540} INFO - Filling up the DagBag from /opt/airflow/dags/outbreak_batch_dag.py
[2025-12-16T11:35:00.116+0000] {processor.py:840} INFO - DAG(s) 'outbreak_batch_dag' retrieved from /opt/airflow/dags/outbreak_batch_dag.py
[2025-12-16T11:35:00.131+0000] {logging_mixin.py:188} INFO - [2025-12-16T11:35:00.131+0000] {dag.py:3047} INFO - Sync 1 DAGs
[2025-12-16T11:35:00.140+0000] {logging_mixin.py:188} INFO - [2025-12-16T11:35:00.140+0000] {dag.py:3834} INFO - Setting next_dagrun for outbreak_batch_dag to None, run_after=None
[2025-12-16T11:35:00.162+0000] {processor.py:183} INFO - Processing /opt/airflow/dags/outbreak_batch_dag.py took 0.096 seconds
[2025-12-16T11:35:30.751+0000] {processor.py:161} INFO - Started process (PID=1364) to work on /opt/airflow/dags/outbreak_batch_dag.py
[2025-12-16T11:35:30.752+0000] {processor.py:830} INFO - Processing file /opt/airflow/dags/outbreak_batch_dag.py for tasks to queue
[2025-12-16T11:35:30.753+0000] {logging_mixin.py:188} INFO - [2025-12-16T11:35:30.753+0000] {dagbag.py:540} INFO - Filling up the DagBag from /opt/airflow/dags/outbreak_batch_dag.py
[2025-12-16T11:35:30.837+0000] {processor.py:840} INFO - DAG(s) 'outbreak_batch_dag' retrieved from /opt/airflow/dags/outbreak_batch_dag.py
[2025-12-16T11:35:30.858+0000] {logging_mixin.py:188} INFO - [2025-12-16T11:35:30.858+0000] {dag.py:3047} INFO - Sync 1 DAGs
[2025-12-16T11:35:30.873+0000] {logging_mixin.py:188} INFO - [2025-12-16T11:35:30.873+0000] {dag.py:3834} INFO - Setting next_dagrun for outbreak_batch_dag to None, run_after=None
[2025-12-16T11:35:30.905+0000] {processor.py:183} INFO - Processing /opt/airflow/dags/outbreak_batch_dag.py took 0.157 seconds
[2025-12-16T11:36:01.463+0000] {processor.py:161} INFO - Started process (PID=1392) to work on /opt/airflow/dags/outbreak_batch_dag.py
[2025-12-16T11:36:01.464+0000] {processor.py:830} INFO - Processing file /opt/airflow/dags/outbreak_batch_dag.py for tasks to queue
[2025-12-16T11:36:01.465+0000] {logging_mixin.py:188} INFO - [2025-12-16T11:36:01.465+0000] {dagbag.py:540} INFO - Filling up the DagBag from /opt/airflow/dags/outbreak_batch_dag.py
[2025-12-16T11:36:01.524+0000] {processor.py:840} INFO - DAG(s) 'outbreak_batch_dag' retrieved from /opt/airflow/dags/outbreak_batch_dag.py
[2025-12-16T11:36:01.542+0000] {logging_mixin.py:188} INFO - [2025-12-16T11:36:01.542+0000] {dag.py:3047} INFO - Sync 1 DAGs
[2025-12-16T11:36:01.552+0000] {logging_mixin.py:188} INFO - [2025-12-16T11:36:01.552+0000] {dag.py:3834} INFO - Setting next_dagrun for outbreak_batch_dag to None, run_after=None
[2025-12-16T11:36:01.574+0000] {processor.py:183} INFO - Processing /opt/airflow/dags/outbreak_batch_dag.py took 0.115 seconds
[2025-12-16T11:36:32.096+0000] {processor.py:161} INFO - Started process (PID=1427) to work on /opt/airflow/dags/outbreak_batch_dag.py
[2025-12-16T11:36:32.097+0000] {processor.py:830} INFO - Processing file /opt/airflow/dags/outbreak_batch_dag.py for tasks to queue
[2025-12-16T11:36:32.098+0000] {logging_mixin.py:188} INFO - [2025-12-16T11:36:32.097+0000] {dagbag.py:540} INFO - Filling up the DagBag from /opt/airflow/dags/outbreak_batch_dag.py
[2025-12-16T11:36:32.252+0000] {processor.py:840} INFO - DAG(s) 'outbreak_batch_dag' retrieved from /opt/airflow/dags/outbreak_batch_dag.py
[2025-12-16T11:36:32.270+0000] {logging_mixin.py:188} INFO - [2025-12-16T11:36:32.269+0000] {dag.py:3047} INFO - Sync 1 DAGs
[2025-12-16T11:36:32.281+0000] {logging_mixin.py:188} INFO - [2025-12-16T11:36:32.280+0000] {dag.py:3834} INFO - Setting next_dagrun for outbreak_batch_dag to None, run_after=None
[2025-12-16T11:36:32.303+0000] {processor.py:183} INFO - Processing /opt/airflow/dags/outbreak_batch_dag.py took 0.210 seconds
[2025-12-16T11:37:02.827+0000] {processor.py:161} INFO - Started process (PID=1455) to work on /opt/airflow/dags/outbreak_batch_dag.py
[2025-12-16T11:37:02.829+0000] {processor.py:830} INFO - Processing file /opt/airflow/dags/outbreak_batch_dag.py for tasks to queue
[2025-12-16T11:37:02.829+0000] {logging_mixin.py:188} INFO - [2025-12-16T11:37:02.829+0000] {dagbag.py:540} INFO - Filling up the DagBag from /opt/airflow/dags/outbreak_batch_dag.py
[2025-12-16T11:37:02.897+0000] {processor.py:840} INFO - DAG(s) 'outbreak_batch_dag' retrieved from /opt/airflow/dags/outbreak_batch_dag.py
[2025-12-16T11:37:02.917+0000] {logging_mixin.py:188} INFO - [2025-12-16T11:37:02.917+0000] {dag.py:3047} INFO - Sync 1 DAGs
[2025-12-16T11:37:02.935+0000] {logging_mixin.py:188} INFO - [2025-12-16T11:37:02.935+0000] {dag.py:3834} INFO - Setting next_dagrun for outbreak_batch_dag to None, run_after=None
[2025-12-16T11:37:02.966+0000] {processor.py:183} INFO - Processing /opt/airflow/dags/outbreak_batch_dag.py took 0.143 seconds
[2025-12-16T11:37:33.550+0000] {processor.py:161} INFO - Started process (PID=1490) to work on /opt/airflow/dags/outbreak_batch_dag.py
[2025-12-16T11:37:33.552+0000] {processor.py:830} INFO - Processing file /opt/airflow/dags/outbreak_batch_dag.py for tasks to queue
[2025-12-16T11:37:33.553+0000] {logging_mixin.py:188} INFO - [2025-12-16T11:37:33.552+0000] {dagbag.py:540} INFO - Filling up the DagBag from /opt/airflow/dags/outbreak_batch_dag.py
[2025-12-16T11:37:33.628+0000] {processor.py:840} INFO - DAG(s) 'outbreak_batch_dag' retrieved from /opt/airflow/dags/outbreak_batch_dag.py
[2025-12-16T11:37:33.650+0000] {logging_mixin.py:188} INFO - [2025-12-16T11:37:33.649+0000] {dag.py:3047} INFO - Sync 1 DAGs
[2025-12-16T11:37:33.662+0000] {logging_mixin.py:188} INFO - [2025-12-16T11:37:33.662+0000] {dag.py:3834} INFO - Setting next_dagrun for outbreak_batch_dag to None, run_after=None
[2025-12-16T11:37:33.685+0000] {processor.py:183} INFO - Processing /opt/airflow/dags/outbreak_batch_dag.py took 0.138 seconds
[2025-12-16T11:38:04.294+0000] {processor.py:161} INFO - Started process (PID=1520) to work on /opt/airflow/dags/outbreak_batch_dag.py
[2025-12-16T11:38:04.295+0000] {processor.py:830} INFO - Processing file /opt/airflow/dags/outbreak_batch_dag.py for tasks to queue
[2025-12-16T11:38:04.297+0000] {logging_mixin.py:188} INFO - [2025-12-16T11:38:04.296+0000] {dagbag.py:540} INFO - Filling up the DagBag from /opt/airflow/dags/outbreak_batch_dag.py
[2025-12-16T11:38:04.369+0000] {processor.py:840} INFO - DAG(s) 'outbreak_batch_dag' retrieved from /opt/airflow/dags/outbreak_batch_dag.py
[2025-12-16T11:38:04.395+0000] {logging_mixin.py:188} INFO - [2025-12-16T11:38:04.395+0000] {dag.py:3047} INFO - Sync 1 DAGs
[2025-12-16T11:38:04.409+0000] {logging_mixin.py:188} INFO - [2025-12-16T11:38:04.409+0000] {dag.py:3834} INFO - Setting next_dagrun for outbreak_batch_dag to None, run_after=None
[2025-12-16T11:38:04.436+0000] {processor.py:183} INFO - Processing /opt/airflow/dags/outbreak_batch_dag.py took 0.148 seconds
[2025-12-16T11:38:34.923+0000] {processor.py:161} INFO - Started process (PID=1553) to work on /opt/airflow/dags/outbreak_batch_dag.py
[2025-12-16T11:38:34.926+0000] {processor.py:830} INFO - Processing file /opt/airflow/dags/outbreak_batch_dag.py for tasks to queue
[2025-12-16T11:38:34.927+0000] {logging_mixin.py:188} INFO - [2025-12-16T11:38:34.927+0000] {dagbag.py:540} INFO - Filling up the DagBag from /opt/airflow/dags/outbreak_batch_dag.py
[2025-12-16T11:38:34.977+0000] {processor.py:840} INFO - DAG(s) 'outbreak_batch_dag' retrieved from /opt/airflow/dags/outbreak_batch_dag.py
[2025-12-16T11:38:34.994+0000] {logging_mixin.py:188} INFO - [2025-12-16T11:38:34.994+0000] {dag.py:3047} INFO - Sync 1 DAGs
[2025-12-16T11:38:35.003+0000] {logging_mixin.py:188} INFO - [2025-12-16T11:38:35.003+0000] {dag.py:3834} INFO - Setting next_dagrun for outbreak_batch_dag to None, run_after=None
[2025-12-16T11:38:35.039+0000] {processor.py:183} INFO - Processing /opt/airflow/dags/outbreak_batch_dag.py took 0.118 seconds
[2025-12-16T11:39:05.588+0000] {processor.py:161} INFO - Started process (PID=1585) to work on /opt/airflow/dags/outbreak_batch_dag.py
[2025-12-16T11:39:05.590+0000] {processor.py:830} INFO - Processing file /opt/airflow/dags/outbreak_batch_dag.py for tasks to queue
[2025-12-16T11:39:05.591+0000] {logging_mixin.py:188} INFO - [2025-12-16T11:39:05.591+0000] {dagbag.py:540} INFO - Filling up the DagBag from /opt/airflow/dags/outbreak_batch_dag.py
[2025-12-16T11:39:05.649+0000] {processor.py:840} INFO - DAG(s) 'outbreak_batch_dag' retrieved from /opt/airflow/dags/outbreak_batch_dag.py
[2025-12-16T11:39:05.667+0000] {logging_mixin.py:188} INFO - [2025-12-16T11:39:05.667+0000] {dag.py:3047} INFO - Sync 1 DAGs
[2025-12-16T11:39:05.680+0000] {logging_mixin.py:188} INFO - [2025-12-16T11:39:05.679+0000] {dag.py:3834} INFO - Setting next_dagrun for outbreak_batch_dag to None, run_after=None
[2025-12-16T11:39:05.707+0000] {processor.py:183} INFO - Processing /opt/airflow/dags/outbreak_batch_dag.py took 0.122 seconds
[2025-12-16T11:39:36.242+0000] {processor.py:161} INFO - Started process (PID=1616) to work on /opt/airflow/dags/outbreak_batch_dag.py
[2025-12-16T11:39:36.243+0000] {processor.py:830} INFO - Processing file /opt/airflow/dags/outbreak_batch_dag.py for tasks to queue
[2025-12-16T11:39:36.244+0000] {logging_mixin.py:188} INFO - [2025-12-16T11:39:36.244+0000] {dagbag.py:540} INFO - Filling up the DagBag from /opt/airflow/dags/outbreak_batch_dag.py
[2025-12-16T11:39:36.288+0000] {processor.py:840} INFO - DAG(s) 'outbreak_batch_dag' retrieved from /opt/airflow/dags/outbreak_batch_dag.py
[2025-12-16T11:39:36.303+0000] {logging_mixin.py:188} INFO - [2025-12-16T11:39:36.303+0000] {dag.py:3047} INFO - Sync 1 DAGs
[2025-12-16T11:39:36.315+0000] {logging_mixin.py:188} INFO - [2025-12-16T11:39:36.314+0000] {dag.py:3834} INFO - Setting next_dagrun for outbreak_batch_dag to None, run_after=None
[2025-12-16T11:39:36.341+0000] {processor.py:183} INFO - Processing /opt/airflow/dags/outbreak_batch_dag.py took 0.101 seconds
[2025-12-16T11:40:06.835+0000] {processor.py:161} INFO - Started process (PID=1650) to work on /opt/airflow/dags/outbreak_batch_dag.py
[2025-12-16T11:40:06.837+0000] {processor.py:830} INFO - Processing file /opt/airflow/dags/outbreak_batch_dag.py for tasks to queue
[2025-12-16T11:40:06.838+0000] {logging_mixin.py:188} INFO - [2025-12-16T11:40:06.838+0000] {dagbag.py:540} INFO - Filling up the DagBag from /opt/airflow/dags/outbreak_batch_dag.py
[2025-12-16T11:40:06.897+0000] {processor.py:840} INFO - DAG(s) 'outbreak_batch_dag' retrieved from /opt/airflow/dags/outbreak_batch_dag.py
[2025-12-16T11:40:06.917+0000] {logging_mixin.py:188} INFO - [2025-12-16T11:40:06.917+0000] {dag.py:3047} INFO - Sync 1 DAGs
[2025-12-16T11:40:06.928+0000] {logging_mixin.py:188} INFO - [2025-12-16T11:40:06.927+0000] {dag.py:3834} INFO - Setting next_dagrun for outbreak_batch_dag to None, run_after=None
[2025-12-16T11:40:06.953+0000] {processor.py:183} INFO - Processing /opt/airflow/dags/outbreak_batch_dag.py took 0.121 seconds
[2025-12-16T11:40:37.459+0000] {processor.py:161} INFO - Started process (PID=1679) to work on /opt/airflow/dags/outbreak_batch_dag.py
[2025-12-16T11:40:37.460+0000] {processor.py:830} INFO - Processing file /opt/airflow/dags/outbreak_batch_dag.py for tasks to queue
[2025-12-16T11:40:37.462+0000] {logging_mixin.py:188} INFO - [2025-12-16T11:40:37.462+0000] {dagbag.py:540} INFO - Filling up the DagBag from /opt/airflow/dags/outbreak_batch_dag.py
[2025-12-16T11:40:37.525+0000] {processor.py:840} INFO - DAG(s) 'outbreak_batch_dag' retrieved from /opt/airflow/dags/outbreak_batch_dag.py
[2025-12-16T11:40:37.541+0000] {logging_mixin.py:188} INFO - [2025-12-16T11:40:37.541+0000] {dag.py:3047} INFO - Sync 1 DAGs
[2025-12-16T11:40:37.551+0000] {logging_mixin.py:188} INFO - [2025-12-16T11:40:37.551+0000] {dag.py:3834} INFO - Setting next_dagrun for outbreak_batch_dag to None, run_after=None
[2025-12-16T11:40:37.570+0000] {processor.py:183} INFO - Processing /opt/airflow/dags/outbreak_batch_dag.py took 0.114 seconds
[2025-12-16T11:41:08.049+0000] {processor.py:161} INFO - Started process (PID=1715) to work on /opt/airflow/dags/outbreak_batch_dag.py
[2025-12-16T11:41:08.050+0000] {processor.py:830} INFO - Processing file /opt/airflow/dags/outbreak_batch_dag.py for tasks to queue
[2025-12-16T11:41:08.051+0000] {logging_mixin.py:188} INFO - [2025-12-16T11:41:08.051+0000] {dagbag.py:540} INFO - Filling up the DagBag from /opt/airflow/dags/outbreak_batch_dag.py
[2025-12-16T11:41:08.095+0000] {processor.py:840} INFO - DAG(s) 'outbreak_batch_dag' retrieved from /opt/airflow/dags/outbreak_batch_dag.py
[2025-12-16T11:41:08.112+0000] {logging_mixin.py:188} INFO - [2025-12-16T11:41:08.112+0000] {dag.py:3047} INFO - Sync 1 DAGs
[2025-12-16T11:41:08.122+0000] {logging_mixin.py:188} INFO - [2025-12-16T11:41:08.122+0000] {dag.py:3834} INFO - Setting next_dagrun for outbreak_batch_dag to None, run_after=None
[2025-12-16T11:41:08.149+0000] {processor.py:183} INFO - Processing /opt/airflow/dags/outbreak_batch_dag.py took 0.103 seconds
[2025-12-16T11:41:38.630+0000] {processor.py:161} INFO - Started process (PID=1742) to work on /opt/airflow/dags/outbreak_batch_dag.py
[2025-12-16T11:41:38.631+0000] {processor.py:830} INFO - Processing file /opt/airflow/dags/outbreak_batch_dag.py for tasks to queue
[2025-12-16T11:41:38.632+0000] {logging_mixin.py:188} INFO - [2025-12-16T11:41:38.631+0000] {dagbag.py:540} INFO - Filling up the DagBag from /opt/airflow/dags/outbreak_batch_dag.py
[2025-12-16T11:41:38.675+0000] {processor.py:840} INFO - DAG(s) 'outbreak_batch_dag' retrieved from /opt/airflow/dags/outbreak_batch_dag.py
[2025-12-16T11:41:38.691+0000] {logging_mixin.py:188} INFO - [2025-12-16T11:41:38.690+0000] {dag.py:3047} INFO - Sync 1 DAGs
[2025-12-16T11:41:38.699+0000] {logging_mixin.py:188} INFO - [2025-12-16T11:41:38.699+0000] {dag.py:3834} INFO - Setting next_dagrun for outbreak_batch_dag to None, run_after=None
[2025-12-16T11:41:38.720+0000] {processor.py:183} INFO - Processing /opt/airflow/dags/outbreak_batch_dag.py took 0.092 seconds
[2025-12-16T11:42:09.188+0000] {processor.py:161} INFO - Started process (PID=1778) to work on /opt/airflow/dags/outbreak_batch_dag.py
[2025-12-16T11:42:09.189+0000] {processor.py:830} INFO - Processing file /opt/airflow/dags/outbreak_batch_dag.py for tasks to queue
[2025-12-16T11:42:09.190+0000] {logging_mixin.py:188} INFO - [2025-12-16T11:42:09.189+0000] {dagbag.py:540} INFO - Filling up the DagBag from /opt/airflow/dags/outbreak_batch_dag.py
[2025-12-16T11:42:09.230+0000] {processor.py:840} INFO - DAG(s) 'outbreak_batch_dag' retrieved from /opt/airflow/dags/outbreak_batch_dag.py
[2025-12-16T11:42:09.246+0000] {logging_mixin.py:188} INFO - [2025-12-16T11:42:09.246+0000] {dag.py:3047} INFO - Sync 1 DAGs
[2025-12-16T11:42:09.256+0000] {logging_mixin.py:188} INFO - [2025-12-16T11:42:09.255+0000] {dag.py:3834} INFO - Setting next_dagrun for outbreak_batch_dag to None, run_after=None
[2025-12-16T11:42:09.277+0000] {processor.py:183} INFO - Processing /opt/airflow/dags/outbreak_batch_dag.py took 0.091 seconds
[2025-12-16T11:42:39.841+0000] {processor.py:161} INFO - Started process (PID=1805) to work on /opt/airflow/dags/outbreak_batch_dag.py
[2025-12-16T11:42:39.842+0000] {processor.py:830} INFO - Processing file /opt/airflow/dags/outbreak_batch_dag.py for tasks to queue
[2025-12-16T11:42:39.843+0000] {logging_mixin.py:188} INFO - [2025-12-16T11:42:39.842+0000] {dagbag.py:540} INFO - Filling up the DagBag from /opt/airflow/dags/outbreak_batch_dag.py
[2025-12-16T11:42:39.882+0000] {processor.py:840} INFO - DAG(s) 'outbreak_batch_dag' retrieved from /opt/airflow/dags/outbreak_batch_dag.py
[2025-12-16T11:42:39.897+0000] {logging_mixin.py:188} INFO - [2025-12-16T11:42:39.897+0000] {dag.py:3047} INFO - Sync 1 DAGs
[2025-12-16T11:42:39.907+0000] {logging_mixin.py:188} INFO - [2025-12-16T11:42:39.907+0000] {dag.py:3834} INFO - Setting next_dagrun for outbreak_batch_dag to None, run_after=None
[2025-12-16T11:42:39.928+0000] {processor.py:183} INFO - Processing /opt/airflow/dags/outbreak_batch_dag.py took 0.091 seconds
[2025-12-16T11:43:10.494+0000] {processor.py:161} INFO - Started process (PID=1843) to work on /opt/airflow/dags/outbreak_batch_dag.py
[2025-12-16T11:43:10.495+0000] {processor.py:830} INFO - Processing file /opt/airflow/dags/outbreak_batch_dag.py for tasks to queue
[2025-12-16T11:43:10.495+0000] {logging_mixin.py:188} INFO - [2025-12-16T11:43:10.495+0000] {dagbag.py:540} INFO - Filling up the DagBag from /opt/airflow/dags/outbreak_batch_dag.py
[2025-12-16T11:43:10.538+0000] {processor.py:840} INFO - DAG(s) 'outbreak_batch_dag' retrieved from /opt/airflow/dags/outbreak_batch_dag.py
[2025-12-16T11:43:10.554+0000] {logging_mixin.py:188} INFO - [2025-12-16T11:43:10.554+0000] {dag.py:3047} INFO - Sync 1 DAGs
[2025-12-16T11:43:10.565+0000] {logging_mixin.py:188} INFO - [2025-12-16T11:43:10.564+0000] {dag.py:3834} INFO - Setting next_dagrun for outbreak_batch_dag to None, run_after=None
[2025-12-16T11:43:10.586+0000] {processor.py:183} INFO - Processing /opt/airflow/dags/outbreak_batch_dag.py took 0.094 seconds
[2025-12-16T11:43:41.088+0000] {processor.py:161} INFO - Started process (PID=1868) to work on /opt/airflow/dags/outbreak_batch_dag.py
[2025-12-16T11:43:41.089+0000] {processor.py:830} INFO - Processing file /opt/airflow/dags/outbreak_batch_dag.py for tasks to queue
[2025-12-16T11:43:41.089+0000] {logging_mixin.py:188} INFO - [2025-12-16T11:43:41.089+0000] {dagbag.py:540} INFO - Filling up the DagBag from /opt/airflow/dags/outbreak_batch_dag.py
[2025-12-16T11:43:41.147+0000] {processor.py:840} INFO - DAG(s) 'outbreak_batch_dag' retrieved from /opt/airflow/dags/outbreak_batch_dag.py
[2025-12-16T11:43:41.163+0000] {logging_mixin.py:188} INFO - [2025-12-16T11:43:41.163+0000] {dag.py:3047} INFO - Sync 1 DAGs
[2025-12-16T11:43:41.174+0000] {logging_mixin.py:188} INFO - [2025-12-16T11:43:41.174+0000] {dag.py:3834} INFO - Setting next_dagrun for outbreak_batch_dag to None, run_after=None
[2025-12-16T11:43:41.201+0000] {processor.py:183} INFO - Processing /opt/airflow/dags/outbreak_batch_dag.py took 0.116 seconds
[2025-12-16T11:44:11.737+0000] {processor.py:161} INFO - Started process (PID=1906) to work on /opt/airflow/dags/outbreak_batch_dag.py
[2025-12-16T11:44:11.738+0000] {processor.py:830} INFO - Processing file /opt/airflow/dags/outbreak_batch_dag.py for tasks to queue
[2025-12-16T11:44:11.739+0000] {logging_mixin.py:188} INFO - [2025-12-16T11:44:11.738+0000] {dagbag.py:540} INFO - Filling up the DagBag from /opt/airflow/dags/outbreak_batch_dag.py
[2025-12-16T11:44:11.787+0000] {processor.py:840} INFO - DAG(s) 'outbreak_batch_dag' retrieved from /opt/airflow/dags/outbreak_batch_dag.py
[2025-12-16T11:44:11.801+0000] {logging_mixin.py:188} INFO - [2025-12-16T11:44:11.801+0000] {dag.py:3047} INFO - Sync 1 DAGs
[2025-12-16T11:44:11.811+0000] {logging_mixin.py:188} INFO - [2025-12-16T11:44:11.811+0000] {dag.py:3834} INFO - Setting next_dagrun for outbreak_batch_dag to None, run_after=None
[2025-12-16T11:44:11.832+0000] {processor.py:183} INFO - Processing /opt/airflow/dags/outbreak_batch_dag.py took 0.098 seconds
[2025-12-16T11:44:42.293+0000] {processor.py:161} INFO - Started process (PID=1931) to work on /opt/airflow/dags/outbreak_batch_dag.py
[2025-12-16T11:44:42.294+0000] {processor.py:830} INFO - Processing file /opt/airflow/dags/outbreak_batch_dag.py for tasks to queue
[2025-12-16T11:44:42.295+0000] {logging_mixin.py:188} INFO - [2025-12-16T11:44:42.295+0000] {dagbag.py:540} INFO - Filling up the DagBag from /opt/airflow/dags/outbreak_batch_dag.py
[2025-12-16T11:44:42.358+0000] {processor.py:840} INFO - DAG(s) 'outbreak_batch_dag' retrieved from /opt/airflow/dags/outbreak_batch_dag.py
[2025-12-16T11:44:42.388+0000] {logging_mixin.py:188} INFO - [2025-12-16T11:44:42.388+0000] {dag.py:3047} INFO - Sync 1 DAGs
[2025-12-16T11:44:42.406+0000] {logging_mixin.py:188} INFO - [2025-12-16T11:44:42.406+0000] {dag.py:3834} INFO - Setting next_dagrun for outbreak_batch_dag to None, run_after=None
[2025-12-16T11:44:42.430+0000] {processor.py:183} INFO - Processing /opt/airflow/dags/outbreak_batch_dag.py took 0.140 seconds
[2025-12-16T11:45:13.031+0000] {processor.py:161} INFO - Started process (PID=1969) to work on /opt/airflow/dags/outbreak_batch_dag.py
[2025-12-16T11:45:13.035+0000] {processor.py:830} INFO - Processing file /opt/airflow/dags/outbreak_batch_dag.py for tasks to queue
[2025-12-16T11:45:13.041+0000] {logging_mixin.py:188} INFO - [2025-12-16T11:45:13.041+0000] {dagbag.py:540} INFO - Filling up the DagBag from /opt/airflow/dags/outbreak_batch_dag.py
[2025-12-16T11:45:13.206+0000] {processor.py:840} INFO - DAG(s) 'outbreak_batch_dag' retrieved from /opt/airflow/dags/outbreak_batch_dag.py
[2025-12-16T11:45:13.223+0000] {logging_mixin.py:188} INFO - [2025-12-16T11:45:13.223+0000] {dag.py:3047} INFO - Sync 1 DAGs
[2025-12-16T11:45:13.232+0000] {logging_mixin.py:188} INFO - [2025-12-16T11:45:13.232+0000] {dag.py:3834} INFO - Setting next_dagrun for outbreak_batch_dag to None, run_after=None
[2025-12-16T11:45:13.253+0000] {processor.py:183} INFO - Processing /opt/airflow/dags/outbreak_batch_dag.py took 0.225 seconds
[2025-12-16T11:45:44.032+0000] {processor.py:161} INFO - Started process (PID=1994) to work on /opt/airflow/dags/outbreak_batch_dag.py
[2025-12-16T11:45:44.033+0000] {processor.py:830} INFO - Processing file /opt/airflow/dags/outbreak_batch_dag.py for tasks to queue
[2025-12-16T11:45:44.034+0000] {logging_mixin.py:188} INFO - [2025-12-16T11:45:44.034+0000] {dagbag.py:540} INFO - Filling up the DagBag from /opt/airflow/dags/outbreak_batch_dag.py
[2025-12-16T11:45:44.078+0000] {processor.py:840} INFO - DAG(s) 'outbreak_batch_dag' retrieved from /opt/airflow/dags/outbreak_batch_dag.py
[2025-12-16T11:45:44.093+0000] {logging_mixin.py:188} INFO - [2025-12-16T11:45:44.093+0000] {dag.py:3047} INFO - Sync 1 DAGs
[2025-12-16T11:45:44.103+0000] {logging_mixin.py:188} INFO - [2025-12-16T11:45:44.103+0000] {dag.py:3834} INFO - Setting next_dagrun for outbreak_batch_dag to None, run_after=None
[2025-12-16T11:45:44.124+0000] {processor.py:183} INFO - Processing /opt/airflow/dags/outbreak_batch_dag.py took 0.094 seconds
[2025-12-16T11:46:14.609+0000] {processor.py:161} INFO - Started process (PID=2032) to work on /opt/airflow/dags/outbreak_batch_dag.py
[2025-12-16T11:46:14.610+0000] {processor.py:830} INFO - Processing file /opt/airflow/dags/outbreak_batch_dag.py for tasks to queue
[2025-12-16T11:46:14.611+0000] {logging_mixin.py:188} INFO - [2025-12-16T11:46:14.610+0000] {dagbag.py:540} INFO - Filling up the DagBag from /opt/airflow/dags/outbreak_batch_dag.py
[2025-12-16T11:46:14.684+0000] {processor.py:840} INFO - DAG(s) 'outbreak_batch_dag' retrieved from /opt/airflow/dags/outbreak_batch_dag.py
[2025-12-16T11:46:14.698+0000] {logging_mixin.py:188} INFO - [2025-12-16T11:46:14.698+0000] {dag.py:3047} INFO - Sync 1 DAGs
[2025-12-16T11:46:14.707+0000] {logging_mixin.py:188} INFO - [2025-12-16T11:46:14.707+0000] {dag.py:3834} INFO - Setting next_dagrun for outbreak_batch_dag to None, run_after=None
[2025-12-16T11:46:14.726+0000] {processor.py:183} INFO - Processing /opt/airflow/dags/outbreak_batch_dag.py took 0.119 seconds
[2025-12-16T11:46:45.240+0000] {processor.py:161} INFO - Started process (PID=2057) to work on /opt/airflow/dags/outbreak_batch_dag.py
[2025-12-16T11:46:45.241+0000] {processor.py:830} INFO - Processing file /opt/airflow/dags/outbreak_batch_dag.py for tasks to queue
[2025-12-16T11:46:45.241+0000] {logging_mixin.py:188} INFO - [2025-12-16T11:46:45.241+0000] {dagbag.py:540} INFO - Filling up the DagBag from /opt/airflow/dags/outbreak_batch_dag.py
[2025-12-16T11:46:45.290+0000] {processor.py:840} INFO - DAG(s) 'outbreak_batch_dag' retrieved from /opt/airflow/dags/outbreak_batch_dag.py
[2025-12-16T11:46:45.307+0000] {logging_mixin.py:188} INFO - [2025-12-16T11:46:45.307+0000] {dag.py:3047} INFO - Sync 1 DAGs
[2025-12-16T11:46:45.318+0000] {logging_mixin.py:188} INFO - [2025-12-16T11:46:45.317+0000] {dag.py:3834} INFO - Setting next_dagrun for outbreak_batch_dag to None, run_after=None
[2025-12-16T11:46:45.339+0000] {processor.py:183} INFO - Processing /opt/airflow/dags/outbreak_batch_dag.py took 0.102 seconds
[2025-12-16T11:47:15.898+0000] {processor.py:161} INFO - Started process (PID=2095) to work on /opt/airflow/dags/outbreak_batch_dag.py
[2025-12-16T11:47:15.899+0000] {processor.py:830} INFO - Processing file /opt/airflow/dags/outbreak_batch_dag.py for tasks to queue
[2025-12-16T11:47:15.899+0000] {logging_mixin.py:188} INFO - [2025-12-16T11:47:15.899+0000] {dagbag.py:540} INFO - Filling up the DagBag from /opt/airflow/dags/outbreak_batch_dag.py
[2025-12-16T11:47:15.996+0000] {processor.py:840} INFO - DAG(s) 'outbreak_batch_dag' retrieved from /opt/airflow/dags/outbreak_batch_dag.py
[2025-12-16T11:47:16.014+0000] {logging_mixin.py:188} INFO - [2025-12-16T11:47:16.013+0000] {dag.py:3047} INFO - Sync 1 DAGs
[2025-12-16T11:47:16.024+0000] {logging_mixin.py:188} INFO - [2025-12-16T11:47:16.024+0000] {dag.py:3834} INFO - Setting next_dagrun for outbreak_batch_dag to None, run_after=None
[2025-12-16T11:47:16.045+0000] {processor.py:183} INFO - Processing /opt/airflow/dags/outbreak_batch_dag.py took 0.150 seconds
[2025-12-16T11:47:46.643+0000] {processor.py:161} INFO - Started process (PID=2120) to work on /opt/airflow/dags/outbreak_batch_dag.py
[2025-12-16T11:47:46.644+0000] {processor.py:830} INFO - Processing file /opt/airflow/dags/outbreak_batch_dag.py for tasks to queue
[2025-12-16T11:47:46.645+0000] {logging_mixin.py:188} INFO - [2025-12-16T11:47:46.645+0000] {dagbag.py:540} INFO - Filling up the DagBag from /opt/airflow/dags/outbreak_batch_dag.py
[2025-12-16T11:47:46.691+0000] {processor.py:840} INFO - DAG(s) 'outbreak_batch_dag' retrieved from /opt/airflow/dags/outbreak_batch_dag.py
[2025-12-16T11:47:46.711+0000] {logging_mixin.py:188} INFO - [2025-12-16T11:47:46.711+0000] {dag.py:3047} INFO - Sync 1 DAGs
[2025-12-16T11:47:46.722+0000] {logging_mixin.py:188} INFO - [2025-12-16T11:47:46.722+0000] {dag.py:3834} INFO - Setting next_dagrun for outbreak_batch_dag to None, run_after=None
[2025-12-16T11:47:46.744+0000] {processor.py:183} INFO - Processing /opt/airflow/dags/outbreak_batch_dag.py took 0.104 seconds
[2025-12-16T11:48:17.315+0000] {processor.py:161} INFO - Started process (PID=2158) to work on /opt/airflow/dags/outbreak_batch_dag.py
[2025-12-16T11:48:17.316+0000] {processor.py:830} INFO - Processing file /opt/airflow/dags/outbreak_batch_dag.py for tasks to queue
[2025-12-16T11:48:17.317+0000] {logging_mixin.py:188} INFO - [2025-12-16T11:48:17.316+0000] {dagbag.py:540} INFO - Filling up the DagBag from /opt/airflow/dags/outbreak_batch_dag.py
[2025-12-16T11:48:17.370+0000] {processor.py:840} INFO - DAG(s) 'outbreak_batch_dag' retrieved from /opt/airflow/dags/outbreak_batch_dag.py
[2025-12-16T11:48:17.386+0000] {logging_mixin.py:188} INFO - [2025-12-16T11:48:17.386+0000] {dag.py:3047} INFO - Sync 1 DAGs
[2025-12-16T11:48:17.395+0000] {logging_mixin.py:188} INFO - [2025-12-16T11:48:17.395+0000] {dag.py:3834} INFO - Setting next_dagrun for outbreak_batch_dag to None, run_after=None
[2025-12-16T11:48:17.417+0000] {processor.py:183} INFO - Processing /opt/airflow/dags/outbreak_batch_dag.py took 0.105 seconds
[2025-12-16T11:48:47.967+0000] {processor.py:161} INFO - Started process (PID=2183) to work on /opt/airflow/dags/outbreak_batch_dag.py
[2025-12-16T11:48:47.968+0000] {processor.py:830} INFO - Processing file /opt/airflow/dags/outbreak_batch_dag.py for tasks to queue
[2025-12-16T11:48:47.969+0000] {logging_mixin.py:188} INFO - [2025-12-16T11:48:47.969+0000] {dagbag.py:540} INFO - Filling up the DagBag from /opt/airflow/dags/outbreak_batch_dag.py
[2025-12-16T11:48:48.012+0000] {processor.py:840} INFO - DAG(s) 'outbreak_batch_dag' retrieved from /opt/airflow/dags/outbreak_batch_dag.py
[2025-12-16T11:48:48.026+0000] {logging_mixin.py:188} INFO - [2025-12-16T11:48:48.025+0000] {dag.py:3047} INFO - Sync 1 DAGs
[2025-12-16T11:48:48.035+0000] {logging_mixin.py:188} INFO - [2025-12-16T11:48:48.034+0000] {dag.py:3834} INFO - Setting next_dagrun for outbreak_batch_dag to None, run_after=None
[2025-12-16T11:48:48.056+0000] {processor.py:183} INFO - Processing /opt/airflow/dags/outbreak_batch_dag.py took 0.092 seconds
[2025-12-16T11:49:18.577+0000] {processor.py:161} INFO - Started process (PID=2221) to work on /opt/airflow/dags/outbreak_batch_dag.py
[2025-12-16T11:49:18.578+0000] {processor.py:830} INFO - Processing file /opt/airflow/dags/outbreak_batch_dag.py for tasks to queue
[2025-12-16T11:49:18.579+0000] {logging_mixin.py:188} INFO - [2025-12-16T11:49:18.578+0000] {dagbag.py:540} INFO - Filling up the DagBag from /opt/airflow/dags/outbreak_batch_dag.py
[2025-12-16T11:49:18.646+0000] {processor.py:840} INFO - DAG(s) 'outbreak_batch_dag' retrieved from /opt/airflow/dags/outbreak_batch_dag.py
[2025-12-16T11:49:18.661+0000] {logging_mixin.py:188} INFO - [2025-12-16T11:49:18.661+0000] {dag.py:3047} INFO - Sync 1 DAGs
[2025-12-16T11:49:18.669+0000] {logging_mixin.py:188} INFO - [2025-12-16T11:49:18.669+0000] {dag.py:3834} INFO - Setting next_dagrun for outbreak_batch_dag to None, run_after=None
[2025-12-16T11:49:18.691+0000] {processor.py:183} INFO - Processing /opt/airflow/dags/outbreak_batch_dag.py took 0.117 seconds
[2025-12-16T11:49:49.255+0000] {processor.py:161} INFO - Started process (PID=2246) to work on /opt/airflow/dags/outbreak_batch_dag.py
[2025-12-16T11:49:49.256+0000] {processor.py:830} INFO - Processing file /opt/airflow/dags/outbreak_batch_dag.py for tasks to queue
[2025-12-16T11:49:49.257+0000] {logging_mixin.py:188} INFO - [2025-12-16T11:49:49.257+0000] {dagbag.py:540} INFO - Filling up the DagBag from /opt/airflow/dags/outbreak_batch_dag.py
[2025-12-16T11:49:49.302+0000] {processor.py:840} INFO - DAG(s) 'outbreak_batch_dag' retrieved from /opt/airflow/dags/outbreak_batch_dag.py
[2025-12-16T11:49:49.319+0000] {logging_mixin.py:188} INFO - [2025-12-16T11:49:49.319+0000] {dag.py:3047} INFO - Sync 1 DAGs
[2025-12-16T11:49:49.330+0000] {logging_mixin.py:188} INFO - [2025-12-16T11:49:49.329+0000] {dag.py:3834} INFO - Setting next_dagrun for outbreak_batch_dag to None, run_after=None
[2025-12-16T11:49:49.351+0000] {processor.py:183} INFO - Processing /opt/airflow/dags/outbreak_batch_dag.py took 0.098 seconds
[2025-12-16T11:50:19.946+0000] {processor.py:161} INFO - Started process (PID=2284) to work on /opt/airflow/dags/outbreak_batch_dag.py
[2025-12-16T11:50:19.947+0000] {processor.py:830} INFO - Processing file /opt/airflow/dags/outbreak_batch_dag.py for tasks to queue
[2025-12-16T11:50:19.948+0000] {logging_mixin.py:188} INFO - [2025-12-16T11:50:19.948+0000] {dagbag.py:540} INFO - Filling up the DagBag from /opt/airflow/dags/outbreak_batch_dag.py
[2025-12-16T11:50:19.997+0000] {processor.py:840} INFO - DAG(s) 'outbreak_batch_dag' retrieved from /opt/airflow/dags/outbreak_batch_dag.py
[2025-12-16T11:50:20.012+0000] {logging_mixin.py:188} INFO - [2025-12-16T11:50:20.012+0000] {dag.py:3047} INFO - Sync 1 DAGs
[2025-12-16T11:50:20.022+0000] {logging_mixin.py:188} INFO - [2025-12-16T11:50:20.022+0000] {dag.py:3834} INFO - Setting next_dagrun for outbreak_batch_dag to None, run_after=None
[2025-12-16T11:50:20.044+0000] {processor.py:183} INFO - Processing /opt/airflow/dags/outbreak_batch_dag.py took 0.101 seconds
[2025-12-16T11:50:50.553+0000] {processor.py:161} INFO - Started process (PID=2309) to work on /opt/airflow/dags/outbreak_batch_dag.py
[2025-12-16T11:50:50.553+0000] {processor.py:830} INFO - Processing file /opt/airflow/dags/outbreak_batch_dag.py for tasks to queue
[2025-12-16T11:50:50.554+0000] {logging_mixin.py:188} INFO - [2025-12-16T11:50:50.554+0000] {dagbag.py:540} INFO - Filling up the DagBag from /opt/airflow/dags/outbreak_batch_dag.py
[2025-12-16T11:50:50.598+0000] {processor.py:840} INFO - DAG(s) 'outbreak_batch_dag' retrieved from /opt/airflow/dags/outbreak_batch_dag.py
[2025-12-16T11:50:50.615+0000] {logging_mixin.py:188} INFO - [2025-12-16T11:50:50.615+0000] {dag.py:3047} INFO - Sync 1 DAGs
[2025-12-16T11:50:50.624+0000] {logging_mixin.py:188} INFO - [2025-12-16T11:50:50.624+0000] {dag.py:3834} INFO - Setting next_dagrun for outbreak_batch_dag to None, run_after=None
[2025-12-16T11:50:50.646+0000] {processor.py:183} INFO - Processing /opt/airflow/dags/outbreak_batch_dag.py took 0.096 seconds
[2025-12-16T11:51:21.140+0000] {processor.py:161} INFO - Started process (PID=2347) to work on /opt/airflow/dags/outbreak_batch_dag.py
[2025-12-16T11:51:21.141+0000] {processor.py:830} INFO - Processing file /opt/airflow/dags/outbreak_batch_dag.py for tasks to queue
[2025-12-16T11:51:21.142+0000] {logging_mixin.py:188} INFO - [2025-12-16T11:51:21.142+0000] {dagbag.py:540} INFO - Filling up the DagBag from /opt/airflow/dags/outbreak_batch_dag.py
[2025-12-16T11:51:21.204+0000] {processor.py:840} INFO - DAG(s) 'outbreak_batch_dag' retrieved from /opt/airflow/dags/outbreak_batch_dag.py
[2025-12-16T11:51:21.223+0000] {logging_mixin.py:188} INFO - [2025-12-16T11:51:21.223+0000] {dag.py:3047} INFO - Sync 1 DAGs
[2025-12-16T11:51:21.235+0000] {logging_mixin.py:188} INFO - [2025-12-16T11:51:21.235+0000] {dag.py:3834} INFO - Setting next_dagrun for outbreak_batch_dag to None, run_after=None
[2025-12-16T11:51:21.258+0000] {processor.py:183} INFO - Processing /opt/airflow/dags/outbreak_batch_dag.py took 0.122 seconds
[2025-12-16T11:51:51.800+0000] {processor.py:161} INFO - Started process (PID=2372) to work on /opt/airflow/dags/outbreak_batch_dag.py
[2025-12-16T11:51:51.801+0000] {processor.py:830} INFO - Processing file /opt/airflow/dags/outbreak_batch_dag.py for tasks to queue
[2025-12-16T11:51:51.802+0000] {logging_mixin.py:188} INFO - [2025-12-16T11:51:51.802+0000] {dagbag.py:540} INFO - Filling up the DagBag from /opt/airflow/dags/outbreak_batch_dag.py
[2025-12-16T11:51:51.863+0000] {processor.py:840} INFO - DAG(s) 'outbreak_batch_dag' retrieved from /opt/airflow/dags/outbreak_batch_dag.py
[2025-12-16T11:51:51.886+0000] {logging_mixin.py:188} INFO - [2025-12-16T11:51:51.885+0000] {dag.py:3047} INFO - Sync 1 DAGs
[2025-12-16T11:51:51.897+0000] {logging_mixin.py:188} INFO - [2025-12-16T11:51:51.897+0000] {dag.py:3834} INFO - Setting next_dagrun for outbreak_batch_dag to None, run_after=None
[2025-12-16T11:51:51.923+0000] {processor.py:183} INFO - Processing /opt/airflow/dags/outbreak_batch_dag.py took 0.127 seconds
[2025-12-16T11:52:22.527+0000] {processor.py:161} INFO - Started process (PID=2410) to work on /opt/airflow/dags/outbreak_batch_dag.py
[2025-12-16T11:52:22.528+0000] {processor.py:830} INFO - Processing file /opt/airflow/dags/outbreak_batch_dag.py for tasks to queue
[2025-12-16T11:52:22.529+0000] {logging_mixin.py:188} INFO - [2025-12-16T11:52:22.529+0000] {dagbag.py:540} INFO - Filling up the DagBag from /opt/airflow/dags/outbreak_batch_dag.py
[2025-12-16T11:52:22.571+0000] {processor.py:840} INFO - DAG(s) 'outbreak_batch_dag' retrieved from /opt/airflow/dags/outbreak_batch_dag.py
[2025-12-16T11:52:22.587+0000] {logging_mixin.py:188} INFO - [2025-12-16T11:52:22.586+0000] {dag.py:3047} INFO - Sync 1 DAGs
[2025-12-16T11:52:22.597+0000] {logging_mixin.py:188} INFO - [2025-12-16T11:52:22.597+0000] {dag.py:3834} INFO - Setting next_dagrun for outbreak_batch_dag to None, run_after=None
[2025-12-16T11:52:22.620+0000] {processor.py:183} INFO - Processing /opt/airflow/dags/outbreak_batch_dag.py took 0.095 seconds
[2025-12-16T11:52:53.126+0000] {processor.py:161} INFO - Started process (PID=2435) to work on /opt/airflow/dags/outbreak_batch_dag.py
[2025-12-16T11:52:53.127+0000] {processor.py:830} INFO - Processing file /opt/airflow/dags/outbreak_batch_dag.py for tasks to queue
[2025-12-16T11:52:53.128+0000] {logging_mixin.py:188} INFO - [2025-12-16T11:52:53.128+0000] {dagbag.py:540} INFO - Filling up the DagBag from /opt/airflow/dags/outbreak_batch_dag.py
[2025-12-16T11:52:53.170+0000] {processor.py:840} INFO - DAG(s) 'outbreak_batch_dag' retrieved from /opt/airflow/dags/outbreak_batch_dag.py
[2025-12-16T11:52:53.187+0000] {logging_mixin.py:188} INFO - [2025-12-16T11:52:53.186+0000] {dag.py:3047} INFO - Sync 1 DAGs
[2025-12-16T11:52:53.199+0000] {logging_mixin.py:188} INFO - [2025-12-16T11:52:53.199+0000] {dag.py:3834} INFO - Setting next_dagrun for outbreak_batch_dag to None, run_after=None
[2025-12-16T11:52:53.221+0000] {processor.py:183} INFO - Processing /opt/airflow/dags/outbreak_batch_dag.py took 0.097 seconds
[2025-12-16T11:53:23.731+0000] {processor.py:161} INFO - Started process (PID=2473) to work on /opt/airflow/dags/outbreak_batch_dag.py
[2025-12-16T11:53:23.732+0000] {processor.py:830} INFO - Processing file /opt/airflow/dags/outbreak_batch_dag.py for tasks to queue
[2025-12-16T11:53:23.733+0000] {logging_mixin.py:188} INFO - [2025-12-16T11:53:23.733+0000] {dagbag.py:540} INFO - Filling up the DagBag from /opt/airflow/dags/outbreak_batch_dag.py
[2025-12-16T11:53:23.783+0000] {processor.py:840} INFO - DAG(s) 'outbreak_batch_dag' retrieved from /opt/airflow/dags/outbreak_batch_dag.py
[2025-12-16T11:53:23.797+0000] {logging_mixin.py:188} INFO - [2025-12-16T11:53:23.797+0000] {dag.py:3047} INFO - Sync 1 DAGs
[2025-12-16T11:53:23.805+0000] {logging_mixin.py:188} INFO - [2025-12-16T11:53:23.805+0000] {dag.py:3834} INFO - Setting next_dagrun for outbreak_batch_dag to None, run_after=None
[2025-12-16T11:53:23.826+0000] {processor.py:183} INFO - Processing /opt/airflow/dags/outbreak_batch_dag.py took 0.097 seconds
[2025-12-16T11:53:54.393+0000] {processor.py:161} INFO - Started process (PID=2498) to work on /opt/airflow/dags/outbreak_batch_dag.py
[2025-12-16T11:53:54.394+0000] {processor.py:830} INFO - Processing file /opt/airflow/dags/outbreak_batch_dag.py for tasks to queue
[2025-12-16T11:53:54.395+0000] {logging_mixin.py:188} INFO - [2025-12-16T11:53:54.394+0000] {dagbag.py:540} INFO - Filling up the DagBag from /opt/airflow/dags/outbreak_batch_dag.py
[2025-12-16T11:53:54.447+0000] {processor.py:840} INFO - DAG(s) 'outbreak_batch_dag' retrieved from /opt/airflow/dags/outbreak_batch_dag.py
[2025-12-16T11:53:54.461+0000] {logging_mixin.py:188} INFO - [2025-12-16T11:53:54.461+0000] {dag.py:3047} INFO - Sync 1 DAGs
[2025-12-16T11:53:54.470+0000] {logging_mixin.py:188} INFO - [2025-12-16T11:53:54.470+0000] {dag.py:3834} INFO - Setting next_dagrun for outbreak_batch_dag to None, run_after=None
[2025-12-16T11:53:54.492+0000] {processor.py:183} INFO - Processing /opt/airflow/dags/outbreak_batch_dag.py took 0.102 seconds
[2025-12-16T11:54:25.030+0000] {processor.py:161} INFO - Started process (PID=2536) to work on /opt/airflow/dags/outbreak_batch_dag.py
[2025-12-16T11:54:25.034+0000] {processor.py:830} INFO - Processing file /opt/airflow/dags/outbreak_batch_dag.py for tasks to queue
[2025-12-16T11:54:25.037+0000] {logging_mixin.py:188} INFO - [2025-12-16T11:54:25.037+0000] {dagbag.py:540} INFO - Filling up the DagBag from /opt/airflow/dags/outbreak_batch_dag.py
[2025-12-16T11:54:25.096+0000] {processor.py:840} INFO - DAG(s) 'outbreak_batch_dag' retrieved from /opt/airflow/dags/outbreak_batch_dag.py
[2025-12-16T11:54:25.115+0000] {logging_mixin.py:188} INFO - [2025-12-16T11:54:25.115+0000] {dag.py:3047} INFO - Sync 1 DAGs
[2025-12-16T11:54:25.126+0000] {logging_mixin.py:188} INFO - [2025-12-16T11:54:25.126+0000] {dag.py:3834} INFO - Setting next_dagrun for outbreak_batch_dag to None, run_after=None
[2025-12-16T11:54:25.149+0000] {processor.py:183} INFO - Processing /opt/airflow/dags/outbreak_batch_dag.py took 0.123 seconds
[2025-12-16T11:54:55.710+0000] {processor.py:161} INFO - Started process (PID=2561) to work on /opt/airflow/dags/outbreak_batch_dag.py
[2025-12-16T11:54:55.712+0000] {processor.py:830} INFO - Processing file /opt/airflow/dags/outbreak_batch_dag.py for tasks to queue
[2025-12-16T11:54:55.713+0000] {logging_mixin.py:188} INFO - [2025-12-16T11:54:55.713+0000] {dagbag.py:540} INFO - Filling up the DagBag from /opt/airflow/dags/outbreak_batch_dag.py
[2025-12-16T11:54:55.795+0000] {processor.py:840} INFO - DAG(s) 'outbreak_batch_dag' retrieved from /opt/airflow/dags/outbreak_batch_dag.py
[2025-12-16T11:54:55.815+0000] {logging_mixin.py:188} INFO - [2025-12-16T11:54:55.814+0000] {dag.py:3047} INFO - Sync 1 DAGs
[2025-12-16T11:54:55.825+0000] {logging_mixin.py:188} INFO - [2025-12-16T11:54:55.825+0000] {dag.py:3834} INFO - Setting next_dagrun for outbreak_batch_dag to None, run_after=None
[2025-12-16T11:54:55.850+0000] {processor.py:183} INFO - Processing /opt/airflow/dags/outbreak_batch_dag.py took 0.147 seconds
