[2025-12-16T11:05:19.135+0000] {taskinstance.py:1979} INFO - Dependencies all met for dep_context=non-requeueable deps ti=<TaskInstance: daily_code_update.update_outbreak_code_name scheduled__2025-12-07T15:00:00+00:00 [queued]>
[2025-12-16T11:05:19.147+0000] {taskinstance.py:1979} INFO - Dependencies all met for dep_context=requeueable deps ti=<TaskInstance: daily_code_update.update_outbreak_code_name scheduled__2025-12-07T15:00:00+00:00 [queued]>
[2025-12-16T11:05:19.149+0000] {taskinstance.py:2193} INFO - Starting attempt 1 of 2
[2025-12-16T11:05:19.196+0000] {taskinstance.py:2217} INFO - Executing <Task(PythonOperator): update_outbreak_code_name> on 2025-12-07 15:00:00+00:00
[2025-12-16T11:05:19.214+0000] {standard_task_runner.py:60} INFO - Started process 644 to run task
[2025-12-16T11:05:19.217+0000] {standard_task_runner.py:87} INFO - Running: ['airflow', 'tasks', 'run', 'daily_code_update', 'update_outbreak_code_name', 'scheduled__2025-12-07T15:00:00+00:00', '--job-id', '179', '--raw', '--subdir', 'DAGS_FOLDER/code_update_dag.py', '--cfg-path', '/tmp/tmp78ml4ikm']
[2025-12-16T11:05:19.219+0000] {standard_task_runner.py:88} INFO - Job 179: Subtask update_outbreak_code_name
[2025-12-16T11:05:19.278+0000] {task_command.py:423} INFO - Running <TaskInstance: daily_code_update.update_outbreak_code_name scheduled__2025-12-07T15:00:00+00:00 [running]> on host d011923f8fa9
[2025-12-16T11:05:19.398+0000] {taskinstance.py:2513} INFO - Exporting env vars: AIRFLOW_CTX_DAG_OWNER='navisafe' AIRFLOW_CTX_DAG_ID='daily_code_update' AIRFLOW_CTX_TASK_ID='update_outbreak_code_name' AIRFLOW_CTX_EXECUTION_DATE='2025-12-07T15:00:00+00:00' AIRFLOW_CTX_TRY_NUMBER='1' AIRFLOW_CTX_DAG_RUN_ID='scheduled__2025-12-07T15:00:00+00:00'
[2025-12-16T11:05:19.400+0000] {logging_mixin.py:188} INFO - [INFO] update_outbreak_code_name 실행 시작
[2025-12-16T11:05:19.587+0000] {logging_mixin.py:188} INFO - [INFO] 13개의 돌발유형 코드 저장 완료
[2025-12-16T11:05:19.590+0000] {logging_mixin.py:188} INFO - [INFO] update_outbreak_code_name 완료
[2025-12-16T11:05:19.591+0000] {python.py:202} INFO - Done. Returned value was: None
[2025-12-16T11:05:19.596+0000] {taskinstance.py:1149} INFO - Marking task as SUCCESS. dag_id=daily_code_update, task_id=update_outbreak_code_name, execution_date=20251207T150000, start_date=20251216T110519, end_date=20251216T110519
[2025-12-16T11:05:19.670+0000] {local_task_job_runner.py:234} INFO - Task exited with return code 0
[2025-12-16T11:05:19.691+0000] {taskinstance.py:3312} INFO - 0 downstream tasks scheduled from follow-on schedule check
[2025-12-22T12:00:57.609+0000] {taskinstance.py:1979} INFO - Dependencies all met for dep_context=non-requeueable deps ti=<TaskInstance: daily_code_update.update_outbreak_code_name scheduled__2025-12-07T15:00:00+00:00 [queued]>
[2025-12-22T12:00:57.617+0000] {taskinstance.py:1979} INFO - Dependencies all met for dep_context=requeueable deps ti=<TaskInstance: daily_code_update.update_outbreak_code_name scheduled__2025-12-07T15:00:00+00:00 [queued]>
[2025-12-22T12:00:57.618+0000] {taskinstance.py:2193} INFO - Starting attempt 1 of 2
[2025-12-22T12:00:57.645+0000] {taskinstance.py:2217} INFO - Executing <Task(PythonOperator): update_outbreak_code_name> on 2025-12-07 15:00:00+00:00
[2025-12-22T12:00:57.659+0000] {standard_task_runner.py:60} INFO - Started process 685 to run task
[2025-12-22T12:00:57.661+0000] {standard_task_runner.py:87} INFO - Running: ['airflow', 'tasks', 'run', 'daily_code_update', 'update_outbreak_code_name', 'scheduled__2025-12-07T15:00:00+00:00', '--job-id', '174', '--raw', '--subdir', 'DAGS_FOLDER/code_update_dag.py', '--cfg-path', '/tmp/tmpzqzmp8zu']
[2025-12-22T12:00:57.663+0000] {standard_task_runner.py:88} INFO - Job 174: Subtask update_outbreak_code_name
[2025-12-22T12:00:57.735+0000] {task_command.py:423} INFO - Running <TaskInstance: daily_code_update.update_outbreak_code_name scheduled__2025-12-07T15:00:00+00:00 [running]> on host a5c0974290b2
[2025-12-22T12:00:57.854+0000] {taskinstance.py:2513} INFO - Exporting env vars: AIRFLOW_CTX_DAG_OWNER='navisafe' AIRFLOW_CTX_DAG_ID='daily_code_update' AIRFLOW_CTX_TASK_ID='update_outbreak_code_name' AIRFLOW_CTX_EXECUTION_DATE='2025-12-07T15:00:00+00:00' AIRFLOW_CTX_TRY_NUMBER='1' AIRFLOW_CTX_DAG_RUN_ID='scheduled__2025-12-07T15:00:00+00:00'
[2025-12-22T12:00:57.855+0000] {logging_mixin.py:188} INFO - [INFO] update_outbreak_code_name 실행 시작
[2025-12-22T12:00:58.036+0000] {base.py:83} INFO - Using connection ID 'navisafe_mysql' for task execution.
[2025-12-22T12:00:58.040+0000] {logging_mixin.py:188} INFO - [INFO] 13개의 돌발유형 코드 저장 완료
[2025-12-22T12:00:58.041+0000] {logging_mixin.py:188} INFO - [INFO] update_outbreak_code_name 완료
[2025-12-22T12:00:58.041+0000] {python.py:202} INFO - Done. Returned value was: None
[2025-12-22T12:00:58.047+0000] {taskinstance.py:1149} INFO - Marking task as SUCCESS. dag_id=daily_code_update, task_id=update_outbreak_code_name, execution_date=20251207T150000, start_date=20251222T120057, end_date=20251222T120058
[2025-12-22T12:00:58.115+0000] {local_task_job_runner.py:234} INFO - Task exited with return code 0
[2025-12-22T12:00:58.135+0000] {taskinstance.py:3312} INFO - 0 downstream tasks scheduled from follow-on schedule check
