[2025-10-16T11:32:26.110+0000] {taskinstance.py:1956} INFO - Dependencies all met for dep_context=non-requeueable deps ti=<TaskInstance: daily_code_update.update_region_name scheduled__2025-10-13T15:00:00+00:00 [queued]>
[2025-10-16T11:32:26.116+0000] {taskinstance.py:1956} INFO - Dependencies all met for dep_context=requeueable deps ti=<TaskInstance: daily_code_update.update_region_name scheduled__2025-10-13T15:00:00+00:00 [queued]>
[2025-10-16T11:32:26.117+0000] {taskinstance.py:2170} INFO - Starting attempt 2 of 2
[2025-10-16T11:32:26.135+0000] {taskinstance.py:2191} INFO - Executing <Task(PythonOperator): update_region_name> on 2025-10-13 15:00:00+00:00
[2025-10-16T11:32:26.139+0000] {standard_task_runner.py:60} INFO - Started process 303 to run task
[2025-10-16T11:32:26.142+0000] {standard_task_runner.py:87} INFO - Running: ['airflow', 'tasks', 'run', 'daily_code_update', 'update_region_name', 'scheduled__2025-10-13T15:00:00+00:00', '--job-id', '14', '--raw', '--subdir', 'DAGS_FOLDER/code_update_dag.py', '--cfg-path', '/tmp/tmp2el129j0']
[2025-10-16T11:32:26.143+0000] {standard_task_runner.py:88} INFO - Job 14: Subtask update_region_name
[2025-10-16T11:32:26.222+0000] {task_command.py:423} INFO - Running <TaskInstance: daily_code_update.update_region_name scheduled__2025-10-13T15:00:00+00:00 [running]> on host bf9f223133c9
[2025-10-16T11:32:26.274+0000] {taskinstance.py:2480} INFO - Exporting env vars: AIRFLOW_CTX_DAG_OWNER='navisafe' AIRFLOW_CTX_DAG_ID='daily_code_update' AIRFLOW_CTX_TASK_ID='update_region_name' AIRFLOW_CTX_EXECUTION_DATE='2025-10-13T15:00:00+00:00' AIRFLOW_CTX_TRY_NUMBER='2' AIRFLOW_CTX_DAG_RUN_ID='scheduled__2025-10-13T15:00:00+00:00'
[2025-10-16T11:32:26.275+0000] {logging_mixin.py:188} INFO - [INFO] update_region_code_name 실행 시작
[2025-10-16T11:32:26.429+0000] {logging_mixin.py:188} INFO - [ERROR] MySQL 저장 실패: 1146 (42S02): Table 'toy_project.REGION_CD' doesn't exist
[2025-10-16T11:32:26.430+0000] {logging_mixin.py:188} INFO - [ERROR] update_region_code_name 실패: 1146 (42S02): Table 'toy_project.REGION_CD' doesn't exist
[2025-10-16T11:32:26.430+0000] {taskinstance.py:2698} ERROR - Task failed with exception
Traceback (most recent call last):
  File "/home/airflow/.local/lib/python3.8/site-packages/mysql/connector/connection_cext.py", line 535, in cmd_query
    self._cmysql.query(query,
_mysql_connector.MySQLInterfaceError: Table 'toy_project.REGION_CD' doesn't exist

During handling of the above exception, another exception occurred:

Traceback (most recent call last):
  File "/home/airflow/.local/lib/python3.8/site-packages/airflow/models/taskinstance.py", line 433, in _execute_task
    result = execute_callable(context=context, **execute_callable_kwargs)
  File "/home/airflow/.local/lib/python3.8/site-packages/airflow/operators/python.py", line 199, in execute
    return_value = self.execute_callable()
  File "/home/airflow/.local/lib/python3.8/site-packages/airflow/operators/python.py", line 216, in execute_callable
    return self.python_callable(*self.op_args, **self.op_kwargs)
  File "/opt/airflow/plugins/airflow_utils/region_name.py", line 72, in update_region_code_name
    raise e
  File "/opt/airflow/plugins/airflow_utils/region_name.py", line 68, in update_region_code_name
    save_regioninfo_to_mysql(regions)
  File "/opt/airflow/plugins/airflow_utils/region_name.py", line 45, in save_regioninfo_to_mysql
    cursor.execute("""
  File "/home/airflow/.local/lib/python3.8/site-packages/mysql/connector/cursor_cext.py", line 269, in execute
    result = self._cnx.cmd_query(stmt, raw=self._raw,
  File "/home/airflow/.local/lib/python3.8/site-packages/mysql/connector/connection_cext.py", line 540, in cmd_query
    raise errors.get_mysql_exception(exc.errno, msg=exc.msg,
mysql.connector.errors.ProgrammingError: 1146 (42S02): Table 'toy_project.REGION_CD' doesn't exist
[2025-10-16T11:32:26.441+0000] {taskinstance.py:1138} INFO - Marking task as FAILED. dag_id=daily_code_update, task_id=update_region_name, execution_date=20251013T150000, start_date=20251016T113226, end_date=20251016T113226
[2025-10-16T11:32:26.458+0000] {standard_task_runner.py:107} ERROR - Failed to execute job 14 for task update_region_name (1146 (42S02): Table 'toy_project.REGION_CD' doesn't exist; 303)
[2025-10-16T11:32:26.475+0000] {local_task_job_runner.py:234} INFO - Task exited with return code 1
[2025-10-16T11:32:26.483+0000] {taskinstance.py:3280} INFO - 0 downstream tasks scheduled from follow-on schedule check
