[2025-12-16T11:04:52.198+0000] {taskinstance.py:1979} INFO - Dependencies all met for dep_context=non-requeueable deps ti=<TaskInstance: daily_code_update.update_region_name scheduled__2025-10-25T15:00:00+00:00 [queued]>
[2025-12-16T11:04:52.214+0000] {taskinstance.py:1979} INFO - Dependencies all met for dep_context=requeueable deps ti=<TaskInstance: daily_code_update.update_region_name scheduled__2025-10-25T15:00:00+00:00 [queued]>
[2025-12-16T11:04:52.214+0000] {taskinstance.py:2193} INFO - Starting attempt 1 of 2
[2025-12-16T11:04:52.263+0000] {taskinstance.py:2217} INFO - Executing <Task(PythonOperator): update_region_name> on 2025-10-25 15:00:00+00:00
[2025-12-16T11:04:52.267+0000] {standard_task_runner.py:60} INFO - Started process 337 to run task
[2025-12-16T11:04:52.269+0000] {standard_task_runner.py:87} INFO - Running: ['airflow', 'tasks', 'run', 'daily_code_update', 'update_region_name', 'scheduled__2025-10-25T15:00:00+00:00', '--job-id', '42', '--raw', '--subdir', 'DAGS_FOLDER/code_update_dag.py', '--cfg-path', '/tmp/tmprlkt4_h7']
[2025-12-16T11:04:52.272+0000] {standard_task_runner.py:88} INFO - Job 42: Subtask update_region_name
[2025-12-16T11:04:52.356+0000] {task_command.py:423} INFO - Running <TaskInstance: daily_code_update.update_region_name scheduled__2025-10-25T15:00:00+00:00 [running]> on host d011923f8fa9
[2025-12-16T11:04:52.515+0000] {taskinstance.py:2513} INFO - Exporting env vars: AIRFLOW_CTX_DAG_OWNER='navisafe' AIRFLOW_CTX_DAG_ID='daily_code_update' AIRFLOW_CTX_TASK_ID='update_region_name' AIRFLOW_CTX_EXECUTION_DATE='2025-10-25T15:00:00+00:00' AIRFLOW_CTX_TRY_NUMBER='1' AIRFLOW_CTX_DAG_RUN_ID='scheduled__2025-10-25T15:00:00+00:00'
[2025-12-16T11:04:52.516+0000] {logging_mixin.py:188} INFO - [INFO] update_region_code_name 실행 시작
[2025-12-16T11:04:52.651+0000] {logging_mixin.py:188} INFO - [INFO] 25개의 지역 코드 저장 완료
[2025-12-16T11:04:52.653+0000] {logging_mixin.py:188} INFO - [INFO] update_region_code_name 완료
[2025-12-16T11:04:52.653+0000] {python.py:202} INFO - Done. Returned value was: None
[2025-12-16T11:04:52.659+0000] {taskinstance.py:1149} INFO - Marking task as SUCCESS. dag_id=daily_code_update, task_id=update_region_name, execution_date=20251025T150000, start_date=20251216T110452, end_date=20251216T110452
[2025-12-16T11:04:52.804+0000] {local_task_job_runner.py:234} INFO - Task exited with return code 0
[2025-12-16T11:04:52.863+0000] {taskinstance.py:3312} INFO - 0 downstream tasks scheduled from follow-on schedule check
[2025-12-22T12:00:26.769+0000] {taskinstance.py:1979} INFO - Dependencies all met for dep_context=non-requeueable deps ti=<TaskInstance: daily_code_update.update_region_name scheduled__2025-10-25T15:00:00+00:00 [queued]>
[2025-12-22T12:00:26.786+0000] {taskinstance.py:1979} INFO - Dependencies all met for dep_context=requeueable deps ti=<TaskInstance: daily_code_update.update_region_name scheduled__2025-10-25T15:00:00+00:00 [queued]>
[2025-12-22T12:00:26.787+0000] {taskinstance.py:2193} INFO - Starting attempt 1 of 2
[2025-12-22T12:00:26.858+0000] {taskinstance.py:2217} INFO - Executing <Task(PythonOperator): update_region_name> on 2025-10-25 15:00:00+00:00
[2025-12-22T12:00:26.874+0000] {standard_task_runner.py:60} INFO - Started process 393 to run task
[2025-12-22T12:00:26.880+0000] {standard_task_runner.py:87} INFO - Running: ['airflow', 'tasks', 'run', 'daily_code_update', 'update_region_name', 'scheduled__2025-10-25T15:00:00+00:00', '--job-id', '44', '--raw', '--subdir', 'DAGS_FOLDER/code_update_dag.py', '--cfg-path', '/tmp/tmpu1xrkvxr']
[2025-12-22T12:00:26.883+0000] {standard_task_runner.py:88} INFO - Job 44: Subtask update_region_name
[2025-12-22T12:00:27.058+0000] {task_command.py:423} INFO - Running <TaskInstance: daily_code_update.update_region_name scheduled__2025-10-25T15:00:00+00:00 [running]> on host a5c0974290b2
[2025-12-22T12:00:27.252+0000] {taskinstance.py:2513} INFO - Exporting env vars: AIRFLOW_CTX_DAG_OWNER='navisafe' AIRFLOW_CTX_DAG_ID='daily_code_update' AIRFLOW_CTX_TASK_ID='update_region_name' AIRFLOW_CTX_EXECUTION_DATE='2025-10-25T15:00:00+00:00' AIRFLOW_CTX_TRY_NUMBER='1' AIRFLOW_CTX_DAG_RUN_ID='scheduled__2025-10-25T15:00:00+00:00'
[2025-12-22T12:00:27.254+0000] {logging_mixin.py:188} INFO - [INFO] update_region_code_name 실행 시작
[2025-12-22T12:00:27.587+0000] {base.py:83} INFO - Using connection ID 'navisafe_mysql' for task execution.
[2025-12-22T12:00:27.604+0000] {logging_mixin.py:188} INFO - [INFO] 25개의 지역 코드 저장 완료
[2025-12-22T12:00:27.607+0000] {logging_mixin.py:188} INFO - [INFO] update_region_code_name 완료
[2025-12-22T12:00:27.609+0000] {python.py:202} INFO - Done. Returned value was: None
[2025-12-22T12:00:27.635+0000] {taskinstance.py:1149} INFO - Marking task as SUCCESS. dag_id=daily_code_update, task_id=update_region_name, execution_date=20251025T150000, start_date=20251222T120026, end_date=20251222T120027
[2025-12-22T12:00:27.776+0000] {local_task_job_runner.py:234} INFO - Task exited with return code 0
[2025-12-22T12:00:27.821+0000] {taskinstance.py:3312} INFO - 0 downstream tasks scheduled from follow-on schedule check
