[2025-12-16T11:05:07.395+0000] {taskinstance.py:1979} INFO - Dependencies all met for dep_context=non-requeueable deps ti=<TaskInstance: daily_code_update.update_outbreak_detail_code_name scheduled__2025-11-19T15:00:00+00:00 [queued]>
[2025-12-16T11:05:07.412+0000] {taskinstance.py:1979} INFO - Dependencies all met for dep_context=requeueable deps ti=<TaskInstance: daily_code_update.update_outbreak_detail_code_name scheduled__2025-11-19T15:00:00+00:00 [queued]>
[2025-12-16T11:05:07.416+0000] {taskinstance.py:2193} INFO - Starting attempt 1 of 2
[2025-12-16T11:05:07.480+0000] {taskinstance.py:2217} INFO - Executing <Task(PythonOperator): update_outbreak_detail_code_name> on 2025-11-19 15:00:00+00:00
[2025-12-16T11:05:07.487+0000] {standard_task_runner.py:60} INFO - Started process 531 to run task
[2025-12-16T11:05:07.491+0000] {standard_task_runner.py:87} INFO - Running: ['airflow', 'tasks', 'run', 'daily_code_update', 'update_outbreak_detail_code_name', 'scheduled__2025-11-19T15:00:00+00:00', '--job-id', '122', '--raw', '--subdir', 'DAGS_FOLDER/code_update_dag.py', '--cfg-path', '/tmp/tmprgqpgaj0']
[2025-12-16T11:05:07.494+0000] {standard_task_runner.py:88} INFO - Job 122: Subtask update_outbreak_detail_code_name
[2025-12-16T11:05:07.589+0000] {task_command.py:423} INFO - Running <TaskInstance: daily_code_update.update_outbreak_detail_code_name scheduled__2025-11-19T15:00:00+00:00 [running]> on host d011923f8fa9
[2025-12-16T11:05:07.790+0000] {taskinstance.py:2513} INFO - Exporting env vars: AIRFLOW_CTX_DAG_OWNER='navisafe' AIRFLOW_CTX_DAG_ID='daily_code_update' AIRFLOW_CTX_TASK_ID='update_outbreak_detail_code_name' AIRFLOW_CTX_EXECUTION_DATE='2025-11-19T15:00:00+00:00' AIRFLOW_CTX_TRY_NUMBER='1' AIRFLOW_CTX_DAG_RUN_ID='scheduled__2025-11-19T15:00:00+00:00'
[2025-12-16T11:05:07.792+0000] {logging_mixin.py:188} INFO - [INFO] update_outbreak_detail_code_name 실행 시작
[2025-12-16T11:05:07.987+0000] {logging_mixin.py:188} INFO - [INFO] 43개의 돌발 세부 유형 코드 저장 완료
[2025-12-16T11:05:07.988+0000] {logging_mixin.py:188} INFO - [INFO] update_outbreak_detail_code_name 완료
[2025-12-16T11:05:07.988+0000] {python.py:202} INFO - Done. Returned value was: None
[2025-12-16T11:05:07.999+0000] {taskinstance.py:1149} INFO - Marking task as SUCCESS. dag_id=daily_code_update, task_id=update_outbreak_detail_code_name, execution_date=20251119T150000, start_date=20251216T110507, end_date=20251216T110507
[2025-12-16T11:05:08.065+0000] {local_task_job_runner.py:234} INFO - Task exited with return code 0
[2025-12-16T11:05:08.085+0000] {taskinstance.py:3312} INFO - 0 downstream tasks scheduled from follow-on schedule check
[2025-12-22T12:00:47.924+0000] {taskinstance.py:1979} INFO - Dependencies all met for dep_context=non-requeueable deps ti=<TaskInstance: daily_code_update.update_outbreak_detail_code_name scheduled__2025-11-19T15:00:00+00:00 [queued]>
[2025-12-22T12:00:47.933+0000] {taskinstance.py:1979} INFO - Dependencies all met for dep_context=requeueable deps ti=<TaskInstance: daily_code_update.update_outbreak_detail_code_name scheduled__2025-11-19T15:00:00+00:00 [queued]>
[2025-12-22T12:00:47.934+0000] {taskinstance.py:2193} INFO - Starting attempt 1 of 2
[2025-12-22T12:00:48.039+0000] {taskinstance.py:2217} INFO - Executing <Task(PythonOperator): update_outbreak_detail_code_name> on 2025-11-19 15:00:00+00:00
[2025-12-22T12:00:48.045+0000] {standard_task_runner.py:60} INFO - Started process 550 to run task
[2025-12-22T12:00:48.048+0000] {standard_task_runner.py:87} INFO - Running: ['airflow', 'tasks', 'run', 'daily_code_update', 'update_outbreak_detail_code_name', 'scheduled__2025-11-19T15:00:00+00:00', '--job-id', '120', '--raw', '--subdir', 'DAGS_FOLDER/code_update_dag.py', '--cfg-path', '/tmp/tmpg0_ta_5l']
[2025-12-22T12:00:48.050+0000] {standard_task_runner.py:88} INFO - Job 120: Subtask update_outbreak_detail_code_name
[2025-12-22T12:00:48.129+0000] {task_command.py:423} INFO - Running <TaskInstance: daily_code_update.update_outbreak_detail_code_name scheduled__2025-11-19T15:00:00+00:00 [running]> on host a5c0974290b2
[2025-12-22T12:00:48.292+0000] {taskinstance.py:2513} INFO - Exporting env vars: AIRFLOW_CTX_DAG_OWNER='navisafe' AIRFLOW_CTX_DAG_ID='daily_code_update' AIRFLOW_CTX_TASK_ID='update_outbreak_detail_code_name' AIRFLOW_CTX_EXECUTION_DATE='2025-11-19T15:00:00+00:00' AIRFLOW_CTX_TRY_NUMBER='1' AIRFLOW_CTX_DAG_RUN_ID='scheduled__2025-11-19T15:00:00+00:00'
[2025-12-22T12:00:48.294+0000] {logging_mixin.py:188} INFO - [INFO] update_outbreak_detail_code_name 실행 시작
[2025-12-22T12:00:48.391+0000] {base.py:83} INFO - Using connection ID 'navisafe_mysql' for task execution.
[2025-12-22T12:00:48.397+0000] {logging_mixin.py:188} INFO - [INFO] 43개의 돌발 세부 유형 코드 저장 완료
[2025-12-22T12:00:48.397+0000] {logging_mixin.py:188} INFO - [INFO] update_outbreak_detail_code_name 완료
[2025-12-22T12:00:48.398+0000] {python.py:202} INFO - Done. Returned value was: None
[2025-12-22T12:00:48.405+0000] {taskinstance.py:1149} INFO - Marking task as SUCCESS. dag_id=daily_code_update, task_id=update_outbreak_detail_code_name, execution_date=20251119T150000, start_date=20251222T120047, end_date=20251222T120048
[2025-12-22T12:00:48.501+0000] {local_task_job_runner.py:234} INFO - Task exited with return code 0
[2025-12-22T12:00:48.602+0000] {taskinstance.py:3312} INFO - 0 downstream tasks scheduled from follow-on schedule check
