[2025-12-16T11:05:06.486+0000] {taskinstance.py:1979} INFO - Dependencies all met for dep_context=non-requeueable deps ti=<TaskInstance: daily_code_update.update_outbreak_detail_code_name scheduled__2025-11-17T15:00:00+00:00 [queued]>
[2025-12-16T11:05:06.500+0000] {taskinstance.py:1979} INFO - Dependencies all met for dep_context=requeueable deps ti=<TaskInstance: daily_code_update.update_outbreak_detail_code_name scheduled__2025-11-17T15:00:00+00:00 [queued]>
[2025-12-16T11:05:06.504+0000] {taskinstance.py:2193} INFO - Starting attempt 1 of 2
[2025-12-16T11:05:06.668+0000] {taskinstance.py:2217} INFO - Executing <Task(PythonOperator): update_outbreak_detail_code_name> on 2025-11-17 15:00:00+00:00
[2025-12-16T11:05:06.675+0000] {standard_task_runner.py:60} INFO - Started process 496 to run task
[2025-12-16T11:05:06.683+0000] {standard_task_runner.py:87} INFO - Running: ['airflow', 'tasks', 'run', 'daily_code_update', 'update_outbreak_detail_code_name', 'scheduled__2025-11-17T15:00:00+00:00', '--job-id', '117', '--raw', '--subdir', 'DAGS_FOLDER/code_update_dag.py', '--cfg-path', '/tmp/tmp7rkhkcq7']
[2025-12-16T11:05:06.686+0000] {standard_task_runner.py:88} INFO - Job 117: Subtask update_outbreak_detail_code_name
[2025-12-16T11:05:06.797+0000] {task_command.py:423} INFO - Running <TaskInstance: daily_code_update.update_outbreak_detail_code_name scheduled__2025-11-17T15:00:00+00:00 [running]> on host d011923f8fa9
[2025-12-16T11:05:06.998+0000] {taskinstance.py:2513} INFO - Exporting env vars: AIRFLOW_CTX_DAG_OWNER='navisafe' AIRFLOW_CTX_DAG_ID='daily_code_update' AIRFLOW_CTX_TASK_ID='update_outbreak_detail_code_name' AIRFLOW_CTX_EXECUTION_DATE='2025-11-17T15:00:00+00:00' AIRFLOW_CTX_TRY_NUMBER='1' AIRFLOW_CTX_DAG_RUN_ID='scheduled__2025-11-17T15:00:00+00:00'
[2025-12-16T11:05:07.004+0000] {logging_mixin.py:188} INFO - [INFO] update_outbreak_detail_code_name 실행 시작
[2025-12-16T11:05:07.237+0000] {logging_mixin.py:188} INFO - [INFO] 43개의 돌발 세부 유형 코드 저장 완료
[2025-12-16T11:05:07.238+0000] {logging_mixin.py:188} INFO - [INFO] update_outbreak_detail_code_name 완료
[2025-12-16T11:05:07.239+0000] {python.py:202} INFO - Done. Returned value was: None
[2025-12-16T11:05:07.248+0000] {taskinstance.py:1149} INFO - Marking task as SUCCESS. dag_id=daily_code_update, task_id=update_outbreak_detail_code_name, execution_date=20251117T150000, start_date=20251216T110506, end_date=20251216T110507
[2025-12-16T11:05:07.335+0000] {local_task_job_runner.py:234} INFO - Task exited with return code 0
[2025-12-16T11:05:07.353+0000] {taskinstance.py:3312} INFO - 0 downstream tasks scheduled from follow-on schedule check
[2025-12-22T12:00:47.613+0000] {taskinstance.py:1979} INFO - Dependencies all met for dep_context=non-requeueable deps ti=<TaskInstance: daily_code_update.update_outbreak_detail_code_name scheduled__2025-11-17T15:00:00+00:00 [queued]>
[2025-12-22T12:00:47.625+0000] {taskinstance.py:1979} INFO - Dependencies all met for dep_context=requeueable deps ti=<TaskInstance: daily_code_update.update_outbreak_detail_code_name scheduled__2025-11-17T15:00:00+00:00 [queued]>
[2025-12-22T12:00:47.626+0000] {taskinstance.py:2193} INFO - Starting attempt 1 of 2
[2025-12-22T12:00:47.661+0000] {taskinstance.py:2217} INFO - Executing <Task(PythonOperator): update_outbreak_detail_code_name> on 2025-11-17 15:00:00+00:00
[2025-12-22T12:00:47.666+0000] {standard_task_runner.py:60} INFO - Started process 539 to run task
[2025-12-22T12:00:47.670+0000] {standard_task_runner.py:87} INFO - Running: ['airflow', 'tasks', 'run', 'daily_code_update', 'update_outbreak_detail_code_name', 'scheduled__2025-11-17T15:00:00+00:00', '--job-id', '115', '--raw', '--subdir', 'DAGS_FOLDER/code_update_dag.py', '--cfg-path', '/tmp/tmpajiaa_b7']
[2025-12-22T12:00:47.677+0000] {standard_task_runner.py:88} INFO - Job 115: Subtask update_outbreak_detail_code_name
[2025-12-22T12:00:47.745+0000] {task_command.py:423} INFO - Running <TaskInstance: daily_code_update.update_outbreak_detail_code_name scheduled__2025-11-17T15:00:00+00:00 [running]> on host a5c0974290b2
[2025-12-22T12:00:47.876+0000] {taskinstance.py:2513} INFO - Exporting env vars: AIRFLOW_CTX_DAG_OWNER='navisafe' AIRFLOW_CTX_DAG_ID='daily_code_update' AIRFLOW_CTX_TASK_ID='update_outbreak_detail_code_name' AIRFLOW_CTX_EXECUTION_DATE='2025-11-17T15:00:00+00:00' AIRFLOW_CTX_TRY_NUMBER='1' AIRFLOW_CTX_DAG_RUN_ID='scheduled__2025-11-17T15:00:00+00:00'
[2025-12-22T12:00:47.877+0000] {logging_mixin.py:188} INFO - [INFO] update_outbreak_detail_code_name 실행 시작
[2025-12-22T12:00:48.223+0000] {base.py:83} INFO - Using connection ID 'navisafe_mysql' for task execution.
[2025-12-22T12:00:48.230+0000] {logging_mixin.py:188} INFO - [INFO] 43개의 돌발 세부 유형 코드 저장 완료
[2025-12-22T12:00:48.231+0000] {logging_mixin.py:188} INFO - [INFO] update_outbreak_detail_code_name 완료
[2025-12-22T12:00:48.232+0000] {python.py:202} INFO - Done. Returned value was: None
[2025-12-22T12:00:48.240+0000] {taskinstance.py:1149} INFO - Marking task as SUCCESS. dag_id=daily_code_update, task_id=update_outbreak_detail_code_name, execution_date=20251117T150000, start_date=20251222T120047, end_date=20251222T120048
[2025-12-22T12:00:48.365+0000] {local_task_job_runner.py:234} INFO - Task exited with return code 0
[2025-12-22T12:00:48.419+0000] {taskinstance.py:3312} INFO - 0 downstream tasks scheduled from follow-on schedule check
