[2025-12-16T11:05:13.190+0000] {taskinstance.py:1979} INFO - Dependencies all met for dep_context=non-requeueable deps ti=<TaskInstance: daily_code_update.update_region_name scheduled__2025-11-29T15:00:00+00:00 [queued]>
[2025-12-16T11:05:13.206+0000] {taskinstance.py:1979} INFO - Dependencies all met for dep_context=requeueable deps ti=<TaskInstance: daily_code_update.update_region_name scheduled__2025-11-29T15:00:00+00:00 [queued]>
[2025-12-16T11:05:13.207+0000] {taskinstance.py:2193} INFO - Starting attempt 1 of 2
[2025-12-16T11:05:13.255+0000] {taskinstance.py:2217} INFO - Executing <Task(PythonOperator): update_region_name> on 2025-11-29 15:00:00+00:00
[2025-12-16T11:05:13.285+0000] {standard_task_runner.py:60} INFO - Started process 600 to run task
[2025-12-16T11:05:13.291+0000] {standard_task_runner.py:87} INFO - Running: ['airflow', 'tasks', 'run', 'daily_code_update', 'update_region_name', 'scheduled__2025-11-29T15:00:00+00:00', '--job-id', '155', '--raw', '--subdir', 'DAGS_FOLDER/code_update_dag.py', '--cfg-path', '/tmp/tmpgl73b4px']
[2025-12-16T11:05:13.296+0000] {standard_task_runner.py:88} INFO - Job 155: Subtask update_region_name
[2025-12-16T11:05:13.423+0000] {task_command.py:423} INFO - Running <TaskInstance: daily_code_update.update_region_name scheduled__2025-11-29T15:00:00+00:00 [running]> on host d011923f8fa9
[2025-12-16T11:05:13.618+0000] {taskinstance.py:2513} INFO - Exporting env vars: AIRFLOW_CTX_DAG_OWNER='navisafe' AIRFLOW_CTX_DAG_ID='daily_code_update' AIRFLOW_CTX_TASK_ID='update_region_name' AIRFLOW_CTX_EXECUTION_DATE='2025-11-29T15:00:00+00:00' AIRFLOW_CTX_TRY_NUMBER='1' AIRFLOW_CTX_DAG_RUN_ID='scheduled__2025-11-29T15:00:00+00:00'
[2025-12-16T11:05:13.622+0000] {logging_mixin.py:188} INFO - [INFO] update_region_code_name 실행 시작
[2025-12-16T11:05:13.869+0000] {logging_mixin.py:188} INFO - [INFO] 25개의 지역 코드 저장 완료
[2025-12-16T11:05:13.872+0000] {logging_mixin.py:188} INFO - [INFO] update_region_code_name 완료
[2025-12-16T11:05:13.874+0000] {python.py:202} INFO - Done. Returned value was: None
[2025-12-16T11:05:13.885+0000] {taskinstance.py:1149} INFO - Marking task as SUCCESS. dag_id=daily_code_update, task_id=update_region_name, execution_date=20251129T150000, start_date=20251216T110513, end_date=20251216T110513
[2025-12-16T11:05:13.952+0000] {local_task_job_runner.py:234} INFO - Task exited with return code 0
[2025-12-16T11:05:13.977+0000] {taskinstance.py:3312} INFO - 0 downstream tasks scheduled from follow-on schedule check
[2025-12-22T12:00:52.011+0000] {taskinstance.py:1979} INFO - Dependencies all met for dep_context=non-requeueable deps ti=<TaskInstance: daily_code_update.update_region_name scheduled__2025-11-29T15:00:00+00:00 [queued]>
[2025-12-22T12:00:52.020+0000] {taskinstance.py:1979} INFO - Dependencies all met for dep_context=requeueable deps ti=<TaskInstance: daily_code_update.update_region_name scheduled__2025-11-29T15:00:00+00:00 [queued]>
[2025-12-22T12:00:52.020+0000] {taskinstance.py:2193} INFO - Starting attempt 1 of 2
[2025-12-22T12:00:52.186+0000] {taskinstance.py:2217} INFO - Executing <Task(PythonOperator): update_region_name> on 2025-11-29 15:00:00+00:00
[2025-12-22T12:00:52.191+0000] {standard_task_runner.py:60} INFO - Started process 609 to run task
[2025-12-22T12:00:52.194+0000] {standard_task_runner.py:87} INFO - Running: ['airflow', 'tasks', 'run', 'daily_code_update', 'update_region_name', 'scheduled__2025-11-29T15:00:00+00:00', '--job-id', '151', '--raw', '--subdir', 'DAGS_FOLDER/code_update_dag.py', '--cfg-path', '/tmp/tmp5no0k_vf']
[2025-12-22T12:00:52.196+0000] {standard_task_runner.py:88} INFO - Job 151: Subtask update_region_name
[2025-12-22T12:00:52.294+0000] {task_command.py:423} INFO - Running <TaskInstance: daily_code_update.update_region_name scheduled__2025-11-29T15:00:00+00:00 [running]> on host a5c0974290b2
[2025-12-22T12:00:52.443+0000] {taskinstance.py:2513} INFO - Exporting env vars: AIRFLOW_CTX_DAG_OWNER='navisafe' AIRFLOW_CTX_DAG_ID='daily_code_update' AIRFLOW_CTX_TASK_ID='update_region_name' AIRFLOW_CTX_EXECUTION_DATE='2025-11-29T15:00:00+00:00' AIRFLOW_CTX_TRY_NUMBER='1' AIRFLOW_CTX_DAG_RUN_ID='scheduled__2025-11-29T15:00:00+00:00'
[2025-12-22T12:00:52.444+0000] {logging_mixin.py:188} INFO - [INFO] update_region_code_name 실행 시작
[2025-12-22T12:00:52.588+0000] {base.py:83} INFO - Using connection ID 'navisafe_mysql' for task execution.
[2025-12-22T12:00:52.595+0000] {logging_mixin.py:188} INFO - [INFO] 25개의 지역 코드 저장 완료
[2025-12-22T12:00:52.598+0000] {logging_mixin.py:188} INFO - [INFO] update_region_code_name 완료
[2025-12-22T12:00:52.599+0000] {python.py:202} INFO - Done. Returned value was: None
[2025-12-22T12:00:52.607+0000] {taskinstance.py:1149} INFO - Marking task as SUCCESS. dag_id=daily_code_update, task_id=update_region_name, execution_date=20251129T150000, start_date=20251222T120052, end_date=20251222T120052
[2025-12-22T12:00:52.647+0000] {local_task_job_runner.py:234} INFO - Task exited with return code 0
[2025-12-22T12:00:52.657+0000] {taskinstance.py:3312} INFO - 0 downstream tasks scheduled from follow-on schedule check
