[2025-12-16T11:05:10.934+0000] {taskinstance.py:1979} INFO - Dependencies all met for dep_context=non-requeueable deps ti=<TaskInstance: daily_code_update.update_region_name scheduled__2025-11-26T15:00:00+00:00 [queued]>
[2025-12-16T11:05:10.953+0000] {taskinstance.py:1979} INFO - Dependencies all met for dep_context=requeueable deps ti=<TaskInstance: daily_code_update.update_region_name scheduled__2025-11-26T15:00:00+00:00 [queued]>
[2025-12-16T11:05:10.954+0000] {taskinstance.py:2193} INFO - Starting attempt 1 of 2
[2025-12-16T11:05:11.198+0000] {taskinstance.py:2217} INFO - Executing <Task(PythonOperator): update_region_name> on 2025-11-26 15:00:00+00:00
[2025-12-16T11:05:11.212+0000] {standard_task_runner.py:60} INFO - Started process 574 to run task
[2025-12-16T11:05:11.215+0000] {standard_task_runner.py:87} INFO - Running: ['airflow', 'tasks', 'run', 'daily_code_update', 'update_region_name', 'scheduled__2025-11-26T15:00:00+00:00', '--job-id', '145', '--raw', '--subdir', 'DAGS_FOLDER/code_update_dag.py', '--cfg-path', '/tmp/tmpf5bykd6c']
[2025-12-16T11:05:11.223+0000] {standard_task_runner.py:88} INFO - Job 145: Subtask update_region_name
[2025-12-16T11:05:11.374+0000] {task_command.py:423} INFO - Running <TaskInstance: daily_code_update.update_region_name scheduled__2025-11-26T15:00:00+00:00 [running]> on host d011923f8fa9
[2025-12-16T11:05:11.573+0000] {taskinstance.py:2513} INFO - Exporting env vars: AIRFLOW_CTX_DAG_OWNER='navisafe' AIRFLOW_CTX_DAG_ID='daily_code_update' AIRFLOW_CTX_TASK_ID='update_region_name' AIRFLOW_CTX_EXECUTION_DATE='2025-11-26T15:00:00+00:00' AIRFLOW_CTX_TRY_NUMBER='1' AIRFLOW_CTX_DAG_RUN_ID='scheduled__2025-11-26T15:00:00+00:00'
[2025-12-16T11:05:11.579+0000] {logging_mixin.py:188} INFO - [INFO] update_region_code_name 실행 시작
[2025-12-16T11:05:11.870+0000] {logging_mixin.py:188} INFO - [INFO] 25개의 지역 코드 저장 완료
[2025-12-16T11:05:11.876+0000] {logging_mixin.py:188} INFO - [INFO] update_region_code_name 완료
[2025-12-16T11:05:11.882+0000] {python.py:202} INFO - Done. Returned value was: None
[2025-12-16T11:05:11.897+0000] {taskinstance.py:1149} INFO - Marking task as SUCCESS. dag_id=daily_code_update, task_id=update_region_name, execution_date=20251126T150000, start_date=20251216T110510, end_date=20251216T110511
[2025-12-16T11:05:11.994+0000] {local_task_job_runner.py:234} INFO - Task exited with return code 0
[2025-12-16T11:05:12.011+0000] {taskinstance.py:3312} INFO - 0 downstream tasks scheduled from follow-on schedule check
[2025-12-22T12:00:49.541+0000] {taskinstance.py:1979} INFO - Dependencies all met for dep_context=non-requeueable deps ti=<TaskInstance: daily_code_update.update_region_name scheduled__2025-11-26T15:00:00+00:00 [queued]>
[2025-12-22T12:00:49.550+0000] {taskinstance.py:1979} INFO - Dependencies all met for dep_context=requeueable deps ti=<TaskInstance: daily_code_update.update_region_name scheduled__2025-11-26T15:00:00+00:00 [queued]>
[2025-12-22T12:00:49.551+0000] {taskinstance.py:2193} INFO - Starting attempt 1 of 2
[2025-12-22T12:00:49.590+0000] {taskinstance.py:2217} INFO - Executing <Task(PythonOperator): update_region_name> on 2025-11-26 15:00:00+00:00
[2025-12-22T12:00:49.597+0000] {standard_task_runner.py:60} INFO - Started process 589 to run task
[2025-12-22T12:00:49.601+0000] {standard_task_runner.py:87} INFO - Running: ['airflow', 'tasks', 'run', 'daily_code_update', 'update_region_name', 'scheduled__2025-11-26T15:00:00+00:00', '--job-id', '142', '--raw', '--subdir', 'DAGS_FOLDER/code_update_dag.py', '--cfg-path', '/tmp/tmpo2upptx8']
[2025-12-22T12:00:49.603+0000] {standard_task_runner.py:88} INFO - Job 142: Subtask update_region_name
[2025-12-22T12:00:49.686+0000] {task_command.py:423} INFO - Running <TaskInstance: daily_code_update.update_region_name scheduled__2025-11-26T15:00:00+00:00 [running]> on host a5c0974290b2
[2025-12-22T12:00:49.811+0000] {taskinstance.py:2513} INFO - Exporting env vars: AIRFLOW_CTX_DAG_OWNER='navisafe' AIRFLOW_CTX_DAG_ID='daily_code_update' AIRFLOW_CTX_TASK_ID='update_region_name' AIRFLOW_CTX_EXECUTION_DATE='2025-11-26T15:00:00+00:00' AIRFLOW_CTX_TRY_NUMBER='1' AIRFLOW_CTX_DAG_RUN_ID='scheduled__2025-11-26T15:00:00+00:00'
[2025-12-22T12:00:49.816+0000] {logging_mixin.py:188} INFO - [INFO] update_region_code_name 실행 시작
[2025-12-22T12:00:49.934+0000] {base.py:83} INFO - Using connection ID 'navisafe_mysql' for task execution.
[2025-12-22T12:00:49.954+0000] {logging_mixin.py:188} INFO - [INFO] 25개의 지역 코드 저장 완료
[2025-12-22T12:00:49.955+0000] {logging_mixin.py:188} INFO - [INFO] update_region_code_name 완료
[2025-12-22T12:00:49.956+0000] {python.py:202} INFO - Done. Returned value was: None
[2025-12-22T12:00:49.962+0000] {taskinstance.py:1149} INFO - Marking task as SUCCESS. dag_id=daily_code_update, task_id=update_region_name, execution_date=20251126T150000, start_date=20251222T120049, end_date=20251222T120049
[2025-12-22T12:00:50.014+0000] {local_task_job_runner.py:234} INFO - Task exited with return code 0
[2025-12-22T12:00:50.035+0000] {taskinstance.py:3312} INFO - 0 downstream tasks scheduled from follow-on schedule check
