[2025-12-22T12:10:26.478+0000] {taskinstance.py:1979} INFO - Dependencies all met for dep_context=non-requeueable deps ti=<TaskInstance: linkinfo_dag.process_linkinfo manual__2025-12-22T12:10:24.751716+00:00 [queued]>
[2025-12-22T12:10:26.487+0000] {taskinstance.py:1979} INFO - Dependencies all met for dep_context=requeueable deps ti=<TaskInstance: linkinfo_dag.process_linkinfo manual__2025-12-22T12:10:24.751716+00:00 [queued]>
[2025-12-22T12:10:26.487+0000] {taskinstance.py:2193} INFO - Starting attempt 1 of 1
[2025-12-22T12:10:26.503+0000] {taskinstance.py:2217} INFO - Executing <Task(PythonOperator): process_linkinfo> on 2025-12-22 12:10:24.751716+00:00
[2025-12-22T12:10:26.507+0000] {standard_task_runner.py:60} INFO - Started process 1388 to run task
[2025-12-22T12:10:26.509+0000] {standard_task_runner.py:87} INFO - Running: ['airflow', 'tasks', 'run', 'linkinfo_dag', 'process_linkinfo', 'manual__2025-12-22T12:10:24.751716+00:00', '--job-id', '287', '--raw', '--subdir', 'DAGS_FOLDER/linkinfo_dag.py', '--cfg-path', '/tmp/tmpypas03xu']
[2025-12-22T12:10:26.511+0000] {standard_task_runner.py:88} INFO - Job 287: Subtask process_linkinfo
[2025-12-22T12:10:26.556+0000] {task_command.py:423} INFO - Running <TaskInstance: linkinfo_dag.process_linkinfo manual__2025-12-22T12:10:24.751716+00:00 [running]> on host a5c0974290b2
[2025-12-22T12:10:26.628+0000] {taskinstance.py:2513} INFO - Exporting env vars: AIRFLOW_CTX_DAG_OWNER='airflow' AIRFLOW_CTX_DAG_ID='linkinfo_dag' AIRFLOW_CTX_TASK_ID='process_linkinfo' AIRFLOW_CTX_EXECUTION_DATE='2025-12-22T12:10:24.751716+00:00' AIRFLOW_CTX_TRY_NUMBER='1' AIRFLOW_CTX_DAG_RUN_ID='manual__2025-12-22T12:10:24.751716+00:00'
[2025-12-22T12:10:26.642+0000] {base.py:83} INFO - Using connection ID 'navisafe_mysql' for task execution.
[2025-12-22T12:10:26.647+0000] {logging_mixin.py:188} INFO - Redis에서 꺼낸 item: {"link_id": "1180001100"}
[2025-12-22T12:10:26.648+0000] {logging_mixin.py:188} INFO - 파싱 후 link_id: 1180001100
[2025-12-22T12:10:26.648+0000] {logging_mixin.py:188} INFO - Redis에서 꺼낸 item: {"link_id": "1010007300"}
[2025-12-22T12:10:26.649+0000] {logging_mixin.py:188} INFO - 파싱 후 link_id: 1010007300
[2025-12-22T12:10:26.649+0000] {logging_mixin.py:188} INFO - Redis에서 꺼낸 item: {"link_id": "1230016700"}
[2025-12-22T12:10:26.649+0000] {logging_mixin.py:188} INFO - 파싱 후 link_id: 1230016700
[2025-12-22T12:10:26.650+0000] {logging_mixin.py:188} INFO - Redis에서 꺼낸 item: {"link_id": "1150020300"}
[2025-12-22T12:10:26.650+0000] {logging_mixin.py:188} INFO - 파싱 후 link_id: 1150020300
[2025-12-22T12:10:26.650+0000] {logging_mixin.py:188} INFO - Redis에서 꺼낸 item: {"link_id": "1150003300"}
[2025-12-22T12:10:26.651+0000] {logging_mixin.py:188} INFO - 파싱 후 link_id: 1150003300
[2025-12-22T12:10:26.651+0000] {logging_mixin.py:188} INFO - Redis에서 꺼낸 item: {"link_id": "1020001600"}
[2025-12-22T12:10:26.652+0000] {logging_mixin.py:188} INFO - 파싱 후 link_id: 1020001600
[2025-12-22T12:10:26.652+0000] {logging_mixin.py:188} INFO - Redis에서 꺼낸 item: {"link_id": "1150003200"}
[2025-12-22T12:10:26.652+0000] {logging_mixin.py:188} INFO - 파싱 후 link_id: 1150003200
[2025-12-22T12:10:26.653+0000] {logging_mixin.py:188} INFO - Redis에서 꺼낸 item: {"link_id": "1030020200"}
[2025-12-22T12:10:26.653+0000] {logging_mixin.py:188} INFO - 파싱 후 link_id: 1030020200
[2025-12-22T12:10:26.653+0000] {logging_mixin.py:188} INFO - Redis에서 꺼낸 item: {"link_id": "1190000200"}
[2025-12-22T12:10:26.653+0000] {logging_mixin.py:188} INFO - 파싱 후 link_id: 1190000200
[2025-12-22T12:10:26.654+0000] {logging_mixin.py:188} INFO - Redis에서 꺼낸 item: {"link_id": "1130023700"}
[2025-12-22T12:10:26.654+0000] {logging_mixin.py:188} INFO - 파싱 후 link_id: 1130023700
[2025-12-22T12:10:26.655+0000] {logging_mixin.py:188} INFO - Redis에서 꺼낸 item: {"link_id": "1209920080"}
[2025-12-22T12:10:26.655+0000] {logging_mixin.py:188} INFO - 파싱 후 link_id: 1209920080
[2025-12-22T12:10:26.656+0000] {logging_mixin.py:188} INFO - Redis에서 꺼낸 item: {"link_id": "1010013800"}
[2025-12-22T12:10:26.657+0000] {logging_mixin.py:188} INFO - 파싱 후 link_id: 1010013800
[2025-12-22T12:10:26.657+0000] {logging_mixin.py:188} INFO - [INFO] 12개의 LINK_ID 데이터를 처리합니다...
[2025-12-22T12:10:26.658+0000] {logging_mixin.py:188} INFO - Calling LinkInfo API: http://openapi.seoul.go.kr:8088/656b61716d646e6439377847526d4c/xml/LinkInfo/1/5/1180001100/
[2025-12-22T12:10:26.981+0000] {logging_mixin.py:188} INFO - {'link_id': '1180001100', 'road_name': '경인로', 'st_node_nm': '서울교남단', 'ed_node_nm': '영등포로타리', 'map_dist': 273, 'reg_cd': 118}
[2025-12-22T12:10:26.982+0000] {logging_mixin.py:188} INFO - Calling TrafficInfo API: http://openapi.seoul.go.kr:8088/436b63764a646e643130395474737472/xml/TrafficInfo/1/5/1180001100/
[2025-12-22T12:10:27.082+0000] {logging_mixin.py:188} INFO - link_info 데이터 삽입 완료
[2025-12-22T12:10:27.083+0000] {logging_mixin.py:188} INFO - ROAD_TRAFFIC 데이터 삽입 완료
[2025-12-22T12:10:27.083+0000] {logging_mixin.py:188} INFO - Calling LinkInfo API: http://openapi.seoul.go.kr:8088/656b61716d646e6439377847526d4c/xml/LinkInfo/1/5/1010007300/
[2025-12-22T12:10:27.171+0000] {logging_mixin.py:188} INFO - {'link_id': '1010007300', 'road_name': '서소문로', 'st_node_nm': '시청역', 'ed_node_nm': '경찰청앞', 'map_dist': 686, 'reg_cd': 101}
[2025-12-22T12:10:27.172+0000] {logging_mixin.py:188} INFO - Calling TrafficInfo API: http://openapi.seoul.go.kr:8088/436b63764a646e643130395474737472/xml/TrafficInfo/1/5/1010007300/
[2025-12-22T12:10:27.272+0000] {logging_mixin.py:188} INFO - link_info 데이터 삽입 완료
[2025-12-22T12:10:27.273+0000] {logging_mixin.py:188} INFO - ROAD_TRAFFIC 데이터 삽입 완료
[2025-12-22T12:10:27.273+0000] {logging_mixin.py:188} INFO - Calling LinkInfo API: http://openapi.seoul.go.kr:8088/656b61716d646e6439377847526d4c/xml/LinkInfo/1/5/1230016700/
[2025-12-22T12:10:27.367+0000] {logging_mixin.py:188} INFO - {'link_id': '1230016700', 'road_name': '탄천동로', 'st_node_nm': '서울종합운동장', 'ed_node_nm': '잠실유수지', 'map_dist': 1538, 'reg_cd': 123}
[2025-12-22T12:10:27.368+0000] {logging_mixin.py:188} INFO - Calling TrafficInfo API: http://openapi.seoul.go.kr:8088/436b63764a646e643130395474737472/xml/TrafficInfo/1/5/1230016700/
[2025-12-22T12:10:27.468+0000] {logging_mixin.py:188} INFO - link_info 데이터 삽입 완료
[2025-12-22T12:10:27.469+0000] {logging_mixin.py:188} INFO - Calling LinkInfo API: http://openapi.seoul.go.kr:8088/656b61716d646e6439377847526d4c/xml/LinkInfo/1/5/1150020300/
[2025-12-22T12:10:27.555+0000] {logging_mixin.py:188} INFO - {'link_id': '1150020300', 'road_name': '방화대로', 'st_node_nm': '신방화사거리', 'ed_node_nm': '강서공고앞', 'map_dist': 313, 'reg_cd': 115}
[2025-12-22T12:10:27.556+0000] {logging_mixin.py:188} INFO - Calling TrafficInfo API: http://openapi.seoul.go.kr:8088/436b63764a646e643130395474737472/xml/TrafficInfo/1/5/1150020300/
[2025-12-22T12:10:27.656+0000] {logging_mixin.py:188} INFO - link_info 데이터 삽입 완료
[2025-12-22T12:10:27.656+0000] {logging_mixin.py:188} INFO - Calling LinkInfo API: http://openapi.seoul.go.kr:8088/656b61716d646e6439377847526d4c/xml/LinkInfo/1/5/1150003300/
[2025-12-22T12:10:27.752+0000] {logging_mixin.py:188} INFO - {'link_id': '1150003300', 'road_name': '양천로', 'st_node_nm': '방화2단지', 'ed_node_nm': '양천향교역', 'map_dist': 1976, 'reg_cd': 115}
[2025-12-22T12:10:27.753+0000] {logging_mixin.py:188} INFO - Calling TrafficInfo API: http://openapi.seoul.go.kr:8088/436b63764a646e643130395474737472/xml/TrafficInfo/1/5/1150003300/
[2025-12-22T12:10:27.851+0000] {logging_mixin.py:188} INFO - link_info 데이터 삽입 완료
[2025-12-22T12:10:27.852+0000] {logging_mixin.py:188} INFO - ROAD_TRAFFIC 데이터 삽입 완료
[2025-12-22T12:10:27.852+0000] {logging_mixin.py:188} INFO - Calling LinkInfo API: http://openapi.seoul.go.kr:8088/656b61716d646e6439377847526d4c/xml/LinkInfo/1/5/1020001600/
[2025-12-22T12:10:27.925+0000] {logging_mixin.py:188} INFO - {'link_id': '1020001600', 'road_name': '강변북로', 'st_node_nm': '한남대교북단', 'ed_node_nm': '동호대교북단', 'map_dist': 1059, 'reg_cd': 102}
[2025-12-22T12:10:27.926+0000] {logging_mixin.py:188} INFO - Calling TrafficInfo API: http://openapi.seoul.go.kr:8088/436b63764a646e643130395474737472/xml/TrafficInfo/1/5/1020001600/
[2025-12-22T12:10:28.077+0000] {logging_mixin.py:188} INFO - link_info 데이터 삽입 완료
[2025-12-22T12:10:28.080+0000] {logging_mixin.py:188} INFO - ROAD_TRAFFIC 데이터 삽입 완료
[2025-12-22T12:10:28.080+0000] {logging_mixin.py:188} INFO - Calling LinkInfo API: http://openapi.seoul.go.kr:8088/656b61716d646e6439377847526d4c/xml/LinkInfo/1/5/1150003200/
[2025-12-22T12:10:28.190+0000] {logging_mixin.py:188} INFO - {'link_id': '1150003200', 'road_name': '올림픽대로', 'st_node_nm': '가양대교남단', 'ed_node_nm': '가양IC', 'map_dist': 1585, 'reg_cd': 115}
[2025-12-22T12:10:28.190+0000] {logging_mixin.py:188} INFO - Calling TrafficInfo API: http://openapi.seoul.go.kr:8088/436b63764a646e643130395474737472/xml/TrafficInfo/1/5/1150003200/
[2025-12-22T12:10:28.298+0000] {logging_mixin.py:188} INFO - link_info 데이터 삽입 완료
[2025-12-22T12:10:28.299+0000] {logging_mixin.py:188} INFO - ROAD_TRAFFIC 데이터 삽입 완료
[2025-12-22T12:10:28.301+0000] {logging_mixin.py:188} INFO - Calling LinkInfo API: http://openapi.seoul.go.kr:8088/656b61716d646e6439377847526d4c/xml/LinkInfo/1/5/1030020200/
[2025-12-22T12:10:28.407+0000] {logging_mixin.py:188} INFO - {'link_id': '1030020200', 'road_name': '고산자로', 'st_node_nm': '도선사거리', 'ed_node_nm': '서울시설공단', 'map_dist': 765, 'reg_cd': 103}
[2025-12-22T12:10:28.408+0000] {logging_mixin.py:188} INFO - Calling TrafficInfo API: http://openapi.seoul.go.kr:8088/436b63764a646e643130395474737472/xml/TrafficInfo/1/5/1030020200/
[2025-12-22T12:10:28.501+0000] {logging_mixin.py:188} INFO - link_info 데이터 삽입 완료
[2025-12-22T12:10:28.503+0000] {logging_mixin.py:188} INFO - ROAD_TRAFFIC 데이터 삽입 완료
[2025-12-22T12:10:28.503+0000] {logging_mixin.py:188} INFO - Calling LinkInfo API: http://openapi.seoul.go.kr:8088/656b61716d646e6439377847526d4c/xml/LinkInfo/1/5/1190000200/
[2025-12-22T12:10:28.609+0000] {logging_mixin.py:188} INFO - {'link_id': '1190000200', 'road_name': '올림픽대로', 'st_node_nm': '동작대교JC', 'ed_node_nm': '여의상류IC', 'map_dist': 3430, 'reg_cd': 119}
[2025-12-22T12:10:28.609+0000] {logging_mixin.py:188} INFO - Calling TrafficInfo API: http://openapi.seoul.go.kr:8088/436b63764a646e643130395474737472/xml/TrafficInfo/1/5/1190000200/
[2025-12-22T12:10:28.709+0000] {logging_mixin.py:188} INFO - link_info 데이터 삽입 완료
[2025-12-22T12:10:28.710+0000] {logging_mixin.py:188} INFO - ROAD_TRAFFIC 데이터 삽입 완료
[2025-12-22T12:10:28.712+0000] {logging_mixin.py:188} INFO - Calling LinkInfo API: http://openapi.seoul.go.kr:8088/656b61716d646e6439377847526d4c/xml/LinkInfo/1/5/1130023700/
[2025-12-22T12:10:28.803+0000] {logging_mixin.py:188} INFO - {'link_id': '1130023700', 'road_name': '화곡로', 'st_node_nm': '가양대교북단', 'ed_node_nm': '가양대교남단', 'map_dist': 1206, 'reg_cd': 113}
[2025-12-22T12:10:28.804+0000] {logging_mixin.py:188} INFO - Calling TrafficInfo API: http://openapi.seoul.go.kr:8088/436b63764a646e643130395474737472/xml/TrafficInfo/1/5/1130023700/
[2025-12-22T12:10:28.905+0000] {logging_mixin.py:188} INFO - link_info 데이터 삽입 완료
[2025-12-22T12:10:28.907+0000] {logging_mixin.py:188} INFO - ROAD_TRAFFIC 데이터 삽입 완료
[2025-12-22T12:10:28.907+0000] {logging_mixin.py:188} INFO - Calling LinkInfo API: http://openapi.seoul.go.kr:8088/656b61716d646e6439377847526d4c/xml/LinkInfo/1/5/1209920080/
[2025-12-22T12:10:29.004+0000] {logging_mixin.py:188} INFO - {'link_id': '1209920080', 'road_name': '강남순환로', 'st_node_nm': '관악터널입구부', 'ed_node_nm': '관악터널중간부', 'map_dist': 2286, 'reg_cd': 120}
[2025-12-22T12:10:29.005+0000] {logging_mixin.py:188} INFO - Calling TrafficInfo API: http://openapi.seoul.go.kr:8088/436b63764a646e643130395474737472/xml/TrafficInfo/1/5/1209920080/
[2025-12-22T12:10:29.100+0000] {logging_mixin.py:188} INFO - link_info 데이터 삽입 완료
[2025-12-22T12:10:29.101+0000] {logging_mixin.py:188} INFO - ROAD_TRAFFIC 데이터 삽입 완료
[2025-12-22T12:10:29.101+0000] {logging_mixin.py:188} INFO - Calling LinkInfo API: http://openapi.seoul.go.kr:8088/656b61716d646e6439377847526d4c/xml/LinkInfo/1/5/1010013800/
[2025-12-22T12:10:29.187+0000] {logging_mixin.py:188} INFO - {'link_id': '1010013800', 'road_name': '세종대로', 'st_node_nm': '덕수궁', 'ed_node_nm': '서울시의회', 'map_dist': 235, 'reg_cd': 101}
[2025-12-22T12:10:29.188+0000] {logging_mixin.py:188} INFO - Calling TrafficInfo API: http://openapi.seoul.go.kr:8088/436b63764a646e643130395474737472/xml/TrafficInfo/1/5/1010013800/
[2025-12-22T12:10:29.283+0000] {logging_mixin.py:188} INFO - link_info 데이터 삽입 완료
[2025-12-22T12:10:29.284+0000] {logging_mixin.py:188} INFO - ROAD_TRAFFIC 데이터 삽입 완료
[2025-12-22T12:10:29.284+0000] {logging_mixin.py:188} INFO - [INFO] 12개의 LINK_ID 데이터 처리 완료
[2025-12-22T12:10:29.308+0000] {python.py:202} INFO - Done. Returned value was: None
[2025-12-22T12:10:29.316+0000] {taskinstance.py:1149} INFO - Marking task as SUCCESS. dag_id=linkinfo_dag, task_id=process_linkinfo, execution_date=20251222T121024, start_date=20251222T121026, end_date=20251222T121029
[2025-12-22T12:10:29.370+0000] {local_task_job_runner.py:234} INFO - Task exited with return code 0
[2025-12-22T12:10:29.382+0000] {taskinstance.py:3312} INFO - 1 downstream tasks scheduled from follow-on schedule check
