[2025-12-16T11:04:42.023+0000] {taskinstance.py:1979} INFO - Dependencies all met for dep_context=non-requeueable deps ti=<TaskInstance: daily_code_update.update_region_name scheduled__2025-10-16T15:00:00+00:00 [queued]>
[2025-12-16T11:04:42.049+0000] {taskinstance.py:1979} INFO - Dependencies all met for dep_context=requeueable deps ti=<TaskInstance: daily_code_update.update_region_name scheduled__2025-10-16T15:00:00+00:00 [queued]>
[2025-12-16T11:04:42.053+0000] {taskinstance.py:2193} INFO - Starting attempt 1 of 2
[2025-12-16T11:04:42.111+0000] {taskinstance.py:2217} INFO - Executing <Task(PythonOperator): update_region_name> on 2025-10-16 15:00:00+00:00
[2025-12-16T11:04:42.121+0000] {standard_task_runner.py:60} INFO - Started process 268 to run task
[2025-12-16T11:04:42.163+0000] {standard_task_runner.py:87} INFO - Running: ['airflow', 'tasks', 'run', 'daily_code_update', 'update_region_name', 'scheduled__2025-10-16T15:00:00+00:00', '--job-id', '12', '--raw', '--subdir', 'DAGS_FOLDER/code_update_dag.py', '--cfg-path', '/tmp/tmpn0xct_wo']
[2025-12-16T11:04:42.185+0000] {standard_task_runner.py:88} INFO - Job 12: Subtask update_region_name
[2025-12-16T11:04:42.401+0000] {task_command.py:423} INFO - Running <TaskInstance: daily_code_update.update_region_name scheduled__2025-10-16T15:00:00+00:00 [running]> on host d011923f8fa9
[2025-12-16T11:04:42.650+0000] {taskinstance.py:2513} INFO - Exporting env vars: AIRFLOW_CTX_DAG_OWNER='navisafe' AIRFLOW_CTX_DAG_ID='daily_code_update' AIRFLOW_CTX_TASK_ID='update_region_name' AIRFLOW_CTX_EXECUTION_DATE='2025-10-16T15:00:00+00:00' AIRFLOW_CTX_TRY_NUMBER='1' AIRFLOW_CTX_DAG_RUN_ID='scheduled__2025-10-16T15:00:00+00:00'
[2025-12-16T11:04:42.654+0000] {logging_mixin.py:188} INFO - [INFO] update_region_code_name 실행 시작
[2025-12-16T11:04:44.213+0000] {logging_mixin.py:188} INFO - [INFO] 25개의 지역 코드 저장 완료
[2025-12-16T11:04:44.214+0000] {logging_mixin.py:188} INFO - [INFO] update_region_code_name 완료
[2025-12-16T11:04:44.215+0000] {python.py:202} INFO - Done. Returned value was: None
[2025-12-16T11:04:44.223+0000] {taskinstance.py:1149} INFO - Marking task as SUCCESS. dag_id=daily_code_update, task_id=update_region_name, execution_date=20251016T150000, start_date=20251216T110442, end_date=20251216T110444
[2025-12-16T11:04:44.349+0000] {local_task_job_runner.py:234} INFO - Task exited with return code 0
[2025-12-16T11:04:44.363+0000] {taskinstance.py:3312} INFO - 0 downstream tasks scheduled from follow-on schedule check
[2025-12-22T12:00:20.044+0000] {taskinstance.py:1979} INFO - Dependencies all met for dep_context=non-requeueable deps ti=<TaskInstance: daily_code_update.update_region_name scheduled__2025-10-16T15:00:00+00:00 [queued]>
[2025-12-22T12:00:20.058+0000] {taskinstance.py:1979} INFO - Dependencies all met for dep_context=requeueable deps ti=<TaskInstance: daily_code_update.update_region_name scheduled__2025-10-16T15:00:00+00:00 [queued]>
[2025-12-22T12:00:20.059+0000] {taskinstance.py:2193} INFO - Starting attempt 1 of 2
[2025-12-22T12:00:20.103+0000] {taskinstance.py:2217} INFO - Executing <Task(PythonOperator): update_region_name> on 2025-10-16 15:00:00+00:00
[2025-12-22T12:00:20.109+0000] {standard_task_runner.py:60} INFO - Started process 299 to run task
[2025-12-22T12:00:20.115+0000] {standard_task_runner.py:87} INFO - Running: ['airflow', 'tasks', 'run', 'daily_code_update', 'update_region_name', 'scheduled__2025-10-16T15:00:00+00:00', '--job-id', '3', '--raw', '--subdir', 'DAGS_FOLDER/code_update_dag.py', '--cfg-path', '/tmp/tmpusb03duj']
[2025-12-22T12:00:20.118+0000] {standard_task_runner.py:88} INFO - Job 3: Subtask update_region_name
[2025-12-22T12:00:20.320+0000] {task_command.py:423} INFO - Running <TaskInstance: daily_code_update.update_region_name scheduled__2025-10-16T15:00:00+00:00 [running]> on host a5c0974290b2
[2025-12-22T12:00:20.455+0000] {taskinstance.py:2513} INFO - Exporting env vars: AIRFLOW_CTX_DAG_OWNER='navisafe' AIRFLOW_CTX_DAG_ID='daily_code_update' AIRFLOW_CTX_TASK_ID='update_region_name' AIRFLOW_CTX_EXECUTION_DATE='2025-10-16T15:00:00+00:00' AIRFLOW_CTX_TRY_NUMBER='1' AIRFLOW_CTX_DAG_RUN_ID='scheduled__2025-10-16T15:00:00+00:00'
[2025-12-22T12:00:20.460+0000] {logging_mixin.py:188} INFO - [INFO] update_region_code_name 실행 시작
[2025-12-22T12:00:20.932+0000] {base.py:83} INFO - Using connection ID 'navisafe_mysql' for task execution.
[2025-12-22T12:00:20.996+0000] {logging_mixin.py:188} INFO - [INFO] 25개의 지역 코드 저장 완료
[2025-12-22T12:00:20.998+0000] {logging_mixin.py:188} INFO - [INFO] update_region_code_name 완료
[2025-12-22T12:00:21.000+0000] {python.py:202} INFO - Done. Returned value was: None
[2025-12-22T12:00:21.007+0000] {taskinstance.py:1149} INFO - Marking task as SUCCESS. dag_id=daily_code_update, task_id=update_region_name, execution_date=20251016T150000, start_date=20251222T120020, end_date=20251222T120021
[2025-12-22T12:00:21.178+0000] {local_task_job_runner.py:234} INFO - Task exited with return code 0
[2025-12-22T12:00:21.191+0000] {taskinstance.py:3312} INFO - 0 downstream tasks scheduled from follow-on schedule check
