[2025-12-16T11:05:13.162+0000] {taskinstance.py:1979} INFO - Dependencies all met for dep_context=non-requeueable deps ti=<TaskInstance: daily_code_update.update_region_name scheduled__2025-12-01T15:00:00+00:00 [queued]>
[2025-12-16T11:05:13.177+0000] {taskinstance.py:1979} INFO - Dependencies all met for dep_context=requeueable deps ti=<TaskInstance: daily_code_update.update_region_name scheduled__2025-12-01T15:00:00+00:00 [queued]>
[2025-12-16T11:05:13.178+0000] {taskinstance.py:2193} INFO - Starting attempt 1 of 2
[2025-12-16T11:05:13.214+0000] {taskinstance.py:2217} INFO - Executing <Task(PythonOperator): update_region_name> on 2025-12-01 15:00:00+00:00
[2025-12-16T11:05:13.220+0000] {standard_task_runner.py:60} INFO - Started process 594 to run task
[2025-12-16T11:05:13.224+0000] {standard_task_runner.py:87} INFO - Running: ['airflow', 'tasks', 'run', 'daily_code_update', 'update_region_name', 'scheduled__2025-12-01T15:00:00+00:00', '--job-id', '153', '--raw', '--subdir', 'DAGS_FOLDER/code_update_dag.py', '--cfg-path', '/tmp/tmp6ahjprli']
[2025-12-16T11:05:13.228+0000] {standard_task_runner.py:88} INFO - Job 153: Subtask update_region_name
[2025-12-16T11:05:13.345+0000] {task_command.py:423} INFO - Running <TaskInstance: daily_code_update.update_region_name scheduled__2025-12-01T15:00:00+00:00 [running]> on host d011923f8fa9
[2025-12-16T11:05:13.541+0000] {taskinstance.py:2513} INFO - Exporting env vars: AIRFLOW_CTX_DAG_OWNER='navisafe' AIRFLOW_CTX_DAG_ID='daily_code_update' AIRFLOW_CTX_TASK_ID='update_region_name' AIRFLOW_CTX_EXECUTION_DATE='2025-12-01T15:00:00+00:00' AIRFLOW_CTX_TRY_NUMBER='1' AIRFLOW_CTX_DAG_RUN_ID='scheduled__2025-12-01T15:00:00+00:00'
[2025-12-16T11:05:13.542+0000] {logging_mixin.py:188} INFO - [INFO] update_region_code_name 실행 시작
[2025-12-16T11:05:13.781+0000] {logging_mixin.py:188} INFO - [INFO] 25개의 지역 코드 저장 완료
[2025-12-16T11:05:13.783+0000] {logging_mixin.py:188} INFO - [INFO] update_region_code_name 완료
[2025-12-16T11:05:13.784+0000] {python.py:202} INFO - Done. Returned value was: None
[2025-12-16T11:05:13.799+0000] {taskinstance.py:1149} INFO - Marking task as SUCCESS. dag_id=daily_code_update, task_id=update_region_name, execution_date=20251201T150000, start_date=20251216T110513, end_date=20251216T110513
[2025-12-16T11:05:13.880+0000] {local_task_job_runner.py:234} INFO - Task exited with return code 0
[2025-12-16T11:05:13.902+0000] {taskinstance.py:3312} INFO - 0 downstream tasks scheduled from follow-on schedule check
[2025-12-22T12:00:53.530+0000] {taskinstance.py:1979} INFO - Dependencies all met for dep_context=non-requeueable deps ti=<TaskInstance: daily_code_update.update_region_name scheduled__2025-12-01T15:00:00+00:00 [queued]>
[2025-12-22T12:00:53.537+0000] {taskinstance.py:1979} INFO - Dependencies all met for dep_context=requeueable deps ti=<TaskInstance: daily_code_update.update_region_name scheduled__2025-12-01T15:00:00+00:00 [queued]>
[2025-12-22T12:00:53.538+0000] {taskinstance.py:2193} INFO - Starting attempt 1 of 2
[2025-12-22T12:00:53.574+0000] {taskinstance.py:2217} INFO - Executing <Task(PythonOperator): update_region_name> on 2025-12-01 15:00:00+00:00
[2025-12-22T12:00:53.587+0000] {standard_task_runner.py:60} INFO - Started process 632 to run task
[2025-12-22T12:00:53.591+0000] {standard_task_runner.py:87} INFO - Running: ['airflow', 'tasks', 'run', 'daily_code_update', 'update_region_name', 'scheduled__2025-12-01T15:00:00+00:00', '--job-id', '159', '--raw', '--subdir', 'DAGS_FOLDER/code_update_dag.py', '--cfg-path', '/tmp/tmp718qjajf']
[2025-12-22T12:00:53.593+0000] {standard_task_runner.py:88} INFO - Job 159: Subtask update_region_name
[2025-12-22T12:00:53.677+0000] {task_command.py:423} INFO - Running <TaskInstance: daily_code_update.update_region_name scheduled__2025-12-01T15:00:00+00:00 [running]> on host a5c0974290b2
[2025-12-22T12:00:53.790+0000] {taskinstance.py:2513} INFO - Exporting env vars: AIRFLOW_CTX_DAG_OWNER='navisafe' AIRFLOW_CTX_DAG_ID='daily_code_update' AIRFLOW_CTX_TASK_ID='update_region_name' AIRFLOW_CTX_EXECUTION_DATE='2025-12-01T15:00:00+00:00' AIRFLOW_CTX_TRY_NUMBER='1' AIRFLOW_CTX_DAG_RUN_ID='scheduled__2025-12-01T15:00:00+00:00'
[2025-12-22T12:00:53.800+0000] {logging_mixin.py:188} INFO - [INFO] update_region_code_name 실행 시작
[2025-12-22T12:00:54.137+0000] {base.py:83} INFO - Using connection ID 'navisafe_mysql' for task execution.
[2025-12-22T12:00:54.142+0000] {logging_mixin.py:188} INFO - [INFO] 25개의 지역 코드 저장 완료
[2025-12-22T12:00:54.143+0000] {logging_mixin.py:188} INFO - [INFO] update_region_code_name 완료
[2025-12-22T12:00:54.144+0000] {python.py:202} INFO - Done. Returned value was: None
[2025-12-22T12:00:54.149+0000] {taskinstance.py:1149} INFO - Marking task as SUCCESS. dag_id=daily_code_update, task_id=update_region_name, execution_date=20251201T150000, start_date=20251222T120053, end_date=20251222T120054
[2025-12-22T12:00:54.204+0000] {local_task_job_runner.py:234} INFO - Task exited with return code 0
[2025-12-22T12:00:54.223+0000] {taskinstance.py:3312} INFO - 0 downstream tasks scheduled from follow-on schedule check
