[2025-12-16T11:05:06.293+0000] {taskinstance.py:1979} INFO - Dependencies all met for dep_context=non-requeueable deps ti=<TaskInstance: daily_code_update.update_region_name scheduled__2025-11-14T15:00:00+00:00 [queued]>
[2025-12-16T11:05:06.306+0000] {taskinstance.py:1979} INFO - Dependencies all met for dep_context=requeueable deps ti=<TaskInstance: daily_code_update.update_region_name scheduled__2025-11-14T15:00:00+00:00 [queued]>
[2025-12-16T11:05:06.307+0000] {taskinstance.py:2193} INFO - Starting attempt 1 of 2
[2025-12-16T11:05:06.344+0000] {taskinstance.py:2217} INFO - Executing <Task(PythonOperator): update_region_name> on 2025-11-14 15:00:00+00:00
[2025-12-16T11:05:06.363+0000] {standard_task_runner.py:60} INFO - Started process 482 to run task
[2025-12-16T11:05:06.372+0000] {standard_task_runner.py:87} INFO - Running: ['airflow', 'tasks', 'run', 'daily_code_update', 'update_region_name', 'scheduled__2025-11-14T15:00:00+00:00', '--job-id', '112', '--raw', '--subdir', 'DAGS_FOLDER/code_update_dag.py', '--cfg-path', '/tmp/tmpaoe_obij']
[2025-12-16T11:05:06.376+0000] {standard_task_runner.py:88} INFO - Job 112: Subtask update_region_name
[2025-12-16T11:05:06.484+0000] {task_command.py:423} INFO - Running <TaskInstance: daily_code_update.update_region_name scheduled__2025-11-14T15:00:00+00:00 [running]> on host d011923f8fa9
[2025-12-16T11:05:06.807+0000] {taskinstance.py:2513} INFO - Exporting env vars: AIRFLOW_CTX_DAG_OWNER='navisafe' AIRFLOW_CTX_DAG_ID='daily_code_update' AIRFLOW_CTX_TASK_ID='update_region_name' AIRFLOW_CTX_EXECUTION_DATE='2025-11-14T15:00:00+00:00' AIRFLOW_CTX_TRY_NUMBER='1' AIRFLOW_CTX_DAG_RUN_ID='scheduled__2025-11-14T15:00:00+00:00'
[2025-12-16T11:05:06.809+0000] {logging_mixin.py:188} INFO - [INFO] update_region_code_name 실행 시작
[2025-12-16T11:05:07.012+0000] {logging_mixin.py:188} INFO - [INFO] 25개의 지역 코드 저장 완료
[2025-12-16T11:05:07.020+0000] {logging_mixin.py:188} INFO - [INFO] update_region_code_name 완료
[2025-12-16T11:05:07.026+0000] {python.py:202} INFO - Done. Returned value was: None
[2025-12-16T11:05:07.038+0000] {taskinstance.py:1149} INFO - Marking task as SUCCESS. dag_id=daily_code_update, task_id=update_region_name, execution_date=20251114T150000, start_date=20251216T110506, end_date=20251216T110507
[2025-12-16T11:05:07.102+0000] {local_task_job_runner.py:234} INFO - Task exited with return code 0
[2025-12-16T11:05:07.125+0000] {taskinstance.py:3312} INFO - 0 downstream tasks scheduled from follow-on schedule check
[2025-12-22T12:00:43.883+0000] {taskinstance.py:1979} INFO - Dependencies all met for dep_context=non-requeueable deps ti=<TaskInstance: daily_code_update.update_region_name scheduled__2025-11-14T15:00:00+00:00 [queued]>
[2025-12-22T12:00:43.894+0000] {taskinstance.py:1979} INFO - Dependencies all met for dep_context=requeueable deps ti=<TaskInstance: daily_code_update.update_region_name scheduled__2025-11-14T15:00:00+00:00 [queued]>
[2025-12-22T12:00:43.894+0000] {taskinstance.py:2193} INFO - Starting attempt 1 of 2
[2025-12-22T12:00:43.935+0000] {taskinstance.py:2217} INFO - Executing <Task(PythonOperator): update_region_name> on 2025-11-14 15:00:00+00:00
[2025-12-22T12:00:43.947+0000] {standard_task_runner.py:60} INFO - Started process 529 to run task
[2025-12-22T12:00:43.950+0000] {standard_task_runner.py:87} INFO - Running: ['airflow', 'tasks', 'run', 'daily_code_update', 'update_region_name', 'scheduled__2025-11-14T15:00:00+00:00', '--job-id', '113', '--raw', '--subdir', 'DAGS_FOLDER/code_update_dag.py', '--cfg-path', '/tmp/tmp2tka1mg4']
[2025-12-22T12:00:43.953+0000] {standard_task_runner.py:88} INFO - Job 113: Subtask update_region_name
[2025-12-22T12:00:44.067+0000] {task_command.py:423} INFO - Running <TaskInstance: daily_code_update.update_region_name scheduled__2025-11-14T15:00:00+00:00 [running]> on host a5c0974290b2
[2025-12-22T12:00:44.197+0000] {taskinstance.py:2513} INFO - Exporting env vars: AIRFLOW_CTX_DAG_OWNER='navisafe' AIRFLOW_CTX_DAG_ID='daily_code_update' AIRFLOW_CTX_TASK_ID='update_region_name' AIRFLOW_CTX_EXECUTION_DATE='2025-11-14T15:00:00+00:00' AIRFLOW_CTX_TRY_NUMBER='1' AIRFLOW_CTX_DAG_RUN_ID='scheduled__2025-11-14T15:00:00+00:00'
[2025-12-22T12:00:44.198+0000] {logging_mixin.py:188} INFO - [INFO] update_region_code_name 실행 시작
[2025-12-22T12:00:44.325+0000] {base.py:83} INFO - Using connection ID 'navisafe_mysql' for task execution.
[2025-12-22T12:00:44.329+0000] {logging_mixin.py:188} INFO - [INFO] 25개의 지역 코드 저장 완료
[2025-12-22T12:00:44.331+0000] {logging_mixin.py:188} INFO - [INFO] update_region_code_name 완료
[2025-12-22T12:00:44.332+0000] {python.py:202} INFO - Done. Returned value was: None
[2025-12-22T12:00:44.337+0000] {taskinstance.py:1149} INFO - Marking task as SUCCESS. dag_id=daily_code_update, task_id=update_region_name, execution_date=20251114T150000, start_date=20251222T120043, end_date=20251222T120044
[2025-12-22T12:00:44.406+0000] {local_task_job_runner.py:234} INFO - Task exited with return code 0
[2025-12-22T12:00:44.418+0000] {taskinstance.py:3312} INFO - 0 downstream tasks scheduled from follow-on schedule check
