[2025-12-16T11:05:10.274+0000] {taskinstance.py:1979} INFO - Dependencies all met for dep_context=non-requeueable deps ti=<TaskInstance: daily_code_update.update_outbreak_code_name scheduled__2025-11-23T15:00:00+00:00 [queued]>
[2025-12-16T11:05:10.289+0000] {taskinstance.py:1979} INFO - Dependencies all met for dep_context=requeueable deps ti=<TaskInstance: daily_code_update.update_outbreak_code_name scheduled__2025-11-23T15:00:00+00:00 [queued]>
[2025-12-16T11:05:10.291+0000] {taskinstance.py:2193} INFO - Starting attempt 1 of 2
[2025-12-16T11:05:10.432+0000] {taskinstance.py:2217} INFO - Executing <Task(PythonOperator): update_outbreak_code_name> on 2025-11-23 15:00:00+00:00
[2025-12-16T11:05:10.439+0000] {standard_task_runner.py:60} INFO - Started process 557 to run task
[2025-12-16T11:05:10.443+0000] {standard_task_runner.py:87} INFO - Running: ['airflow', 'tasks', 'run', 'daily_code_update', 'update_outbreak_code_name', 'scheduled__2025-11-23T15:00:00+00:00', '--job-id', '136', '--raw', '--subdir', 'DAGS_FOLDER/code_update_dag.py', '--cfg-path', '/tmp/tmp3w9nxvp9']
[2025-12-16T11:05:10.446+0000] {standard_task_runner.py:88} INFO - Job 136: Subtask update_outbreak_code_name
[2025-12-16T11:05:10.544+0000] {task_command.py:423} INFO - Running <TaskInstance: daily_code_update.update_outbreak_code_name scheduled__2025-11-23T15:00:00+00:00 [running]> on host d011923f8fa9
[2025-12-16T11:05:10.730+0000] {taskinstance.py:2513} INFO - Exporting env vars: AIRFLOW_CTX_DAG_OWNER='navisafe' AIRFLOW_CTX_DAG_ID='daily_code_update' AIRFLOW_CTX_TASK_ID='update_outbreak_code_name' AIRFLOW_CTX_EXECUTION_DATE='2025-11-23T15:00:00+00:00' AIRFLOW_CTX_TRY_NUMBER='1' AIRFLOW_CTX_DAG_RUN_ID='scheduled__2025-11-23T15:00:00+00:00'
[2025-12-16T11:05:10.732+0000] {logging_mixin.py:188} INFO - [INFO] update_outbreak_code_name 실행 시작
[2025-12-16T11:05:11.029+0000] {logging_mixin.py:188} INFO - [INFO] 13개의 돌발유형 코드 저장 완료
[2025-12-16T11:05:11.031+0000] {logging_mixin.py:188} INFO - [INFO] update_outbreak_code_name 완료
[2025-12-16T11:05:11.031+0000] {python.py:202} INFO - Done. Returned value was: None
[2025-12-16T11:05:11.042+0000] {taskinstance.py:1149} INFO - Marking task as SUCCESS. dag_id=daily_code_update, task_id=update_outbreak_code_name, execution_date=20251123T150000, start_date=20251216T110510, end_date=20251216T110511
[2025-12-16T11:05:11.137+0000] {local_task_job_runner.py:234} INFO - Task exited with return code 0
[2025-12-16T11:05:11.206+0000] {taskinstance.py:3312} INFO - 0 downstream tasks scheduled from follow-on schedule check
[2025-12-22T12:00:48.825+0000] {taskinstance.py:1979} INFO - Dependencies all met for dep_context=non-requeueable deps ti=<TaskInstance: daily_code_update.update_outbreak_code_name scheduled__2025-11-23T15:00:00+00:00 [queued]>
[2025-12-22T12:00:48.835+0000] {taskinstance.py:1979} INFO - Dependencies all met for dep_context=requeueable deps ti=<TaskInstance: daily_code_update.update_outbreak_code_name scheduled__2025-11-23T15:00:00+00:00 [queued]>
[2025-12-22T12:00:48.839+0000] {taskinstance.py:2193} INFO - Starting attempt 1 of 2
[2025-12-22T12:00:48.983+0000] {taskinstance.py:2217} INFO - Executing <Task(PythonOperator): update_outbreak_code_name> on 2025-11-23 15:00:00+00:00
[2025-12-22T12:00:48.988+0000] {standard_task_runner.py:60} INFO - Started process 577 to run task
[2025-12-22T12:00:48.991+0000] {standard_task_runner.py:87} INFO - Running: ['airflow', 'tasks', 'run', 'daily_code_update', 'update_outbreak_code_name', 'scheduled__2025-11-23T15:00:00+00:00', '--job-id', '132', '--raw', '--subdir', 'DAGS_FOLDER/code_update_dag.py', '--cfg-path', '/tmp/tmp1mwyhndg']
[2025-12-22T12:00:48.993+0000] {standard_task_runner.py:88} INFO - Job 132: Subtask update_outbreak_code_name
[2025-12-22T12:00:49.083+0000] {task_command.py:423} INFO - Running <TaskInstance: daily_code_update.update_outbreak_code_name scheduled__2025-11-23T15:00:00+00:00 [running]> on host a5c0974290b2
[2025-12-22T12:00:49.240+0000] {taskinstance.py:2513} INFO - Exporting env vars: AIRFLOW_CTX_DAG_OWNER='navisafe' AIRFLOW_CTX_DAG_ID='daily_code_update' AIRFLOW_CTX_TASK_ID='update_outbreak_code_name' AIRFLOW_CTX_EXECUTION_DATE='2025-11-23T15:00:00+00:00' AIRFLOW_CTX_TRY_NUMBER='1' AIRFLOW_CTX_DAG_RUN_ID='scheduled__2025-11-23T15:00:00+00:00'
[2025-12-22T12:00:49.241+0000] {logging_mixin.py:188} INFO - [INFO] update_outbreak_code_name 실행 시작
[2025-12-22T12:00:49.401+0000] {base.py:83} INFO - Using connection ID 'navisafe_mysql' for task execution.
[2025-12-22T12:00:49.406+0000] {logging_mixin.py:188} INFO - [INFO] 13개의 돌발유형 코드 저장 완료
[2025-12-22T12:00:49.407+0000] {logging_mixin.py:188} INFO - [INFO] update_outbreak_code_name 완료
[2025-12-22T12:00:49.407+0000] {python.py:202} INFO - Done. Returned value was: None
[2025-12-22T12:00:49.414+0000] {taskinstance.py:1149} INFO - Marking task as SUCCESS. dag_id=daily_code_update, task_id=update_outbreak_code_name, execution_date=20251123T150000, start_date=20251222T120048, end_date=20251222T120049
[2025-12-22T12:00:49.526+0000] {local_task_job_runner.py:234} INFO - Task exited with return code 0
[2025-12-22T12:00:49.580+0000] {taskinstance.py:3312} INFO - 0 downstream tasks scheduled from follow-on schedule check
